2016-01-15 00:41:44.017 INFO Flowpie.Controllers.HomeController: 1. page load
2016-01-15 00:41:44.019 INFO JxLib.OrderController: 1.2 page load:select app_teach.*, SchoolText, app_schools.Address, app_students.Name, app_students.Score, app_students.Phone, app_students.HeadPic from app_teach left join app_schools on app_teach.SchoolID = app_schools.SchoolID left join app_students on app_teach.CoachID = app_students.StudentID where TeachID = '2016011500001'
2016-01-15 00:49:08.691 INFO Flowpie.Controllers.HomeController: 1. page load
2016-01-15 00:49:08.692 INFO JxLib.OrderController: 1.2 page load:select app_teach.*, SchoolText, app_schools.Address, app_students.Name, app_students.Score, app_students.Phone, app_students.HeadPic from app_teach left join app_schools on app_teach.SchoolID = app_schools.SchoolID left join app_students on app_teach.CoachID = app_students.StudentID where TeachID = '2016011500001'
2016-01-15 00:49:14.882 INFO Flowpie.Controllers.HomeController: 2. page load
2016-01-15 00:49:16.196 DEBUG WxPayApi: 2. UnfiedOrder request : <xml><appid><![CDATA[wx78b3b4daaed7f512]]></appid><attach><![CDATA[支付快递费]]></attach><body><![CDATA[快递费]]></body><goods_tag><![CDATA[]]></goods_tag><mch_id><![CDATA[1291713801]]></mch_id><nonce_str><![CDATA[ddf322e6926a40e2867407b668af77ee]]></nonce_str><notify_url><![CDATA[http://www.playkuaidi.com/home/ResultNotify]]></notify_url><openid><![CDATA[oyyOBuLZWo4ZhPRtNw0YbXJzDFxw]]></openid><out_trade_no><![CDATA[129171380120160115004916668]]></out_trade_no><sign><![CDATA[37681219EF89AE84CD46ACD63D069758]]></sign><spbill_create_ip><![CDATA[8.8.8.8]]></spbill_create_ip><time_expire><![CDATA[20160115005916]]></time_expire><time_start><![CDATA[20160115004916]]></time_start><total_fee>300</total_fee><trade_type><![CDATA[JSAPI]]></trade_type></xml>
2016-01-15 00:49:17.240 DEBUG WxPayApi: 3. UnfiedOrder response : <xml><return_code><![CDATA[FAIL]]></return_code>
<return_msg><![CDATA[签名错误]]></return_msg>
</xml>
2016-01-15 00:49:17.269 ERROR WxApiLib.JsApiPay: UnifiedOrder response error!
2016-01-15 00:50:09.560 INFO Flowpie.Controllers.HomeController: 1. page load
2016-01-15 00:50:09.561 INFO JxLib.OrderController: 1.2 page load:select app_teach.*, SchoolText, app_schools.Address, app_students.Name, app_students.Score, app_students.Phone, app_students.HeadPic from app_teach left join app_schools on app_teach.SchoolID = app_schools.SchoolID left join app_students on app_teach.CoachID = app_students.StudentID where TeachID = '2016011500001'
2016-01-15 00:50:18.141 INFO Flowpie.Controllers.HomeController: 2. page load
2016-01-15 00:51:05.211 DEBUG WxPayApi: 2. UnfiedOrder request : <xml><appid><![CDATA[wx78b3b4daaed7f512]]></appid><attach><![CDATA[支付课时费]]></attach><body><![CDATA[课时费]]></body><goods_tag><![CDATA[]]></goods_tag><mch_id><![CDATA[1291713801]]></mch_id><nonce_str><![CDATA[5100e1371c1545c3bdf9a5a2c4c1b25f]]></nonce_str><notify_url><![CDATA[http://www.playkuaidi.com/home/ResultNotify]]></notify_url><openid><![CDATA[oyyOBuLZWo4ZhPRtNw0YbXJzDFxw]]></openid><out_trade_no><![CDATA[129171380120160115005021509]]></out_trade_no><sign><![CDATA[03A18A024D90A6ECAE2EE38BBDCDBE79]]></sign><spbill_create_ip><![CDATA[8.8.8.8]]></spbill_create_ip><time_expire><![CDATA[20160115010022]]></time_expire><time_start><![CDATA[20160115005021]]></time_start><total_fee>300</total_fee><trade_type><![CDATA[JSAPI]]></trade_type></xml>
2016-01-15 00:51:08.436 DEBUG WxPayApi: 3. UnfiedOrder response : <xml><return_code><![CDATA[FAIL]]></return_code>
<return_msg><![CDATA[签名错误]]></return_msg>
</xml>
2016-01-15 00:52:09.736 DEBUG WxPayApi: 3. UnfiedOrder response : <xml><return_code><![CDATA[FAIL]]></return_code>
<return_msg><![CDATA[签名错误]]></return_msg>
</xml>
2016-01-15 00:52:16.457 ERROR WxApiLib.JsApiPay: UnifiedOrder response error!
2016-01-15 00:53:58.176 INFO Flowpie.Controllers.HomeController: 1. page load
2016-01-15 00:53:58.177 INFO JxLib.OrderController: 1.2 page load:select app_teach.*, SchoolText, app_schools.Address, app_students.Name, app_students.Score, app_students.Phone, app_students.HeadPic from app_teach left join app_schools on app_teach.SchoolID = app_schools.SchoolID left join app_students on app_teach.CoachID = app_students.StudentID where TeachID = '2016011500001'
2016-01-15 00:54:01.688 INFO Flowpie.Controllers.HomeController: 2. page load
2016-01-15 00:54:04.452 DEBUG WxPayApi: 2. UnfiedOrder request : <xml><appid><![CDATA[wx78b3b4daaed7f512]]></appid><attach><![CDATA[支付课时费]]></attach><body><![CDATA[课时费]]></body><goods_tag><![CDATA[]]></goods_tag><mch_id><![CDATA[1291713801]]></mch_id><nonce_str><![CDATA[a5a8a9a0d25f4145838cbfcb9a0f30e6]]></nonce_str><notify_url><![CDATA[http://www.playkuaidi.com/home/ResultNotify]]></notify_url><openid><![CDATA[oyyOBuLZWo4ZhPRtNw0YbXJzDFxw]]></openid><out_trade_no><![CDATA[129171380120160115005404602]]></out_trade_no><sign><![CDATA[28C5EADAE3D3E81199AB83F9594E32BA]]></sign><spbill_create_ip><![CDATA[8.8.8.8]]></spbill_create_ip><time_expire><![CDATA[20160115010404]]></time_expire><time_start><![CDATA[20160115005404]]></time_start><total_fee>300</total_fee><trade_type><![CDATA[JSAPI]]></trade_type></xml>
2016-01-15 00:54:04.956 DEBUG WxPayApi: 3. UnfiedOrder response : <xml><return_code><![CDATA[FAIL]]></return_code>
<return_msg><![CDATA[签名错误]]></return_msg>
</xml>
2016-01-15 00:56:01.252 ERROR WxApiLib.JsApiPay: UnifiedOrder response error!
2016-01-15 01:04:23.987 INFO Flowpie.Controllers.HomeController: 1. page load
2016-01-15 01:04:23.988 INFO JxLib.OrderController: 1.2 page load:select app_teach.*, SchoolText, app_schools.Address, app_students.Name, app_students.Score, app_students.Phone, app_students.HeadPic from app_teach left join app_schools on app_teach.SchoolID = app_schools.SchoolID left join app_students on app_teach.CoachID = app_students.StudentID where TeachID = '2016011500001'
2016-01-15 01:04:24.554 INFO Flowpie.Controllers.HomeController: 2. page load
2016-01-15 01:04:24.562 DEBUG WxPayApi: 2. UnfiedOrder request : <xml><appid><![CDATA[wx78b3b4daaed7f512]]></appid><attach><![CDATA[支付课时费]]></attach><body><![CDATA[课时费]]></body><goods_tag><![CDATA[]]></goods_tag><mch_id><![CDATA[1291713801]]></mch_id><nonce_str><![CDATA[6b89a64c1d544ad1b89c3207052d4342]]></nonce_str><notify_url><![CDATA[http://wx.yune-jia.com/home/ResultNotify]]></notify_url><openid><![CDATA[oyyOBuLZWo4ZhPRtNw0YbXJzDFxw]]></openid><out_trade_no><![CDATA[129171380120160115010424763]]></out_trade_no><sign><![CDATA[887B4B7A55533B5665B3FB0067C95303]]></sign><spbill_create_ip><![CDATA[8.8.8.8]]></spbill_create_ip><time_expire><![CDATA[20160115011424]]></time_expire><time_start><![CDATA[20160115010424]]></time_start><total_fee>300</total_fee><trade_type><![CDATA[JSAPI]]></trade_type></xml>
2016-01-15 01:04:25.620 DEBUG WxPayApi: 3. UnfiedOrder response : <xml><return_code><![CDATA[FAIL]]></return_code>
<return_msg><![CDATA[签名错误]]></return_msg>
</xml>
2016-01-15 01:04:34.667 ERROR WxApiLib.JsApiPay: UnifiedOrder response error!
2016-01-15 01:12:59.645 INFO Flowpie.Controllers.HomeController: 1. page load
2016-01-15 01:12:59.647 INFO JxLib.OrderController: 1.2 page load:select app_teach.*, SchoolText, app_schools.Address, app_students.Name, app_students.Score, app_students.Phone, app_students.HeadPic from app_teach left join app_schools on app_teach.SchoolID = app_schools.SchoolID left join app_students on app_teach.CoachID = app_students.StudentID where TeachID = '2016011500001'
2016-01-15 01:13:00.220 INFO Flowpie.Controllers.HomeController: 2. page load
2016-01-15 01:14:00.293 DEBUG WxPayApi: 2. UnfiedOrder request : <xml><appid><![CDATA[wx78b3b4daaed7f512]]></appid><attach><![CDATA[支付课时费]]></attach><body><![CDATA[课时费]]></body><goods_tag><![CDATA[]]></goods_tag><mch_id><![CDATA[1291713801]]></mch_id><nonce_str><![CDATA[e07be684ea834c7d9608b6e1a39c10ea]]></nonce_str><notify_url><![CDATA[http://wx.yune-jia.com/home/ResultNotify]]></notify_url><openid><![CDATA[oyyOBuLZWo4ZhPRtNw0YbXJzDFxw]]></openid><out_trade_no><![CDATA[129171380120160115011300511]]></out_trade_no><sign><![CDATA[4A5E688BB5311CD4B04178EFEA2D97B6]]></sign><spbill_create_ip><![CDATA[8.8.8.8]]></spbill_create_ip><time_expire><![CDATA[20160115012300]]></time_expire><time_start><![CDATA[20160115011300]]></time_start><total_fee>300</total_fee><trade_type><![CDATA[JSAPI]]></trade_type></xml>
2016-01-15 01:14:36.585 DEBUG WxPayApi: 3. UnfiedOrder response : <xml><return_code><![CDATA[FAIL]]></return_code>
<return_msg><![CDATA[签名错误]]></return_msg>
</xml>
2016-01-15 01:14:37.253 ERROR WxApiLib.JsApiPay: UnifiedOrder response error!
2016-01-15 01:22:46.856 INFO Flowpie.Controllers.HomeController: 1. page load
2016-01-15 01:22:46.857 INFO JxLib.OrderController: 1.2 page load:select app_teach.*, SchoolText, app_schools.Address, app_students.Name, app_students.Score, app_students.Phone, app_students.HeadPic from app_teach left join app_schools on app_teach.SchoolID = app_schools.SchoolID left join app_students on app_teach.CoachID = app_students.StudentID where TeachID = '2016011500001'
2016-01-15 01:22:47.299 INFO Flowpie.Controllers.HomeController: 2. page load
2016-01-15 01:22:52.393 DEBUG WxPayApi: 2. UnfiedOrder request : <xml><appid><![CDATA[wx78b3b4daaed7f512]]></appid><attach><![CDATA[支付课时费]]></attach><body><![CDATA[课时费]]></body><goods_tag><![CDATA[]]></goods_tag><mch_id><![CDATA[1291713801]]></mch_id><nonce_str><![CDATA[50b22ed874044a279946b0a9aa7c1ac8]]></nonce_str><notify_url><![CDATA[http://wx.yune-jia.com/home/ResultNotify]]></notify_url><openid><![CDATA[oyyOBuLZWo4ZhPRtNw0YbXJzDFxw]]></openid><out_trade_no><![CDATA[129171380120160115012247919]]></out_trade_no><sign><![CDATA[9CFB18B40A92C8D42C64D005C76FC377]]></sign><spbill_create_ip><![CDATA[8.8.8.8]]></spbill_create_ip><time_expire><![CDATA[20160115013247]]></time_expire><time_start><![CDATA[20160115012247]]></time_start><total_fee>300</total_fee><trade_type><![CDATA[JSAPI]]></trade_type></xml>
2016-01-15 01:22:53.914 DEBUG WxPayApi: 3. UnfiedOrder response : <xml><return_code><![CDATA[FAIL]]></return_code>
<return_msg><![CDATA[签名错误]]></return_msg>
</xml>
2016-01-15 01:31:33.618 INFO Flowpie.Controllers.HomeController: 1. page load
2016-01-15 01:31:33.619 INFO JxLib.OrderController: 1.2 page load:select app_teach.*, SchoolText, app_schools.Address, app_students.Name, app_students.Score, app_students.Phone, app_students.HeadPic from app_teach left join app_schools on app_teach.SchoolID = app_schools.SchoolID left join app_students on app_teach.CoachID = app_students.StudentID where TeachID = '2016011500001'
2016-01-15 01:32:07.147 INFO Flowpie.Controllers.HomeController: 1. page load
2016-01-15 01:32:07.147 INFO JxLib.OrderController: 1.2 page load:select app_teach.*, SchoolText, app_schools.Address, app_students.Name, app_students.Score, app_students.Phone, app_students.HeadPic from app_teach left join app_schools on app_teach.SchoolID = app_schools.SchoolID left join app_students on app_teach.CoachID = app_students.StudentID where TeachID = '2016011500001'
2016-01-15 01:32:16.844 INFO Flowpie.Controllers.HomeController: 1. page load
2016-01-15 01:32:16.845 INFO JxLib.OrderController: 1.2 page load:select app_teach.*, SchoolText, app_schools.Address, app_students.Name, app_students.Score, app_students.Phone, app_students.HeadPic from app_teach left join app_schools on app_teach.SchoolID = app_schools.SchoolID left join app_students on app_teach.CoachID = app_students.StudentID where TeachID = '2016011500001'
2016-01-15 01:32:33.122 INFO Flowpie.Controllers.HomeController: 1. page load
2016-01-15 01:32:33.123 INFO JxLib.OrderController: 1.2 page load:select app_teach.*, SchoolText, app_schools.Address, app_students.Name, app_students.Score, app_students.Phone, app_students.HeadPic from app_teach left join app_schools on app_teach.SchoolID = app_schools.SchoolID left join app_students on app_teach.CoachID = app_students.StudentID where TeachID = '2016011500001'
2016-01-15 01:32:49.388 INFO Flowpie.Controllers.HomeController: 1. page load
2016-01-15 01:32:49.389 INFO JxLib.OrderController: 1.2 page load:select app_teach.*, SchoolText, app_schools.Address, app_students.Name, app_students.Score, app_students.Phone, app_students.HeadPic from app_teach left join app_schools on app_teach.SchoolID = app_schools.SchoolID left join app_students on app_teach.CoachID = app_students.StudentID where TeachID = '2016011500001'
2016-01-15 01:34:16.133 INFO Flowpie.Controllers.HomeController: 1. page load
2016-01-15 01:34:17.755 INFO JxLib.OrderController: 1.2 page load:select app_teach.*, SchoolText, app_schools.Address, app_students.Name, app_students.Score, app_students.Phone, app_students.HeadPic from app_teach left join app_schools on app_teach.SchoolID = app_schools.SchoolID left join app_students on app_teach.CoachID = app_students.StudentID where TeachID = '2016011500001'
2016-01-15 01:34:39.406 INFO Flowpie.Controllers.HomeController: 1. page load
2016-01-15 01:34:42.565 INFO JxLib.OrderController: 1.2 page load:select app_teach.*, SchoolText, app_schools.Address, app_students.Name, app_students.Score, app_students.Phone, app_students.HeadPic from app_teach left join app_schools on app_teach.SchoolID = app_schools.SchoolID left join app_students on app_teach.CoachID = app_students.StudentID where TeachID = '2016011500001'
2016-01-15 01:35:05.173 DEBUG WxPayApi: 2. UnfiedOrder request : <xml><appid><![CDATA[wx78b3b4daaed7f512]]></appid><attach><![CDATA[支付课时费]]></attach><body><![CDATA[课时费]]></body><goods_tag><![CDATA[]]></goods_tag><mch_id><![CDATA[1291713801]]></mch_id><nonce_str><![CDATA[9efcaa4bd45948b39acdb73932786062]]></nonce_str><notify_url><![CDATA[http://wx.yune-jia.com/home/ResultNotify]]></notify_url><openid><![CDATA[oyyOBuLZWo4ZhPRtNw0YbXJzDFxw]]></openid><out_trade_no><![CDATA[129171380120160115013449906]]></out_trade_no><sign><![CDATA[D34ECA5B585C7EEC13FB4A71D9B616E5]]></sign><spbill_create_ip><![CDATA[8.8.8.8]]></spbill_create_ip><time_expire><![CDATA[20160115014449]]></time_expire><time_start><![CDATA[20160115013449]]></time_start><total_fee>300</total_fee><trade_type><![CDATA[JSAPI]]></trade_type></xml>
2016-01-15 01:35:07.334 DEBUG WxPayApi: 3. UnfiedOrder response : <xml><return_code><![CDATA[FAIL]]></return_code>
<return_msg><![CDATA[签名错误]]></return_msg>
</xml>
2016-01-15 01:35:20.457 ERROR WxApiLib.JsApiPay: UnifiedOrder response error!
2016-01-15 02:36:15.527 INFO JxLib.OrderController: 1.2 page load:select app_teach.*, SchoolText, app_schools.Address, app_students.Name, app_students.Score, app_students.Phone, app_students.HeadPic from app_teach left join app_schools on app_teach.SchoolID = app_schools.SchoolID left join app_students on app_teach.CoachID = app_students.StudentID where TeachID = '2016011500005'
2016-01-15 02:49:55.295 INFO JxLib.OrderController: 1.2 page load:select app_teach.*, SchoolText, app_schools.Address, app_students.Name, app_students.Score, app_students.Phone, app_students.HeadPic from app_teach left join app_schools on app_teach.SchoolID = app_schools.SchoolID left join app_students on app_teach.CoachID = app_students.StudentID where TeachID = '2016011500006'
2016-01-15 02:50:23.179 INFO JxLib.OrderController: 1.2 page load:select app_teach.*, SchoolText, app_schools.Address, app_students.Name, app_students.Score, app_students.Phone, app_students.HeadPic from app_teach left join app_schools on app_teach.SchoolID = app_schools.SchoolID left join app_students on app_teach.CoachID = app_students.StudentID where TeachID = '2016011500006'
2016-01-15 03:52:02.103 INFO JxLib.OrderController: 1.2 page load:select app_teach.*, SchoolText, app_schools.Address, app_students.Name, app_students.Score, app_students.Phone, app_students.HeadPic from app_teach left join app_schools on app_teach.SchoolID = app_schools.SchoolID left join app_students on app_teach.CoachID = app_students.StudentID where TeachID = '2016011500007'
2016-01-15 12:21:51.545 INFO JxLib.OrderController: 1.2 page load:select app_teach.*, SchoolText, app_schools.Address, app_students.Name, app_students.Score, app_students.Phone, app_students.HeadPic from app_teach left join app_schools on app_teach.SchoolID = app_schools.SchoolID left join app_students on app_teach.CoachID = app_students.StudentID where TeachID = '2016011500012'
2016-01-15 12:21:57.632 INFO Flowpie.Controllers.HomeController: 1. page load
2016-01-15 12:22:02.432 INFO JxLib.OrderController: 1.2 page load:select app_teach.*, SchoolText, app_schools.Address, app_students.Name, app_students.Score, app_students.Phone, app_students.HeadPic from app_teach left join app_schools on app_teach.SchoolID = app_schools.SchoolID left join app_students on app_teach.CoachID = app_students.StudentID where TeachID = '2016011500012'
2016-01-15 12:22:17.413 DEBUG WxPayApi: 2. UnfiedOrder request : <xml><appid><![CDATA[wx78b3b4daaed7f512]]></appid><attach><![CDATA[支付课时费]]></attach><body><![CDATA[课时费]]></body><goods_tag><![CDATA[]]></goods_tag><mch_id><![CDATA[1291713801]]></mch_id><nonce_str><![CDATA[8c9d2b70bc2c4a4b85a38a5670917cf5]]></nonce_str><notify_url><![CDATA[http://wx.yune-jia.com/home/ResultNotify]]></notify_url><openid><![CDATA[oyyOBuLZWo4ZhPRtNw0YbXJzDFxw]]></openid><out_trade_no><![CDATA[129171380120160115122206868]]></out_trade_no><sign><![CDATA[E90371E9DF17BF9F585FF2B47B89530B]]></sign><spbill_create_ip><![CDATA[8.8.8.8]]></spbill_create_ip><time_expire><![CDATA[20160115123207]]></time_expire><time_start><![CDATA[20160115122206]]></time_start><total_fee>600</total_fee><trade_type><![CDATA[JSAPI]]></trade_type></xml>
2016-01-15 12:22:17.903 DEBUG WxPayApi: 3. UnfiedOrder response : <xml><return_code><![CDATA[SUCCESS]]></return_code>
<return_msg><![CDATA[OK]]></return_msg>
<appid><![CDATA[wx78b3b4daaed7f512]]></appid>
<mch_id><![CDATA[1291713801]]></mch_id>
<nonce_str><![CDATA[J7jTsL9dhj3EN9nm]]></nonce_str>
<sign><![CDATA[C670EE4445F55FD00F4D9692C6EB9C90]]></sign>
<result_code><![CDATA[SUCCESS]]></result_code>
<prepay_id><![CDATA[wx201601151222182192b8678c0716142786]]></prepay_id>
<trade_type><![CDATA[JSAPI]]></trade_type>
</xml>
2016-01-15 12:22:24.449 DEBUG WxApiLib.JsApiPay: JsApiPay::GetJsApiParam is processing...
2016-01-15 12:22:24.460 DEBUG WxApiLib.JsApiPay: Get jsApiParam : {"appId":"wx78b3b4daaed7f512","nonceStr":"80a88043dce747fbb6a80c3b497c711c","package":"prepay_id=wx201601151222182192b8678c0716142786","paySign":"57C90AB24F5432AE6B22420214732368","signType":"MD5","timeStamp":"1452831744"}
2016-01-15 12:22:24.461 DEBUG Flowpie.Controllers.HomeController: wxJsApiParam : {"appId":"wx78b3b4daaed7f512","nonceStr":"80a88043dce747fbb6a80c3b497c711c","package":"prepay_id=wx201601151222182192b8678c0716142786","paySign":"57C90AB24F5432AE6B22420214732368","signType":"MD5","timeStamp":"1452831744"}
2016-01-15 12:26:09.002 INFO Flowpie.Controllers.HomeController: 1. page load
2016-01-15 12:26:09.004 INFO JxLib.OrderController: 1.2 page load:select app_teach.*, SchoolText, app_schools.Address, app_students.Name, app_students.Score, app_students.Phone, app_students.HeadPic from app_teach left join app_schools on app_teach.SchoolID = app_schools.SchoolID left join app_students on app_teach.CoachID = app_students.StudentID where TeachID = '2016011500012'
2016-01-15 12:26:14.665 DEBUG WxPayApi: 2. UnfiedOrder request : <xml><appid><![CDATA[wx78b3b4daaed7f512]]></appid><attach><![CDATA[支付课时费]]></attach><body><![CDATA[课时费]]></body><goods_tag><![CDATA[]]></goods_tag><mch_id><![CDATA[1291713801]]></mch_id><nonce_str><![CDATA[d018103084a64daf8902372aa57ae1b6]]></nonce_str><notify_url><![CDATA[http://wx.yune-jia.com/home/ResultNotify]]></notify_url><openid><![CDATA[oyyOBuLZWo4ZhPRtNw0YbXJzDFxw]]></openid><out_trade_no><![CDATA[129171380120160115122614952]]></out_trade_no><sign><![CDATA[86D8D0E5D48E22E43B7C0D9823DBF81F]]></sign><spbill_create_ip><![CDATA[8.8.8.8]]></spbill_create_ip><time_expire><![CDATA[20160115123614]]></time_expire><time_start><![CDATA[20160115122614]]></time_start><total_fee>600</total_fee><trade_type><![CDATA[JSAPI]]></trade_type></xml>
2016-01-15 12:26:15.097 DEBUG WxPayApi: 3. UnfiedOrder response : <xml><return_code><![CDATA[SUCCESS]]></return_code>
<return_msg><![CDATA[OK]]></return_msg>
<appid><![CDATA[wx78b3b4daaed7f512]]></appid>
<mch_id><![CDATA[1291713801]]></mch_id>
<nonce_str><![CDATA[bprNxX5aC7NCoJsz]]></nonce_str>
<sign><![CDATA[D8ADA173D2AF159154B15E61713EEE97]]></sign>
<result_code><![CDATA[SUCCESS]]></result_code>
<prepay_id><![CDATA[wx201601151226151b1e0162840770084281]]></prepay_id>
<trade_type><![CDATA[JSAPI]]></trade_type>
</xml>
2016-01-15 12:26:15.099 DEBUG WxApiLib.JsApiPay: JsApiPay::GetJsApiParam is processing...
2016-01-15 12:26:15.111 DEBUG WxApiLib.JsApiPay: Get jsApiParam : {"appId":"wx78b3b4daaed7f512","nonceStr":"afa4cfc3714a4f6b8cc7c06d18bed063","package":"prepay_id=wx201601151226151b1e0162840770084281","paySign":"6B097536B9B45F8EB1D57ED412C8E366","signType":"MD5","timeStamp":"1452831975"}
2016-01-15 12:26:15.112 DEBUG Flowpie.Controllers.HomeController: wxJsApiParam : {"appId":"wx78b3b4daaed7f512","nonceStr":"afa4cfc3714a4f6b8cc7c06d18bed063","package":"prepay_id=wx201601151226151b1e0162840770084281","paySign":"6B097536B9B45F8EB1D57ED412C8E366","signType":"MD5","timeStamp":"1452831975"}
2016-01-15 12:33:24.822 INFO JxLib.OrderController: 1.2 page load:select app_teach.*, SchoolText, app_schools.Address, app_students.Name, app_students.Score, app_students.Phone, app_students.HeadPic from app_teach left join app_schools on app_teach.SchoolID = app_schools.SchoolID left join app_students on app_teach.CoachID = app_students.StudentID where TeachID = '2016011500013'
