2016-03-03 10:18:06.214 INFO JxLib.OrderController: 1.2 page load:select app_teach.*, SchoolText, app_schools.Address, app_students.Name, app_students.Score, app_students.Phone, app_students.HeadPic from app_teach left join app_schools on app_teach.SchoolID = app_schools.SchoolID left join app_students on app_teach.CoachID = app_students.StudentID where TeachID = '2016022300002'
2016-03-03 10:18:13.662 INFO JxLib.OrderController: 1.2 page load:select app_teach.*, SchoolText, app_schools.Address, app_students.Name, app_students.Score, app_students.Phone, app_students.HeadPic from app_teach left join app_schools on app_teach.SchoolID = app_schools.SchoolID left join app_students on app_teach.CoachID = app_students.StudentID where TeachID = '2016022300002'
2016-03-03 10:57:33.772 INFO JxLib.OrderController: 1.2 page load:select app_teach.*, SchoolText, app_schools.Address, app_students.Name, app_students.Score, app_students.Phone, app_students.HeadPic from app_teach left join app_schools on app_teach.SchoolID = app_schools.SchoolID left join app_students on app_teach.CoachID = app_students.StudentID where TeachID = '2016030300001'
2016-03-03 10:57:43.929 INFO Flowpie.Controllers.HomeController: 1. page load
2016-03-03 10:57:43.930 INFO JxLib.OrderController: 1.2 page load:select app_teach.*, SchoolText, app_schools.Address, app_students.Name, app_students.Score, app_students.Phone, app_students.HeadPic from app_teach left join app_schools on app_teach.SchoolID = app_schools.SchoolID left join app_students on app_teach.CoachID = app_students.StudentID where TeachID = '2016030300001'
2016-03-03 10:57:43.997 DEBUG WxPayApi: 2. UnfiedOrder request : <xml><appid><![CDATA[wx78b3b4daaed7f512]]></appid><attach><![CDATA[2016030300001]]></attach><body><![CDATA[课时费]]></body><goods_tag><![CDATA[]]></goods_tag><mch_id><![CDATA[1291713801]]></mch_id><nonce_str><![CDATA[1ce3b1f1f6d941419aa4192f0cacfe61]]></nonce_str><notify_url><![CDATA[http://wx.yune-jia.com/home/ResultNotify]]></notify_url><openid><![CDATA[oyyOBuLZWo4ZhPRtNw0YbXJzDFxw]]></openid><out_trade_no><![CDATA[129171380120160303105743596]]></out_trade_no><sign><![CDATA[C6877C84B43F554B7FBAA57A14B53210]]></sign><spbill_create_ip><![CDATA[8.8.8.8]]></spbill_create_ip><time_expire><![CDATA[20160303110743]]></time_expire><time_start><![CDATA[20160303105743]]></time_start><total_fee>2</total_fee><trade_type><![CDATA[JSAPI]]></trade_type></xml>
2016-03-03 10:57:44.606 DEBUG WxPayApi: 3. UnfiedOrder response : <xml><return_code><![CDATA[SUCCESS]]></return_code>
<return_msg><![CDATA[OK]]></return_msg>
<appid><![CDATA[wx78b3b4daaed7f512]]></appid>
<mch_id><![CDATA[1291713801]]></mch_id>
<nonce_str><![CDATA[7EKJXn80qUw84ey4]]></nonce_str>
<sign><![CDATA[37A29AD5ED993269AC0B293F61AE8BE9]]></sign>
<result_code><![CDATA[SUCCESS]]></result_code>
<prepay_id><![CDATA[wx2016030310574468b44de19b0497414509]]></prepay_id>
<trade_type><![CDATA[JSAPI]]></trade_type>
</xml>
2016-03-03 10:57:44.608 DEBUG WxApiLib.JsApiPay: JsApiPay::GetJsApiParam is processing...
2016-03-03 10:57:44.620 DEBUG WxApiLib.JsApiPay: Get jsApiParam : {"appId":"wx78b3b4daaed7f512","nonceStr":"3fe04e4be86a41d98258bf690e5a44cd","package":"prepay_id=wx2016030310574468b44de19b0497414509","paySign":"2BC22F878CCAB0EED9E1416F452EAF0B","signType":"MD5","timeStamp":"1456973865"}
2016-03-03 10:57:44.621 DEBUG Flowpie.Controllers.HomeController: wxJsApiParam : {"appId":"wx78b3b4daaed7f512","nonceStr":"3fe04e4be86a41d98258bf690e5a44cd","package":"prepay_id=wx2016030310574468b44de19b0497414509","paySign":"2BC22F878CCAB0EED9E1416F452EAF0B","signType":"MD5","timeStamp":"1456973865"}
2016-03-03 10:58:41.647 INFO JxLib.OrderController: 1.2 page load:select app_teach.*, SchoolText, app_schools.Address, app_students.Name, app_students.Score, app_students.Phone, app_students.HeadPic from app_teach left join app_schools on app_teach.SchoolID = app_schools.SchoolID left join app_students on app_teach.CoachID = app_students.StudentID where TeachID = '2016030300001'
