[ 2020-03-18T15:49:17+08:00 ] 192.168.0.107 /favicon.ico
INFO: [ app_init ] --START--
INFO: Run Behavior\BuildLiteBehavior [ RunTime:0.000007s ]
INFO: [ app_init ] --END-- [ RunTime:0.000037s ]
ERR: 无法加载模块:Favicon

[ 2020-03-18T15:49:36+08:00 ] 192.168.0.107 /Public/qwadmin/js/jquery.min.map
INFO: [ app_init ] --START--
INFO: Run Behavior\BuildLiteBehavior [ RunTime:0.000007s ]
INFO: [ app_init ] --END-- [ RunTime:0.000037s ]
ERR: 无法加载模块:Public

[ 2020-03-18T16:00:59+08:00 ] 192.168.0.107 /Public/qwadmin/js/jquery.min.map
INFO: [ app_init ] --START--
INFO: Run Behavior\BuildLiteBehavior [ RunTime:0.000007s ]
INFO: [ app_init ] --END-- [ RunTime:0.000039s ]
ERR: 无法加载模块:Public

[ 2020-03-18T16:17:06+08:00 ] 192.168.0.107 /Public/qwadmin/js/jquery.min.map
INFO: [ app_init ] --START--
INFO: Run Behavior\BuildLiteBehavior [ RunTime:0.000010s ]
INFO: [ app_init ] --END-- [ RunTime:0.000090s ]
ERR: 无法加载模块:Public

[ 2020-03-18T16:17:14+08:00 ] 192.168.0.107 /Public/qwadmin/js/jquery.min.map
INFO: [ app_init ] --START--
INFO: Run Behavior\BuildLiteBehavior [ RunTime:0.000013s ]
INFO: [ app_init ] --END-- [ RunTime:0.000078s ]
ERR: 无法加载模块:Public

[ 2020-03-18T16:17:21+08:00 ] 192.168.0.107 /Public/qwadmin/js/jquery.min.map
INFO: [ app_init ] --START--
INFO: Run Behavior\BuildLiteBehavior [ RunTime:0.000009s ]
INFO: [ app_init ] --END-- [ RunTime:0.000053s ]
ERR: 无法加载模块:Public

[ 2020-03-18T16:17:26+08:00 ] 192.168.0.107 /Public/qwadmin/js/jquery.min.map
INFO: [ app_init ] --START--
INFO: Run Behavior\BuildLiteBehavior [ RunTime:0.000008s ]
INFO: [ app_init ] --END-- [ RunTime:0.000049s ]
ERR: 无法加载模块:Public

[ 2020-03-18T16:17:27+08:00 ] 192.168.0.107 /Public/qwadmin/js/jquery.min.map
INFO: [ app_init ] --START--
INFO: Run Behavior\BuildLiteBehavior [ RunTime:0.000018s ]
INFO: [ app_init ] --END-- [ RunTime:0.000055s ]
ERR: 无法加载模块:Public

[ 2020-03-18T16:18:32+08:00 ] 192.168.0.107 /Public/qwadmin/js/jquery.min.map
INFO: [ app_init ] --START--
INFO: Run Behavior\BuildLiteBehavior [ RunTime:0.000010s ]
INFO: [ app_init ] --END-- [ RunTime:0.000056s ]
ERR: 无法加载模块:Public

[ 2020-03-18T16:20:59+08:00 ] 192.168.0.107 /Public/qwadmin/js/jquery.min.map
INFO: [ app_init ] --START--
INFO: Run Behavior\BuildLiteBehavior [ RunTime:0.000009s ]
INFO: [ app_init ] --END-- [ RunTime:0.000056s ]
ERR: 无法加载模块:Public

[ 2020-03-18T16:22:00+08:00 ] 192.168.0.107 /Public/qwadmin/js/jquery.min.map
INFO: [ app_init ] --START--
INFO: Run Behavior\BuildLiteBehavior [ RunTime:0.000009s ]
INFO: [ app_init ] --END-- [ RunTime:0.000055s ]
ERR: 无法加载模块:Public

[ 2020-03-18T16:22:03+08:00 ] 192.168.0.107 /Public/qwadmin/js/jquery.min.map
INFO: [ app_init ] --START--
INFO: Run Behavior\BuildLiteBehavior [ RunTime:0.000006s ]
INFO: [ app_init ] --END-- [ RunTime:0.000037s ]
ERR: 无法加载模块:Public

[ 2020-03-18T16:22:41+08:00 ] 192.168.0.107 /Public/qwadmin/js/jquery.min.map
INFO: [ app_init ] --START--
INFO: Run Behavior\BuildLiteBehavior [ RunTime:0.000009s ]
INFO: [ app_init ] --END-- [ RunTime:0.000056s ]
ERR: 无法加载模块:Public

[ 2020-03-18T16:23:22+08:00 ] 192.168.0.107 /Public/qwadmin/js/jquery.min.map
INFO: [ app_init ] --START--
INFO: Run Behavior\BuildLiteBehavior [ RunTime:0.000008s ]
INFO: [ app_init ] --END-- [ RunTime:0.000071s ]
ERR: 无法加载模块:Public

[ 2020-03-18T16:29:01+08:00 ] 192.168.0.107 /Public/qwadmin/js/jquery.min.map
INFO: [ app_init ] --START--
INFO: Run Behavior\BuildLiteBehavior [ RunTime:0.000006s ]
INFO: [ app_init ] --END-- [ RunTime:0.000055s ]
ERR: 无法加载模块:Public

[ 2020-03-18T16:51:03+08:00 ] 192.168.0.107 /Public/qwadmin/js/jquery.min.map
INFO: [ app_init ] --START--
INFO: Run Behavior\BuildLiteBehavior [ RunTime:0.000006s ]
INFO: [ app_init ] --END-- [ RunTime:0.000037s ]
ERR: 无法加载模块:Public

[ 2020-03-18T16:51:17+08:00 ] 192.168.0.107 /Public/qwadmin/js/jquery.min.map
INFO: [ app_init ] --START--
INFO: Run Behavior\BuildLiteBehavior [ RunTime:0.000006s ]
INFO: [ app_init ] --END-- [ RunTime:0.000037s ]
ERR: 无法加载模块:Public

[ 2020-03-18T17:01:24+08:00 ] 192.168.0.107 /Public/qwadmin/js/jquery.min.map
INFO: [ app_init ] --START--
INFO: Run Behavior\BuildLiteBehavior [ RunTime:0.000053s ]
INFO: [ app_init ] --END-- [ RunTime:0.000113s ]
ERR: 无法加载模块:Public

[ 2020-03-18T17:19:02+08:00 ] 192.168.0.107 /Public/qwadmin/js/jquery.min.map
INFO: [ app_init ] --START--
INFO: Run Behavior\BuildLiteBehavior [ RunTime:0.000009s ]
INFO: [ app_init ] --END-- [ RunTime:0.000053s ]
ERR: 无法加载模块:Public

[ 2020-03-18T17:20:00+08:00 ] 192.168.0.107 /Public/qwadmin/js/jquery.min.map
INFO: [ app_init ] --START--
INFO: Run Behavior\BuildLiteBehavior [ RunTime:0.000007s ]
INFO: [ app_init ] --END-- [ RunTime:0.000037s ]
ERR: 无法加载模块:Public

[ 2020-03-18T17:20:50+08:00 ] 192.168.0.107 /Public/qwadmin/js/jquery.min.map
INFO: [ app_init ] --START--
INFO: Run Behavior\BuildLiteBehavior [ RunTime:0.000011s ]
INFO: [ app_init ] --END-- [ RunTime:0.000081s ]
ERR: 无法加载模块:Public

[ 2020-03-18T17:25:29+08:00 ] 192.168.0.107 /Public/qwadmin/js/jquery.min.map
INFO: [ app_init ] --START--
INFO: Run Behavior\BuildLiteBehavior [ RunTime:0.000011s ]
INFO: [ app_init ] --END-- [ RunTime:0.000060s ]
ERR: 无法加载模块:Public

[ 2020-03-18T17:59:55+08:00 ] 192.168.0.107 /Public/qwadmin/js/jquery.min.map
INFO: [ app_init ] --START--
INFO: Run Behavior\BuildLiteBehavior [ RunTime:0.000010s ]
INFO: [ app_init ] --END-- [ RunTime:0.000054s ]
ERR: 无法加载模块:Public

[ 2020-03-18T18:00:49+08:00 ] 192.168.0.107 /Public/qwadmin/js/jquery.min.map
INFO: [ app_init ] --START--
INFO: Run Behavior\BuildLiteBehavior [ RunTime:0.000009s ]
INFO: [ app_init ] --END-- [ RunTime:0.000053s ]
ERR: 无法加载模块:Public

[ 2020-03-18T18:01:33+08:00 ] 192.168.0.107 /Public/qwadmin/js/jquery.min.map
INFO: [ app_init ] --START--
INFO: Run Behavior\BuildLiteBehavior [ RunTime:0.000010s ]
INFO: [ app_init ] --END-- [ RunTime:0.000065s ]
ERR: 无法加载模块:Public

[ 2020-03-18T18:02:11+08:00 ] 192.168.0.107 /Public/qwadmin/js/jquery.min.map
INFO: [ app_init ] --START--
INFO: Run Behavior\BuildLiteBehavior [ RunTime:0.000012s ]
INFO: [ app_init ] --END-- [ RunTime:0.000063s ]
ERR: 无法加载模块:Public

[ 2020-03-18T18:06:11+08:00 ] 192.168.0.107 /Public/qwadmin/js/jquery.min.map
INFO: [ app_init ] --START--
INFO: Run Behavior\BuildLiteBehavior [ RunTime:0.000004s ]
INFO: [ app_init ] --END-- [ RunTime:0.000098s ]
ERR: 无法加载模块:Public

[ 2020-03-18T18:06:48+08:00 ] 192.168.0.107 /Public/qwadmin/js/jquery.min.map
INFO: [ app_init ] --START--
INFO: Run Behavior\BuildLiteBehavior [ RunTime:0.000010s ]
INFO: [ app_init ] --END-- [ RunTime:0.000066s ]
ERR: 无法加载模块:Public

[ 2020-03-18T18:07:55+08:00 ] 192.168.0.107 /Public/qwadmin/js/jquery.min.map
INFO: [ app_init ] --START--
INFO: Run Behavior\BuildLiteBehavior [ RunTime:0.000008s ]
INFO: [ app_init ] --END-- [ RunTime:0.000049s ]
ERR: 无法加载模块:Public

[ 2020-03-18T18:08:23+08:00 ] 192.168.0.107 /Public/qwadmin/js/jquery.min.map
INFO: [ app_init ] --START--
INFO: Run Behavior\BuildLiteBehavior [ RunTime:0.000007s ]
INFO: [ app_init ] --END-- [ RunTime:0.000050s ]
ERR: 无法加载模块:Public

[ 2020-03-18T18:09:24+08:00 ] 192.168.0.107 /Public/qwadmin/js/jquery.min.map
INFO: [ app_init ] --START--
INFO: Run Behavior\BuildLiteBehavior [ RunTime:0.000026s ]
INFO: [ app_init ] --END-- [ RunTime:0.000131s ]
ERR: 无法加载模块:Public

[ 2020-03-18T20:39:46+08:00 ] 192.168.0.107 /Public/qwadmin/js/jquery.min.map
INFO: [ app_init ] --START--
INFO: Run Behavior\BuildLiteBehavior [ RunTime:0.000007s ]
INFO: [ app_init ] --END-- [ RunTime:0.000050s ]
ERR: 无法加载模块:Public

[ 2020-03-18T20:41:46+08:00 ] 192.168.0.107 /Public/qwadmin/js/jquery.min.map
INFO: [ app_init ] --START--
INFO: Run Behavior\BuildLiteBehavior [ RunTime:0.000007s ]
INFO: [ app_init ] --END-- [ RunTime:0.000049s ]
ERR: 无法加载模块:Public

[ 2020-03-18T20:42:15+08:00 ] 192.168.0.107 /Public/qwadmin/js/jquery.min.map
INFO: [ app_init ] --START--
INFO: Run Behavior\BuildLiteBehavior [ RunTime:0.000010s ]
INFO: [ app_init ] --END-- [ RunTime:0.000055s ]
ERR: 无法加载模块:Public

[ 2020-03-18T20:43:29+08:00 ] 192.168.0.107 /Public/qwadmin/js/jquery.min.map
INFO: [ app_init ] --START--
INFO: Run Behavior\BuildLiteBehavior [ RunTime:0.000006s ]
INFO: [ app_init ] --END-- [ RunTime:0.000037s ]
ERR: 无法加载模块:Public

[ 2020-03-18T20:43:46+08:00 ] 192.168.0.107 /Public/qwadmin/js/jquery.min.map
INFO: [ app_init ] --START--
INFO: Run Behavior\BuildLiteBehavior [ RunTime:0.000007s ]
INFO: [ app_init ] --END-- [ RunTime:0.000036s ]
ERR: 无法加载模块:Public

[ 2020-03-18T20:44:09+08:00 ] 192.168.0.107 /Public/qwadmin/js/jquery.min.map
INFO: [ app_init ] --START--
INFO: Run Behavior\BuildLiteBehavior [ RunTime:0.000007s ]
INFO: [ app_init ] --END-- [ RunTime:0.000041s ]
ERR: 无法加载模块:Public

[ 2020-03-18T21:59:00+08:00 ] 192.168.0.107 /Public/qwadmin/js/jquery.min.map
INFO: [ app_init ] --START--
INFO: Run Behavior\BuildLiteBehavior [ RunTime:0.000008s ]
INFO: [ app_init ] --END-- [ RunTime:0.000052s ]
ERR: 无法加载模块:Public

[ 2020-03-18T21:59:35+08:00 ] 192.168.0.107 /Public/qwadmin/js/jquery.min.map
INFO: [ app_init ] --START--
INFO: Run Behavior\BuildLiteBehavior [ RunTime:0.000007s ]
INFO: [ app_init ] --END-- [ RunTime:0.000038s ]
ERR: 无法加载模块:Public

[ 2020-03-18T22:08:57+08:00 ] 192.168.0.107 /Public/qwadmin/js/jquery.min.map
INFO: [ app_init ] --START--
INFO: Run Behavior\BuildLiteBehavior [ RunTime:0.000011s ]
INFO: [ app_init ] --END-- [ RunTime:0.000063s ]
ERR: 无法加载模块:Public

[ 2020-03-18T22:09:22+08:00 ] 192.168.0.107 /Public/qwadmin/js/jquery.min.map
INFO: [ app_init ] --START--
INFO: Run Behavior\BuildLiteBehavior [ RunTime:0.000010s ]
INFO: [ app_init ] --END-- [ RunTime:0.000056s ]
ERR: 无法加载模块:Public

[ 2020-03-18T22:20:47+08:00 ] 192.168.0.107 /Public/qwadmin/js/jquery.min.map
INFO: [ app_init ] --START--
INFO: Run Behavior\BuildLiteBehavior [ RunTime:0.000013s ]
INFO: [ app_init ] --END-- [ RunTime:0.000064s ]
ERR: 无法加载模块:Public

[ 2020-03-18T22:21:21+08:00 ] 192.168.0.107 /Public/qwadmin/js/jquery.min.map
INFO: [ app_init ] --START--
INFO: Run Behavior\BuildLiteBehavior [ RunTime:0.000010s ]
INFO: [ app_init ] --END-- [ RunTime:0.000059s ]
ERR: 无法加载模块:Public

[ 2020-03-18T22:22:35+08:00 ] 192.168.0.107 /Public/qwadmin/js/jquery.min.map
INFO: [ app_init ] --START--
INFO: Run Behavior\BuildLiteBehavior [ RunTime:0.000006s ]
INFO: [ app_init ] --END-- [ RunTime:0.000039s ]
ERR: 无法加载模块:Public

[ 2020-03-18T22:23:06+08:00 ] 192.168.0.107 /Public/qwadmin/js/jquery.min.map
INFO: [ app_init ] --START--
INFO: Run Behavior\BuildLiteBehavior [ RunTime:0.000007s ]
INFO: [ app_init ] --END-- [ RunTime:0.000038s ]
ERR: 无法加载模块:Public

[ 2020-03-18T22:29:15+08:00 ] 192.168.0.107 /Public/qwadmin/js/jquery.min.map
INFO: [ app_init ] --START--
INFO: Run Behavior\BuildLiteBehavior [ RunTime:0.000010s ]
INFO: [ app_init ] --END-- [ RunTime:0.000061s ]
ERR: 无法加载模块:Public

[ 2020-03-18T22:30:44+08:00 ] 192.168.0.107 /Public/qwadmin/js/jquery.min.map
INFO: [ app_init ] --START--
INFO: Run Behavior\BuildLiteBehavior [ RunTime:0.000010s ]
INFO: [ app_init ] --END-- [ RunTime:0.000061s ]
ERR: 无法加载模块:Public

