[ 2020-03-14T01:14:46+08:00 ] 192.168.0.104 /
INFO: [ app_init ] --START--
INFO: Run Behavior\BuildLiteBehavior [ RunTime:0.000015s ]
INFO: [ app_init ] --END-- [ RunTime:0.000764s ]
INFO: [ app_begin ] --START--
INFO: Run Behavior\ReadHtmlCacheBehavior [ RunTime:0.001353s ]
INFO: [ app_begin ] --END-- [ RunTime:0.001403s ]
SQL: SHOW COLUMNS FROM `qw_category` [ RunTime:0.0325s ]
SQL: SELECT * FROM `qw_category` WHERE `pid` = 0 AND `is_dao` = 0 ORDER BY o desc  [ RunTime:0.0319s ]
SQL: SELECT * FROM `qw_category` WHERE `pid` = 1 AND `is_dao` = 0 ORDER BY o ASC  [ RunTime:0.0255s ]
SQL: SELECT * FROM `qw_category` WHERE `pid` = 4 AND `is_dao` = 0 ORDER BY o ASC  [ RunTime:0.0251s ]
SQL: SELECT * FROM `qw_category` WHERE `pid` = 5 AND `is_dao` = 0 ORDER BY o ASC  [ RunTime:0.0245s ]
SQL: SELECT * FROM `qw_category` WHERE `pid` = 19 AND `is_dao` = 0 ORDER BY o ASC  [ RunTime:0.0258s ]
SQL: SHOW COLUMNS FROM `qw_links` [ RunTime:0.0318s ]
SQL: SELECT * FROM `qw_links` LIMIT 6   [ RunTime:0.0286s ]
SQL: SHOW COLUMNS FROM `qw_flash` [ RunTime:0.0308s ]
SQL: SELECT * FROM `qw_flash` LIMIT 3   [ RunTime:0.0278s ]
SQL: SELECT * FROM `qw_category` WHERE `id` = 1 LIMIT 1   [ RunTime:0.0279s ]
SQL: SELECT * FROM `qw_category` WHERE `id` = 2 LIMIT 1   [ RunTime:0.0242s ]
SQL: SELECT * FROM `qw_category` WHERE `id` = 3 LIMIT 1   [ RunTime:0.0259s ]
SQL: SELECT * FROM `qw_category` WHERE `id` = 4 LIMIT 1   [ RunTime:0.0249s ]
SQL: SELECT * FROM `qw_category` WHERE `id` = 5 LIMIT 1   [ RunTime:0.0250s ]
SQL: SELECT * FROM `qw_category` WHERE `id` = 19 LIMIT 1   [ RunTime:0.0250s ]
SQL: SHOW COLUMNS FROM `qw_logo` [ RunTime:0.0299s ]
SQL: SELECT * FROM `qw_logo` WHERE ( id=1 ) LIMIT 1   [ RunTime:0.0267s ]
SQL: SHOW COLUMNS FROM `qw_zuopin` [ RunTime:0.0323s ]
SQL: SELECT `logo` FROM `qw_zuopin` WHERE `id` = 1 LIMIT 1   [ RunTime:0.0275s ]
SQL: SELECT `logo` FROM `qw_zuopin` WHERE `id` = 2 LIMIT 1   [ RunTime:0.0244s ]
SQL: SELECT `logo` FROM `qw_zuopin` WHERE `id` = 3 LIMIT 1   [ RunTime:0.0243s ]
SQL: SELECT `logo` FROM `qw_zuopin` WHERE `id` = 4 LIMIT 1   [ RunTime:0.0240s ]
SQL: SHOW COLUMNS FROM `qw_article` [ RunTime:0.0306s ]
SQL: SELECT * FROM `qw_article` WHERE `sid` = 2 ORDER BY t desc  [ RunTime:0.0275s ]
SQL: SELECT * FROM `qw_article` LIMIT 1   [ RunTime:0.0249s ]
SQL: SELECT * FROM `qw_article` LIMIT 1   [ RunTime:0.0242s ]
SQL: SELECT * FROM `qw_article` WHERE `sid` IN ('10','11','12','13') ORDER BY t desc LIMIT 1   [ RunTime:0.0266s ]
SQL: SELECT * FROM `qw_article` WHERE `sid` IN ('6','7','8','9') ORDER BY t desc  [ RunTime:0.1013s ]
SQL: SELECT * FROM `qw_zuopin` WHERE `id` = 5 LIMIT 1   [ RunTime:0.0242s ]
SQL: SELECT * FROM `qw_zuopin` WHERE `id` = 6 LIMIT 1   [ RunTime:0.0237s ]
SQL: SELECT * FROM `qw_article` WHERE `sid` = 10 ORDER BY t desc  [ RunTime:0.0247s ]
SQL: SELECT * FROM `qw_article` WHERE `sid` = 16 ORDER BY t desc  [ RunTime:0.0239s ]
SQL: SELECT * FROM `qw_category` WHERE `pid` = 3 ORDER BY o desc  [ RunTime:0.0378s ]
INFO: [ view_parse ] --START--
INFO: [ template_filter ] --START--
INFO: Run Behavior\ContentReplaceBehavior [ RunTime:0.000067s ]
INFO: [ template_filter ] --END-- [ RunTime:0.000118s ]
INFO: Run Behavior\ParseTemplateBehavior [ RunTime:0.012605s ]
INFO: [ view_parse ] --END-- [ RunTime:0.012645s ]
INFO: [ view_filter ] --START--
INFO: Run Behavior\WriteHtmlCacheBehavior [ RunTime:0.000641s ]
INFO: [ view_filter ] --END-- [ RunTime:0.000668s ]
INFO: [ app_end ] --START--
INFO: Run Behavior\ShowPageTraceBehavior [ RunTime:0.000851s ]
INFO: [ app_end ] --END-- [ RunTime:0.000884s ]

