[ 2020-04-01T00:04:10+08:00 ] 192.168.0.104 /qwadmin
INFO: [ app_init ] --START--
INFO: Run Behavior\BuildLiteBehavior [ RunTime:0.000010s ]
INFO: [ app_init ] --END-- [ RunTime:0.000506s ]
INFO: [ app_begin ] --START--
INFO: Run Behavior\ReadHtmlCacheBehavior [ RunTime:0.000753s ]
INFO: [ app_begin ] --END-- [ RunTime:0.000803s ]
NOTIC: [8] A session had already been started - ignoring session_start() /var/www/school_air_analyze/App/Qwadmin/Controller/ComController.class.php 第 136 行.

[ 2020-04-01T00:04:10+08:00 ] 192.168.0.104 /qwadmin/login/index.html
INFO: [ app_init ] --START--
INFO: Run Behavior\BuildLiteBehavior [ RunTime:0.000011s ]
INFO: [ app_init ] --END-- [ RunTime:0.000105s ]
INFO: [ app_begin ] --START--
INFO: Run Behavior\ReadHtmlCacheBehavior [ RunTime:0.000025s ]
INFO: [ app_begin ] --END-- [ RunTime:0.000051s ]
NOTIC: [8] A session had already been started - ignoring session_start() /var/www/school_air_analyze/App/Qwadmin/Controller/ComController.class.php 第 136 行.
INFO: [ view_parse ] --START--
INFO: [ template_filter ] --START--
INFO: Run Behavior\ContentReplaceBehavior [ RunTime:0.000037s ]
INFO: [ template_filter ] --END-- [ RunTime:0.000130s ]
NOTIC: [8] Undefined variable: current /var/www/school_air_analyze/App/Runtime/Cache/Qwadmin/3ec037c4eac547117970073708a020a7.php 第 6 行.
INFO: Run Behavior\ParseTemplateBehavior [ RunTime:0.011915s ]
INFO: [ view_parse ] --END-- [ RunTime:0.011952s ]
INFO: [ view_filter ] --START--
INFO: Run Behavior\WriteHtmlCacheBehavior [ RunTime:0.000390s ]
INFO: [ view_filter ] --END-- [ RunTime:0.000413s ]
INFO: [ app_end ] --START--
INFO: Run Behavior\ShowPageTraceBehavior [ RunTime:0.000765s ]
INFO: [ app_end ] --END-- [ RunTime:0.000790s ]

[ 2020-04-01T00:04:10+08:00 ] 192.168.0.104 /qwadmin/login/verify.html
INFO: [ app_init ] --START--
INFO: Run Behavior\BuildLiteBehavior [ RunTime:0.000013s ]
INFO: [ app_init ] --END-- [ RunTime:0.000084s ]
INFO: [ app_begin ] --START--
INFO: Run Behavior\ReadHtmlCacheBehavior [ RunTime:0.000030s ]
INFO: [ app_begin ] --END-- [ RunTime:0.000067s ]
INFO: [ app_end ] --START--
INFO: Run Behavior\ShowPageTraceBehavior [ RunTime:0.000039s ]
INFO: [ app_end ] --END-- [ RunTime:0.000069s ]

[ 2020-04-01T00:04:17+08:00 ] 192.168.0.104 /qwadmin/login/login.html
INFO: [ app_init ] --START--
INFO: Run Behavior\BuildLiteBehavior [ RunTime:0.000008s ]
INFO: [ app_init ] --END-- [ RunTime:0.000049s ]
INFO: [ app_begin ] --START--
INFO: Run Behavior\ReadHtmlCacheBehavior [ RunTime:0.000022s ]
INFO: [ app_begin ] --END-- [ RunTime:0.000048s ]
SQL: SHOW COLUMNS FROM `qw_member` [ RunTime:0.0305s ]
SQL: SELECT `uid`,`user` FROM `qw_member` WHERE `user` = 'admin' AND `password` = '36868f2f58d2ab890d352ace75b8184b' LIMIT 1   [ RunTime:0.0252s ]
SQL: SHOW COLUMNS FROM `qw_log` [ RunTime:0.0289s ]
SQL: INSERT INTO `qw_log` (`name`,`t`,`ip`,`log`) VALUES ('admin','1585670657','192.168.0.104','登录失败。') [ RunTime:0.0274s ]
INFO: [ view_parse ] --START--
INFO: [ template_filter ] --START--
INFO: Run Behavior\ContentReplaceBehavior [ RunTime:0.000021s ]
INFO: [ template_filter ] --END-- [ RunTime:0.000098s ]
INFO: Run Behavior\ParseTemplateBehavior [ RunTime:0.001587s ]
INFO: [ view_parse ] --END-- [ RunTime:0.001616s ]
INFO: [ view_filter ] --START--
INFO: Run Behavior\WriteHtmlCacheBehavior [ RunTime:0.000028s ]
INFO: [ view_filter ] --END-- [ RunTime:0.000050s ]

[ 2020-04-01T00:04:20+08:00 ] 192.168.0.104 /qwadmin/login/index.html
INFO: [ app_init ] --START--
INFO: Run Behavior\BuildLiteBehavior [ RunTime:0.000011s ]
INFO: [ app_init ] --END-- [ RunTime:0.000073s ]
INFO: [ app_begin ] --START--
INFO: Run Behavior\ReadHtmlCacheBehavior [ RunTime:0.000032s ]
INFO: [ app_begin ] --END-- [ RunTime:0.000085s ]
NOTIC: [8] A session had already been started - ignoring session_start() /var/www/school_air_analyze/App/Qwadmin/Controller/ComController.class.php 第 136 行.
INFO: [ view_parse ] --START--
INFO: [ template_filter ] --START--
INFO: Run Behavior\ContentReplaceBehavior [ RunTime:0.000035s ]
INFO: [ template_filter ] --END-- [ RunTime:0.000118s ]
NOTIC: [8] Undefined variable: current /var/www/school_air_analyze/App/Runtime/Cache/Qwadmin/3ec037c4eac547117970073708a020a7.php 第 6 行.
INFO: Run Behavior\ParseTemplateBehavior [ RunTime:0.003372s ]
INFO: [ view_parse ] --END-- [ RunTime:0.003410s ]
INFO: [ view_filter ] --START--
INFO: Run Behavior\WriteHtmlCacheBehavior [ RunTime:0.000034s ]
INFO: [ view_filter ] --END-- [ RunTime:0.000064s ]
INFO: [ app_end ] --START--
INFO: Run Behavior\ShowPageTraceBehavior [ RunTime:0.000023s ]
INFO: [ app_end ] --END-- [ RunTime:0.000047s ]

[ 2020-04-01T00:04:20+08:00 ] 192.168.0.104 /qwadmin/login/verify.html
INFO: [ app_init ] --START--
INFO: Run Behavior\BuildLiteBehavior [ RunTime:0.000011s ]
INFO: [ app_init ] --END-- [ RunTime:0.000085s ]
INFO: [ app_begin ] --START--
INFO: Run Behavior\ReadHtmlCacheBehavior [ RunTime:0.000049s ]
INFO: [ app_begin ] --END-- [ RunTime:0.000110s ]
INFO: [ app_end ] --START--
INFO: Run Behavior\ShowPageTraceBehavior [ RunTime:0.000021s ]
INFO: [ app_end ] --END-- [ RunTime:0.000044s ]

[ 2020-04-01T00:04:27+08:00 ] 192.168.0.104 /qwadmin/login/login.html
INFO: [ app_init ] --START--
INFO: Run Behavior\BuildLiteBehavior [ RunTime:0.000014s ]
INFO: [ app_init ] --END-- [ RunTime:0.000082s ]
INFO: [ app_begin ] --START--
INFO: Run Behavior\ReadHtmlCacheBehavior [ RunTime:0.000033s ]
INFO: [ app_begin ] --END-- [ RunTime:0.000115s ]
INFO: [ view_parse ] --START--
INFO: [ template_filter ] --START--
INFO: Run Behavior\ContentReplaceBehavior [ RunTime:0.000033s ]
INFO: [ template_filter ] --END-- [ RunTime:0.000088s ]
INFO: Run Behavior\ParseTemplateBehavior [ RunTime:0.001840s ]
INFO: [ view_parse ] --END-- [ RunTime:0.001893s ]
INFO: [ view_filter ] --START--
INFO: Run Behavior\WriteHtmlCacheBehavior [ RunTime:0.000037s ]
INFO: [ view_filter ] --END-- [ RunTime:0.000073s ]

[ 2020-04-01T00:04:30+08:00 ] 192.168.0.104 /qwadmin/login/index.html
INFO: [ app_init ] --START--
INFO: Run Behavior\BuildLiteBehavior [ RunTime:0.000012s ]
INFO: [ app_init ] --END-- [ RunTime:0.000068s ]
INFO: [ app_begin ] --START--
INFO: Run Behavior\ReadHtmlCacheBehavior [ RunTime:0.000039s ]
INFO: [ app_begin ] --END-- [ RunTime:0.000099s ]
NOTIC: [8] A session had already been started - ignoring session_start() /var/www/school_air_analyze/App/Qwadmin/Controller/ComController.class.php 第 136 行.
INFO: [ view_parse ] --START--
INFO: [ template_filter ] --START--
INFO: Run Behavior\ContentReplaceBehavior [ RunTime:0.000244s ]
INFO: [ template_filter ] --END-- [ RunTime:0.000399s ]
NOTIC: [8] Undefined variable: current /var/www/school_air_analyze/App/Runtime/Cache/Qwadmin/3ec037c4eac547117970073708a020a7.php 第 6 行.
INFO: Run Behavior\ParseTemplateBehavior [ RunTime:0.004078s ]
INFO: [ view_parse ] --END-- [ RunTime:0.004113s ]
INFO: [ view_filter ] --START--
INFO: Run Behavior\WriteHtmlCacheBehavior [ RunTime:0.000033s ]
INFO: [ view_filter ] --END-- [ RunTime:0.000061s ]
INFO: [ app_end ] --START--
INFO: Run Behavior\ShowPageTraceBehavior [ RunTime:0.000033s ]
INFO: [ app_end ] --END-- [ RunTime:0.000065s ]

[ 2020-04-01T00:04:30+08:00 ] 192.168.0.104 /qwadmin/login/verify.html
INFO: [ app_init ] --START--
INFO: Run Behavior\BuildLiteBehavior [ RunTime:0.000009s ]
INFO: [ app_init ] --END-- [ RunTime:0.000048s ]
INFO: [ app_begin ] --START--
INFO: Run Behavior\ReadHtmlCacheBehavior [ RunTime:0.000022s ]
INFO: [ app_begin ] --END-- [ RunTime:0.000066s ]
INFO: [ app_end ] --START--
INFO: Run Behavior\ShowPageTraceBehavior [ RunTime:0.000069s ]
INFO: [ app_end ] --END-- [ RunTime:0.001141s ]

[ 2020-04-01T00:04:37+08:00 ] 192.168.0.104 /qwadmin/login/login.html
INFO: [ app_init ] --START--
INFO: Run Behavior\BuildLiteBehavior [ RunTime:0.000029s ]
INFO: [ app_init ] --END-- [ RunTime:0.000193s ]
INFO: [ app_begin ] --START--
INFO: Run Behavior\ReadHtmlCacheBehavior [ RunTime:0.000047s ]
INFO: [ app_begin ] --END-- [ RunTime:0.000120s ]
INFO: [ view_parse ] --START--
INFO: [ template_filter ] --START--
INFO: Run Behavior\ContentReplaceBehavior [ RunTime:0.000033s ]
INFO: [ template_filter ] --END-- [ RunTime:0.000177s ]
INFO: Run Behavior\ParseTemplateBehavior [ RunTime:0.001581s ]
INFO: [ view_parse ] --END-- [ RunTime:0.001625s ]
INFO: [ view_filter ] --START--
INFO: Run Behavior\WriteHtmlCacheBehavior [ RunTime:0.000029s ]
INFO: [ view_filter ] --END-- [ RunTime:0.000050s ]

[ 2020-04-01T00:04:40+08:00 ] 192.168.0.104 /qwadmin/login/index.html
INFO: [ app_init ] --START--
INFO: Run Behavior\BuildLiteBehavior [ RunTime:0.000012s ]
INFO: [ app_init ] --END-- [ RunTime:0.000071s ]
INFO: [ app_begin ] --START--
INFO: Run Behavior\ReadHtmlCacheBehavior [ RunTime:0.000030s ]
INFO: [ app_begin ] --END-- [ RunTime:0.000063s ]
NOTIC: [8] A session had already been started - ignoring session_start() /var/www/school_air_analyze/App/Qwadmin/Controller/ComController.class.php 第 136 行.
INFO: [ view_parse ] --START--
INFO: [ template_filter ] --START--
INFO: Run Behavior\ContentReplaceBehavior [ RunTime:0.000045s ]
INFO: [ template_filter ] --END-- [ RunTime:0.000118s ]
NOTIC: [8] Undefined variable: current /var/www/school_air_analyze/App/Runtime/Cache/Qwadmin/3ec037c4eac547117970073708a020a7.php 第 6 行.
INFO: Run Behavior\ParseTemplateBehavior [ RunTime:0.004709s ]
INFO: [ view_parse ] --END-- [ RunTime:0.004751s ]
INFO: [ view_filter ] --START--
INFO: Run Behavior\WriteHtmlCacheBehavior [ RunTime:0.000038s ]
INFO: [ view_filter ] --END-- [ RunTime:0.000069s ]
INFO: [ app_end ] --START--
INFO: Run Behavior\ShowPageTraceBehavior [ RunTime:0.000033s ]
INFO: [ app_end ] --END-- [ RunTime:0.000064s ]

[ 2020-04-01T00:04:40+08:00 ] 192.168.0.104 /qwadmin/login/verify.html
INFO: [ app_init ] --START--
INFO: Run Behavior\BuildLiteBehavior [ RunTime:0.000010s ]
INFO: [ app_init ] --END-- [ RunTime:0.000062s ]
INFO: [ app_begin ] --START--
INFO: Run Behavior\ReadHtmlCacheBehavior [ RunTime:0.000027s ]
INFO: [ app_begin ] --END-- [ RunTime:0.000060s ]
INFO: [ app_end ] --START--
INFO: Run Behavior\ShowPageTraceBehavior [ RunTime:0.000054s ]
INFO: [ app_end ] --END-- [ RunTime:0.000113s ]

[ 2020-04-01T00:04:50+08:00 ] 192.168.0.104 /qwadmin/login/login.html
INFO: [ app_init ] --START--
INFO: Run Behavior\BuildLiteBehavior [ RunTime:0.000013s ]
INFO: [ app_init ] --END-- [ RunTime:0.000077s ]
INFO: [ app_begin ] --START--
INFO: Run Behavior\ReadHtmlCacheBehavior [ RunTime:0.000031s ]
INFO: [ app_begin ] --END-- [ RunTime:0.000069s ]
SQL: SHOW COLUMNS FROM `qw_member` [ RunTime:0.0292s ]
SQL: SELECT `uid`,`user` FROM `qw_member` WHERE `user` = 'admin' AND `password` = '0fa5933c7d220e1334ba99d6f751074c' LIMIT 1   [ RunTime:0.0251s ]
NOTIC: [8] A session had already been started - ignoring session_start() /var/www/school_air_analyze/App/Qwadmin/Controller/LoginController.class.php 第 51 行.
SQL: SHOW COLUMNS FROM `qw_log` [ RunTime:0.0284s ]
NOTIC: [8] A session had already been started - ignoring session_start() /var/www/school_air_analyze/App/Qwadmin/Common/function.php 第 12 行.
SQL: SHOW COLUMNS FROM `qw_member` [ RunTime:0.0300s ]
SQL: SELECT `user` FROM `qw_member` WHERE `uid` = 1 LIMIT 1   [ RunTime:0.0281s ]
SQL: INSERT INTO `qw_log` (`name`,`t`,`ip`,`log`) VALUES ('admin','1585670690','192.168.0.104','登录成功。') [ RunTime:0.0290s ]

[ 2020-04-01T00:04:52+08:00 ] 192.168.0.104 /qwadmin/index/index.html
INFO: [ app_init ] --START--
INFO: Run Behavior\BuildLiteBehavior [ RunTime:0.000012s ]
INFO: [ app_init ] --END-- [ RunTime:0.000068s ]
INFO: [ app_begin ] --START--
INFO: Run Behavior\ReadHtmlCacheBehavior [ RunTime:0.000027s ]
INFO: [ app_begin ] --END-- [ RunTime:0.000061s ]
NOTIC: [8] A session had already been started - ignoring session_start() /var/www/school_air_analyze/App/Qwadmin/Controller/ComController.class.php 第 136 行.
SQL: SHOW COLUMNS FROM `qw_member` [ RunTime:0.0301s ]
SQL: SELECT * FROM `qw_member` WHERE `uid` = 1 LIMIT 1   [ RunTime:0.0273s ]
SQL: SELECT * FROM qw_auth_group g left join qw_auth_group_access a on g.id=a.group_id where a.uid=1 [ RunTime:0.0302s ]
SQL: SHOW COLUMNS FROM `qw_member` [ RunTime:0.0294s ]
SQL: SELECT * FROM `qw_member` WHERE `uid` = 1 LIMIT 1   [ RunTime:0.0280s ]
SQL: SELECT s.id,s.title,s.name,s.tips,s.pid,p.pid as ppid,p.title as ptitle FROM qw_auth_rule s left join qw_auth_rule p on p.id=s.pid where s.name='Index/index' [ RunTime:0.0273s ]
SQL: SHOW COLUMNS FROM `qw_auth_rule` [ RunTime:0.0303s ]
SQL: SELECT `id`,`title`,`pid`,`name`,`icon` FROM `qw_auth_rule` WHERE ( islink=1   ) ORDER BY o ASC  [ RunTime:0.0273s ]
SQL: select VERSION() as mysql [ RunTime:0.0268s ]
SQL: SHOW COLUMNS FROM `qw_log` [ RunTime:0.0301s ]
SQL: DELETE FROM `qw_log` WHERE ( t < 1580486690 ) [ RunTime:0.0321s ]
SQL: SELECT COUNT(*) AS tp_count FROM `qw_log` LIMIT 1   [ RunTime:0.0270s ]
SQL: SELECT * FROM `qw_log` ORDER BY id desc LIMIT 0,25   [ RunTime:0.0267s ]
INFO: [ view_parse ] --START--
INFO: [ template_filter ] --START--
INFO: Run Behavior\ContentReplaceBehavior [ RunTime:0.000135s ]
INFO: [ template_filter ] --END-- [ RunTime:0.000241s ]
NOTIC: [8] Undefined variable: list_uri /var/www/school_air_analyze/App/Runtime/Cache/Qwadmin/2aa6134a511d985f5099413a11b19042.php 第 290 行.
INFO: Run Behavior\ParseTemplateBehavior [ RunTime:2.255972s ]
INFO: [ view_parse ] --END-- [ RunTime:2.256028s ]
INFO: [ view_filter ] --START--
INFO: Run Behavior\WriteHtmlCacheBehavior [ RunTime:0.000043s ]
INFO: [ view_filter ] --END-- [ RunTime:0.000079s ]
INFO: [ app_end ] --START--
INFO: Run Behavior\ShowPageTraceBehavior [ RunTime:0.000031s ]
INFO: [ app_end ] --END-- [ RunTime:0.000063s ]

[ 2020-04-01T00:04:53+08:00 ] 192.168.0.104 /qwadmin/index/index.html?callback=jQuery211020682850492467608_1585670693695&_=1585670693696
INFO: [ app_init ] --START--
INFO: Run Behavior\BuildLiteBehavior [ RunTime:0.000011s ]
INFO: [ app_init ] --END-- [ RunTime:0.000087s ]
INFO: [ app_begin ] --START--
INFO: Run Behavior\ReadHtmlCacheBehavior [ RunTime:0.000033s ]
INFO: [ app_begin ] --END-- [ RunTime:0.000068s ]
NOTIC: [8] A session had already been started - ignoring session_start() /var/www/school_air_analyze/App/Qwadmin/Controller/ComController.class.php 第 136 行.
SQL: SHOW COLUMNS FROM `qw_member` [ RunTime:0.0283s ]
SQL: SELECT * FROM `qw_member` WHERE `uid` = 1 LIMIT 1   [ RunTime:0.0258s ]
SQL: SELECT * FROM qw_auth_group g left join qw_auth_group_access a on g.id=a.group_id where a.uid=1 [ RunTime:0.0249s ]
SQL: SHOW COLUMNS FROM `qw_member` [ RunTime:0.0335s ]
SQL: SELECT * FROM `qw_member` WHERE `uid` = 1 LIMIT 1   [ RunTime:0.0258s ]
SQL: SELECT s.id,s.title,s.name,s.tips,s.pid,p.pid as ppid,p.title as ptitle FROM qw_auth_rule s left join qw_auth_rule p on p.id=s.pid where s.name='Index/index' [ RunTime:0.0244s ]
SQL: SHOW COLUMNS FROM `qw_auth_rule` [ RunTime:0.0298s ]
SQL: SELECT `id`,`title`,`pid`,`name`,`icon` FROM `qw_auth_rule` WHERE ( islink=1   ) ORDER BY o ASC  [ RunTime:0.0261s ]
SQL: select VERSION() as mysql [ RunTime:0.0253s ]
SQL: SHOW COLUMNS FROM `qw_log` [ RunTime:0.0286s ]
SQL: DELETE FROM `qw_log` WHERE ( t < 1580486693 ) [ RunTime:0.0250s ]
SQL: SELECT COUNT(*) AS tp_count FROM `qw_log` LIMIT 1   [ RunTime:0.0261s ]
SQL: SELECT * FROM `qw_log` ORDER BY id desc LIMIT 0,25   [ RunTime:0.0254s ]
INFO: [ view_parse ] --START--
INFO: [ template_filter ] --START--
INFO: Run Behavior\ContentReplaceBehavior [ RunTime:0.000077s ]
INFO: [ template_filter ] --END-- [ RunTime:0.000118s ]
NOTIC: [8] Undefined variable: list_uri /var/www/school_air_analyze/App/Runtime/Cache/Qwadmin/2aa6134a511d985f5099413a11b19042.php 第 290 行.
INFO: Run Behavior\ParseTemplateBehavior [ RunTime:0.049389s ]
INFO: [ view_parse ] --END-- [ RunTime:0.049438s ]
INFO: [ view_filter ] --START--
INFO: Run Behavior\WriteHtmlCacheBehavior [ RunTime:0.000040s ]
INFO: [ view_filter ] --END-- [ RunTime:0.000071s ]
INFO: [ app_end ] --START--
INFO: Run Behavior\ShowPageTraceBehavior [ RunTime:0.000030s ]
INFO: [ app_end ] --END-- [ RunTime:0.000060s ]

[ 2020-04-01T00:05:03+08:00 ] 192.168.0.104 /qwadmin/variable/index.html
INFO: [ app_init ] --START--
INFO: Run Behavior\BuildLiteBehavior [ RunTime:0.000012s ]
INFO: [ app_init ] --END-- [ RunTime:0.000074s ]
INFO: [ app_begin ] --START--
INFO: Run Behavior\ReadHtmlCacheBehavior [ RunTime:0.000034s ]
INFO: [ app_begin ] --END-- [ RunTime:0.000069s ]
NOTIC: [8] A session had already been started - ignoring session_start() /var/www/school_air_analyze/App/Qwadmin/Controller/ComController.class.php 第 136 行.
SQL: SHOW COLUMNS FROM `qw_member` [ RunTime:0.0304s ]
SQL: SELECT * FROM `qw_member` WHERE `uid` = 1 LIMIT 1   [ RunTime:0.0268s ]
SQL: SELECT * FROM qw_auth_group g left join qw_auth_group_access a on g.id=a.group_id where a.uid=1 [ RunTime:0.0262s ]
SQL: SHOW COLUMNS FROM `qw_member` [ RunTime:0.0290s ]
SQL: SELECT * FROM `qw_member` WHERE `uid` = 1 LIMIT 1   [ RunTime:0.0259s ]
SQL: SELECT s.id,s.title,s.name,s.tips,s.pid,p.pid as ppid,p.title as ptitle FROM qw_auth_rule s left join qw_auth_rule p on p.id=s.pid where s.name='Variable/index' [ RunTime:0.0270s ]
SQL: SHOW COLUMNS FROM `qw_auth_rule` [ RunTime:0.0288s ]
SQL: SELECT `id`,`title`,`pid`,`name`,`icon` FROM `qw_auth_rule` WHERE ( islink=1   ) ORDER BY o ASC  [ RunTime:0.0259s ]
SQL: SHOW COLUMNS FROM `qw_setting` [ RunTime:0.0320s ]
SQL: SELECT * FROM `qw_setting` WHERE ( type=1 )  [ RunTime:0.0344s ]
INFO: [ view_parse ] --START--
INFO: [ template_filter ] --START--
INFO: Run Behavior\ContentReplaceBehavior [ RunTime:0.000098s ]
INFO: [ template_filter ] --END-- [ RunTime:0.000159s ]
NOTIC: [8] Undefined variable: list_uri /var/www/school_air_analyze/App/Runtime/Cache/Qwadmin/9bbfab1c74cf763567c738ecba29f979.php 第 291 行.
INFO: Run Behavior\ParseTemplateBehavior [ RunTime:0.013256s ]
INFO: [ view_parse ] --END-- [ RunTime:0.013288s ]
INFO: [ view_filter ] --START--
INFO: Run Behavior\WriteHtmlCacheBehavior [ RunTime:0.000028s ]
INFO: [ view_filter ] --END-- [ RunTime:0.000049s ]
INFO: [ app_end ] --START--
INFO: Run Behavior\ShowPageTraceBehavior [ RunTime:0.000025s ]
INFO: [ app_end ] --END-- [ RunTime:0.000051s ]

[ 2020-04-01T00:05:05+08:00 ] 192.168.0.104 /qwadmin/setting/setting.html
INFO: [ app_init ] --START--
INFO: Run Behavior\BuildLiteBehavior [ RunTime:0.000011s ]
INFO: [ app_init ] --END-- [ RunTime:0.000065s ]
INFO: [ app_begin ] --START--
INFO: Run Behavior\ReadHtmlCacheBehavior [ RunTime:0.000032s ]
INFO: [ app_begin ] --END-- [ RunTime:0.000069s ]
NOTIC: [8] A session had already been started - ignoring session_start() /var/www/school_air_analyze/App/Qwadmin/Controller/ComController.class.php 第 136 行.
SQL: SHOW COLUMNS FROM `qw_member` [ RunTime:0.0289s ]
SQL: SELECT * FROM `qw_member` WHERE `uid` = 1 LIMIT 1   [ RunTime:0.0261s ]
SQL: SELECT * FROM qw_auth_group g left join qw_auth_group_access a on g.id=a.group_id where a.uid=1 [ RunTime:0.0280s ]
SQL: SHOW COLUMNS FROM `qw_member` [ RunTime:0.0290s ]
SQL: SELECT * FROM `qw_member` WHERE `uid` = 1 LIMIT 1   [ RunTime:0.0262s ]
SQL: SELECT s.id,s.title,s.name,s.tips,s.pid,p.pid as ppid,p.title as ptitle FROM qw_auth_rule s left join qw_auth_rule p on p.id=s.pid where s.name='Setting/setting' [ RunTime:0.0273s ]
SQL: SHOW COLUMNS FROM `qw_auth_rule` [ RunTime:0.0288s ]
SQL: SELECT `id`,`title`,`pid`,`name`,`icon` FROM `qw_auth_rule` WHERE ( islink=1   ) ORDER BY o ASC  [ RunTime:0.0356s ]
SQL: SHOW COLUMNS FROM `qw_setting` [ RunTime:0.0322s ]
SQL: SELECT * FROM `qw_setting` WHERE ( type=1 )  [ RunTime:0.0259s ]
INFO: [ view_parse ] --START--
INFO: [ template_filter ] --START--
INFO: Run Behavior\ContentReplaceBehavior [ RunTime:0.000065s ]
INFO: [ template_filter ] --END-- [ RunTime:0.000102s ]
NOTIC: [8] Undefined variable: list_uri /var/www/school_air_analyze/App/Runtime/Cache/Qwadmin/a24e604402c115d0fd72204f2fa1ae59.php 第 290 行.
INFO: Run Behavior\ParseTemplateBehavior [ RunTime:0.013567s ]
INFO: [ view_parse ] --END-- [ RunTime:0.013605s ]
INFO: [ view_filter ] --START--
INFO: Run Behavior\WriteHtmlCacheBehavior [ RunTime:0.000024s ]
INFO: [ view_filter ] --END-- [ RunTime:0.000047s ]
INFO: [ app_end ] --START--
INFO: Run Behavior\ShowPageTraceBehavior [ RunTime:0.000031s ]
INFO: [ app_end ] --END-- [ RunTime:0.000068s ]

[ 2020-04-01T00:05:07+08:00 ] 192.168.0.104 /qwadmin/variable/index.html
INFO: [ app_init ] --START--
INFO: Run Behavior\BuildLiteBehavior [ RunTime:0.000008s ]
INFO: [ app_init ] --END-- [ RunTime:0.000054s ]
INFO: [ app_begin ] --START--
INFO: Run Behavior\ReadHtmlCacheBehavior [ RunTime:0.000036s ]
INFO: [ app_begin ] --END-- [ RunTime:0.000079s ]
NOTIC: [8] A session had already been started - ignoring session_start() /var/www/school_air_analyze/App/Qwadmin/Controller/ComController.class.php 第 136 行.
SQL: SHOW COLUMNS FROM `qw_member` [ RunTime:0.0296s ]
SQL: SELECT * FROM `qw_member` WHERE `uid` = 1 LIMIT 1   [ RunTime:0.0273s ]
SQL: SELECT * FROM qw_auth_group g left join qw_auth_group_access a on g.id=a.group_id where a.uid=1 [ RunTime:0.0295s ]
SQL: SHOW COLUMNS FROM `qw_member` [ RunTime:0.0307s ]
SQL: SELECT * FROM `qw_member` WHERE `uid` = 1 LIMIT 1   [ RunTime:0.0283s ]
SQL: SELECT s.id,s.title,s.name,s.tips,s.pid,p.pid as ppid,p.title as ptitle FROM qw_auth_rule s left join qw_auth_rule p on p.id=s.pid where s.name='Variable/index' [ RunTime:0.0299s ]
SQL: SHOW COLUMNS FROM `qw_auth_rule` [ RunTime:0.0305s ]
SQL: SELECT `id`,`title`,`pid`,`name`,`icon` FROM `qw_auth_rule` WHERE ( islink=1   ) ORDER BY o ASC  [ RunTime:0.0282s ]
SQL: SHOW COLUMNS FROM `qw_setting` [ RunTime:0.0301s ]
SQL: SELECT * FROM `qw_setting` WHERE ( type=1 )  [ RunTime:0.0275s ]
INFO: [ view_parse ] --START--
INFO: [ template_filter ] --START--
INFO: Run Behavior\ContentReplaceBehavior [ RunTime:0.000081s ]
INFO: [ template_filter ] --END-- [ RunTime:0.000129s ]
NOTIC: [8] Undefined variable: list_uri /var/www/school_air_analyze/App/Runtime/Cache/Qwadmin/9bbfab1c74cf763567c738ecba29f979.php 第 291 行.
INFO: Run Behavior\ParseTemplateBehavior [ RunTime:0.013106s ]
INFO: [ view_parse ] --END-- [ RunTime:0.013157s ]
INFO: [ view_filter ] --START--
INFO: Run Behavior\WriteHtmlCacheBehavior [ RunTime:0.000037s ]
INFO: [ view_filter ] --END-- [ RunTime:0.000071s ]
INFO: [ app_end ] --START--
INFO: Run Behavior\ShowPageTraceBehavior [ RunTime:0.000031s ]
INFO: [ app_end ] --END-- [ RunTime:0.000066s ]

[ 2020-04-01T00:05:10+08:00 ] 192.168.0.104 /qwadmin/setting/setting.html
INFO: [ app_init ] --START--
INFO: Run Behavior\BuildLiteBehavior [ RunTime:0.000015s ]
INFO: [ app_init ] --END-- [ RunTime:0.000097s ]
INFO: [ app_begin ] --START--
INFO: Run Behavior\ReadHtmlCacheBehavior [ RunTime:0.000077s ]
INFO: [ app_begin ] --END-- [ RunTime:0.000103s ]
NOTIC: [8] A session had already been started - ignoring session_start() /var/www/school_air_analyze/App/Qwadmin/Controller/ComController.class.php 第 136 行.
SQL: SHOW COLUMNS FROM `qw_member` [ RunTime:0.0299s ]
SQL: SELECT * FROM `qw_member` WHERE `uid` = 1 LIMIT 1   [ RunTime:0.0278s ]
SQL: SELECT * FROM qw_auth_group g left join qw_auth_group_access a on g.id=a.group_id where a.uid=1 [ RunTime:0.0267s ]
SQL: SHOW COLUMNS FROM `qw_member` [ RunTime:0.0281s ]
SQL: SELECT * FROM `qw_member` WHERE `uid` = 1 LIMIT 1   [ RunTime:0.0274s ]
SQL: SELECT s.id,s.title,s.name,s.tips,s.pid,p.pid as ppid,p.title as ptitle FROM qw_auth_rule s left join qw_auth_rule p on p.id=s.pid where s.name='Setting/setting' [ RunTime:0.0268s ]
SQL: SHOW COLUMNS FROM `qw_auth_rule` [ RunTime:0.0296s ]
SQL: SELECT `id`,`title`,`pid`,`name`,`icon` FROM `qw_auth_rule` WHERE ( islink=1   ) ORDER BY o ASC  [ RunTime:0.0268s ]
SQL: SHOW COLUMNS FROM `qw_setting` [ RunTime:0.0292s ]
SQL: SELECT * FROM `qw_setting` WHERE ( type=1 )  [ RunTime:0.0270s ]
INFO: [ view_parse ] --START--
INFO: [ template_filter ] --START--
INFO: Run Behavior\ContentReplaceBehavior [ RunTime:0.000111s ]
INFO: [ template_filter ] --END-- [ RunTime:0.000175s ]
NOTIC: [8] Undefined variable: list_uri /var/www/school_air_analyze/App/Runtime/Cache/Qwadmin/a24e604402c115d0fd72204f2fa1ae59.php 第 290 行.
INFO: Run Behavior\ParseTemplateBehavior [ RunTime:0.013383s ]
INFO: [ view_parse ] --END-- [ RunTime:0.013414s ]
INFO: [ view_filter ] --START--
INFO: Run Behavior\WriteHtmlCacheBehavior [ RunTime:0.000026s ]
INFO: [ view_filter ] --END-- [ RunTime:0.000048s ]
INFO: [ app_end ] --START--
INFO: Run Behavior\ShowPageTraceBehavior [ RunTime:0.000023s ]
INFO: [ app_end ] --END-- [ RunTime:0.000047s ]

[ 2020-04-01T00:05:20+08:00 ] 192.168.0.104 /qwadmin/menu/index.html
INFO: [ app_init ] --START--
INFO: Run Behavior\BuildLiteBehavior [ RunTime:0.000015s ]
INFO: [ app_init ] --END-- [ RunTime:0.000085s ]
INFO: [ app_begin ] --START--
INFO: Run Behavior\ReadHtmlCacheBehavior [ RunTime:0.000130s ]
INFO: [ app_begin ] --END-- [ RunTime:0.000204s ]
NOTIC: [8] A session had already been started - ignoring session_start() /var/www/school_air_analyze/App/Qwadmin/Controller/ComController.class.php 第 136 行.
SQL: SHOW COLUMNS FROM `qw_member` [ RunTime:0.0269s ]
SQL: SELECT * FROM `qw_member` WHERE `uid` = 1 LIMIT 1   [ RunTime:0.0247s ]
SQL: SELECT * FROM qw_auth_group g left join qw_auth_group_access a on g.id=a.group_id where a.uid=1 [ RunTime:0.0244s ]
SQL: SHOW COLUMNS FROM `qw_member` [ RunTime:0.0284s ]
SQL: SELECT * FROM `qw_member` WHERE `uid` = 1 LIMIT 1   [ RunTime:0.0267s ]
SQL: SELECT s.id,s.title,s.name,s.tips,s.pid,p.pid as ppid,p.title as ptitle FROM qw_auth_rule s left join qw_auth_rule p on p.id=s.pid where s.name='Menu/index' [ RunTime:0.0244s ]
SQL: SHOW COLUMNS FROM `qw_auth_rule` [ RunTime:0.0316s ]
SQL: SELECT `id`,`title`,`pid`,`name`,`icon` FROM `qw_auth_rule` WHERE ( islink=1   ) ORDER BY o ASC  [ RunTime:0.0249s ]
SQL: SELECT COUNT(*) AS tp_count FROM `qw_auth_rule` LIMIT 1   [ RunTime:0.0255s ]
SQL: SELECT * FROM `qw_auth_rule` ORDER BY o asc  [ RunTime:0.0492s ]
INFO: [ view_parse ] --START--
INFO: [ template_filter ] --START--
INFO: Run Behavior\ContentReplaceBehavior [ RunTime:0.000096s ]
INFO: [ template_filter ] --END-- [ RunTime:0.000150s ]
NOTIC: [8] Undefined variable: list_uri /var/www/school_air_analyze/App/Runtime/Cache/Qwadmin/eb4ac1ef728a7e35df7d77a31dc742f3.php 第 290 行.
NOTIC: [8] Undefined variable: page /var/www/school_air_analyze/App/Runtime/Cache/Qwadmin/eb4ac1ef728a7e35df7d77a31dc742f3.php 第 475 行.
INFO: Run Behavior\ParseTemplateBehavior [ RunTime:0.034694s ]
INFO: [ view_parse ] --END-- [ RunTime:0.034866s ]
INFO: [ view_filter ] --START--
INFO: Run Behavior\WriteHtmlCacheBehavior [ RunTime:0.000057s ]
INFO: [ view_filter ] --END-- [ RunTime:0.000093s ]
INFO: [ app_end ] --START--
INFO: Run Behavior\ShowPageTraceBehavior [ RunTime:0.000062s ]
INFO: [ app_end ] --END-- [ RunTime:0.000124s ]

[ 2020-04-01T00:05:25+08:00 ] 192.168.0.104 /qwadmin/index/index.html
INFO: [ app_init ] --START--
INFO: Run Behavior\BuildLiteBehavior [ RunTime:0.000034s ]
INFO: [ app_init ] --END-- [ RunTime:0.000101s ]
INFO: [ app_begin ] --START--
INFO: Run Behavior\ReadHtmlCacheBehavior [ RunTime:0.000036s ]
INFO: [ app_begin ] --END-- [ RunTime:0.000091s ]
NOTIC: [8] A session had already been started - ignoring session_start() /var/www/school_air_analyze/App/Qwadmin/Controller/ComController.class.php 第 136 行.
SQL: SHOW COLUMNS FROM `qw_member` [ RunTime:0.0275s ]
SQL: SELECT * FROM `qw_member` WHERE `uid` = 1 LIMIT 1   [ RunTime:0.0250s ]
SQL: SELECT * FROM qw_auth_group g left join qw_auth_group_access a on g.id=a.group_id where a.uid=1 [ RunTime:0.0241s ]
SQL: SHOW COLUMNS FROM `qw_member` [ RunTime:0.0280s ]
SQL: SELECT * FROM `qw_member` WHERE `uid` = 1 LIMIT 1   [ RunTime:0.0238s ]
SQL: SELECT s.id,s.title,s.name,s.tips,s.pid,p.pid as ppid,p.title as ptitle FROM qw_auth_rule s left join qw_auth_rule p on p.id=s.pid where s.name='Index/index' [ RunTime:0.0255s ]
SQL: SHOW COLUMNS FROM `qw_auth_rule` [ RunTime:0.0271s ]
SQL: SELECT `id`,`title`,`pid`,`name`,`icon` FROM `qw_auth_rule` WHERE ( islink=1   ) ORDER BY o ASC  [ RunTime:0.0262s ]
SQL: select VERSION() as mysql [ RunTime:0.0243s ]
SQL: SHOW COLUMNS FROM `qw_log` [ RunTime:0.0273s ]
SQL: DELETE FROM `qw_log` WHERE ( t < 1580486724 ) [ RunTime:0.0259s ]
SQL: SELECT COUNT(*) AS tp_count FROM `qw_log` LIMIT 1   [ RunTime:0.0246s ]
SQL: SELECT * FROM `qw_log` ORDER BY id desc LIMIT 0,25   [ RunTime:0.0247s ]
INFO: [ view_parse ] --START--
INFO: [ template_filter ] --START--
INFO: Run Behavior\ContentReplaceBehavior [ RunTime:0.000112s ]
INFO: [ template_filter ] --END-- [ RunTime:0.000223s ]
NOTIC: [8] Undefined variable: list_uri /var/www/school_air_analyze/App/Runtime/Cache/Qwadmin/2aa6134a511d985f5099413a11b19042.php 第 290 行.
INFO: Run Behavior\ParseTemplateBehavior [ RunTime:0.554534s ]
INFO: [ view_parse ] --END-- [ RunTime:0.554584s ]
INFO: [ view_filter ] --START--
INFO: Run Behavior\WriteHtmlCacheBehavior [ RunTime:0.000043s ]
INFO: [ view_filter ] --END-- [ RunTime:0.000074s ]
INFO: [ app_end ] --START--
INFO: Run Behavior\ShowPageTraceBehavior [ RunTime:0.000032s ]
INFO: [ app_end ] --END-- [ RunTime:0.000063s ]

[ 2020-04-01T00:05:28+08:00 ] 192.168.0.104 /qwadmin/index/index.html?callback=jQuery21103906524481073088_1585670726093&_=1585670726094
INFO: [ app_init ] --START--
INFO: Run Behavior\BuildLiteBehavior [ RunTime:0.000011s ]
INFO: [ app_init ] --END-- [ RunTime:0.000067s ]
INFO: [ app_begin ] --START--
INFO: Run Behavior\ReadHtmlCacheBehavior [ RunTime:0.000034s ]
INFO: [ app_begin ] --END-- [ RunTime:0.000098s ]
NOTIC: [8] A session had already been started - ignoring session_start() /var/www/school_air_analyze/App/Qwadmin/Controller/ComController.class.php 第 136 行.
SQL: SHOW COLUMNS FROM `qw_member` [ RunTime:0.0257s ]
SQL: SELECT * FROM `qw_member` WHERE `uid` = 1 LIMIT 1   [ RunTime:0.0242s ]
SQL: SELECT * FROM qw_auth_group g left join qw_auth_group_access a on g.id=a.group_id where a.uid=1 [ RunTime:0.0252s ]
SQL: SHOW COLUMNS FROM `qw_member` [ RunTime:0.0272s ]
SQL: SELECT * FROM `qw_member` WHERE `uid` = 1 LIMIT 1   [ RunTime:0.0228s ]
SQL: SELECT s.id,s.title,s.name,s.tips,s.pid,p.pid as ppid,p.title as ptitle FROM qw_auth_rule s left join qw_auth_rule p on p.id=s.pid where s.name='Index/index' [ RunTime:0.0241s ]
SQL: SHOW COLUMNS FROM `qw_auth_rule` [ RunTime:0.0264s ]
SQL: SELECT `id`,`title`,`pid`,`name`,`icon` FROM `qw_auth_rule` WHERE ( islink=1   ) ORDER BY o ASC  [ RunTime:0.0239s ]
SQL: select VERSION() as mysql [ RunTime:0.0246s ]
SQL: SHOW COLUMNS FROM `qw_log` [ RunTime:0.0253s ]
SQL: DELETE FROM `qw_log` WHERE ( t < 1580486725 ) [ RunTime:0.0247s ]
SQL: SELECT COUNT(*) AS tp_count FROM `qw_log` LIMIT 1   [ RunTime:0.0240s ]
SQL: SELECT * FROM `qw_log` ORDER BY id desc LIMIT 0,25   [ RunTime:0.0235s ]
INFO: [ view_parse ] --START--
INFO: [ template_filter ] --START--
INFO: Run Behavior\ContentReplaceBehavior [ RunTime:0.000087s ]
INFO: [ template_filter ] --END-- [ RunTime:0.000133s ]
NOTIC: [8] Undefined variable: list_uri /var/www/school_air_analyze/App/Runtime/Cache/Qwadmin/2aa6134a511d985f5099413a11b19042.php 第 290 行.
INFO: Run Behavior\ParseTemplateBehavior [ RunTime:2.721894s ]
INFO: [ view_parse ] --END-- [ RunTime:2.722012s ]
INFO: [ view_filter ] --START--
INFO: Run Behavior\WriteHtmlCacheBehavior [ RunTime:0.000046s ]
INFO: [ view_filter ] --END-- [ RunTime:0.000146s ]
INFO: [ app_end ] --START--
INFO: Run Behavior\ShowPageTraceBehavior [ RunTime:0.000034s ]
INFO: [ app_end ] --END-- [ RunTime:0.000082s ]

[ 2020-04-01T00:05:29+08:00 ] 192.168.0.104 /qwadmin/school/index.html
INFO: [ app_init ] --START--
INFO: Run Behavior\BuildLiteBehavior [ RunTime:0.000011s ]
INFO: [ app_init ] --END-- [ RunTime:0.000067s ]
INFO: [ app_begin ] --START--
INFO: Run Behavior\ReadHtmlCacheBehavior [ RunTime:0.000062s ]
INFO: [ app_begin ] --END-- [ RunTime:0.000717s ]
NOTIC: [8] A session had already been started - ignoring session_start() /var/www/school_air_analyze/App/Qwadmin/Controller/ComController.class.php 第 136 行.
SQL: SHOW COLUMNS FROM `qw_member` [ RunTime:0.0302s ]
SQL: SELECT * FROM `qw_member` WHERE `uid` = 1 LIMIT 1   [ RunTime:0.0286s ]
SQL: SELECT * FROM qw_auth_group g left join qw_auth_group_access a on g.id=a.group_id where a.uid=1 [ RunTime:0.0292s ]
SQL: SHOW COLUMNS FROM `qw_member` [ RunTime:0.0311s ]
SQL: SELECT * FROM `qw_member` WHERE `uid` = 1 LIMIT 1   [ RunTime:0.0266s ]
SQL: SELECT s.id,s.title,s.name,s.tips,s.pid,p.pid as ppid,p.title as ptitle FROM qw_auth_rule s left join qw_auth_rule p on p.id=s.pid where s.name='School/index' [ RunTime:0.0281s ]
SQL: SHOW COLUMNS FROM `qw_auth_rule` [ RunTime:0.0289s ]
SQL: SELECT `id`,`title`,`pid`,`name`,`icon` FROM `qw_auth_rule` WHERE ( islink=1   ) ORDER BY o ASC  [ RunTime:0.0284s ]
SQL: SHOW COLUMNS FROM `qw_school` [ RunTime:0.0291s ]
SQL: SELECT COUNT(*) AS tp_count FROM `qw_school` LIMIT 1   [ RunTime:0.0268s ]
SQL: SELECT * FROM `qw_school` ORDER BY id asc LIMIT 0,10   [ RunTime:0.0288s ]
INFO: [ view_parse ] --START--
INFO: [ template_filter ] --START--
INFO: Run Behavior\ContentReplaceBehavior [ RunTime:0.000050s ]
INFO: [ template_filter ] --END-- [ RunTime:0.000099s ]
NOTIC: [8] Undefined variable: list_uri /var/www/school_air_analyze/App/Runtime/Cache/Qwadmin/e694eee4feff6ceabcd186048cd9b14c.php 第 309 行.
NOTIC: [8] Use of undefined constant name - assumed 'name' /var/www/school_air_analyze/App/Runtime/Cache/Qwadmin/e694eee4feff6ceabcd186048cd9b14c.php 第 417 行.
NOTIC: [8] Use of undefined constant city - assumed 'city' /var/www/school_air_analyze/App/Runtime/Cache/Qwadmin/e694eee4feff6ceabcd186048cd9b14c.php 第 418 行.
NOTIC: [8] Use of undefined constant region - assumed 'region' /var/www/school_air_analyze/App/Runtime/Cache/Qwadmin/e694eee4feff6ceabcd186048cd9b14c.php 第 419 行.
NOTIC: [8] Use of undefined constant keyword - assumed 'keyword' /var/www/school_air_analyze/App/Runtime/Cache/Qwadmin/e694eee4feff6ceabcd186048cd9b14c.php 第 421 行.
NOTIC: [8] Use of undefined constant asc - assumed 'asc' /var/www/school_air_analyze/App/Runtime/Cache/Qwadmin/e694eee4feff6ceabcd186048cd9b14c.php 第 424 行.
NOTIC: [8] Use of undefined constant desc - assumed 'desc' /var/www/school_air_analyze/App/Runtime/Cache/Qwadmin/e694eee4feff6ceabcd186048cd9b14c.php 第 425 行.
INFO: Run Behavior\ParseTemplateBehavior [ RunTime:0.017172s ]
INFO: [ view_parse ] --END-- [ RunTime:0.017219s ]
INFO: [ view_filter ] --START--
INFO: Run Behavior\WriteHtmlCacheBehavior [ RunTime:0.000036s ]
INFO: [ view_filter ] --END-- [ RunTime:0.000069s ]
INFO: [ app_end ] --START--
INFO: Run Behavior\ShowPageTraceBehavior [ RunTime:0.000044s ]
INFO: [ app_end ] --END-- [ RunTime:0.000079s ]

[ 2020-04-01T00:17:44+08:00 ] 192.168.0.104 /qwadmin/school/index.html
INFO: [ app_init ] --START--
INFO: Run Behavior\BuildLiteBehavior [ RunTime:0.000013s ]
INFO: [ app_init ] --END-- [ RunTime:0.000072s ]
INFO: [ app_begin ] --START--
INFO: Run Behavior\ReadHtmlCacheBehavior [ RunTime:0.000032s ]
INFO: [ app_begin ] --END-- [ RunTime:0.000057s ]
NOTIC: [8] A session had already been started - ignoring session_start() /var/www/school_air_analyze/App/Qwadmin/Controller/ComController.class.php 第 136 行.

[ 2020-04-01T00:17:44+08:00 ] 192.168.0.104 /qwadmin/login/index.html
INFO: [ app_init ] --START--
INFO: Run Behavior\BuildLiteBehavior [ RunTime:0.000011s ]
INFO: [ app_init ] --END-- [ RunTime:0.000054s ]
INFO: [ app_begin ] --START--
INFO: Run Behavior\ReadHtmlCacheBehavior [ RunTime:0.000029s ]
INFO: [ app_begin ] --END-- [ RunTime:0.000102s ]
NOTIC: [8] A session had already been started - ignoring session_start() /var/www/school_air_analyze/App/Qwadmin/Controller/ComController.class.php 第 136 行.
INFO: [ view_parse ] --START--
INFO: [ template_filter ] --START--
INFO: Run Behavior\ContentReplaceBehavior [ RunTime:0.000044s ]
INFO: [ template_filter ] --END-- [ RunTime:0.000093s ]
NOTIC: [8] Undefined variable: current /var/www/school_air_analyze/App/Runtime/Cache/Qwadmin/3ec037c4eac547117970073708a020a7.php 第 6 行.
INFO: Run Behavior\ParseTemplateBehavior [ RunTime:0.003276s ]
INFO: [ view_parse ] --END-- [ RunTime:0.003310s ]
INFO: [ view_filter ] --START--
INFO: Run Behavior\WriteHtmlCacheBehavior [ RunTime:0.000036s ]
INFO: [ view_filter ] --END-- [ RunTime:0.000065s ]
INFO: [ app_end ] --START--
INFO: Run Behavior\ShowPageTraceBehavior [ RunTime:0.000083s ]
INFO: [ app_end ] --END-- [ RunTime:0.000118s ]

[ 2020-04-01T00:17:44+08:00 ] 192.168.0.104 /qwadmin/login/verify.html
INFO: [ app_init ] --START--
INFO: Run Behavior\BuildLiteBehavior [ RunTime:0.000012s ]
INFO: [ app_init ] --END-- [ RunTime:0.000073s ]
INFO: [ app_begin ] --START--
INFO: Run Behavior\ReadHtmlCacheBehavior [ RunTime:0.000041s ]
INFO: [ app_begin ] --END-- [ RunTime:0.000089s ]
INFO: [ app_end ] --START--
INFO: Run Behavior\ShowPageTraceBehavior [ RunTime:0.000093s ]
INFO: [ app_end ] --END-- [ RunTime:0.000148s ]

