[ 2020-03-17T23:06:08+08:00 ] 192.168.0.107 /qwadmin
INFO: [ app_init ] --START--
INFO: Run Behavior\BuildLiteBehavior [ RunTime:0.000012s ]
INFO: [ app_init ] --END-- [ RunTime:0.000505s ]
INFO: [ app_begin ] --START--
INFO: Run Behavior\ReadHtmlCacheBehavior [ RunTime:0.000460s ]
INFO: [ app_begin ] --END-- [ RunTime:0.000486s ]
NOTIC: [8] A session had already been started - ignoring session_start() /var/www/school_air_analyze/App/Qwadmin/Controller/ComController.class.php 第 136 行.

[ 2020-03-17T23:06:08+08:00 ] 192.168.0.107 /qwadmin/login/index.html
INFO: [ app_init ] --START--
INFO: Run Behavior\BuildLiteBehavior [ RunTime:0.000011s ]
INFO: [ app_init ] --END-- [ RunTime:0.000084s ]
INFO: [ app_begin ] --START--
INFO: Run Behavior\ReadHtmlCacheBehavior [ RunTime:0.000027s ]
INFO: [ app_begin ] --END-- [ RunTime:0.000054s ]
NOTIC: [8] A session had already been started - ignoring session_start() /var/www/school_air_analyze/App/Qwadmin/Controller/ComController.class.php 第 136 行.
INFO: [ view_parse ] --START--
INFO: [ template_filter ] --START--
INFO: Run Behavior\ContentReplaceBehavior [ RunTime:0.000031s ]
INFO: [ template_filter ] --END-- [ RunTime:0.000088s ]
NOTIC: [8] Undefined variable: current /var/www/school_air_analyze/App/Runtime/Cache/Qwadmin/3ec037c4eac547117970073708a020a7.php 第 6 行.
INFO: Run Behavior\ParseTemplateBehavior [ RunTime:0.006438s ]
INFO: [ view_parse ] --END-- [ RunTime:0.006466s ]
INFO: [ view_filter ] --START--
INFO: Run Behavior\WriteHtmlCacheBehavior [ RunTime:0.000421s ]
INFO: [ view_filter ] --END-- [ RunTime:0.000449s ]
INFO: [ app_end ] --START--
INFO: Run Behavior\ShowPageTraceBehavior [ RunTime:0.000604s ]
INFO: [ app_end ] --END-- [ RunTime:0.000629s ]

[ 2020-03-17T23:06:09+08:00 ] 192.168.0.107 /qwadmin/login/verify.html
INFO: [ app_init ] --START--
INFO: Run Behavior\BuildLiteBehavior [ RunTime:0.000012s ]
INFO: [ app_init ] --END-- [ RunTime:0.000071s ]
INFO: [ app_begin ] --START--
INFO: Run Behavior\ReadHtmlCacheBehavior [ RunTime:0.000030s ]
INFO: [ app_begin ] --END-- [ RunTime:0.000063s ]
INFO: [ app_end ] --START--
INFO: Run Behavior\ShowPageTraceBehavior [ RunTime:0.000063s ]
INFO: [ app_end ] --END-- [ RunTime:0.000116s ]

[ 2020-03-17T23:06:17+08:00 ] 192.168.0.107 /qwadmin/login/login.html
INFO: [ app_init ] --START--
INFO: Run Behavior\BuildLiteBehavior [ RunTime:0.000008s ]
INFO: [ app_init ] --END-- [ RunTime:0.000055s ]
INFO: [ app_begin ] --START--
INFO: Run Behavior\ReadHtmlCacheBehavior [ RunTime:0.000024s ]
INFO: [ app_begin ] --END-- [ RunTime:0.000063s ]
SQL: SHOW COLUMNS FROM `qw_member` [ RunTime:0.0291s ]
SQL: SELECT `uid`,`user` FROM `qw_member` WHERE `user` = 'admin' AND `password` = '0fa5933c7d220e1334ba99d6f751074c' LIMIT 1   [ RunTime:0.0322s ]
NOTIC: [8] A session had already been started - ignoring session_start() /var/www/school_air_analyze/App/Qwadmin/Controller/LoginController.class.php 第 51 行.
SQL: SHOW COLUMNS FROM `qw_log` [ RunTime:0.0264s ]
NOTIC: [8] A session had already been started - ignoring session_start() /var/www/school_air_analyze/App/Qwadmin/Common/function.php 第 12 行.
SQL: SHOW COLUMNS FROM `qw_member` [ RunTime:0.0293s ]
SQL: SELECT `user` FROM `qw_member` WHERE `uid` = 1 LIMIT 1   [ RunTime:0.0252s ]
SQL: INSERT INTO `qw_log` (`name`,`t`,`ip`,`log`) VALUES ('admin','1584457577','192.168.0.107','登录成功。') [ RunTime:0.0273s ]

[ 2020-03-17T23:06:19+08:00 ] 192.168.0.107 /qwadmin/index/index.html
INFO: [ app_init ] --START--
INFO: Run Behavior\BuildLiteBehavior [ RunTime:0.000006s ]
INFO: [ app_init ] --END-- [ RunTime:0.000038s ]
INFO: [ app_begin ] --START--
INFO: Run Behavior\ReadHtmlCacheBehavior [ RunTime:0.000014s ]
INFO: [ app_begin ] --END-- [ RunTime:0.000038s ]
NOTIC: [8] A session had already been started - ignoring session_start() /var/www/school_air_analyze/App/Qwadmin/Controller/ComController.class.php 第 136 行.
SQL: SHOW COLUMNS FROM `qw_member` [ RunTime:0.0305s ]
SQL: SELECT * FROM `qw_member` WHERE `uid` = 1 LIMIT 1   [ RunTime:0.0291s ]
SQL: SELECT * FROM qw_auth_group g left join qw_auth_group_access a on g.id=a.group_id where a.uid=1 [ RunTime:0.0269s ]
SQL: SHOW COLUMNS FROM `qw_member` [ RunTime:0.0302s ]
SQL: SELECT * FROM `qw_member` WHERE `uid` = 1 LIMIT 1   [ RunTime:0.0268s ]
SQL: SELECT s.id,s.title,s.name,s.tips,s.pid,p.pid as ppid,p.title as ptitle FROM qw_auth_rule s left join qw_auth_rule p on p.id=s.pid where s.name='Index/index' [ RunTime:0.0282s ]
SQL: SHOW COLUMNS FROM `qw_auth_rule` [ RunTime:0.0304s ]
SQL: SELECT `id`,`title`,`pid`,`name`,`icon` FROM `qw_auth_rule` WHERE ( islink=1   ) ORDER BY o ASC  [ RunTime:0.0270s ]
SQL: select VERSION() as mysql [ RunTime:0.0265s ]
SQL: SHOW COLUMNS FROM `qw_log` [ RunTime:0.0309s ]
SQL: DELETE FROM `qw_log` WHERE ( t < 1579273577 ) [ RunTime:0.0286s ]
SQL: SELECT COUNT(*) AS tp_count FROM `qw_log` LIMIT 1   [ RunTime:0.0272s ]
SQL: SELECT * FROM `qw_log` ORDER BY id desc LIMIT 0,25   [ RunTime:0.0285s ]
INFO: [ view_parse ] --START--
INFO: [ template_filter ] --START--
INFO: Run Behavior\ContentReplaceBehavior [ RunTime:0.000062s ]
INFO: [ template_filter ] --END-- [ RunTime:0.000095s ]
NOTIC: [8] Undefined variable: list_uri /var/www/school_air_analyze/App/Runtime/Cache/Qwadmin/2aa6134a511d985f5099413a11b19042.php 第 290 行.
INFO: Run Behavior\ParseTemplateBehavior [ RunTime:1.546556s ]
INFO: [ view_parse ] --END-- [ RunTime:1.546591s ]
INFO: [ view_filter ] --START--
INFO: Run Behavior\WriteHtmlCacheBehavior [ RunTime:0.000030s ]
INFO: [ view_filter ] --END-- [ RunTime:0.000044s ]

[ 2020-03-17T23:06:19+08:00 ] 192.168.0.107 /qwadmin/login/login.html
INFO: [ app_init ] --START--
INFO: Run Behavior\BuildLiteBehavior [ RunTime:0.000007s ]
INFO: [ app_init ] --END-- [ RunTime:0.000039s ]
INFO: [ app_begin ] --START--
INFO: Run Behavior\ReadHtmlCacheBehavior [ RunTime:0.000013s ]
INFO: [ app_begin ] --END-- [ RunTime:0.000030s ]
INFO: [ view_parse ] --START--
INFO: [ template_filter ] --START--
INFO: Run Behavior\ContentReplaceBehavior [ RunTime:0.000016s ]
INFO: [ template_filter ] --END-- [ RunTime:0.000045s ]
INFO: Run Behavior\ParseTemplateBehavior [ RunTime:0.007343s ]
INFO: [ view_parse ] --END-- [ RunTime:0.007387s ]
INFO: [ view_filter ] --START--
INFO: Run Behavior\WriteHtmlCacheBehavior [ RunTime:0.000021s ]
INFO: [ view_filter ] --END-- [ RunTime:0.000034s ]

[ 2020-03-17T23:06:22+08:00 ] 192.168.0.107 /qwadmin/login/index.html
INFO: [ app_init ] --START--
INFO: Run Behavior\BuildLiteBehavior [ RunTime:0.000016s ]
INFO: [ app_init ] --END-- [ RunTime:0.000127s ]
INFO: [ app_begin ] --START--
INFO: Run Behavior\ReadHtmlCacheBehavior [ RunTime:0.000043s ]
INFO: [ app_begin ] --END-- [ RunTime:0.000085s ]
NOTIC: [8] A session had already been started - ignoring session_start() /var/www/school_air_analyze/App/Qwadmin/Controller/ComController.class.php 第 136 行.
SQL: SHOW COLUMNS FROM `qw_member` [ RunTime:0.0279s ]
SQL: SELECT * FROM `qw_member` WHERE `uid` = 1 LIMIT 1   [ RunTime:0.0254s ]
INFO: [ view_parse ] --START--
INFO: [ template_filter ] --START--
INFO: Run Behavior\ContentReplaceBehavior [ RunTime:0.000016s ]
INFO: [ template_filter ] --END-- [ RunTime:0.000039s ]
INFO: Run Behavior\ParseTemplateBehavior [ RunTime:0.000892s ]
INFO: [ view_parse ] --END-- [ RunTime:0.000917s ]
INFO: [ view_filter ] --START--
INFO: Run Behavior\WriteHtmlCacheBehavior [ RunTime:0.000020s ]
INFO: [ view_filter ] --END-- [ RunTime:0.000035s ]

[ 2020-03-17T23:06:27+08:00 ] 192.168.0.107 /qwadmin/index/index.html
INFO: [ app_init ] --START--
INFO: Run Behavior\BuildLiteBehavior [ RunTime:0.000006s ]
INFO: [ app_init ] --END-- [ RunTime:0.000038s ]
INFO: [ app_begin ] --START--
INFO: Run Behavior\ReadHtmlCacheBehavior [ RunTime:0.000023s ]
INFO: [ app_begin ] --END-- [ RunTime:0.000050s ]
NOTIC: [8] A session had already been started - ignoring session_start() /var/www/school_air_analyze/App/Qwadmin/Controller/ComController.class.php 第 136 行.
SQL: SHOW COLUMNS FROM `qw_member` [ RunTime:0.0280s ]
SQL: SELECT * FROM `qw_member` WHERE `uid` = 1 LIMIT 1   [ RunTime:0.0253s ]
SQL: SELECT * FROM qw_auth_group g left join qw_auth_group_access a on g.id=a.group_id where a.uid=1 [ RunTime:0.0278s ]
SQL: SHOW COLUMNS FROM `qw_member` [ RunTime:0.0275s ]
SQL: SELECT * FROM `qw_member` WHERE `uid` = 1 LIMIT 1   [ RunTime:0.0256s ]
SQL: SELECT s.id,s.title,s.name,s.tips,s.pid,p.pid as ppid,p.title as ptitle FROM qw_auth_rule s left join qw_auth_rule p on p.id=s.pid where s.name='Index/index' [ RunTime:0.0255s ]
SQL: SHOW COLUMNS FROM `qw_auth_rule` [ RunTime:0.0273s ]
SQL: SELECT `id`,`title`,`pid`,`name`,`icon` FROM `qw_auth_rule` WHERE ( islink=1   ) ORDER BY o ASC  [ RunTime:0.0252s ]
SQL: select VERSION() as mysql [ RunTime:0.0251s ]
SQL: SHOW COLUMNS FROM `qw_log` [ RunTime:0.0300s ]
SQL: DELETE FROM `qw_log` WHERE ( t < 1579273586 ) [ RunTime:0.0245s ]
SQL: SELECT COUNT(*) AS tp_count FROM `qw_log` LIMIT 1   [ RunTime:0.0257s ]
SQL: SELECT * FROM `qw_log` ORDER BY id desc LIMIT 0,25   [ RunTime:0.0267s ]
INFO: [ view_parse ] --START--
INFO: [ template_filter ] --START--
INFO: Run Behavior\ContentReplaceBehavior [ RunTime:0.000052s ]
INFO: [ template_filter ] --END-- [ RunTime:0.000086s ]
NOTIC: [8] Undefined variable: list_uri /var/www/school_air_analyze/App/Runtime/Cache/Qwadmin/2aa6134a511d985f5099413a11b19042.php 第 290 行.
INFO: Run Behavior\ParseTemplateBehavior [ RunTime:1.072322s ]
INFO: [ view_parse ] --END-- [ RunTime:1.072364s ]
INFO: [ view_filter ] --START--
INFO: Run Behavior\WriteHtmlCacheBehavior [ RunTime:0.000029s ]
INFO: [ view_filter ] --END-- [ RunTime:0.000043s ]
INFO: [ app_end ] --START--
INFO: Run Behavior\ShowPageTraceBehavior [ RunTime:0.000019s ]
INFO: [ app_end ] --END-- [ RunTime:0.000032s ]

[ 2020-03-17T23:06:29+08:00 ] 192.168.0.107 /qwadmin/index/index.html?callback=jQuery211034499663617133725_1584457586802&_=1584457586803
INFO: [ app_init ] --START--
INFO: Run Behavior\BuildLiteBehavior [ RunTime:0.000007s ]
INFO: [ app_init ] --END-- [ RunTime:0.000039s ]
INFO: [ app_begin ] --START--
INFO: Run Behavior\ReadHtmlCacheBehavior [ RunTime:0.000023s ]
INFO: [ app_begin ] --END-- [ RunTime:0.000061s ]
NOTIC: [8] A session had already been started - ignoring session_start() /var/www/school_air_analyze/App/Qwadmin/Controller/ComController.class.php 第 136 行.
SQL: SHOW COLUMNS FROM `qw_member` [ RunTime:0.0294s ]
SQL: SELECT * FROM `qw_member` WHERE `uid` = 1 LIMIT 1   [ RunTime:0.0247s ]
SQL: SELECT * FROM qw_auth_group g left join qw_auth_group_access a on g.id=a.group_id where a.uid=1 [ RunTime:0.0253s ]
SQL: SHOW COLUMNS FROM `qw_member` [ RunTime:0.0284s ]
SQL: SELECT * FROM `qw_member` WHERE `uid` = 1 LIMIT 1   [ RunTime:0.0242s ]
SQL: SELECT s.id,s.title,s.name,s.tips,s.pid,p.pid as ppid,p.title as ptitle FROM qw_auth_rule s left join qw_auth_rule p on p.id=s.pid where s.name='Index/index' [ RunTime:0.0247s ]
SQL: SHOW COLUMNS FROM `qw_auth_rule` [ RunTime:0.0273s ]
SQL: SELECT `id`,`title`,`pid`,`name`,`icon` FROM `qw_auth_rule` WHERE ( islink=1   ) ORDER BY o ASC  [ RunTime:0.0307s ]
SQL: select VERSION() as mysql [ RunTime:0.0233s ]
SQL: SHOW COLUMNS FROM `qw_log` [ RunTime:0.0268s ]
SQL: DELETE FROM `qw_log` WHERE ( t < 1579273587 ) [ RunTime:0.0260s ]
SQL: SELECT COUNT(*) AS tp_count FROM `qw_log` LIMIT 1   [ RunTime:0.0244s ]
SQL: SELECT * FROM `qw_log` ORDER BY id desc LIMIT 0,25   [ RunTime:0.0255s ]
INFO: [ view_parse ] --START--
INFO: [ template_filter ] --START--
INFO: Run Behavior\ContentReplaceBehavior [ RunTime:0.000140s ]
INFO: [ template_filter ] --END-- [ RunTime:0.000180s ]
NOTIC: [8] Undefined variable: list_uri /var/www/school_air_analyze/App/Runtime/Cache/Qwadmin/2aa6134a511d985f5099413a11b19042.php 第 290 行.
INFO: Run Behavior\ParseTemplateBehavior [ RunTime:2.088647s ]
INFO: [ view_parse ] --END-- [ RunTime:2.088680s ]
INFO: [ view_filter ] --START--
INFO: Run Behavior\WriteHtmlCacheBehavior [ RunTime:0.000031s ]
INFO: [ view_filter ] --END-- [ RunTime:0.000045s ]
INFO: [ app_end ] --START--
INFO: Run Behavior\ShowPageTraceBehavior [ RunTime:0.000017s ]
INFO: [ app_end ] --END-- [ RunTime:0.000030s ]

[ 2020-03-17T23:06:30+08:00 ] 192.168.0.107 /qwadmin/school/index.html
INFO: [ app_init ] --START--
INFO: Run Behavior\BuildLiteBehavior [ RunTime:0.000010s ]
INFO: [ app_init ] --END-- [ RunTime:0.000061s ]
INFO: [ app_begin ] --START--
INFO: Run Behavior\ReadHtmlCacheBehavior [ RunTime:0.000036s ]
INFO: [ app_begin ] --END-- [ RunTime:0.000141s ]
NOTIC: [8] A session had already been started - ignoring session_start() /var/www/school_air_analyze/App/Qwadmin/Controller/ComController.class.php 第 136 行.
SQL: SHOW COLUMNS FROM `qw_member` [ RunTime:0.0261s ]
SQL: SELECT * FROM `qw_member` WHERE `uid` = 1 LIMIT 1   [ RunTime:0.0255s ]
SQL: SELECT * FROM qw_auth_group g left join qw_auth_group_access a on g.id=a.group_id where a.uid=1 [ RunTime:0.0245s ]
SQL: SHOW COLUMNS FROM `qw_member` [ RunTime:0.0303s ]
SQL: SELECT * FROM `qw_member` WHERE `uid` = 1 LIMIT 1   [ RunTime:0.0240s ]
SQL: SELECT s.id,s.title,s.name,s.tips,s.pid,p.pid as ppid,p.title as ptitle FROM qw_auth_rule s left join qw_auth_rule p on p.id=s.pid where s.name='School/index' [ RunTime:0.0241s ]
SQL: SHOW COLUMNS FROM `qw_auth_rule` [ RunTime:0.0275s ]
SQL: SELECT `id`,`title`,`pid`,`name`,`icon` FROM `qw_auth_rule` WHERE ( islink=1   ) ORDER BY o ASC  [ RunTime:0.0237s ]
SQL: SHOW COLUMNS FROM `qw_school` [ RunTime:0.0282s ]
SQL: SELECT COUNT(*) AS tp_count FROM `qw_school` LIMIT 1   [ RunTime:0.0233s ]
SQL: SELECT * FROM `qw_school` ORDER BY id asc LIMIT 0,10   [ RunTime:0.0248s ]
INFO: [ view_parse ] --START--
INFO: [ template_filter ] --START--
INFO: Run Behavior\ContentReplaceBehavior [ RunTime:0.000044s ]
INFO: [ template_filter ] --END-- [ RunTime:0.000072s ]
NOTIC: [8] Undefined variable: list_uri /var/www/school_air_analyze/App/Runtime/Cache/Qwadmin/e694eee4feff6ceabcd186048cd9b14c.php 第 309 行.
NOTIC: [8] Use of undefined constant name - assumed 'name' /var/www/school_air_analyze/App/Runtime/Cache/Qwadmin/e694eee4feff6ceabcd186048cd9b14c.php 第 417 行.
NOTIC: [8] Use of undefined constant city - assumed 'city' /var/www/school_air_analyze/App/Runtime/Cache/Qwadmin/e694eee4feff6ceabcd186048cd9b14c.php 第 418 行.
NOTIC: [8] Use of undefined constant region - assumed 'region' /var/www/school_air_analyze/App/Runtime/Cache/Qwadmin/e694eee4feff6ceabcd186048cd9b14c.php 第 419 行.
NOTIC: [8] Use of undefined constant keyword - assumed 'keyword' /var/www/school_air_analyze/App/Runtime/Cache/Qwadmin/e694eee4feff6ceabcd186048cd9b14c.php 第 421 行.
NOTIC: [8] Use of undefined constant asc - assumed 'asc' /var/www/school_air_analyze/App/Runtime/Cache/Qwadmin/e694eee4feff6ceabcd186048cd9b14c.php 第 424 行.
NOTIC: [8] Use of undefined constant desc - assumed 'desc' /var/www/school_air_analyze/App/Runtime/Cache/Qwadmin/e694eee4feff6ceabcd186048cd9b14c.php 第 425 行.
INFO: Run Behavior\ParseTemplateBehavior [ RunTime:0.012535s ]
INFO: [ view_parse ] --END-- [ RunTime:0.012562s ]
INFO: [ view_filter ] --START--
INFO: Run Behavior\WriteHtmlCacheBehavior [ RunTime:0.000019s ]
INFO: [ view_filter ] --END-- [ RunTime:0.000033s ]
INFO: [ app_end ] --START--
INFO: Run Behavior\ShowPageTraceBehavior [ RunTime:0.000025s ]
INFO: [ app_end ] --END-- [ RunTime:0.000042s ]

[ 2020-03-17T23:06:32+08:00 ] 192.168.0.107 /qwadmin/school/add.html
INFO: [ app_init ] --START--
INFO: Run Behavior\BuildLiteBehavior [ RunTime:0.000011s ]
INFO: [ app_init ] --END-- [ RunTime:0.000066s ]
INFO: [ app_begin ] --START--
INFO: Run Behavior\ReadHtmlCacheBehavior [ RunTime:0.000027s ]
INFO: [ app_begin ] --END-- [ RunTime:0.000053s ]
NOTIC: [8] A session had already been started - ignoring session_start() /var/www/school_air_analyze/App/Qwadmin/Controller/ComController.class.php 第 136 行.
SQL: SHOW COLUMNS FROM `qw_member` [ RunTime:0.0268s ]
SQL: SELECT * FROM `qw_member` WHERE `uid` = 1 LIMIT 1   [ RunTime:0.0254s ]
SQL: SELECT * FROM qw_auth_group g left join qw_auth_group_access a on g.id=a.group_id where a.uid=1 [ RunTime:0.0248s ]
SQL: SHOW COLUMNS FROM `qw_member` [ RunTime:0.0278s ]
SQL: SELECT * FROM `qw_member` WHERE `uid` = 1 LIMIT 1   [ RunTime:0.0253s ]
SQL: SELECT s.id,s.title,s.name,s.tips,s.pid,p.pid as ppid,p.title as ptitle FROM qw_auth_rule s left join qw_auth_rule p on p.id=s.pid where s.name='School/index' [ RunTime:0.0242s ]
SQL: SHOW COLUMNS FROM `qw_auth_rule` [ RunTime:0.0280s ]
SQL: SELECT `id`,`title`,`pid`,`name`,`icon` FROM `qw_auth_rule` WHERE ( islink=1   ) ORDER BY o ASC  [ RunTime:0.0251s ]
INFO: [ view_parse ] --START--
INFO: [ template_filter ] --START--
INFO: Run Behavior\ContentReplaceBehavior [ RunTime:0.000047s ]
INFO: [ template_filter ] --END-- [ RunTime:0.000076s ]
NOTIC: [8] Undefined variable: list_uri /var/www/school_air_analyze/App/Runtime/Cache/Qwadmin/0a0fb9bfb5746117eb18dee4768083de.php 第 290 行.
NOTIC: [8] Undefined variable: item /var/www/school_air_analyze/App/Runtime/Cache/Qwadmin/0a0fb9bfb5746117eb18dee4768083de.php 第 400 行.
NOTIC: [8] Undefined variable: item /var/www/school_air_analyze/App/Runtime/Cache/Qwadmin/0a0fb9bfb5746117eb18dee4768083de.php 第 448 行.
INFO: Run Behavior\ParseTemplateBehavior [ RunTime:0.005749s ]
INFO: [ view_parse ] --END-- [ RunTime:0.005771s ]
INFO: [ view_filter ] --START--
INFO: Run Behavior\WriteHtmlCacheBehavior [ RunTime:0.000022s ]
INFO: [ view_filter ] --END-- [ RunTime:0.000035s ]
INFO: [ app_end ] --START--
INFO: Run Behavior\ShowPageTraceBehavior [ RunTime:0.000020s ]
INFO: [ app_end ] --END-- [ RunTime:0.000037s ]

