[ 2020-03-14T01:14:52+08:00 ] 192.168.0.104 /qwadmin
INFO: [ app_init ] --START--
INFO: Run Behavior\BuildLiteBehavior [ RunTime:0.000014s ]
INFO: [ app_init ] --END-- [ RunTime:0.000084s ]
INFO: [ app_begin ] --START--
INFO: Run Behavior\ReadHtmlCacheBehavior [ RunTime:0.000045s ]
INFO: [ app_begin ] --END-- [ RunTime:0.000092s ]
NOTIC: [8] A session had already been started - ignoring session_start() /var/www/school_air_analyze/App/Qwadmin/Controller/ComController.class.php 第 136 行.

[ 2020-03-14T01:14:52+08:00 ] 192.168.0.104 /qwadmin/login/index.html
INFO: [ app_init ] --START--
INFO: Run Behavior\BuildLiteBehavior [ RunTime:0.000008s ]
INFO: [ app_init ] --END-- [ RunTime:0.000046s ]
INFO: [ app_begin ] --START--
INFO: Run Behavior\ReadHtmlCacheBehavior [ RunTime:0.000030s ]
INFO: [ app_begin ] --END-- [ RunTime:0.000057s ]
NOTIC: [8] A session had already been started - ignoring session_start() /var/www/school_air_analyze/App/Qwadmin/Controller/ComController.class.php 第 136 行.
INFO: [ view_parse ] --START--
INFO: [ template_filter ] --START--
INFO: Run Behavior\ContentReplaceBehavior [ RunTime:0.000032s ]
INFO: [ template_filter ] --END-- [ RunTime:0.000063s ]
NOTIC: [8] Undefined variable: current /var/www/school_air_analyze/App/Runtime/Cache/Qwadmin/3ec037c4eac547117970073708a020a7.php 第 6 行.
INFO: Run Behavior\ParseTemplateBehavior [ RunTime:0.002902s ]
INFO: [ view_parse ] --END-- [ RunTime:0.002938s ]
INFO: [ view_filter ] --START--
INFO: Run Behavior\WriteHtmlCacheBehavior [ RunTime:0.000034s ]
INFO: [ view_filter ] --END-- [ RunTime:0.000052s ]
INFO: [ app_end ] --START--
INFO: Run Behavior\ShowPageTraceBehavior [ RunTime:0.000000s ]
INFO: [ app_end ] --END-- [ RunTime:0.000354s ]

[ 2020-03-14T01:14:52+08:00 ] 192.168.0.104 /qwadmin/login/verify.html
INFO: [ app_init ] --START--
INFO: Run Behavior\BuildLiteBehavior [ RunTime:0.000016s ]
INFO: [ app_init ] --END-- [ RunTime:0.000095s ]
INFO: [ app_begin ] --START--
INFO: Run Behavior\ReadHtmlCacheBehavior [ RunTime:0.000026s ]
INFO: [ app_begin ] --END-- [ RunTime:0.000051s ]
INFO: [ app_end ] --START--
INFO: Run Behavior\ShowPageTraceBehavior [ RunTime:0.000095s ]
INFO: [ app_end ] --END-- [ RunTime:0.000158s ]

[ 2020-03-14T01:15:03+08:00 ] 192.168.0.104 /qwadmin/login/login.html
INFO: [ app_init ] --START--
INFO: Run Behavior\BuildLiteBehavior [ RunTime:0.000010s ]
INFO: [ app_init ] --END-- [ RunTime:0.000068s ]
INFO: [ app_begin ] --START--
INFO: Run Behavior\ReadHtmlCacheBehavior [ RunTime:0.000035s ]
INFO: [ app_begin ] --END-- [ RunTime:0.000071s ]
SQL: SHOW COLUMNS FROM `qw_member` [ RunTime:0.0305s ]
SQL: SELECT `uid`,`user` FROM `qw_member` WHERE `user` = 'admin' AND `password` = '36868f2f58d2ab890d352ace75b8184b' LIMIT 1   [ RunTime:0.0265s ]
SQL: SHOW COLUMNS FROM `qw_log` [ RunTime:0.0289s ]
SQL: INSERT INTO `qw_log` (`name`,`t`,`ip`,`log`) VALUES ('admin','1584119703','192.168.0.104','登录失败。') [ RunTime:0.0276s ]
INFO: [ view_parse ] --START--
INFO: [ template_filter ] --START--
INFO: Run Behavior\ContentReplaceBehavior [ RunTime:0.000037s ]
INFO: [ template_filter ] --END-- [ RunTime:0.000098s ]
INFO: Run Behavior\ParseTemplateBehavior [ RunTime:0.003377s ]
INFO: [ view_parse ] --END-- [ RunTime:0.003456s ]
INFO: [ view_filter ] --START--
INFO: Run Behavior\WriteHtmlCacheBehavior [ RunTime:0.000050s ]
INFO: [ view_filter ] --END-- [ RunTime:0.000085s ]

[ 2020-03-14T01:15:06+08:00 ] 192.168.0.104 /qwadmin/login/index.html
INFO: [ app_init ] --START--
INFO: Run Behavior\BuildLiteBehavior [ RunTime:0.000012s ]
INFO: [ app_init ] --END-- [ RunTime:0.000068s ]
INFO: [ app_begin ] --START--
INFO: Run Behavior\ReadHtmlCacheBehavior [ RunTime:0.000023s ]
INFO: [ app_begin ] --END-- [ RunTime:0.000045s ]
NOTIC: [8] A session had already been started - ignoring session_start() /var/www/school_air_analyze/App/Qwadmin/Controller/ComController.class.php 第 136 行.
INFO: [ view_parse ] --START--
INFO: [ template_filter ] --START--
INFO: Run Behavior\ContentReplaceBehavior [ RunTime:0.000059s ]
INFO: [ template_filter ] --END-- [ RunTime:0.000117s ]
NOTIC: [8] Undefined variable: current /var/www/school_air_analyze/App/Runtime/Cache/Qwadmin/3ec037c4eac547117970073708a020a7.php 第 6 行.
INFO: Run Behavior\ParseTemplateBehavior [ RunTime:0.004349s ]
INFO: [ view_parse ] --END-- [ RunTime:0.004380s ]
INFO: [ view_filter ] --START--
INFO: Run Behavior\WriteHtmlCacheBehavior [ RunTime:0.000030s ]
INFO: [ view_filter ] --END-- [ RunTime:0.000047s ]
INFO: [ app_end ] --START--
INFO: Run Behavior\ShowPageTraceBehavior [ RunTime:0.000027s ]
INFO: [ app_end ] --END-- [ RunTime:0.000050s ]

[ 2020-03-14T01:15:06+08:00 ] 192.168.0.104 /qwadmin/login/verify.html
INFO: [ app_init ] --START--
INFO: Run Behavior\BuildLiteBehavior [ RunTime:0.000015s ]
INFO: [ app_init ] --END-- [ RunTime:0.000088s ]
INFO: [ app_begin ] --START--
INFO: Run Behavior\ReadHtmlCacheBehavior [ RunTime:0.000025s ]
INFO: [ app_begin ] --END-- [ RunTime:0.000059s ]
INFO: [ app_end ] --START--
INFO: Run Behavior\ShowPageTraceBehavior [ RunTime:0.000214s ]
INFO: [ app_end ] --END-- [ RunTime:0.000449s ]

[ 2020-03-14T01:15:16+08:00 ] 192.168.0.104 /qwadmin/login/login.html
INFO: [ app_init ] --START--
INFO: Run Behavior\BuildLiteBehavior [ RunTime:0.000010s ]
INFO: [ app_init ] --END-- [ RunTime:0.000075s ]
INFO: [ app_begin ] --START--
INFO: Run Behavior\ReadHtmlCacheBehavior [ RunTime:0.000026s ]
INFO: [ app_begin ] --END-- [ RunTime:0.000054s ]
SQL: SHOW COLUMNS FROM `qw_member` [ RunTime:0.0286s ]
SQL: SELECT `uid`,`user` FROM `qw_member` WHERE `user` = 'admin' AND `password` = '36868f2f58d2ab890d352ace75b8184b' LIMIT 1   [ RunTime:0.0252s ]
SQL: SHOW COLUMNS FROM `qw_log` [ RunTime:0.0274s ]
SQL: INSERT INTO `qw_log` (`name`,`t`,`ip`,`log`) VALUES ('admin','1584119716','192.168.0.104','登录失败。') [ RunTime:0.0278s ]
INFO: [ view_parse ] --START--
INFO: [ template_filter ] --START--
INFO: Run Behavior\ContentReplaceBehavior [ RunTime:0.000020s ]
INFO: [ template_filter ] --END-- [ RunTime:0.000047s ]
INFO: Run Behavior\ParseTemplateBehavior [ RunTime:0.001073s ]
INFO: [ view_parse ] --END-- [ RunTime:0.001102s ]
INFO: [ view_filter ] --START--
INFO: Run Behavior\WriteHtmlCacheBehavior [ RunTime:0.000024s ]
INFO: [ view_filter ] --END-- [ RunTime:0.000041s ]

[ 2020-03-14T01:15:19+08:00 ] 192.168.0.104 /qwadmin/login/index.html
INFO: [ app_init ] --START--
INFO: Run Behavior\BuildLiteBehavior [ RunTime:0.000013s ]
INFO: [ app_init ] --END-- [ RunTime:0.000072s ]
INFO: [ app_begin ] --START--
INFO: Run Behavior\ReadHtmlCacheBehavior [ RunTime:0.000063s ]
INFO: [ app_begin ] --END-- [ RunTime:0.000107s ]
NOTIC: [8] A session had already been started - ignoring session_start() /var/www/school_air_analyze/App/Qwadmin/Controller/ComController.class.php 第 136 行.
INFO: [ view_parse ] --START--
INFO: [ template_filter ] --START--
INFO: Run Behavior\ContentReplaceBehavior [ RunTime:0.000030s ]
INFO: [ template_filter ] --END-- [ RunTime:0.000061s ]
NOTIC: [8] Undefined variable: current /var/www/school_air_analyze/App/Runtime/Cache/Qwadmin/3ec037c4eac547117970073708a020a7.php 第 6 行.
INFO: Run Behavior\ParseTemplateBehavior [ RunTime:0.002121s ]
INFO: [ view_parse ] --END-- [ RunTime:0.002146s ]
INFO: [ view_filter ] --START--
INFO: Run Behavior\WriteHtmlCacheBehavior [ RunTime:0.000025s ]
INFO: [ view_filter ] --END-- [ RunTime:0.000043s ]
INFO: [ app_end ] --START--
INFO: Run Behavior\ShowPageTraceBehavior [ RunTime:0.000028s ]
INFO: [ app_end ] --END-- [ RunTime:0.000051s ]

[ 2020-03-14T01:15:19+08:00 ] 192.168.0.104 /qwadmin/login/verify.html
INFO: [ app_init ] --START--
INFO: Run Behavior\BuildLiteBehavior [ RunTime:0.000009s ]
INFO: [ app_init ] --END-- [ RunTime:0.000259s ]
INFO: [ app_begin ] --START--
INFO: Run Behavior\ReadHtmlCacheBehavior [ RunTime:0.000026s ]
INFO: [ app_begin ] --END-- [ RunTime:0.000052s ]
INFO: [ app_end ] --START--
INFO: Run Behavior\ShowPageTraceBehavior [ RunTime:0.000047s ]
INFO: [ app_end ] --END-- [ RunTime:0.000097s ]

[ 2020-03-14T01:15:28+08:00 ] 192.168.0.104 /qwadmin/login/login.html
INFO: [ app_init ] --START--
INFO: Run Behavior\BuildLiteBehavior [ RunTime:0.000054s ]
INFO: [ app_init ] --END-- [ RunTime:0.000139s ]
INFO: [ app_begin ] --START--
INFO: Run Behavior\ReadHtmlCacheBehavior [ RunTime:0.000023s ]
INFO: [ app_begin ] --END-- [ RunTime:0.000059s ]
SQL: SHOW COLUMNS FROM `qw_member` [ RunTime:0.0251s ]
SQL: SELECT `uid`,`user` FROM `qw_member` WHERE `user` = 'admin' AND `password` = '0fa5933c7d220e1334ba99d6f751074c' LIMIT 1   [ RunTime:0.0225s ]
NOTIC: [8] A session had already been started - ignoring session_start() /var/www/school_air_analyze/App/Qwadmin/Controller/LoginController.class.php 第 51 行.
SQL: SHOW COLUMNS FROM `qw_log` [ RunTime:0.0255s ]
NOTIC: [8] A session had already been started - ignoring session_start() /var/www/school_air_analyze/App/Qwadmin/Common/function.php 第 12 行.
SQL: SHOW COLUMNS FROM `qw_member` [ RunTime:0.0248s ]
SQL: SELECT `user` FROM `qw_member` WHERE `uid` = 1 LIMIT 1   [ RunTime:0.0226s ]
SQL: INSERT INTO `qw_log` (`name`,`t`,`ip`,`log`) VALUES ('admin','1584119728','192.168.0.104','登录成功。') [ RunTime:0.0258s ]

[ 2020-03-14T01:15:30+08:00 ] 192.168.0.104 /qwadmin/index/index.html
INFO: [ app_init ] --START--
INFO: Run Behavior\BuildLiteBehavior [ RunTime:0.000016s ]
INFO: [ app_init ] --END-- [ RunTime:0.000189s ]
INFO: [ app_begin ] --START--
INFO: Run Behavior\ReadHtmlCacheBehavior [ RunTime:0.000028s ]
INFO: [ app_begin ] --END-- [ RunTime:0.000056s ]
NOTIC: [8] A session had already been started - ignoring session_start() /var/www/school_air_analyze/App/Qwadmin/Controller/ComController.class.php 第 136 行.
SQL: SHOW COLUMNS FROM `qw_member` [ RunTime:0.0257s ]
SQL: SELECT * FROM `qw_member` WHERE `uid` = 1 LIMIT 1   [ RunTime:0.0225s ]
SQL: SELECT * FROM qw_auth_group g left join qw_auth_group_access a on g.id=a.group_id where a.uid=1 [ RunTime:0.0302s ]
SQL: SHOW COLUMNS FROM `qw_member` [ RunTime:0.0245s ]
SQL: SELECT * FROM `qw_member` WHERE `uid` = 1 LIMIT 1   [ RunTime:0.0236s ]
SQL: SELECT s.id,s.title,s.name,s.tips,s.pid,p.pid as ppid,p.title as ptitle FROM qw_auth_rule s left join qw_auth_rule p on p.id=s.pid where s.name='Index/index' [ RunTime:0.0286s ]
SQL: SHOW COLUMNS FROM `qw_auth_rule` [ RunTime:0.0241s ]
SQL: SELECT `id`,`title`,`pid`,`name`,`icon` FROM `qw_auth_rule` WHERE ( islink=1   ) ORDER BY o ASC  [ RunTime:0.0246s ]
SQL: select VERSION() as mysql [ RunTime:0.0288s ]
SQL: SHOW COLUMNS FROM `qw_log` [ RunTime:0.0252s ]
SQL: DELETE FROM `qw_log` WHERE ( t < 1578935729 ) [ RunTime:0.0325s ]
SQL: SELECT COUNT(*) AS tp_count FROM `qw_log` LIMIT 1   [ RunTime:0.0225s ]
SQL: SELECT * FROM `qw_log` ORDER BY id desc LIMIT 0,25   [ RunTime:0.0230s ]
INFO: [ view_parse ] --START--
INFO: [ template_filter ] --START--
INFO: Run Behavior\ContentReplaceBehavior [ RunTime:0.000060s ]
INFO: [ template_filter ] --END-- [ RunTime:0.000096s ]
NOTIC: [8] Undefined variable: list_uri /var/www/school_air_analyze/App/Runtime/Cache/Qwadmin/2aa6134a511d985f5099413a11b19042.php 第 290 行.
INFO: Run Behavior\ParseTemplateBehavior [ RunTime:1.095568s ]
INFO: [ view_parse ] --END-- [ RunTime:1.095703s ]
INFO: [ view_filter ] --START--
INFO: Run Behavior\WriteHtmlCacheBehavior [ RunTime:0.000068s ]
INFO: [ view_filter ] --END-- [ RunTime:0.000131s ]
INFO: [ app_end ] --START--
INFO: Run Behavior\ShowPageTraceBehavior [ RunTime:0.000055s ]
INFO: [ app_end ] --END-- [ RunTime:0.000099s ]

[ 2020-03-14T01:15:33+08:00 ] 192.168.0.104 /qwadmin/index/index.html?callback=jQuery21108990011910494058_1584169200365&_=1584169200366
INFO: [ app_init ] --START--
INFO: Run Behavior\BuildLiteBehavior [ RunTime:0.000015s ]
INFO: [ app_init ] --END-- [ RunTime:0.000088s ]
INFO: [ app_begin ] --START--
INFO: Run Behavior\ReadHtmlCacheBehavior [ RunTime:0.000052s ]
INFO: [ app_begin ] --END-- [ RunTime:0.000390s ]
NOTIC: [8] A session had already been started - ignoring session_start() /var/www/school_air_analyze/App/Qwadmin/Controller/ComController.class.php 第 136 行.
SQL: SHOW COLUMNS FROM `qw_member` [ RunTime:0.0255s ]
SQL: SELECT * FROM `qw_member` WHERE `uid` = 1 LIMIT 1   [ RunTime:0.0236s ]
SQL: SELECT * FROM qw_auth_group g left join qw_auth_group_access a on g.id=a.group_id where a.uid=1 [ RunTime:0.0232s ]
SQL: SHOW COLUMNS FROM `qw_member` [ RunTime:0.0251s ]
SQL: SELECT * FROM `qw_member` WHERE `uid` = 1 LIMIT 1   [ RunTime:0.0229s ]
SQL: SELECT s.id,s.title,s.name,s.tips,s.pid,p.pid as ppid,p.title as ptitle FROM qw_auth_rule s left join qw_auth_rule p on p.id=s.pid where s.name='Index/index' [ RunTime:0.0222s ]
SQL: SHOW COLUMNS FROM `qw_auth_rule` [ RunTime:0.0256s ]
SQL: SELECT `id`,`title`,`pid`,`name`,`icon` FROM `qw_auth_rule` WHERE ( islink=1   ) ORDER BY o ASC  [ RunTime:0.0228s ]
SQL: select VERSION() as mysql [ RunTime:0.0225s ]
SQL: SHOW COLUMNS FROM `qw_log` [ RunTime:0.0255s ]
SQL: DELETE FROM `qw_log` WHERE ( t < 1578935730 ) [ RunTime:0.0228s ]
SQL: SELECT COUNT(*) AS tp_count FROM `qw_log` LIMIT 1   [ RunTime:0.0233s ]
SQL: SELECT * FROM `qw_log` ORDER BY id desc LIMIT 0,25   [ RunTime:0.0234s ]
INFO: [ view_parse ] --START--
INFO: [ template_filter ] --START--
INFO: Run Behavior\ContentReplaceBehavior [ RunTime:0.000094s ]
INFO: [ template_filter ] --END-- [ RunTime:0.000136s ]
NOTIC: [8] Undefined variable: list_uri /var/www/school_air_analyze/App/Runtime/Cache/Qwadmin/2aa6134a511d985f5099413a11b19042.php 第 290 行.
INFO: Run Behavior\ParseTemplateBehavior [ RunTime:3.041113s ]
INFO: [ view_parse ] --END-- [ RunTime:3.041158s ]
INFO: [ view_filter ] --START--
INFO: Run Behavior\WriteHtmlCacheBehavior [ RunTime:0.000041s ]
INFO: [ view_filter ] --END-- [ RunTime:0.000058s ]
INFO: [ app_end ] --START--
INFO: Run Behavior\ShowPageTraceBehavior [ RunTime:0.000021s ]
INFO: [ app_end ] --END-- [ RunTime:0.000039s ]

[ 2020-03-14T01:15:38+08:00 ] 192.168.0.104 /qwadmin/school/index.html
INFO: [ app_init ] --START--
INFO: Run Behavior\BuildLiteBehavior [ RunTime:0.000014s ]
INFO: [ app_init ] --END-- [ RunTime:0.000399s ]
INFO: [ app_begin ] --START--
INFO: Run Behavior\ReadHtmlCacheBehavior [ RunTime:0.000023s ]
INFO: [ app_begin ] --END-- [ RunTime:0.000046s ]
NOTIC: [8] A session had already been started - ignoring session_start() /var/www/school_air_analyze/App/Qwadmin/Controller/ComController.class.php 第 136 行.
SQL: SHOW COLUMNS FROM `qw_member` [ RunTime:0.0272s ]
SQL: SELECT * FROM `qw_member` WHERE `uid` = 1 LIMIT 1   [ RunTime:0.0240s ]
SQL: SELECT * FROM qw_auth_group g left join qw_auth_group_access a on g.id=a.group_id where a.uid=1 [ RunTime:0.0248s ]
SQL: SHOW COLUMNS FROM `qw_member` [ RunTime:0.0276s ]
SQL: SELECT * FROM `qw_member` WHERE `uid` = 1 LIMIT 1   [ RunTime:0.0243s ]
SQL: SELECT s.id,s.title,s.name,s.tips,s.pid,p.pid as ppid,p.title as ptitle FROM qw_auth_rule s left join qw_auth_rule p on p.id=s.pid where s.name='School/index' [ RunTime:0.0253s ]
SQL: SHOW COLUMNS FROM `qw_auth_rule` [ RunTime:0.0265s ]
SQL: SELECT `id`,`title`,`pid`,`name`,`icon` FROM `qw_auth_rule` WHERE ( islink=1   ) ORDER BY o ASC  [ RunTime:0.0247s ]
SQL: SHOW COLUMNS FROM `qw_school` [ RunTime:0.0305s ]
SQL: SELECT COUNT(*) AS tp_count FROM `qw_school` LIMIT 1   [ RunTime:0.0251s ]
SQL: SELECT * FROM `qw_school` ORDER BY id asc LIMIT 0,10   [ RunTime:0.0244s ]
INFO: [ view_parse ] --START--
INFO: [ template_filter ] --START--
INFO: Run Behavior\ContentReplaceBehavior [ RunTime:0.000064s ]
INFO: [ template_filter ] --END-- [ RunTime:0.000104s ]
NOTIC: [8] Undefined variable: list_uri /var/www/school_air_analyze/App/Runtime/Cache/Qwadmin/e694eee4feff6ceabcd186048cd9b14c.php 第 309 行.
NOTIC: [8] Use of undefined constant name - assumed 'name' /var/www/school_air_analyze/App/Runtime/Cache/Qwadmin/e694eee4feff6ceabcd186048cd9b14c.php 第 417 行.
NOTIC: [8] Use of undefined constant city - assumed 'city' /var/www/school_air_analyze/App/Runtime/Cache/Qwadmin/e694eee4feff6ceabcd186048cd9b14c.php 第 418 行.
NOTIC: [8] Use of undefined constant region - assumed 'region' /var/www/school_air_analyze/App/Runtime/Cache/Qwadmin/e694eee4feff6ceabcd186048cd9b14c.php 第 419 行.
NOTIC: [8] Use of undefined constant keyword - assumed 'keyword' /var/www/school_air_analyze/App/Runtime/Cache/Qwadmin/e694eee4feff6ceabcd186048cd9b14c.php 第 421 行.
NOTIC: [8] Use of undefined constant asc - assumed 'asc' /var/www/school_air_analyze/App/Runtime/Cache/Qwadmin/e694eee4feff6ceabcd186048cd9b14c.php 第 424 行.
NOTIC: [8] Use of undefined constant desc - assumed 'desc' /var/www/school_air_analyze/App/Runtime/Cache/Qwadmin/e694eee4feff6ceabcd186048cd9b14c.php 第 425 行.
INFO: Run Behavior\ParseTemplateBehavior [ RunTime:0.011132s ]
INFO: [ view_parse ] --END-- [ RunTime:0.011162s ]
INFO: [ view_filter ] --START--
INFO: Run Behavior\WriteHtmlCacheBehavior [ RunTime:0.000032s ]
INFO: [ view_filter ] --END-- [ RunTime:0.000051s ]
INFO: [ app_end ] --START--
INFO: Run Behavior\ShowPageTraceBehavior [ RunTime:0.000030s ]
INFO: [ app_end ] --END-- [ RunTime:0.000056s ]

[ 2020-03-14T01:15:39+08:00 ] 192.168.0.104 /qwadmin/school/add.html
INFO: [ app_init ] --START--
INFO: Run Behavior\BuildLiteBehavior [ RunTime:0.000015s ]
INFO: [ app_init ] --END-- [ RunTime:0.000084s ]
INFO: [ app_begin ] --START--
INFO: Run Behavior\ReadHtmlCacheBehavior [ RunTime:0.000089s ]
INFO: [ app_begin ] --END-- [ RunTime:0.000138s ]
NOTIC: [8] A session had already been started - ignoring session_start() /var/www/school_air_analyze/App/Qwadmin/Controller/ComController.class.php 第 136 行.
SQL: SHOW COLUMNS FROM `qw_member` [ RunTime:0.0274s ]
SQL: SELECT * FROM `qw_member` WHERE `uid` = 1 LIMIT 1   [ RunTime:0.0243s ]
SQL: SELECT * FROM qw_auth_group g left join qw_auth_group_access a on g.id=a.group_id where a.uid=1 [ RunTime:0.0242s ]
SQL: SHOW COLUMNS FROM `qw_member` [ RunTime:0.0267s ]
SQL: SELECT * FROM `qw_member` WHERE `uid` = 1 LIMIT 1   [ RunTime:0.0240s ]
SQL: SELECT s.id,s.title,s.name,s.tips,s.pid,p.pid as ppid,p.title as ptitle FROM qw_auth_rule s left join qw_auth_rule p on p.id=s.pid where s.name='School/index' [ RunTime:0.0241s ]
SQL: SHOW COLUMNS FROM `qw_auth_rule` [ RunTime:0.0279s ]
SQL: SELECT `id`,`title`,`pid`,`name`,`icon` FROM `qw_auth_rule` WHERE ( islink=1   ) ORDER BY o ASC  [ RunTime:0.0247s ]
INFO: [ view_parse ] --START--
INFO: [ template_filter ] --START--
INFO: Run Behavior\ContentReplaceBehavior [ RunTime:0.000068s ]
INFO: [ template_filter ] --END-- [ RunTime:0.000105s ]
NOTIC: [8] Undefined variable: list_uri /var/www/school_air_analyze/App/Runtime/Cache/Qwadmin/0a0fb9bfb5746117eb18dee4768083de.php 第 290 行.
NOTIC: [8] Undefined variable: item /var/www/school_air_analyze/App/Runtime/Cache/Qwadmin/0a0fb9bfb5746117eb18dee4768083de.php 第 400 行.
NOTIC: [8] Undefined variable: item /var/www/school_air_analyze/App/Runtime/Cache/Qwadmin/0a0fb9bfb5746117eb18dee4768083de.php 第 448 行.
INFO: Run Behavior\ParseTemplateBehavior [ RunTime:0.008770s ]
INFO: [ view_parse ] --END-- [ RunTime:0.008849s ]
INFO: [ view_filter ] --START--
INFO: Run Behavior\WriteHtmlCacheBehavior [ RunTime:0.000025s ]
INFO: [ view_filter ] --END-- [ RunTime:0.000043s ]
INFO: [ app_end ] --START--
INFO: Run Behavior\ShowPageTraceBehavior [ RunTime:0.000029s ]
INFO: [ app_end ] --END-- [ RunTime:0.000058s ]

[ 2020-03-14T01:41:01+08:00 ] 192.168.0.104 /qwadmin/school/add.html
INFO: [ app_init ] --START--
INFO: Run Behavior\BuildLiteBehavior [ RunTime:0.000015s ]
INFO: [ app_init ] --END-- [ RunTime:0.000097s ]
INFO: [ app_begin ] --START--
INFO: Run Behavior\ReadHtmlCacheBehavior [ RunTime:0.000040s ]
INFO: [ app_begin ] --END-- [ RunTime:0.000080s ]
NOTIC: [8] A session had already been started - ignoring session_start() /var/www/school_air_analyze/App/Qwadmin/Controller/ComController.class.php 第 136 行.
SQL: SHOW COLUMNS FROM `qw_member` [ RunTime:0.0294s ]
SQL: SELECT * FROM `qw_member` WHERE `uid` = 1 LIMIT 1   [ RunTime:0.0307s ]
SQL: SELECT * FROM qw_auth_group g left join qw_auth_group_access a on g.id=a.group_id where a.uid=1 [ RunTime:0.0379s ]
SQL: SHOW COLUMNS FROM `qw_member` [ RunTime:0.0473s ]
SQL: SELECT * FROM `qw_member` WHERE `uid` = 1 LIMIT 1   [ RunTime:0.0316s ]
SQL: SELECT s.id,s.title,s.name,s.tips,s.pid,p.pid as ppid,p.title as ptitle FROM qw_auth_rule s left join qw_auth_rule p on p.id=s.pid where s.name='School/index' [ RunTime:0.0328s ]
SQL: SHOW COLUMNS FROM `qw_auth_rule` [ RunTime:0.0284s ]
SQL: SELECT `id`,`title`,`pid`,`name`,`icon` FROM `qw_auth_rule` WHERE ( islink=1   ) ORDER BY o ASC  [ RunTime:0.0253s ]
INFO: [ view_parse ] --START--
INFO: [ template_filter ] --START--
INFO: Run Behavior\ContentReplaceBehavior [ RunTime:0.000082s ]
INFO: [ template_filter ] --END-- [ RunTime:0.000125s ]
NOTIC: [8] Undefined variable: list_uri /var/www/school_air_analyze/App/Runtime/Cache/Qwadmin/0a0fb9bfb5746117eb18dee4768083de.php 第 290 行.
NOTIC: [8] Undefined variable: item /var/www/school_air_analyze/App/Runtime/Cache/Qwadmin/0a0fb9bfb5746117eb18dee4768083de.php 第 400 行.
NOTIC: [8] Undefined variable: item /var/www/school_air_analyze/App/Runtime/Cache/Qwadmin/0a0fb9bfb5746117eb18dee4768083de.php 第 448 行.
INFO: Run Behavior\ParseTemplateBehavior [ RunTime:0.008470s ]
INFO: [ view_parse ] --END-- [ RunTime:0.008507s ]
INFO: [ view_filter ] --START--
INFO: Run Behavior\WriteHtmlCacheBehavior [ RunTime:0.000045s ]
INFO: [ view_filter ] --END-- [ RunTime:0.000073s ]
INFO: [ app_end ] --START--
INFO: Run Behavior\ShowPageTraceBehavior [ RunTime:0.000052s ]
INFO: [ app_end ] --END-- [ RunTime:0.000100s ]

[ 2020-03-14T01:42:04+08:00 ] 192.168.0.104 /qwadmin/school/add.html
INFO: [ app_init ] --START--
INFO: Run Behavior\BuildLiteBehavior [ RunTime:0.000015s ]
INFO: [ app_init ] --END-- [ RunTime:0.000095s ]
INFO: [ app_begin ] --START--
INFO: Run Behavior\ReadHtmlCacheBehavior [ RunTime:0.000034s ]
INFO: [ app_begin ] --END-- [ RunTime:0.000071s ]
NOTIC: [8] A session had already been started - ignoring session_start() /var/www/school_air_analyze/App/Qwadmin/Controller/ComController.class.php 第 136 行.
SQL: SHOW COLUMNS FROM `qw_member` [ RunTime:0.0258s ]
SQL: SELECT * FROM `qw_member` WHERE `uid` = 1 LIMIT 1   [ RunTime:0.0233s ]
SQL: SELECT * FROM qw_auth_group g left join qw_auth_group_access a on g.id=a.group_id where a.uid=1 [ RunTime:0.0225s ]
SQL: SHOW COLUMNS FROM `qw_member` [ RunTime:0.0271s ]
SQL: SELECT * FROM `qw_member` WHERE `uid` = 1 LIMIT 1   [ RunTime:0.0232s ]
SQL: SELECT s.id,s.title,s.name,s.tips,s.pid,p.pid as ppid,p.title as ptitle FROM qw_auth_rule s left join qw_auth_rule p on p.id=s.pid where s.name='School/index' [ RunTime:0.0237s ]
SQL: SHOW COLUMNS FROM `qw_auth_rule` [ RunTime:0.0255s ]
SQL: SELECT `id`,`title`,`pid`,`name`,`icon` FROM `qw_auth_rule` WHERE ( islink=1   ) ORDER BY o ASC  [ RunTime:0.0260s ]
INFO: [ view_parse ] --START--
INFO: [ template_filter ] --START--
INFO: Run Behavior\ContentReplaceBehavior [ RunTime:0.000075s ]
INFO: [ template_filter ] --END-- [ RunTime:0.000166s ]
NOTIC: [8] Undefined variable: list_uri /var/www/school_air_analyze/App/Runtime/Cache/Qwadmin/0a0fb9bfb5746117eb18dee4768083de.php 第 290 行.
NOTIC: [8] Undefined variable: item /var/www/school_air_analyze/App/Runtime/Cache/Qwadmin/0a0fb9bfb5746117eb18dee4768083de.php 第 400 行.
NOTIC: [8] Undefined variable: item /var/www/school_air_analyze/App/Runtime/Cache/Qwadmin/0a0fb9bfb5746117eb18dee4768083de.php 第 448 行.
INFO: Run Behavior\ParseTemplateBehavior [ RunTime:0.010324s ]
INFO: [ view_parse ] --END-- [ RunTime:0.010356s ]
INFO: [ view_filter ] --START--
INFO: Run Behavior\WriteHtmlCacheBehavior [ RunTime:0.000034s ]
INFO: [ view_filter ] --END-- [ RunTime:0.000052s ]
INFO: [ app_end ] --START--
INFO: Run Behavior\ShowPageTraceBehavior [ RunTime:0.000029s ]
INFO: [ app_end ] --END-- [ RunTime:0.000060s ]

[ 2020-03-14T01:44:22+08:00 ] 192.168.0.104 /qwadmin/school/add.html
INFO: [ app_init ] --START--
INFO: Run Behavior\BuildLiteBehavior [ RunTime:0.000013s ]
INFO: [ app_init ] --END-- [ RunTime:0.000088s ]
INFO: [ app_begin ] --START--
INFO: Run Behavior\ReadHtmlCacheBehavior [ RunTime:0.000049s ]
INFO: [ app_begin ] --END-- [ RunTime:0.000241s ]
NOTIC: [8] A session had already been started - ignoring session_start() /var/www/school_air_analyze/App/Qwadmin/Controller/ComController.class.php 第 136 行.
SQL: SHOW COLUMNS FROM `qw_member` [ RunTime:0.0262s ]
SQL: SELECT * FROM `qw_member` WHERE `uid` = 1 LIMIT 1   [ RunTime:0.0229s ]
SQL: SELECT * FROM qw_auth_group g left join qw_auth_group_access a on g.id=a.group_id where a.uid=1 [ RunTime:0.0233s ]
SQL: SHOW COLUMNS FROM `qw_member` [ RunTime:0.0277s ]
SQL: SELECT * FROM `qw_member` WHERE `uid` = 1 LIMIT 1   [ RunTime:0.0232s ]
SQL: SELECT s.id,s.title,s.name,s.tips,s.pid,p.pid as ppid,p.title as ptitle FROM qw_auth_rule s left join qw_auth_rule p on p.id=s.pid where s.name='School/index' [ RunTime:0.0227s ]
SQL: SHOW COLUMNS FROM `qw_auth_rule` [ RunTime:0.0260s ]
SQL: SELECT `id`,`title`,`pid`,`name`,`icon` FROM `qw_auth_rule` WHERE ( islink=1   ) ORDER BY o ASC  [ RunTime:0.0238s ]
INFO: [ view_parse ] --START--
INFO: [ template_filter ] --START--
INFO: Run Behavior\ContentReplaceBehavior [ RunTime:0.000227s ]
INFO: [ template_filter ] --END-- [ RunTime:0.000370s ]
NOTIC: [8] Undefined variable: list_uri /var/www/school_air_analyze/App/Runtime/Cache/Qwadmin/0a0fb9bfb5746117eb18dee4768083de.php 第 290 行.
NOTIC: [8] Undefined variable: item /var/www/school_air_analyze/App/Runtime/Cache/Qwadmin/0a0fb9bfb5746117eb18dee4768083de.php 第 400 行.
NOTIC: [8] Undefined variable: item /var/www/school_air_analyze/App/Runtime/Cache/Qwadmin/0a0fb9bfb5746117eb18dee4768083de.php 第 448 行.
INFO: Run Behavior\ParseTemplateBehavior [ RunTime:0.011611s ]
INFO: [ view_parse ] --END-- [ RunTime:0.011640s ]
INFO: [ view_filter ] --START--
INFO: Run Behavior\WriteHtmlCacheBehavior [ RunTime:0.000030s ]
INFO: [ view_filter ] --END-- [ RunTime:0.000047s ]
INFO: [ app_end ] --START--
INFO: Run Behavior\ShowPageTraceBehavior [ RunTime:0.000029s ]
INFO: [ app_end ] --END-- [ RunTime:0.000052s ]

[ 2020-03-14T01:44:41+08:00 ] 192.168.0.104 /qwadmin/school/add.html
INFO: [ app_init ] --START--
INFO: Run Behavior\BuildLiteBehavior [ RunTime:0.000013s ]
INFO: [ app_init ] --END-- [ RunTime:0.000120s ]
INFO: [ app_begin ] --START--
INFO: Run Behavior\ReadHtmlCacheBehavior [ RunTime:0.000026s ]
INFO: [ app_begin ] --END-- [ RunTime:0.000055s ]
NOTIC: [8] A session had already been started - ignoring session_start() /var/www/school_air_analyze/App/Qwadmin/Controller/ComController.class.php 第 136 行.
SQL: SHOW COLUMNS FROM `qw_member` [ RunTime:0.0256s ]
SQL: SELECT * FROM `qw_member` WHERE `uid` = 1 LIMIT 1   [ RunTime:0.0230s ]
SQL: SELECT * FROM qw_auth_group g left join qw_auth_group_access a on g.id=a.group_id where a.uid=1 [ RunTime:0.0252s ]
SQL: SHOW COLUMNS FROM `qw_member` [ RunTime:0.0263s ]
SQL: SELECT * FROM `qw_member` WHERE `uid` = 1 LIMIT 1   [ RunTime:0.0238s ]
SQL: SELECT s.id,s.title,s.name,s.tips,s.pid,p.pid as ppid,p.title as ptitle FROM qw_auth_rule s left join qw_auth_rule p on p.id=s.pid where s.name='School/index' [ RunTime:0.0238s ]
SQL: SHOW COLUMNS FROM `qw_auth_rule` [ RunTime:0.0245s ]
SQL: SELECT `id`,`title`,`pid`,`name`,`icon` FROM `qw_auth_rule` WHERE ( islink=1   ) ORDER BY o ASC  [ RunTime:0.0242s ]
INFO: [ view_parse ] --START--
INFO: [ template_filter ] --START--
INFO: Run Behavior\ContentReplaceBehavior [ RunTime:0.000069s ]
INFO: [ template_filter ] --END-- [ RunTime:0.000104s ]
NOTIC: [8] Undefined variable: list_uri /var/www/school_air_analyze/App/Runtime/Cache/Qwadmin/0a0fb9bfb5746117eb18dee4768083de.php 第 290 行.
NOTIC: [8] Undefined variable: item /var/www/school_air_analyze/App/Runtime/Cache/Qwadmin/0a0fb9bfb5746117eb18dee4768083de.php 第 400 行.
NOTIC: [8] Undefined variable: item /var/www/school_air_analyze/App/Runtime/Cache/Qwadmin/0a0fb9bfb5746117eb18dee4768083de.php 第 448 行.
INFO: Run Behavior\ParseTemplateBehavior [ RunTime:0.009348s ]
INFO: [ view_parse ] --END-- [ RunTime:0.009387s ]
INFO: [ view_filter ] --START--
INFO: Run Behavior\WriteHtmlCacheBehavior [ RunTime:0.000038s ]
INFO: [ view_filter ] --END-- [ RunTime:0.000058s ]
INFO: [ app_end ] --START--
INFO: Run Behavior\ShowPageTraceBehavior [ RunTime:0.000034s ]
INFO: [ app_end ] --END-- [ RunTime:0.000078s ]

[ 2020-03-14T01:45:12+08:00 ] 192.168.0.104 /qwadmin/school/add.html
INFO: [ app_init ] --START--
INFO: Run Behavior\BuildLiteBehavior [ RunTime:0.000010s ]
INFO: [ app_init ] --END-- [ RunTime:0.000057s ]
INFO: [ app_begin ] --START--
INFO: Run Behavior\ReadHtmlCacheBehavior [ RunTime:0.000021s ]
INFO: [ app_begin ] --END-- [ RunTime:0.000042s ]
NOTIC: [8] A session had already been started - ignoring session_start() /var/www/school_air_analyze/App/Qwadmin/Controller/ComController.class.php 第 136 行.
SQL: SHOW COLUMNS FROM `qw_member` [ RunTime:0.0283s ]
SQL: SELECT * FROM `qw_member` WHERE `uid` = 1 LIMIT 1   [ RunTime:0.0264s ]
SQL: SELECT * FROM qw_auth_group g left join qw_auth_group_access a on g.id=a.group_id where a.uid=1 [ RunTime:0.0263s ]
SQL: SHOW COLUMNS FROM `qw_member` [ RunTime:0.0295s ]
SQL: SELECT * FROM `qw_member` WHERE `uid` = 1 LIMIT 1   [ RunTime:0.0270s ]
SQL: SELECT s.id,s.title,s.name,s.tips,s.pid,p.pid as ppid,p.title as ptitle FROM qw_auth_rule s left join qw_auth_rule p on p.id=s.pid where s.name='School/index' [ RunTime:0.0262s ]
SQL: SHOW COLUMNS FROM `qw_auth_rule` [ RunTime:0.0281s ]
SQL: SELECT `id`,`title`,`pid`,`name`,`icon` FROM `qw_auth_rule` WHERE ( islink=1   ) ORDER BY o ASC  [ RunTime:0.0273s ]
INFO: [ view_parse ] --START--
INFO: [ template_filter ] --START--
INFO: Run Behavior\ContentReplaceBehavior [ RunTime:0.000090s ]
INFO: [ template_filter ] --END-- [ RunTime:0.000126s ]
NOTIC: [8] Undefined variable: list_uri /var/www/school_air_analyze/App/Runtime/Cache/Qwadmin/0a0fb9bfb5746117eb18dee4768083de.php 第 290 行.
NOTIC: [8] Undefined variable: item /var/www/school_air_analyze/App/Runtime/Cache/Qwadmin/0a0fb9bfb5746117eb18dee4768083de.php 第 400 行.
NOTIC: [8] Undefined variable: item /var/www/school_air_analyze/App/Runtime/Cache/Qwadmin/0a0fb9bfb5746117eb18dee4768083de.php 第 448 行.
INFO: Run Behavior\ParseTemplateBehavior [ RunTime:0.008306s ]
INFO: [ view_parse ] --END-- [ RunTime:0.008350s ]
INFO: [ view_filter ] --START--
INFO: Run Behavior\WriteHtmlCacheBehavior [ RunTime:0.000014s ]
INFO: [ view_filter ] --END-- [ RunTime:0.000086s ]
INFO: [ app_end ] --START--
INFO: Run Behavior\ShowPageTraceBehavior [ RunTime:0.000000s ]
INFO: [ app_end ] --END-- [ RunTime:0.000000s ]

[ 2020-03-14T01:46:41+08:00 ] 192.168.0.104 /qwadmin/school/add.html
INFO: [ app_init ] --START--
INFO: Run Behavior\BuildLiteBehavior [ RunTime:0.000017s ]
INFO: [ app_init ] --END-- [ RunTime:0.000108s ]
INFO: [ app_begin ] --START--
INFO: Run Behavior\ReadHtmlCacheBehavior [ RunTime:0.000036s ]
INFO: [ app_begin ] --END-- [ RunTime:0.000074s ]
NOTIC: [8] A session had already been started - ignoring session_start() /var/www/school_air_analyze/App/Qwadmin/Controller/ComController.class.php 第 136 行.

[ 2020-03-14T01:46:41+08:00 ] 192.168.0.104 /qwadmin/login/index.html
INFO: [ app_init ] --START--
INFO: Run Behavior\BuildLiteBehavior [ RunTime:0.000012s ]
INFO: [ app_init ] --END-- [ RunTime:0.000070s ]
INFO: [ app_begin ] --START--
INFO: Run Behavior\ReadHtmlCacheBehavior [ RunTime:0.000036s ]
INFO: [ app_begin ] --END-- [ RunTime:0.000081s ]
NOTIC: [8] A session had already been started - ignoring session_start() /var/www/school_air_analyze/App/Qwadmin/Controller/ComController.class.php 第 136 行.
INFO: [ view_parse ] --START--
INFO: [ template_filter ] --START--
INFO: Run Behavior\ContentReplaceBehavior [ RunTime:0.000046s ]
INFO: [ template_filter ] --END-- [ RunTime:0.000195s ]
NOTIC: [8] Undefined variable: current /var/www/school_air_analyze/App/Runtime/Cache/Qwadmin/3ec037c4eac547117970073708a020a7.php 第 6 行.
INFO: Run Behavior\ParseTemplateBehavior [ RunTime:0.004424s ]
INFO: [ view_parse ] --END-- [ RunTime:0.004524s ]
INFO: [ view_filter ] --START--
INFO: Run Behavior\WriteHtmlCacheBehavior [ RunTime:0.000051s ]
INFO: [ view_filter ] --END-- [ RunTime:0.000130s ]
INFO: [ app_end ] --START--
INFO: Run Behavior\ShowPageTraceBehavior [ RunTime:0.000049s ]
INFO: [ app_end ] --END-- [ RunTime:0.000090s ]

[ 2020-03-14T01:46:41+08:00 ] 192.168.0.104 /qwadmin/login/verify.html
INFO: [ app_init ] --START--
INFO: Run Behavior\BuildLiteBehavior [ RunTime:0.000058s ]
INFO: [ app_init ] --END-- [ RunTime:0.000347s ]
INFO: [ app_begin ] --START--
INFO: Run Behavior\ReadHtmlCacheBehavior [ RunTime:0.000043s ]
INFO: [ app_begin ] --END-- [ RunTime:0.000090s ]
INFO: [ app_end ] --START--
INFO: Run Behavior\ShowPageTraceBehavior [ RunTime:0.000129s ]
INFO: [ app_end ] --END-- [ RunTime:0.000194s ]

[ 2020-03-14T01:47:04+08:00 ] 192.168.0.104 /qwadmin/login/login.html
INFO: [ app_init ] --START--
INFO: Run Behavior\BuildLiteBehavior [ RunTime:0.000012s ]
INFO: [ app_init ] --END-- [ RunTime:0.000076s ]
INFO: [ app_begin ] --START--
INFO: Run Behavior\ReadHtmlCacheBehavior [ RunTime:0.000247s ]
INFO: [ app_begin ] --END-- [ RunTime:0.000301s ]
SQL: SHOW COLUMNS FROM `qw_member` [ RunTime:0.0267s ]
SQL: SELECT `uid`,`user` FROM `qw_member` WHERE `user` = 'admin' AND `password` = '0fa5933c7d220e1334ba99d6f751074c' LIMIT 1   [ RunTime:0.0236s ]
NOTIC: [8] A session had already been started - ignoring session_start() /var/www/school_air_analyze/App/Qwadmin/Controller/LoginController.class.php 第 51 行.
SQL: SHOW COLUMNS FROM `qw_log` [ RunTime:0.0248s ]
NOTIC: [8] A session had already been started - ignoring session_start() /var/www/school_air_analyze/App/Qwadmin/Common/function.php 第 12 行.
SQL: SHOW COLUMNS FROM `qw_member` [ RunTime:0.0262s ]
SQL: SELECT `user` FROM `qw_member` WHERE `uid` = 1 LIMIT 1   [ RunTime:0.0232s ]
SQL: INSERT INTO `qw_log` (`name`,`t`,`ip`,`log`) VALUES ('admin','1584121624','192.168.0.104','登录成功。') [ RunTime:0.0254s ]

[ 2020-03-14T01:47:06+08:00 ] 192.168.0.104 /qwadmin/index/index.html
INFO: [ app_init ] --START--
INFO: Run Behavior\BuildLiteBehavior [ RunTime:0.000015s ]
INFO: [ app_init ] --END-- [ RunTime:0.000139s ]
INFO: [ app_begin ] --START--
INFO: Run Behavior\ReadHtmlCacheBehavior [ RunTime:0.000021s ]
INFO: [ app_begin ] --END-- [ RunTime:0.000045s ]
NOTIC: [8] A session had already been started - ignoring session_start() /var/www/school_air_analyze/App/Qwadmin/Controller/ComController.class.php 第 136 行.
SQL: SHOW COLUMNS FROM `qw_member` [ RunTime:0.0281s ]
SQL: SELECT * FROM `qw_member` WHERE `uid` = 1 LIMIT 1   [ RunTime:0.0248s ]
SQL: SELECT * FROM qw_auth_group g left join qw_auth_group_access a on g.id=a.group_id where a.uid=1 [ RunTime:0.0251s ]
SQL: SHOW COLUMNS FROM `qw_member` [ RunTime:0.0278s ]
SQL: SELECT * FROM `qw_member` WHERE `uid` = 1 LIMIT 1   [ RunTime:0.0252s ]
SQL: SELECT s.id,s.title,s.name,s.tips,s.pid,p.pid as ppid,p.title as ptitle FROM qw_auth_rule s left join qw_auth_rule p on p.id=s.pid where s.name='Index/index' [ RunTime:0.0251s ]
SQL: SHOW COLUMNS FROM `qw_auth_rule` [ RunTime:0.0273s ]
SQL: SELECT `id`,`title`,`pid`,`name`,`icon` FROM `qw_auth_rule` WHERE ( islink=1   ) ORDER BY o ASC  [ RunTime:0.0252s ]
SQL: select VERSION() as mysql [ RunTime:0.0249s ]
SQL: SHOW COLUMNS FROM `qw_log` [ RunTime:0.0277s ]
SQL: DELETE FROM `qw_log` WHERE ( t < 1578937624 ) [ RunTime:0.0241s ]
SQL: SELECT COUNT(*) AS tp_count FROM `qw_log` LIMIT 1   [ RunTime:0.0251s ]
SQL: SELECT * FROM `qw_log` ORDER BY id desc LIMIT 0,25   [ RunTime:0.0248s ]
INFO: [ view_parse ] --START--
INFO: [ template_filter ] --START--
INFO: Run Behavior\ContentReplaceBehavior [ RunTime:0.000060s ]
INFO: [ template_filter ] --END-- [ RunTime:0.000089s ]
NOTIC: [8] Undefined variable: list_uri /var/www/school_air_analyze/App/Runtime/Cache/Qwadmin/2aa6134a511d985f5099413a11b19042.php 第 290 行.
INFO: Run Behavior\ParseTemplateBehavior [ RunTime:2.010855s ]
INFO: [ view_parse ] --END-- [ RunTime:2.010889s ]
INFO: [ view_filter ] --START--
INFO: Run Behavior\WriteHtmlCacheBehavior [ RunTime:0.000047s ]
INFO: [ view_filter ] --END-- [ RunTime:0.000066s ]
INFO: [ app_end ] --START--
INFO: Run Behavior\ShowPageTraceBehavior [ RunTime:0.000027s ]
INFO: [ app_end ] --END-- [ RunTime:0.000047s ]

[ 2020-03-14T01:47:08+08:00 ] 192.168.0.104 /qwadmin/index/index.html?callback=jQuery2110052862142032518156_1584171096945&_=1584171096946
INFO: [ app_init ] --START--
INFO: Run Behavior\BuildLiteBehavior [ RunTime:0.000013s ]
INFO: [ app_init ] --END-- [ RunTime:0.000207s ]
INFO: [ app_begin ] --START--
INFO: Run Behavior\ReadHtmlCacheBehavior [ RunTime:0.000049s ]
INFO: [ app_begin ] --END-- [ RunTime:0.000096s ]
NOTIC: [8] A session had already been started - ignoring session_start() /var/www/school_air_analyze/App/Qwadmin/Controller/ComController.class.php 第 136 行.
SQL: SHOW COLUMNS FROM `qw_member` [ RunTime:0.0273s ]
SQL: SELECT * FROM `qw_member` WHERE `uid` = 1 LIMIT 1   [ RunTime:0.0234s ]
SQL: SELECT * FROM qw_auth_group g left join qw_auth_group_access a on g.id=a.group_id where a.uid=1 [ RunTime:0.0236s ]
SQL: SHOW COLUMNS FROM `qw_member` [ RunTime:0.0256s ]
SQL: SELECT * FROM `qw_member` WHERE `uid` = 1 LIMIT 1   [ RunTime:0.0225s ]
SQL: SELECT s.id,s.title,s.name,s.tips,s.pid,p.pid as ppid,p.title as ptitle FROM qw_auth_rule s left join qw_auth_rule p on p.id=s.pid where s.name='Index/index' [ RunTime:0.0241s ]
SQL: SHOW COLUMNS FROM `qw_auth_rule` [ RunTime:0.0268s ]
SQL: SELECT `id`,`title`,`pid`,`name`,`icon` FROM `qw_auth_rule` WHERE ( islink=1   ) ORDER BY o ASC  [ RunTime:0.0243s ]
SQL: select VERSION() as mysql [ RunTime:0.0243s ]
SQL: SHOW COLUMNS FROM `qw_log` [ RunTime:0.0257s ]
SQL: DELETE FROM `qw_log` WHERE ( t < 1578937627 ) [ RunTime:0.0225s ]
SQL: SELECT COUNT(*) AS tp_count FROM `qw_log` LIMIT 1   [ RunTime:0.0236s ]
SQL: SELECT * FROM `qw_log` ORDER BY id desc LIMIT 0,25   [ RunTime:0.0224s ]
INFO: [ view_parse ] --START--
INFO: [ template_filter ] --START--
INFO: Run Behavior\ContentReplaceBehavior [ RunTime:0.000064s ]
INFO: [ template_filter ] --END-- [ RunTime:0.000101s ]
NOTIC: [8] Undefined variable: list_uri /var/www/school_air_analyze/App/Runtime/Cache/Qwadmin/2aa6134a511d985f5099413a11b19042.php 第 290 行.
INFO: Run Behavior\ParseTemplateBehavior [ RunTime:1.054356s ]
INFO: [ view_parse ] --END-- [ RunTime:1.054419s ]
INFO: [ view_filter ] --START--
INFO: Run Behavior\WriteHtmlCacheBehavior [ RunTime:0.000071s ]
INFO: [ view_filter ] --END-- [ RunTime:0.000099s ]
INFO: [ app_end ] --START--
INFO: Run Behavior\ShowPageTraceBehavior [ RunTime:0.000044s ]
INFO: [ app_end ] --END-- [ RunTime:0.000077s ]

[ 2020-03-14T01:47:11+08:00 ] 192.168.0.104 /qwadmin/school/index.html
INFO: [ app_init ] --START--
INFO: Run Behavior\BuildLiteBehavior [ RunTime:0.000016s ]
INFO: [ app_init ] --END-- [ RunTime:0.000092s ]
INFO: [ app_begin ] --START--
INFO: Run Behavior\ReadHtmlCacheBehavior [ RunTime:0.000041s ]
INFO: [ app_begin ] --END-- [ RunTime:0.000150s ]
NOTIC: [8] A session had already been started - ignoring session_start() /var/www/school_air_analyze/App/Qwadmin/Controller/ComController.class.php 第 136 行.
SQL: SHOW COLUMNS FROM `qw_member` [ RunTime:0.0256s ]
SQL: SELECT * FROM `qw_member` WHERE `uid` = 1 LIMIT 1   [ RunTime:0.0229s ]
SQL: SELECT * FROM qw_auth_group g left join qw_auth_group_access a on g.id=a.group_id where a.uid=1 [ RunTime:0.0243s ]
SQL: SHOW COLUMNS FROM `qw_member` [ RunTime:0.0261s ]
SQL: SELECT * FROM `qw_member` WHERE `uid` = 1 LIMIT 1   [ RunTime:0.0231s ]
SQL: SELECT s.id,s.title,s.name,s.tips,s.pid,p.pid as ppid,p.title as ptitle FROM qw_auth_rule s left join qw_auth_rule p on p.id=s.pid where s.name='School/index' [ RunTime:0.0233s ]
SQL: SHOW COLUMNS FROM `qw_auth_rule` [ RunTime:0.0252s ]
SQL: SELECT `id`,`title`,`pid`,`name`,`icon` FROM `qw_auth_rule` WHERE ( islink=1   ) ORDER BY o ASC  [ RunTime:0.0249s ]
SQL: SHOW COLUMNS FROM `qw_school` [ RunTime:0.0260s ]
SQL: SELECT COUNT(*) AS tp_count FROM `qw_school` LIMIT 1   [ RunTime:0.0234s ]
SQL: SELECT * FROM `qw_school` ORDER BY id asc LIMIT 0,10   [ RunTime:0.0234s ]
INFO: [ view_parse ] --START--
INFO: [ template_filter ] --START--
INFO: Run Behavior\ContentReplaceBehavior [ RunTime:0.000062s ]
INFO: [ template_filter ] --END-- [ RunTime:0.000098s ]
NOTIC: [8] Undefined variable: list_uri /var/www/school_air_analyze/App/Runtime/Cache/Qwadmin/e694eee4feff6ceabcd186048cd9b14c.php 第 309 行.
NOTIC: [8] Use of undefined constant name - assumed 'name' /var/www/school_air_analyze/App/Runtime/Cache/Qwadmin/e694eee4feff6ceabcd186048cd9b14c.php 第 417 行.
NOTIC: [8] Use of undefined constant city - assumed 'city' /var/www/school_air_analyze/App/Runtime/Cache/Qwadmin/e694eee4feff6ceabcd186048cd9b14c.php 第 418 行.
NOTIC: [8] Use of undefined constant region - assumed 'region' /var/www/school_air_analyze/App/Runtime/Cache/Qwadmin/e694eee4feff6ceabcd186048cd9b14c.php 第 419 行.
NOTIC: [8] Use of undefined constant keyword - assumed 'keyword' /var/www/school_air_analyze/App/Runtime/Cache/Qwadmin/e694eee4feff6ceabcd186048cd9b14c.php 第 421 行.
NOTIC: [8] Use of undefined constant asc - assumed 'asc' /var/www/school_air_analyze/App/Runtime/Cache/Qwadmin/e694eee4feff6ceabcd186048cd9b14c.php 第 424 行.
NOTIC: [8] Use of undefined constant desc - assumed 'desc' /var/www/school_air_analyze/App/Runtime/Cache/Qwadmin/e694eee4feff6ceabcd186048cd9b14c.php 第 425 行.
INFO: Run Behavior\ParseTemplateBehavior [ RunTime:0.009176s ]
INFO: [ view_parse ] --END-- [ RunTime:0.009219s ]
INFO: [ view_filter ] --START--
INFO: Run Behavior\WriteHtmlCacheBehavior [ RunTime:0.000041s ]
INFO: [ view_filter ] --END-- [ RunTime:0.000063s ]
INFO: [ app_end ] --START--
INFO: Run Behavior\ShowPageTraceBehavior [ RunTime:0.000035s ]
INFO: [ app_end ] --END-- [ RunTime:0.000059s ]

[ 2020-03-14T01:47:13+08:00 ] 192.168.0.104 /qwadmin/school/add.html
INFO: [ app_init ] --START--
INFO: Run Behavior\BuildLiteBehavior [ RunTime:0.000030s ]
INFO: [ app_init ] --END-- [ RunTime:0.000132s ]
INFO: [ app_begin ] --START--
INFO: Run Behavior\ReadHtmlCacheBehavior [ RunTime:0.000043s ]
INFO: [ app_begin ] --END-- [ RunTime:0.000092s ]
NOTIC: [8] A session had already been started - ignoring session_start() /var/www/school_air_analyze/App/Qwadmin/Controller/ComController.class.php 第 136 行.
SQL: SHOW COLUMNS FROM `qw_member` [ RunTime:0.0265s ]
SQL: SELECT * FROM `qw_member` WHERE `uid` = 1 LIMIT 1   [ RunTime:0.0238s ]
SQL: SELECT * FROM qw_auth_group g left join qw_auth_group_access a on g.id=a.group_id where a.uid=1 [ RunTime:0.0234s ]
SQL: SHOW COLUMNS FROM `qw_member` [ RunTime:0.0270s ]
SQL: SELECT * FROM `qw_member` WHERE `uid` = 1 LIMIT 1   [ RunTime:0.0239s ]
SQL: SELECT s.id,s.title,s.name,s.tips,s.pid,p.pid as ppid,p.title as ptitle FROM qw_auth_rule s left join qw_auth_rule p on p.id=s.pid where s.name='School/index' [ RunTime:0.0234s ]
SQL: SHOW COLUMNS FROM `qw_auth_rule` [ RunTime:0.0253s ]
SQL: SELECT `id`,`title`,`pid`,`name`,`icon` FROM `qw_auth_rule` WHERE ( islink=1   ) ORDER BY o ASC  [ RunTime:0.0240s ]
INFO: [ view_parse ] --START--
INFO: [ template_filter ] --START--
INFO: Run Behavior\ContentReplaceBehavior [ RunTime:0.000075s ]
INFO: [ template_filter ] --END-- [ RunTime:0.000181s ]
NOTIC: [8] Undefined variable: list_uri /var/www/school_air_analyze/App/Runtime/Cache/Qwadmin/0a0fb9bfb5746117eb18dee4768083de.php 第 290 行.
NOTIC: [8] Undefined variable: item /var/www/school_air_analyze/App/Runtime/Cache/Qwadmin/0a0fb9bfb5746117eb18dee4768083de.php 第 400 行.
NOTIC: [8] Undefined variable: item /var/www/school_air_analyze/App/Runtime/Cache/Qwadmin/0a0fb9bfb5746117eb18dee4768083de.php 第 448 行.
INFO: Run Behavior\ParseTemplateBehavior [ RunTime:0.010342s ]
INFO: [ view_parse ] --END-- [ RunTime:0.010426s ]
INFO: [ view_filter ] --START--
INFO: Run Behavior\WriteHtmlCacheBehavior [ RunTime:0.000036s ]
INFO: [ view_filter ] --END-- [ RunTime:0.000062s ]
INFO: [ app_end ] --START--
INFO: Run Behavior\ShowPageTraceBehavior [ RunTime:0.000025s ]
INFO: [ app_end ] --END-- [ RunTime:0.000048s ]

[ 2020-03-14T01:47:47+08:00 ] 192.168.0.104 /qwadmin/school/add.html
INFO: [ app_init ] --START--
INFO: Run Behavior\BuildLiteBehavior [ RunTime:0.000009s ]
INFO: [ app_init ] --END-- [ RunTime:0.000055s ]
INFO: [ app_begin ] --START--
INFO: Run Behavior\ReadHtmlCacheBehavior [ RunTime:0.000020s ]
INFO: [ app_begin ] --END-- [ RunTime:0.000042s ]
NOTIC: [8] A session had already been started - ignoring session_start() /var/www/school_air_analyze/App/Qwadmin/Controller/ComController.class.php 第 136 行.
SQL: SHOW COLUMNS FROM `qw_member` [ RunTime:0.0282s ]
SQL: SELECT * FROM `qw_member` WHERE `uid` = 1 LIMIT 1   [ RunTime:0.0258s ]
SQL: SELECT * FROM qw_auth_group g left join qw_auth_group_access a on g.id=a.group_id where a.uid=1 [ RunTime:0.0263s ]
SQL: SHOW COLUMNS FROM `qw_member` [ RunTime:0.0281s ]
SQL: SELECT * FROM `qw_member` WHERE `uid` = 1 LIMIT 1   [ RunTime:0.0267s ]
SQL: SELECT s.id,s.title,s.name,s.tips,s.pid,p.pid as ppid,p.title as ptitle FROM qw_auth_rule s left join qw_auth_rule p on p.id=s.pid where s.name='School/index' [ RunTime:0.0257s ]
SQL: SHOW COLUMNS FROM `qw_auth_rule` [ RunTime:0.0278s ]
SQL: SELECT `id`,`title`,`pid`,`name`,`icon` FROM `qw_auth_rule` WHERE ( islink=1   ) ORDER BY o ASC  [ RunTime:0.0271s ]
INFO: [ view_parse ] --START--
INFO: [ template_filter ] --START--
INFO: Run Behavior\ContentReplaceBehavior [ RunTime:0.000101s ]
INFO: [ template_filter ] --END-- [ RunTime:0.000165s ]
NOTIC: [8] Undefined variable: list_uri /var/www/school_air_analyze/App/Runtime/Cache/Qwadmin/0a0fb9bfb5746117eb18dee4768083de.php 第 290 行.
NOTIC: [8] Undefined variable: item /var/www/school_air_analyze/App/Runtime/Cache/Qwadmin/0a0fb9bfb5746117eb18dee4768083de.php 第 400 行.
NOTIC: [8] Undefined variable: item /var/www/school_air_analyze/App/Runtime/Cache/Qwadmin/0a0fb9bfb5746117eb18dee4768083de.php 第 448 行.
INFO: Run Behavior\ParseTemplateBehavior [ RunTime:0.020426s ]
INFO: [ view_parse ] --END-- [ RunTime:0.020474s ]
INFO: [ view_filter ] --START--
INFO: Run Behavior\WriteHtmlCacheBehavior [ RunTime:0.000040s ]
INFO: [ view_filter ] --END-- [ RunTime:0.000059s ]
INFO: [ app_end ] --START--
INFO: Run Behavior\ShowPageTraceBehavior [ RunTime:0.000034s ]
INFO: [ app_end ] --END-- [ RunTime:0.000067s ]

[ 2020-03-14T01:49:01+08:00 ] 192.168.0.104 /qwadmin/school/add.html
INFO: [ app_init ] --START--
INFO: Run Behavior\BuildLiteBehavior [ RunTime:0.000014s ]
INFO: [ app_init ] --END-- [ RunTime:0.000085s ]
INFO: [ app_begin ] --START--
INFO: Run Behavior\ReadHtmlCacheBehavior [ RunTime:0.000038s ]
INFO: [ app_begin ] --END-- [ RunTime:0.000077s ]
NOTIC: [8] A session had already been started - ignoring session_start() /var/www/school_air_analyze/App/Qwadmin/Controller/ComController.class.php 第 136 行.
SQL: SHOW COLUMNS FROM `qw_member` [ RunTime:0.0272s ]
SQL: SELECT * FROM `qw_member` WHERE `uid` = 1 LIMIT 1   [ RunTime:0.0253s ]
SQL: SELECT * FROM qw_auth_group g left join qw_auth_group_access a on g.id=a.group_id where a.uid=1 [ RunTime:0.0247s ]
SQL: SHOW COLUMNS FROM `qw_member` [ RunTime:0.0272s ]
SQL: SELECT * FROM `qw_member` WHERE `uid` = 1 LIMIT 1   [ RunTime:0.0258s ]
SQL: SELECT s.id,s.title,s.name,s.tips,s.pid,p.pid as ppid,p.title as ptitle FROM qw_auth_rule s left join qw_auth_rule p on p.id=s.pid where s.name='School/index' [ RunTime:0.0251s ]
SQL: SHOW COLUMNS FROM `qw_auth_rule` [ RunTime:0.0278s ]
SQL: SELECT `id`,`title`,`pid`,`name`,`icon` FROM `qw_auth_rule` WHERE ( islink=1   ) ORDER BY o ASC  [ RunTime:0.0251s ]
INFO: [ view_parse ] --START--
INFO: [ template_filter ] --START--
INFO: Run Behavior\ContentReplaceBehavior [ RunTime:0.000071s ]
INFO: [ template_filter ] --END-- [ RunTime:0.000119s ]
NOTIC: [8] Undefined variable: list_uri /var/www/school_air_analyze/App/Runtime/Cache/Qwadmin/0a0fb9bfb5746117eb18dee4768083de.php 第 290 行.
NOTIC: [8] Undefined variable: item /var/www/school_air_analyze/App/Runtime/Cache/Qwadmin/0a0fb9bfb5746117eb18dee4768083de.php 第 400 行.
NOTIC: [8] Undefined variable: item /var/www/school_air_analyze/App/Runtime/Cache/Qwadmin/0a0fb9bfb5746117eb18dee4768083de.php 第 448 行.
INFO: Run Behavior\ParseTemplateBehavior [ RunTime:0.011951s ]
INFO: [ view_parse ] --END-- [ RunTime:0.011983s ]
INFO: [ view_filter ] --START--
INFO: Run Behavior\WriteHtmlCacheBehavior [ RunTime:0.000032s ]
INFO: [ view_filter ] --END-- [ RunTime:0.000050s ]
INFO: [ app_end ] --START--
INFO: Run Behavior\ShowPageTraceBehavior [ RunTime:0.000039s ]
INFO: [ app_end ] --END-- [ RunTime:0.000073s ]

[ 2020-03-14T01:50:10+08:00 ] 192.168.0.104 /qwadmin/school/add.html
INFO: [ app_init ] --START--
INFO: Run Behavior\BuildLiteBehavior [ RunTime:0.000014s ]
INFO: [ app_init ] --END-- [ RunTime:0.000115s ]
INFO: [ app_begin ] --START--
INFO: Run Behavior\ReadHtmlCacheBehavior [ RunTime:0.000024s ]
INFO: [ app_begin ] --END-- [ RunTime:0.000048s ]
NOTIC: [8] A session had already been started - ignoring session_start() /var/www/school_air_analyze/App/Qwadmin/Controller/ComController.class.php 第 136 行.
SQL: SHOW COLUMNS FROM `qw_member` [ RunTime:0.0278s ]
SQL: SELECT * FROM `qw_member` WHERE `uid` = 1 LIMIT 1   [ RunTime:0.0242s ]
SQL: SELECT * FROM qw_auth_group g left join qw_auth_group_access a on g.id=a.group_id where a.uid=1 [ RunTime:0.0243s ]
SQL: SHOW COLUMNS FROM `qw_member` [ RunTime:0.0268s ]
SQL: SELECT * FROM `qw_member` WHERE `uid` = 1 LIMIT 1   [ RunTime:0.0244s ]
SQL: SELECT s.id,s.title,s.name,s.tips,s.pid,p.pid as ppid,p.title as ptitle FROM qw_auth_rule s left join qw_auth_rule p on p.id=s.pid where s.name='School/index' [ RunTime:0.0242s ]
SQL: SHOW COLUMNS FROM `qw_auth_rule` [ RunTime:0.0248s ]
SQL: SELECT `id`,`title`,`pid`,`name`,`icon` FROM `qw_auth_rule` WHERE ( islink=1   ) ORDER BY o ASC  [ RunTime:0.0245s ]
INFO: [ view_parse ] --START--
INFO: [ template_filter ] --START--
INFO: Run Behavior\ContentReplaceBehavior [ RunTime:0.000067s ]
INFO: [ template_filter ] --END-- [ RunTime:0.000109s ]
NOTIC: [8] Undefined variable: list_uri /var/www/school_air_analyze/App/Runtime/Cache/Qwadmin/0a0fb9bfb5746117eb18dee4768083de.php 第 290 行.
NOTIC: [8] Undefined variable: item /var/www/school_air_analyze/App/Runtime/Cache/Qwadmin/0a0fb9bfb5746117eb18dee4768083de.php 第 400 行.
NOTIC: [8] Undefined variable: item /var/www/school_air_analyze/App/Runtime/Cache/Qwadmin/0a0fb9bfb5746117eb18dee4768083de.php 第 448 行.
INFO: Run Behavior\ParseTemplateBehavior [ RunTime:0.009912s ]
INFO: [ view_parse ] --END-- [ RunTime:0.009987s ]
INFO: [ view_filter ] --START--
INFO: Run Behavior\WriteHtmlCacheBehavior [ RunTime:0.000034s ]
INFO: [ view_filter ] --END-- [ RunTime:0.000052s ]
INFO: [ app_end ] --START--
INFO: Run Behavior\ShowPageTraceBehavior [ RunTime:0.000054s ]
INFO: [ app_end ] --END-- [ RunTime:0.000091s ]

[ 2020-03-14T01:50:52+08:00 ] 192.168.0.104 /qwadmin/school/add.html
INFO: [ app_init ] --START--
INFO: Run Behavior\BuildLiteBehavior [ RunTime:0.000010s ]
INFO: [ app_init ] --END-- [ RunTime:0.000066s ]
INFO: [ app_begin ] --START--
INFO: Run Behavior\ReadHtmlCacheBehavior [ RunTime:0.000032s ]
INFO: [ app_begin ] --END-- [ RunTime:0.000119s ]
NOTIC: [8] A session had already been started - ignoring session_start() /var/www/school_air_analyze/App/Qwadmin/Controller/ComController.class.php 第 136 行.
SQL: SHOW COLUMNS FROM `qw_member` [ RunTime:0.0253s ]
SQL: SELECT * FROM `qw_member` WHERE `uid` = 1 LIMIT 1   [ RunTime:0.0225s ]
SQL: SELECT * FROM qw_auth_group g left join qw_auth_group_access a on g.id=a.group_id where a.uid=1 [ RunTime:0.0227s ]
SQL: SHOW COLUMNS FROM `qw_member` [ RunTime:0.0236s ]
SQL: SELECT * FROM `qw_member` WHERE `uid` = 1 LIMIT 1   [ RunTime:0.0230s ]
SQL: SELECT s.id,s.title,s.name,s.tips,s.pid,p.pid as ppid,p.title as ptitle FROM qw_auth_rule s left join qw_auth_rule p on p.id=s.pid where s.name='School/index' [ RunTime:0.0221s ]
SQL: SHOW COLUMNS FROM `qw_auth_rule` [ RunTime:0.0258s ]
SQL: SELECT `id`,`title`,`pid`,`name`,`icon` FROM `qw_auth_rule` WHERE ( islink=1   ) ORDER BY o ASC  [ RunTime:0.0234s ]
INFO: [ view_parse ] --START--
INFO: [ template_filter ] --START--
INFO: Run Behavior\ContentReplaceBehavior [ RunTime:0.000082s ]
INFO: [ template_filter ] --END-- [ RunTime:0.000127s ]
NOTIC: [8] Undefined variable: list_uri /var/www/school_air_analyze/App/Runtime/Cache/Qwadmin/0a0fb9bfb5746117eb18dee4768083de.php 第 290 行.
NOTIC: [8] Undefined variable: item /var/www/school_air_analyze/App/Runtime/Cache/Qwadmin/0a0fb9bfb5746117eb18dee4768083de.php 第 400 行.
NOTIC: [8] Undefined variable: item /var/www/school_air_analyze/App/Runtime/Cache/Qwadmin/0a0fb9bfb5746117eb18dee4768083de.php 第 448 行.
INFO: Run Behavior\ParseTemplateBehavior [ RunTime:0.009172s ]
INFO: [ view_parse ] --END-- [ RunTime:0.009204s ]
INFO: [ view_filter ] --START--
INFO: Run Behavior\WriteHtmlCacheBehavior [ RunTime:0.000032s ]
INFO: [ view_filter ] --END-- [ RunTime:0.000051s ]
INFO: [ app_end ] --START--
INFO: Run Behavior\ShowPageTraceBehavior [ RunTime:0.000051s ]
INFO: [ app_end ] --END-- [ RunTime:0.000098s ]

[ 2020-03-14T01:51:32+08:00 ] 192.168.0.104 /qwadmin/school/add.html
INFO: [ app_init ] --START--
INFO: Run Behavior\BuildLiteBehavior [ RunTime:0.000010s ]
INFO: [ app_init ] --END-- [ RunTime:0.000077s ]
INFO: [ app_begin ] --START--
INFO: Run Behavior\ReadHtmlCacheBehavior [ RunTime:0.000041s ]
INFO: [ app_begin ] --END-- [ RunTime:0.000079s ]
NOTIC: [8] A session had already been started - ignoring session_start() /var/www/school_air_analyze/App/Qwadmin/Controller/ComController.class.php 第 136 行.
SQL: SHOW COLUMNS FROM `qw_member` [ RunTime:0.0265s ]
SQL: SELECT * FROM `qw_member` WHERE `uid` = 1 LIMIT 1   [ RunTime:0.0241s ]
SQL: SELECT * FROM qw_auth_group g left join qw_auth_group_access a on g.id=a.group_id where a.uid=1 [ RunTime:0.0237s ]
SQL: SHOW COLUMNS FROM `qw_member` [ RunTime:0.0259s ]
SQL: SELECT * FROM `qw_member` WHERE `uid` = 1 LIMIT 1   [ RunTime:0.0238s ]
SQL: SELECT s.id,s.title,s.name,s.tips,s.pid,p.pid as ppid,p.title as ptitle FROM qw_auth_rule s left join qw_auth_rule p on p.id=s.pid where s.name='School/index' [ RunTime:0.0234s ]
SQL: SHOW COLUMNS FROM `qw_auth_rule` [ RunTime:0.0268s ]
SQL: SELECT `id`,`title`,`pid`,`name`,`icon` FROM `qw_auth_rule` WHERE ( islink=1   ) ORDER BY o ASC  [ RunTime:0.0235s ]
INFO: [ view_parse ] --START--
INFO: [ template_filter ] --START--
INFO: Run Behavior\ContentReplaceBehavior [ RunTime:0.000149s ]
INFO: [ template_filter ] --END-- [ RunTime:0.000312s ]
NOTIC: [8] Undefined variable: list_uri /var/www/school_air_analyze/App/Runtime/Cache/Qwadmin/0a0fb9bfb5746117eb18dee4768083de.php 第 290 行.
NOTIC: [8] Undefined variable: item /var/www/school_air_analyze/App/Runtime/Cache/Qwadmin/0a0fb9bfb5746117eb18dee4768083de.php 第 400 行.
NOTIC: [8] Undefined variable: item /var/www/school_air_analyze/App/Runtime/Cache/Qwadmin/0a0fb9bfb5746117eb18dee4768083de.php 第 448 行.
INFO: Run Behavior\ParseTemplateBehavior [ RunTime:0.011153s ]
INFO: [ view_parse ] --END-- [ RunTime:0.011188s ]
INFO: [ view_filter ] --START--
INFO: Run Behavior\WriteHtmlCacheBehavior [ RunTime:0.000028s ]
INFO: [ view_filter ] --END-- [ RunTime:0.000046s ]
INFO: [ app_end ] --START--
INFO: Run Behavior\ShowPageTraceBehavior [ RunTime:0.000028s ]
INFO: [ app_end ] --END-- [ RunTime:0.000050s ]

[ 2020-03-14T01:51:53+08:00 ] 192.168.0.104 /qwadmin/school/add.html
INFO: [ app_init ] --START--
INFO: Run Behavior\BuildLiteBehavior [ RunTime:0.000009s ]
INFO: [ app_init ] --END-- [ RunTime:0.000056s ]
INFO: [ app_begin ] --START--
INFO: Run Behavior\ReadHtmlCacheBehavior [ RunTime:0.000023s ]
INFO: [ app_begin ] --END-- [ RunTime:0.000048s ]
NOTIC: [8] A session had already been started - ignoring session_start() /var/www/school_air_analyze/App/Qwadmin/Controller/ComController.class.php 第 136 行.
SQL: SHOW COLUMNS FROM `qw_member` [ RunTime:0.0269s ]
SQL: SELECT * FROM `qw_member` WHERE `uid` = 1 LIMIT 1   [ RunTime:0.0244s ]
SQL: SELECT * FROM qw_auth_group g left join qw_auth_group_access a on g.id=a.group_id where a.uid=1 [ RunTime:0.0245s ]
SQL: SHOW COLUMNS FROM `qw_member` [ RunTime:0.0259s ]
SQL: SELECT * FROM `qw_member` WHERE `uid` = 1 LIMIT 1   [ RunTime:0.0238s ]
SQL: SELECT s.id,s.title,s.name,s.tips,s.pid,p.pid as ppid,p.title as ptitle FROM qw_auth_rule s left join qw_auth_rule p on p.id=s.pid where s.name='School/index' [ RunTime:0.0253s ]
SQL: SHOW COLUMNS FROM `qw_auth_rule` [ RunTime:0.0267s ]
SQL: SELECT `id`,`title`,`pid`,`name`,`icon` FROM `qw_auth_rule` WHERE ( islink=1   ) ORDER BY o ASC  [ RunTime:0.0248s ]
INFO: [ view_parse ] --START--
INFO: [ template_filter ] --START--
INFO: Run Behavior\ContentReplaceBehavior [ RunTime:0.000067s ]
INFO: [ template_filter ] --END-- [ RunTime:0.000102s ]
NOTIC: [8] Undefined variable: list_uri /var/www/school_air_analyze/App/Runtime/Cache/Qwadmin/0a0fb9bfb5746117eb18dee4768083de.php 第 290 行.
NOTIC: [8] Undefined variable: item /var/www/school_air_analyze/App/Runtime/Cache/Qwadmin/0a0fb9bfb5746117eb18dee4768083de.php 第 400 行.
NOTIC: [8] Undefined variable: item /var/www/school_air_analyze/App/Runtime/Cache/Qwadmin/0a0fb9bfb5746117eb18dee4768083de.php 第 448 行.
INFO: Run Behavior\ParseTemplateBehavior [ RunTime:0.008996s ]
INFO: [ view_parse ] --END-- [ RunTime:0.009035s ]
INFO: [ view_filter ] --START--
INFO: Run Behavior\WriteHtmlCacheBehavior [ RunTime:0.000041s ]
INFO: [ view_filter ] --END-- [ RunTime:0.000059s ]
INFO: [ app_end ] --START--
INFO: Run Behavior\ShowPageTraceBehavior [ RunTime:0.000030s ]
INFO: [ app_end ] --END-- [ RunTime:0.000054s ]

[ 2020-03-14T02:53:44+08:00 ] 192.168.0.104 /qwadmin/school/add.html
INFO: [ app_init ] --START--
INFO: Run Behavior\BuildLiteBehavior [ RunTime:0.000012s ]
INFO: [ app_init ] --END-- [ RunTime:0.000276s ]
INFO: [ app_begin ] --START--
INFO: Run Behavior\ReadHtmlCacheBehavior [ RunTime:0.000065s ]
INFO: [ app_begin ] --END-- [ RunTime:0.000104s ]
NOTIC: [8] A session had already been started - ignoring session_start() /var/www/school_air_analyze/App/Qwadmin/Controller/ComController.class.php 第 136 行.
SQL: SHOW COLUMNS FROM `qw_member` [ RunTime:0.0257s ]
SQL: SELECT * FROM `qw_member` WHERE `uid` = 1 LIMIT 1   [ RunTime:0.0229s ]
SQL: SELECT * FROM qw_auth_group g left join qw_auth_group_access a on g.id=a.group_id where a.uid=1 [ RunTime:0.0229s ]
SQL: SHOW COLUMNS FROM `qw_member` [ RunTime:0.0261s ]
SQL: SELECT * FROM `qw_member` WHERE `uid` = 1 LIMIT 1   [ RunTime:0.0231s ]
SQL: SELECT s.id,s.title,s.name,s.tips,s.pid,p.pid as ppid,p.title as ptitle FROM qw_auth_rule s left join qw_auth_rule p on p.id=s.pid where s.name='School/index' [ RunTime:0.0233s ]
SQL: SHOW COLUMNS FROM `qw_auth_rule` [ RunTime:0.0262s ]
SQL: SELECT `id`,`title`,`pid`,`name`,`icon` FROM `qw_auth_rule` WHERE ( islink=1   ) ORDER BY o ASC  [ RunTime:0.0244s ]
INFO: [ view_parse ] --START--
INFO: [ template_filter ] --START--
INFO: Run Behavior\ContentReplaceBehavior [ RunTime:0.000104s ]
INFO: [ template_filter ] --END-- [ RunTime:0.000160s ]
NOTIC: [8] Undefined variable: list_uri /var/www/school_air_analyze/App/Runtime/Cache/Qwadmin/0a0fb9bfb5746117eb18dee4768083de.php 第 290 行.
NOTIC: [8] Undefined variable: item /var/www/school_air_analyze/App/Runtime/Cache/Qwadmin/0a0fb9bfb5746117eb18dee4768083de.php 第 400 行.
NOTIC: [8] Undefined variable: item /var/www/school_air_analyze/App/Runtime/Cache/Qwadmin/0a0fb9bfb5746117eb18dee4768083de.php 第 448 行.
INFO: Run Behavior\ParseTemplateBehavior [ RunTime:0.015976s ]
INFO: [ view_parse ] --END-- [ RunTime:0.016015s ]
INFO: [ view_filter ] --START--
INFO: Run Behavior\WriteHtmlCacheBehavior [ RunTime:0.000035s ]
INFO: [ view_filter ] --END-- [ RunTime:0.000053s ]
INFO: [ app_end ] --START--
INFO: Run Behavior\ShowPageTraceBehavior [ RunTime:0.000030s ]
INFO: [ app_end ] --END-- [ RunTime:0.000055s ]

[ 2020-03-14T02:54:55+08:00 ] 192.168.0.104 /qwadmin/school/add.html
INFO: [ app_init ] --START--
INFO: Run Behavior\BuildLiteBehavior [ RunTime:0.000015s ]
INFO: [ app_init ] --END-- [ RunTime:0.000117s ]
INFO: [ app_begin ] --START--
INFO: Run Behavior\ReadHtmlCacheBehavior [ RunTime:0.000029s ]
INFO: [ app_begin ] --END-- [ RunTime:0.000097s ]
NOTIC: [8] A session had already been started - ignoring session_start() /var/www/school_air_analyze/App/Qwadmin/Controller/ComController.class.php 第 136 行.
SQL: SHOW COLUMNS FROM `qw_member` [ RunTime:0.0270s ]
SQL: SELECT * FROM `qw_member` WHERE `uid` = 1 LIMIT 1   [ RunTime:0.0239s ]
SQL: SELECT * FROM qw_auth_group g left join qw_auth_group_access a on g.id=a.group_id where a.uid=1 [ RunTime:0.0240s ]
SQL: SHOW COLUMNS FROM `qw_member` [ RunTime:0.0269s ]
SQL: SELECT * FROM `qw_member` WHERE `uid` = 1 LIMIT 1   [ RunTime:0.0233s ]
SQL: SELECT s.id,s.title,s.name,s.tips,s.pid,p.pid as ppid,p.title as ptitle FROM qw_auth_rule s left join qw_auth_rule p on p.id=s.pid where s.name='School/index' [ RunTime:0.0233s ]
SQL: SHOW COLUMNS FROM `qw_auth_rule` [ RunTime:0.0292s ]
SQL: SELECT `id`,`title`,`pid`,`name`,`icon` FROM `qw_auth_rule` WHERE ( islink=1   ) ORDER BY o ASC  [ RunTime:0.0248s ]
INFO: [ view_parse ] --START--
INFO: [ template_filter ] --START--
INFO: Run Behavior\ContentReplaceBehavior [ RunTime:0.000078s ]
INFO: [ template_filter ] --END-- [ RunTime:0.000125s ]
NOTIC: [8] Undefined variable: list_uri /var/www/school_air_analyze/App/Runtime/Cache/Qwadmin/0a0fb9bfb5746117eb18dee4768083de.php 第 290 行.
NOTIC: [8] Undefined variable: item /var/www/school_air_analyze/App/Runtime/Cache/Qwadmin/0a0fb9bfb5746117eb18dee4768083de.php 第 400 行.
NOTIC: [8] Undefined variable: item /var/www/school_air_analyze/App/Runtime/Cache/Qwadmin/0a0fb9bfb5746117eb18dee4768083de.php 第 448 行.
INFO: Run Behavior\ParseTemplateBehavior [ RunTime:0.012057s ]
INFO: [ view_parse ] --END-- [ RunTime:0.012088s ]
INFO: [ view_filter ] --START--
INFO: Run Behavior\WriteHtmlCacheBehavior [ RunTime:0.000041s ]
INFO: [ view_filter ] --END-- [ RunTime:0.000110s ]
INFO: [ app_end ] --START--
INFO: Run Behavior\ShowPageTraceBehavior [ RunTime:0.000030s ]
INFO: [ app_end ] --END-- [ RunTime:0.000054s ]

[ 2020-03-14T02:55:16+08:00 ] 192.168.0.104 /qwadmin/school/add.html
INFO: [ app_init ] --START--
INFO: Run Behavior\BuildLiteBehavior [ RunTime:0.000009s ]
INFO: [ app_init ] --END-- [ RunTime:0.000061s ]
INFO: [ app_begin ] --START--
INFO: Run Behavior\ReadHtmlCacheBehavior [ RunTime:0.000023s ]
INFO: [ app_begin ] --END-- [ RunTime:0.000046s ]
NOTIC: [8] A session had already been started - ignoring session_start() /var/www/school_air_analyze/App/Qwadmin/Controller/ComController.class.php 第 136 行.
SQL: SHOW COLUMNS FROM `qw_member` [ RunTime:0.0259s ]
SQL: SELECT * FROM `qw_member` WHERE `uid` = 1 LIMIT 1   [ RunTime:0.0231s ]
SQL: SELECT * FROM qw_auth_group g left join qw_auth_group_access a on g.id=a.group_id where a.uid=1 [ RunTime:0.0238s ]
SQL: SHOW COLUMNS FROM `qw_member` [ RunTime:0.0255s ]
SQL: SELECT * FROM `qw_member` WHERE `uid` = 1 LIMIT 1   [ RunTime:0.0233s ]
SQL: SELECT s.id,s.title,s.name,s.tips,s.pid,p.pid as ppid,p.title as ptitle FROM qw_auth_rule s left join qw_auth_rule p on p.id=s.pid where s.name='School/index' [ RunTime:0.0234s ]
SQL: SHOW COLUMNS FROM `qw_auth_rule` [ RunTime:0.0260s ]
SQL: SELECT `id`,`title`,`pid`,`name`,`icon` FROM `qw_auth_rule` WHERE ( islink=1   ) ORDER BY o ASC  [ RunTime:0.0244s ]
INFO: [ view_parse ] --START--
INFO: [ template_filter ] --START--
INFO: Run Behavior\ContentReplaceBehavior [ RunTime:0.000069s ]
INFO: [ template_filter ] --END-- [ RunTime:0.000106s ]
NOTIC: [8] Undefined variable: list_uri /var/www/school_air_analyze/App/Runtime/Cache/Qwadmin/0a0fb9bfb5746117eb18dee4768083de.php 第 290 行.
NOTIC: [8] Undefined variable: item /var/www/school_air_analyze/App/Runtime/Cache/Qwadmin/0a0fb9bfb5746117eb18dee4768083de.php 第 400 行.
NOTIC: [8] Undefined variable: item /var/www/school_air_analyze/App/Runtime/Cache/Qwadmin/0a0fb9bfb5746117eb18dee4768083de.php 第 448 行.
INFO: Run Behavior\ParseTemplateBehavior [ RunTime:0.010931s ]
INFO: [ view_parse ] --END-- [ RunTime:0.011040s ]
INFO: [ view_filter ] --START--
INFO: Run Behavior\WriteHtmlCacheBehavior [ RunTime:0.000027s ]
INFO: [ view_filter ] --END-- [ RunTime:0.000044s ]
INFO: [ app_end ] --START--
INFO: Run Behavior\ShowPageTraceBehavior [ RunTime:0.000031s ]
INFO: [ app_end ] --END-- [ RunTime:0.000059s ]

