[ 2020-03-02T13:01:11+08:00 ] 192.168.0.101 /qwadmin/login/index.html
INFO: [ app_init ] --START--
INFO: Run Behavior\BuildLiteBehavior [ RunTime:0.000010s ]
INFO: [ app_init ] --END-- [ RunTime:0.000058s ]
INFO: [ app_begin ] --START--
INFO: Run Behavior\ReadHtmlCacheBehavior [ RunTime:0.000112s ]
INFO: [ app_begin ] --END-- [ RunTime:0.000191s ]
NOTIC: [8] A session had already been started - ignoring session_start() /var/www/school_air_analyze/App/Qwadmin/Controller/ComController.class.php 第 136 行.
INFO: [ view_parse ] --START--
INFO: [ template_filter ] --START--
INFO: Run Behavior\ContentReplaceBehavior [ RunTime:0.000032s ]
INFO: [ template_filter ] --END-- [ RunTime:0.000065s ]
NOTIC: [8] Undefined variable: current /var/www/school_air_analyze/App/Runtime/Cache/Qwadmin/3ec037c4eac547117970073708a020a7.php 第 6 行.
INFO: Run Behavior\ParseTemplateBehavior [ RunTime:0.002508s ]
INFO: [ view_parse ] --END-- [ RunTime:0.002534s ]
INFO: [ view_filter ] --START--
INFO: Run Behavior\WriteHtmlCacheBehavior [ RunTime:0.000191s ]
INFO: [ view_filter ] --END-- [ RunTime:0.000215s ]
INFO: [ app_end ] --START--
INFO: Run Behavior\ShowPageTraceBehavior [ RunTime:0.000472s ]
INFO: [ app_end ] --END-- [ RunTime:0.000502s ]

[ 2020-03-02T13:01:11+08:00 ] 192.168.0.101 /qwadmin/login/verify.html
INFO: [ app_init ] --START--
INFO: Run Behavior\BuildLiteBehavior [ RunTime:0.000010s ]
INFO: [ app_init ] --END-- [ RunTime:0.000088s ]
INFO: [ app_begin ] --START--
INFO: Run Behavior\ReadHtmlCacheBehavior [ RunTime:0.000025s ]
INFO: [ app_begin ] --END-- [ RunTime:0.000049s ]
INFO: [ app_end ] --START--
INFO: Run Behavior\ShowPageTraceBehavior [ RunTime:0.000073s ]
INFO: [ app_end ] --END-- [ RunTime:0.000133s ]

[ 2020-03-02T13:01:18+08:00 ] 192.168.0.101 /qwadmin/login/verify.html?1583125277474
INFO: [ app_init ] --START--
INFO: Run Behavior\BuildLiteBehavior [ RunTime:0.000012s ]
INFO: [ app_init ] --END-- [ RunTime:0.000122s ]
INFO: [ app_begin ] --START--
INFO: Run Behavior\ReadHtmlCacheBehavior [ RunTime:0.000061s ]
INFO: [ app_begin ] --END-- [ RunTime:0.000111s ]
INFO: [ app_end ] --START--
INFO: Run Behavior\ShowPageTraceBehavior [ RunTime:0.000030s ]
INFO: [ app_end ] --END-- [ RunTime:0.000061s ]

[ 2020-03-02T13:01:21+08:00 ] 192.168.0.101 /qwadmin/login/login.html
INFO: [ app_init ] --START--
INFO: Run Behavior\BuildLiteBehavior [ RunTime:0.000009s ]
INFO: [ app_init ] --END-- [ RunTime:0.000053s ]
INFO: [ app_begin ] --START--
INFO: Run Behavior\ReadHtmlCacheBehavior [ RunTime:0.000018s ]
INFO: [ app_begin ] --END-- [ RunTime:0.000041s ]
SQL: SHOW COLUMNS FROM `qw_member` [ RunTime:0.0317s ]
SQL: SELECT `uid`,`user` FROM `qw_member` WHERE `user` = 'admin' AND `password` = '0fa5933c7d220e1334ba99d6f751074c' LIMIT 1   [ RunTime:0.0303s ]
NOTIC: [8] A session had already been started - ignoring session_start() /var/www/school_air_analyze/App/Qwadmin/Controller/LoginController.class.php 第 51 行.
SQL: SHOW COLUMNS FROM `qw_log` [ RunTime:0.0303s ]
NOTIC: [8] A session had already been started - ignoring session_start() /var/www/school_air_analyze/App/Qwadmin/Common/function.php 第 12 行.
SQL: SHOW COLUMNS FROM `qw_member` [ RunTime:0.0266s ]
SQL: SELECT `user` FROM `qw_member` WHERE `uid` = 1 LIMIT 1   [ RunTime:0.0246s ]
SQL: INSERT INTO `qw_log` (`name`,`t`,`ip`,`log`) VALUES ('admin','1583125281','192.168.0.101','登录成功。') [ RunTime:0.0324s ]

[ 2020-03-02T13:01:22+08:00 ] 192.168.0.101 /qwadmin/index/index.html
INFO: [ app_init ] --START--
INFO: Run Behavior\BuildLiteBehavior [ RunTime:0.000010s ]
INFO: [ app_init ] --END-- [ RunTime:0.000059s ]
INFO: [ app_begin ] --START--
INFO: Run Behavior\ReadHtmlCacheBehavior [ RunTime:0.000024s ]
INFO: [ app_begin ] --END-- [ RunTime:0.000050s ]
NOTIC: [8] A session had already been started - ignoring session_start() /var/www/school_air_analyze/App/Qwadmin/Controller/ComController.class.php 第 136 行.
SQL: SHOW COLUMNS FROM `qw_member` [ RunTime:0.0254s ]
SQL: SELECT * FROM `qw_member` WHERE `uid` = 1 LIMIT 1   [ RunTime:0.0233s ]
SQL: SELECT * FROM qw_auth_group g left join qw_auth_group_access a on g.id=a.group_id where a.uid=1 [ RunTime:0.0348s ]
SQL: SHOW COLUMNS FROM `qw_member` [ RunTime:0.0240s ]
SQL: SELECT * FROM `qw_member` WHERE `uid` = 1 LIMIT 1   [ RunTime:0.0236s ]
SQL: SELECT s.id,s.title,s.name,s.tips,s.pid,p.pid as ppid,p.title as ptitle FROM qw_auth_rule s left join qw_auth_rule p on p.id=s.pid where s.name='Index/index' [ RunTime:0.0283s ]
SQL: SHOW COLUMNS FROM `qw_auth_rule` [ RunTime:0.0246s ]
SQL: SELECT `id`,`title`,`pid`,`name`,`icon` FROM `qw_auth_rule` WHERE ( islink=1   ) ORDER BY o ASC  [ RunTime:0.0242s ]
SQL: select VERSION() as mysql [ RunTime:0.0244s ]
SQL: SHOW COLUMNS FROM `qw_log` [ RunTime:0.0248s ]
SQL: DELETE FROM `qw_log` WHERE ( t < 1577941281 ) [ RunTime:0.0277s ]
SQL: SELECT COUNT(*) AS tp_count FROM `qw_log` LIMIT 1   [ RunTime:0.0229s ]
SQL: SELECT * FROM `qw_log` ORDER BY id desc LIMIT 0,25   [ RunTime:0.0236s ]
INFO: [ view_parse ] --START--
INFO: [ template_filter ] --START--
INFO: Run Behavior\ContentReplaceBehavior [ RunTime:0.000066s ]
INFO: [ template_filter ] --END-- [ RunTime:0.000102s ]
NOTIC: [8] Undefined variable: list_uri /var/www/school_air_analyze/App/Runtime/Cache/Qwadmin/2aa6134a511d985f5099413a11b19042.php 第 290 行.
INFO: Run Behavior\ParseTemplateBehavior [ RunTime:1.189721s ]
INFO: [ view_parse ] --END-- [ RunTime:1.189776s ]
INFO: [ view_filter ] --START--
INFO: Run Behavior\WriteHtmlCacheBehavior [ RunTime:0.000056s ]
INFO: [ view_filter ] --END-- [ RunTime:0.000081s ]
INFO: [ app_end ] --START--
INFO: Run Behavior\ShowPageTraceBehavior [ RunTime:0.000038s ]
INFO: [ app_end ] --END-- [ RunTime:0.000070s ]

[ 2020-03-02T13:01:24+08:00 ] 192.168.0.101 /qwadmin/index/index.html?callback=jQuery2110578233243989756_1583125282087&_=1583125282088
INFO: [ app_init ] --START--
INFO: Run Behavior\BuildLiteBehavior [ RunTime:0.000013s ]
INFO: [ app_init ] --END-- [ RunTime:0.000162s ]
INFO: [ app_begin ] --START--
INFO: Run Behavior\ReadHtmlCacheBehavior [ RunTime:0.000025s ]
INFO: [ app_begin ] --END-- [ RunTime:0.000050s ]
NOTIC: [8] A session had already been started - ignoring session_start() /var/www/school_air_analyze/App/Qwadmin/Controller/ComController.class.php 第 136 行.
SQL: SHOW COLUMNS FROM `qw_member` [ RunTime:0.0282s ]
SQL: SELECT * FROM `qw_member` WHERE `uid` = 1 LIMIT 1   [ RunTime:0.0211s ]
SQL: SELECT * FROM qw_auth_group g left join qw_auth_group_access a on g.id=a.group_id where a.uid=1 [ RunTime:0.0230s ]
SQL: SHOW COLUMNS FROM `qw_member` [ RunTime:0.0271s ]
SQL: SELECT * FROM `qw_member` WHERE `uid` = 1 LIMIT 1   [ RunTime:0.0241s ]
SQL: SELECT s.id,s.title,s.name,s.tips,s.pid,p.pid as ppid,p.title as ptitle FROM qw_auth_rule s left join qw_auth_rule p on p.id=s.pid where s.name='Index/index' [ RunTime:0.0265s ]
SQL: SHOW COLUMNS FROM `qw_auth_rule` [ RunTime:0.0254s ]
SQL: SELECT `id`,`title`,`pid`,`name`,`icon` FROM `qw_auth_rule` WHERE ( islink=1   ) ORDER BY o ASC  [ RunTime:0.0234s ]
SQL: select VERSION() as mysql [ RunTime:0.0300s ]
SQL: SHOW COLUMNS FROM `qw_log` [ RunTime:0.0245s ]
SQL: DELETE FROM `qw_log` WHERE ( t < 1577941283 ) [ RunTime:0.0235s ]
SQL: SELECT COUNT(*) AS tp_count FROM `qw_log` LIMIT 1   [ RunTime:0.0230s ]
SQL: SELECT * FROM `qw_log` ORDER BY id desc LIMIT 0,25   [ RunTime:0.0240s ]
INFO: [ view_parse ] --START--
INFO: [ template_filter ] --START--
INFO: Run Behavior\ContentReplaceBehavior [ RunTime:0.000065s ]
INFO: [ template_filter ] --END-- [ RunTime:0.000103s ]
NOTIC: [8] Undefined variable: list_uri /var/www/school_air_analyze/App/Runtime/Cache/Qwadmin/2aa6134a511d985f5099413a11b19042.php 第 290 行.
INFO: Run Behavior\ParseTemplateBehavior [ RunTime:1.008588s ]
INFO: [ view_parse ] --END-- [ RunTime:1.008645s ]
INFO: [ view_filter ] --START--
INFO: Run Behavior\WriteHtmlCacheBehavior [ RunTime:0.000056s ]
INFO: [ view_filter ] --END-- [ RunTime:0.000081s ]
INFO: [ app_end ] --START--
INFO: Run Behavior\ShowPageTraceBehavior [ RunTime:0.000029s ]
INFO: [ app_end ] --END-- [ RunTime:0.000053s ]

[ 2020-03-02T13:01:26+08:00 ] 192.168.0.101 /qwadmin/school/index.html
INFO: [ app_init ] --START--
INFO: Run Behavior\BuildLiteBehavior [ RunTime:0.000009s ]
INFO: [ app_init ] --END-- [ RunTime:0.000056s ]
INFO: [ app_begin ] --START--
INFO: Run Behavior\ReadHtmlCacheBehavior [ RunTime:0.000021s ]
INFO: [ app_begin ] --END-- [ RunTime:0.000044s ]
NOTIC: [8] A session had already been started - ignoring session_start() /var/www/school_air_analyze/App/Qwadmin/Controller/ComController.class.php 第 136 行.
SQL: SHOW COLUMNS FROM `qw_member` [ RunTime:0.0273s ]
SQL: SELECT * FROM `qw_member` WHERE `uid` = 1 LIMIT 1   [ RunTime:0.0246s ]
SQL: SELECT * FROM qw_auth_group g left join qw_auth_group_access a on g.id=a.group_id where a.uid=1 [ RunTime:0.0247s ]
SQL: SHOW COLUMNS FROM `qw_member` [ RunTime:0.0263s ]
SQL: SELECT * FROM `qw_member` WHERE `uid` = 1 LIMIT 1   [ RunTime:0.0256s ]
SQL: SELECT s.id,s.title,s.name,s.tips,s.pid,p.pid as ppid,p.title as ptitle FROM qw_auth_rule s left join qw_auth_rule p on p.id=s.pid where s.name='School/index' [ RunTime:0.0234s ]
SQL: SHOW COLUMNS FROM `qw_auth_rule` [ RunTime:0.0289s ]
SQL: SELECT `id`,`title`,`pid`,`name`,`icon` FROM `qw_auth_rule` WHERE ( islink=1   ) ORDER BY o ASC  [ RunTime:0.0255s ]
SQL: SHOW COLUMNS FROM `qw_school` [ RunTime:0.0314s ]
SQL: SELECT COUNT(*) AS tp_count FROM `qw_school` LIMIT 1   [ RunTime:0.0257s ]
SQL: SELECT * FROM `qw_school` ORDER BY id asc LIMIT 0,10   [ RunTime:0.0233s ]
INFO: [ view_parse ] --START--
INFO: [ template_filter ] --START--
INFO: Run Behavior\ContentReplaceBehavior [ RunTime:0.000084s ]
INFO: [ template_filter ] --END-- [ RunTime:0.000189s ]
NOTIC: [8] Undefined variable: list_uri /var/www/school_air_analyze/App/Runtime/Cache/Qwadmin/e694eee4feff6ceabcd186048cd9b14c.php 第 309 行.
NOTIC: [8] Use of undefined constant name - assumed 'name' /var/www/school_air_analyze/App/Runtime/Cache/Qwadmin/e694eee4feff6ceabcd186048cd9b14c.php 第 417 行.
NOTIC: [8] Use of undefined constant city - assumed 'city' /var/www/school_air_analyze/App/Runtime/Cache/Qwadmin/e694eee4feff6ceabcd186048cd9b14c.php 第 418 行.
NOTIC: [8] Use of undefined constant region - assumed 'region' /var/www/school_air_analyze/App/Runtime/Cache/Qwadmin/e694eee4feff6ceabcd186048cd9b14c.php 第 419 行.
NOTIC: [8] Use of undefined constant keyword - assumed 'keyword' /var/www/school_air_analyze/App/Runtime/Cache/Qwadmin/e694eee4feff6ceabcd186048cd9b14c.php 第 421 行.
NOTIC: [8] Use of undefined constant asc - assumed 'asc' /var/www/school_air_analyze/App/Runtime/Cache/Qwadmin/e694eee4feff6ceabcd186048cd9b14c.php 第 424 行.
NOTIC: [8] Use of undefined constant desc - assumed 'desc' /var/www/school_air_analyze/App/Runtime/Cache/Qwadmin/e694eee4feff6ceabcd186048cd9b14c.php 第 425 行.
INFO: Run Behavior\ParseTemplateBehavior [ RunTime:0.012797s ]
INFO: [ view_parse ] --END-- [ RunTime:0.012833s ]
INFO: [ view_filter ] --START--
INFO: Run Behavior\WriteHtmlCacheBehavior [ RunTime:0.000038s ]
INFO: [ view_filter ] --END-- [ RunTime:0.000057s ]
INFO: [ app_end ] --START--
INFO: Run Behavior\ShowPageTraceBehavior [ RunTime:0.000030s ]
INFO: [ app_end ] --END-- [ RunTime:0.000053s ]

[ 2020-03-02T13:01:28+08:00 ] 192.168.0.101 /qwadmin/school/add.html
INFO: [ app_init ] --START--
INFO: Run Behavior\BuildLiteBehavior [ RunTime:0.000010s ]
INFO: [ app_init ] --END-- [ RunTime:0.000051s ]
INFO: [ app_begin ] --START--
INFO: Run Behavior\ReadHtmlCacheBehavior [ RunTime:0.000020s ]
INFO: [ app_begin ] --END-- [ RunTime:0.000043s ]
NOTIC: [8] A session had already been started - ignoring session_start() /var/www/school_air_analyze/App/Qwadmin/Controller/ComController.class.php 第 136 行.
SQL: SHOW COLUMNS FROM `qw_member` [ RunTime:0.0301s ]
SQL: SELECT * FROM `qw_member` WHERE `uid` = 1 LIMIT 1   [ RunTime:0.0248s ]
SQL: SELECT * FROM qw_auth_group g left join qw_auth_group_access a on g.id=a.group_id where a.uid=1 [ RunTime:0.0286s ]
SQL: SHOW COLUMNS FROM `qw_member` [ RunTime:0.0280s ]
SQL: SELECT * FROM `qw_member` WHERE `uid` = 1 LIMIT 1   [ RunTime:0.0260s ]
SQL: SELECT s.id,s.title,s.name,s.tips,s.pid,p.pid as ppid,p.title as ptitle FROM qw_auth_rule s left join qw_auth_rule p on p.id=s.pid where s.name='School/index' [ RunTime:0.0255s ]
SQL: SHOW COLUMNS FROM `qw_auth_rule` [ RunTime:0.0279s ]
SQL: SELECT `id`,`title`,`pid`,`name`,`icon` FROM `qw_auth_rule` WHERE ( islink=1   ) ORDER BY o ASC  [ RunTime:0.0263s ]
INFO: [ view_parse ] --START--
INFO: [ template_filter ] --START--
INFO: Run Behavior\ContentReplaceBehavior [ RunTime:0.000065s ]
INFO: [ template_filter ] --END-- [ RunTime:0.000106s ]
NOTIC: [8] Undefined variable: list_uri /var/www/school_air_analyze/App/Runtime/Cache/Qwadmin/0a0fb9bfb5746117eb18dee4768083de.php 第 290 行.
NOTIC: [8] Undefined variable: item /var/www/school_air_analyze/App/Runtime/Cache/Qwadmin/0a0fb9bfb5746117eb18dee4768083de.php 第 400 行.
NOTIC: [8] Undefined variable: member /var/www/school_air_analyze/App/Runtime/Cache/Qwadmin/0a0fb9bfb5746117eb18dee4768083de.php 第 413 行.
NOTIC: [8] Undefined variable: member /var/www/school_air_analyze/App/Runtime/Cache/Qwadmin/0a0fb9bfb5746117eb18dee4768083de.php 第 425 行.
NOTIC: [8] Undefined variable: item /var/www/school_air_analyze/App/Runtime/Cache/Qwadmin/0a0fb9bfb5746117eb18dee4768083de.php 第 439 行.
INFO: Run Behavior\ParseTemplateBehavior [ RunTime:0.009461s ]
INFO: [ view_parse ] --END-- [ RunTime:0.009492s ]
INFO: [ view_filter ] --START--
INFO: Run Behavior\WriteHtmlCacheBehavior [ RunTime:0.000028s ]
INFO: [ view_filter ] --END-- [ RunTime:0.000045s ]
INFO: [ app_end ] --START--
INFO: Run Behavior\ShowPageTraceBehavior [ RunTime:0.000026s ]
INFO: [ app_end ] --END-- [ RunTime:0.000048s ]

