[ 2014-10-11T16:04:08+08:00 ] ::1 /btcms/index.php/Payment/ApiOrder
INFO: [ app_init ] --START--
INFO: Run Behavior\BuildLiteBehavior [ RunTime:0.000033s ]
INFO: [ app_init ] --END-- [ RunTime:0.000481s ]
INFO: [ app_begin ] --START--
INFO: Run Behavior\ReadHtmlCacheBehavior [ RunTime:0.000582s ]
INFO: [ app_begin ] --END-- [ RunTime:0.000749s ]
ERR: 非法操作:index

[ 2014-10-11T16:04:17+08:00 ] ::1 /btcms/index.php/Payment/ApiOrder/CreateOrder
INFO: [ app_init ] --START--
INFO: Run Behavior\BuildLiteBehavior [ RunTime:0.000033s ]
INFO: [ app_init ] --END-- [ RunTime:0.000527s ]
INFO: [ app_begin ] --START--
INFO: Run Behavior\ReadHtmlCacheBehavior [ RunTime:0.000858s ]
INFO: [ app_begin ] --END-- [ RunTime:0.001151s ]

[ 2014-10-11T16:06:24+08:00 ] ::1 /btcms/index.php/Payment/ApiOrder/CreateOrder
INFO: [ app_init ] --START--
INFO: Run Behavior\BuildLiteBehavior [ RunTime:0.000035s ]
INFO: [ app_init ] --END-- [ RunTime:0.000552s ]
INFO: [ app_begin ] --START--
INFO: Run Behavior\ReadHtmlCacheBehavior [ RunTime:0.000883s ]
INFO: [ app_begin ] --END-- [ RunTime:0.001118s ]

[ 2014-10-11T16:06:36+08:00 ] ::1 /btcms/index.php/Payment/ApiOrder/CreateOrder
INFO: [ app_init ] --START--
INFO: Run Behavior\BuildLiteBehavior [ RunTime:0.000032s ]
INFO: [ app_init ] --END-- [ RunTime:0.000517s ]
INFO: [ app_begin ] --START--
INFO: Run Behavior\ReadHtmlCacheBehavior [ RunTime:0.000825s ]
INFO: [ app_begin ] --END-- [ RunTime:0.000995s ]

[ 2014-10-11T16:07:27+08:00 ] ::1 /btcms/index.php/Payment/ApiOrder/CreateOrder
INFO: [ app_init ] --START--
INFO: Run Behavior\BuildLiteBehavior [ RunTime:0.000033s ]
INFO: [ app_init ] --END-- [ RunTime:0.000543s ]
INFO: [ app_begin ] --START--
INFO: Run Behavior\ReadHtmlCacheBehavior [ RunTime:0.000669s ]
INFO: [ app_begin ] --END-- [ RunTime:0.000874s ]

[ 2014-10-11T16:07:36+08:00 ] ::1 /btcms/index.php/Payment/ApiOrder/CreateOrder
INFO: [ app_init ] --START--
INFO: Run Behavior\BuildLiteBehavior [ RunTime:0.000034s ]
INFO: [ app_init ] --END-- [ RunTime:0.000572s ]
INFO: [ app_begin ] --START--
INFO: Run Behavior\ReadHtmlCacheBehavior [ RunTime:0.001034s ]
INFO: [ app_begin ] --END-- [ RunTime:0.001327s ]

[ 2014-10-11T16:07:42+08:00 ] ::1 /btcms/index.php/Payment/ApiOrder/CreateOrder
INFO: [ app_init ] --START--
INFO: Run Behavior\BuildLiteBehavior [ RunTime:0.000033s ]
INFO: [ app_init ] --END-- [ RunTime:0.000590s ]
INFO: [ app_begin ] --START--
INFO: Run Behavior\ReadHtmlCacheBehavior [ RunTime:0.000692s ]
INFO: [ app_begin ] --END-- [ RunTime:0.000879s ]

[ 2014-10-11T16:07:43+08:00 ] ::1 /btcms/index.php/Payment/ApiOrder/CreateOrder
INFO: [ app_init ] --START--
INFO: Run Behavior\BuildLiteBehavior [ RunTime:0.000031s ]
INFO: [ app_init ] --END-- [ RunTime:0.000520s ]
INFO: [ app_begin ] --START--
INFO: Run Behavior\ReadHtmlCacheBehavior [ RunTime:0.000871s ]
INFO: [ app_begin ] --END-- [ RunTime:0.001320s ]

[ 2014-10-11T16:07:43+08:00 ] ::1 /btcms/index.php/Payment/ApiOrder/CreateOrder
INFO: [ app_init ] --START--
INFO: Run Behavior\BuildLiteBehavior [ RunTime:0.000031s ]
INFO: [ app_init ] --END-- [ RunTime:0.000523s ]
INFO: [ app_begin ] --START--
INFO: Run Behavior\ReadHtmlCacheBehavior [ RunTime:0.000583s ]
INFO: [ app_begin ] --END-- [ RunTime:0.000748s ]

[ 2014-10-11T16:07:44+08:00 ] ::1 /btcms/index.php/Payment/ApiOrder/CreateOrder
INFO: [ app_init ] --START--
INFO: Run Behavior\BuildLiteBehavior [ RunTime:0.000031s ]
INFO: [ app_init ] --END-- [ RunTime:0.000713s ]
INFO: [ app_begin ] --START--
INFO: Run Behavior\ReadHtmlCacheBehavior [ RunTime:0.000579s ]
INFO: [ app_begin ] --END-- [ RunTime:0.000743s ]

[ 2014-10-11T16:07:45+08:00 ] ::1 /btcms/index.php/Payment/ApiOrder/CreateOrder
INFO: [ app_init ] --START--
INFO: Run Behavior\BuildLiteBehavior [ RunTime:0.000041s ]
INFO: [ app_init ] --END-- [ RunTime:0.000750s ]
INFO: [ app_begin ] --START--
INFO: Run Behavior\ReadHtmlCacheBehavior [ RunTime:0.000650s ]
INFO: [ app_begin ] --END-- [ RunTime:0.000808s ]

[ 2014-10-11T16:07:46+08:00 ] ::1 /btcms/index.php/Payment/ApiOrder/CreateOrder
INFO: [ app_init ] --START--
INFO: Run Behavior\BuildLiteBehavior [ RunTime:0.000033s ]
INFO: [ app_init ] --END-- [ RunTime:0.000550s ]
INFO: [ app_begin ] --START--
INFO: Run Behavior\ReadHtmlCacheBehavior [ RunTime:0.000620s ]
INFO: [ app_begin ] --END-- [ RunTime:0.000873s ]

[ 2014-10-11T16:07:47+08:00 ] ::1 /btcms/index.php/Payment/ApiOrder/CreateOrder
INFO: [ app_init ] --START--
INFO: Run Behavior\BuildLiteBehavior [ RunTime:0.000031s ]
INFO: [ app_init ] --END-- [ RunTime:0.000511s ]
INFO: [ app_begin ] --START--
INFO: Run Behavior\ReadHtmlCacheBehavior [ RunTime:0.000566s ]
INFO: [ app_begin ] --END-- [ RunTime:0.000735s ]

[ 2014-10-11T16:07:47+08:00 ] ::1 /btcms/index.php/Payment/ApiOrder/CreateOrder
INFO: [ app_init ] --START--
INFO: Run Behavior\BuildLiteBehavior [ RunTime:0.000031s ]
INFO: [ app_init ] --END-- [ RunTime:0.000518s ]
INFO: [ app_begin ] --START--
INFO: Run Behavior\ReadHtmlCacheBehavior [ RunTime:0.000570s ]
INFO: [ app_begin ] --END-- [ RunTime:0.000738s ]

[ 2014-10-11T16:07:48+08:00 ] ::1 /btcms/index.php/Payment/ApiOrder/CreateOrder
INFO: [ app_init ] --START--
INFO: Run Behavior\BuildLiteBehavior [ RunTime:0.000029s ]
INFO: [ app_init ] --END-- [ RunTime:0.000461s ]
INFO: [ app_begin ] --START--
INFO: Run Behavior\ReadHtmlCacheBehavior [ RunTime:0.000697s ]
INFO: [ app_begin ] --END-- [ RunTime:0.000923s ]

[ 2014-10-11T16:07:49+08:00 ] ::1 /btcms/index.php/Payment/ApiOrder/CreateOrder
INFO: [ app_init ] --START--
INFO: Run Behavior\BuildLiteBehavior [ RunTime:0.000030s ]
INFO: [ app_init ] --END-- [ RunTime:0.000673s ]
INFO: [ app_begin ] --START--
INFO: Run Behavior\ReadHtmlCacheBehavior [ RunTime:0.000569s ]
INFO: [ app_begin ] --END-- [ RunTime:0.000751s ]

[ 2014-10-11T16:07:58+08:00 ] ::1 /btcms/index.php/Payment/ApiOrder/CreateOrder
INFO: [ app_init ] --START--
INFO: Run Behavior\BuildLiteBehavior [ RunTime:0.000031s ]
INFO: [ app_init ] --END-- [ RunTime:0.000464s ]
INFO: [ app_begin ] --START--
INFO: Run Behavior\ReadHtmlCacheBehavior [ RunTime:0.000533s ]
INFO: [ app_begin ] --END-- [ RunTime:0.000693s ]

[ 2014-10-11T16:07:59+08:00 ] ::1 /btcms/index.php/Payment/ApiOrder/CreateOrder
INFO: [ app_init ] --START--
INFO: Run Behavior\BuildLiteBehavior [ RunTime:0.000043s ]
INFO: [ app_init ] --END-- [ RunTime:0.000535s ]
INFO: [ app_begin ] --START--
INFO: Run Behavior\ReadHtmlCacheBehavior [ RunTime:0.000584s ]
INFO: [ app_begin ] --END-- [ RunTime:0.000757s ]

[ 2014-10-11T16:08:00+08:00 ] ::1 /btcms/index.php/Payment/ApiOrder/CreateOrder
INFO: [ app_init ] --START--
INFO: Run Behavior\BuildLiteBehavior [ RunTime:0.000032s ]
INFO: [ app_init ] --END-- [ RunTime:0.000521s ]
INFO: [ app_begin ] --START--
INFO: Run Behavior\ReadHtmlCacheBehavior [ RunTime:0.000599s ]
INFO: [ app_begin ] --END-- [ RunTime:0.000773s ]

[ 2014-10-11T16:08:01+08:00 ] ::1 /btcms/index.php/Payment/ApiOrder/CreateOrder
INFO: [ app_init ] --START--
INFO: Run Behavior\BuildLiteBehavior [ RunTime:0.000030s ]
INFO: [ app_init ] --END-- [ RunTime:0.000550s ]
INFO: [ app_begin ] --START--
INFO: Run Behavior\ReadHtmlCacheBehavior [ RunTime:0.000578s ]
INFO: [ app_begin ] --END-- [ RunTime:0.000747s ]

[ 2014-10-11T16:08:04+08:00 ] ::1 /btcms/index.php/Payment/ApiOrder/CreateOrder
INFO: [ app_init ] --START--
INFO: Run Behavior\BuildLiteBehavior [ RunTime:0.000031s ]
INFO: [ app_init ] --END-- [ RunTime:0.000484s ]
INFO: [ app_begin ] --START--
INFO: Run Behavior\ReadHtmlCacheBehavior [ RunTime:0.000823s ]
INFO: [ app_begin ] --END-- [ RunTime:0.001124s ]

[ 2014-10-11T16:08:04+08:00 ] ::1 /btcms/index.php/Payment/ApiOrder/CreateOrder
INFO: [ app_init ] --START--
INFO: Run Behavior\BuildLiteBehavior [ RunTime:0.000033s ]
INFO: [ app_init ] --END-- [ RunTime:0.000509s ]
INFO: [ app_begin ] --START--
INFO: Run Behavior\ReadHtmlCacheBehavior [ RunTime:0.000596s ]
INFO: [ app_begin ] --END-- [ RunTime:0.000822s ]

[ 2014-10-11T16:08:05+08:00 ] ::1 /btcms/index.php/Payment/ApiOrder/CreateOrder
INFO: [ app_init ] --START--
INFO: Run Behavior\BuildLiteBehavior [ RunTime:0.000032s ]
INFO: [ app_init ] --END-- [ RunTime:0.000589s ]
INFO: [ app_begin ] --START--
INFO: Run Behavior\ReadHtmlCacheBehavior [ RunTime:0.000528s ]
INFO: [ app_begin ] --END-- [ RunTime:0.000685s ]

[ 2014-10-11T16:08:14+08:00 ] ::1 /btcms/index.php/Payment/ApiOrder/CreateOrder
INFO: [ app_init ] --START--
INFO: Run Behavior\BuildLiteBehavior [ RunTime:0.000032s ]
INFO: [ app_init ] --END-- [ RunTime:0.000453s ]
INFO: [ app_begin ] --START--
INFO: Run Behavior\ReadHtmlCacheBehavior [ RunTime:0.000622s ]
INFO: [ app_begin ] --END-- [ RunTime:0.000801s ]

[ 2014-10-11T16:08:15+08:00 ] ::1 /btcms/index.php/Payment/ApiOrder/CreateOrder
INFO: [ app_init ] --START--
INFO: Run Behavior\BuildLiteBehavior [ RunTime:0.000032s ]
INFO: [ app_init ] --END-- [ RunTime:0.000519s ]
INFO: [ app_begin ] --START--
INFO: Run Behavior\ReadHtmlCacheBehavior [ RunTime:0.000569s ]
INFO: [ app_begin ] --END-- [ RunTime:0.000744s ]

[ 2014-10-11T16:08:16+08:00 ] ::1 /btcms/index.php/Payment/ApiOrder/CreateOrder
INFO: [ app_init ] --START--
INFO: Run Behavior\BuildLiteBehavior [ RunTime:0.000032s ]
INFO: [ app_init ] --END-- [ RunTime:0.000498s ]
INFO: [ app_begin ] --START--
INFO: Run Behavior\ReadHtmlCacheBehavior [ RunTime:0.000570s ]
INFO: [ app_begin ] --END-- [ RunTime:0.000760s ]

[ 2014-10-11T16:08:16+08:00 ] ::1 /btcms/index.php/Payment/ApiOrder/CreateOrder
INFO: [ app_init ] --START--
INFO: Run Behavior\BuildLiteBehavior [ RunTime:0.000032s ]
INFO: [ app_init ] --END-- [ RunTime:0.000543s ]
INFO: [ app_begin ] --START--
INFO: Run Behavior\ReadHtmlCacheBehavior [ RunTime:0.001029s ]
INFO: [ app_begin ] --END-- [ RunTime:0.001280s ]

[ 2014-10-11T16:08:17+08:00 ] ::1 /btcms/index.php/Payment/ApiOrder/CreateOrder
INFO: [ app_init ] --START--
INFO: Run Behavior\BuildLiteBehavior [ RunTime:0.000029s ]
INFO: [ app_init ] --END-- [ RunTime:0.000426s ]
INFO: [ app_begin ] --START--
INFO: Run Behavior\ReadHtmlCacheBehavior [ RunTime:0.000807s ]
INFO: [ app_begin ] --END-- [ RunTime:0.000958s ]

[ 2014-10-11T16:08:17+08:00 ] ::1 /btcms/index.php/Payment/ApiOrder/CreateOrder
INFO: [ app_init ] --START--
INFO: Run Behavior\BuildLiteBehavior [ RunTime:0.000040s ]
INFO: [ app_init ] --END-- [ RunTime:0.000814s ]
INFO: [ app_begin ] --START--
INFO: Run Behavior\ReadHtmlCacheBehavior [ RunTime:0.000687s ]
INFO: [ app_begin ] --END-- [ RunTime:0.000872s ]

[ 2014-10-11T16:09:06+08:00 ] ::1 /btcms/index.php/Payment/ApiOrder/CreateOrder
INFO: [ app_init ] --START--
INFO: Run Behavior\BuildLiteBehavior [ RunTime:0.000054s ]
INFO: [ app_init ] --END-- [ RunTime:0.000868s ]
INFO: [ app_begin ] --START--
INFO: Run Behavior\ReadHtmlCacheBehavior [ RunTime:0.000722s ]
INFO: [ app_begin ] --END-- [ RunTime:0.000944s ]

[ 2014-10-11T16:09:06+08:00 ] ::1 /btcms/index.php/Payment/ApiOrder/CreateOrder
INFO: [ app_init ] --START--
INFO: Run Behavior\BuildLiteBehavior [ RunTime:0.000058s ]
INFO: [ app_init ] --END-- [ RunTime:0.000920s ]
INFO: [ app_begin ] --START--
INFO: Run Behavior\ReadHtmlCacheBehavior [ RunTime:0.000485s ]
INFO: [ app_begin ] --END-- [ RunTime:0.000644s ]

[ 2014-10-11T16:09:07+08:00 ] ::1 /btcms/index.php/Payment/ApiOrder/CreateOrder
INFO: [ app_init ] --START--
INFO: Run Behavior\BuildLiteBehavior [ RunTime:0.000031s ]
INFO: [ app_init ] --END-- [ RunTime:0.000499s ]
INFO: [ app_begin ] --START--
INFO: Run Behavior\ReadHtmlCacheBehavior [ RunTime:0.000579s ]
INFO: [ app_begin ] --END-- [ RunTime:0.000743s ]

[ 2014-10-11T16:09:08+08:00 ] ::1 /btcms/index.php/Payment/ApiOrder/CreateOrder
INFO: [ app_init ] --START--
INFO: Run Behavior\BuildLiteBehavior [ RunTime:0.000032s ]
INFO: [ app_init ] --END-- [ RunTime:0.000532s ]
INFO: [ app_begin ] --START--
INFO: Run Behavior\ReadHtmlCacheBehavior [ RunTime:0.000537s ]
INFO: [ app_begin ] --END-- [ RunTime:0.000705s ]

[ 2014-10-11T16:09:08+08:00 ] ::1 /btcms/index.php/Payment/ApiOrder/CreateOrder
INFO: [ app_init ] --START--
INFO: Run Behavior\BuildLiteBehavior [ RunTime:0.000031s ]
INFO: [ app_init ] --END-- [ RunTime:0.000508s ]
INFO: [ app_begin ] --START--
INFO: Run Behavior\ReadHtmlCacheBehavior [ RunTime:0.000574s ]
INFO: [ app_begin ] --END-- [ RunTime:0.000737s ]

[ 2014-10-11T16:09:09+08:00 ] ::1 /btcms/index.php/Payment/ApiOrder/CreateOrder
INFO: [ app_init ] --START--
INFO: Run Behavior\BuildLiteBehavior [ RunTime:0.000034s ]
INFO: [ app_init ] --END-- [ RunTime:0.000531s ]
INFO: [ app_begin ] --START--
INFO: Run Behavior\ReadHtmlCacheBehavior [ RunTime:0.000561s ]
INFO: [ app_begin ] --END-- [ RunTime:0.000725s ]

[ 2014-10-11T16:09:09+08:00 ] ::1 /btcms/index.php/Payment/ApiOrder/CreateOrder
INFO: [ app_init ] --START--
INFO: Run Behavior\BuildLiteBehavior [ RunTime:0.000031s ]
INFO: [ app_init ] --END-- [ RunTime:0.000478s ]
INFO: [ app_begin ] --START--
INFO: Run Behavior\ReadHtmlCacheBehavior [ RunTime:0.000542s ]
INFO: [ app_begin ] --END-- [ RunTime:0.000738s ]

[ 2014-10-11T16:09:09+08:00 ] ::1 /btcms/index.php/Payment/ApiOrder/CreateOrder
INFO: [ app_init ] --START--
INFO: Run Behavior\BuildLiteBehavior [ RunTime:0.000031s ]
INFO: [ app_init ] --END-- [ RunTime:0.000467s ]
INFO: [ app_begin ] --START--
INFO: Run Behavior\ReadHtmlCacheBehavior [ RunTime:0.000546s ]
INFO: [ app_begin ] --END-- [ RunTime:0.000700s ]

[ 2014-10-11T16:09:10+08:00 ] ::1 /btcms/index.php/Payment/ApiOrder/CreateOrder
INFO: [ app_init ] --START--
INFO: Run Behavior\BuildLiteBehavior [ RunTime:0.000040s ]
INFO: [ app_init ] --END-- [ RunTime:0.000484s ]
INFO: [ app_begin ] --START--
INFO: Run Behavior\ReadHtmlCacheBehavior [ RunTime:0.000979s ]
INFO: [ app_begin ] --END-- [ RunTime:0.001250s ]

[ 2014-10-11T16:44:27+08:00 ] ::1 /btcms/index.php/Payment/ApiOrder/CreateOrder
INFO: [ app_init ] --START--
INFO: Run Behavior\BuildLiteBehavior [ RunTime:0.000035s ]
INFO: [ app_init ] --END-- [ RunTime:0.000564s ]
INFO: [ app_begin ] --START--
INFO: Run Behavior\ReadHtmlCacheBehavior [ RunTime:0.000565s ]
INFO: [ app_begin ] --END-- [ RunTime:0.000739s ]

[ 2014-10-11T16:44:40+08:00 ] ::1 /btcms/index.php/Payment/ApiOrder/CreateOrder
INFO: [ app_init ] --START--
INFO: Run Behavior\BuildLiteBehavior [ RunTime:0.000032s ]
INFO: [ app_init ] --END-- [ RunTime:0.000500s ]
INFO: [ app_begin ] --START--
INFO: Run Behavior\ReadHtmlCacheBehavior [ RunTime:0.000686s ]
INFO: [ app_begin ] --END-- [ RunTime:0.000872s ]

[ 2014-10-11T16:46:03+08:00 ] ::1 /btcms/index.php/Payment/ApiOrder/CreateOrder
INFO: [ app_init ] --START--
INFO: Run Behavior\BuildLiteBehavior [ RunTime:0.000032s ]
INFO: [ app_init ] --END-- [ RunTime:0.000531s ]
INFO: [ app_begin ] --START--
INFO: Run Behavior\ReadHtmlCacheBehavior [ RunTime:0.000692s ]
INFO: [ app_begin ] --END-- [ RunTime:0.000881s ]
NOTIC: [8] Undefined index: userid E:\PPH Project\BttenCMS\Common\Common\function.php 第 43 行.
NOTIC: [8] Undefined index: userid E:\PPH Project\BttenCMS\Common\Common\function.php 第 48 行.
NOTIC: [8] Undefined index: type E:\PPH Project\BttenCMS\Common\Common\function.php 第 43 行.
NOTIC: [8] Undefined index: type E:\PPH Project\BttenCMS\Common\Common\function.php 第 48 行.
NOTIC: [8] Undefined index: productid E:\PPH Project\BttenCMS\Common\Common\function.php 第 43 行.
NOTIC: [8] Undefined index: productid E:\PPH Project\BttenCMS\Common\Common\function.php 第 48 行.
NOTIC: [8] Undefined index: paytype E:\PPH Project\BttenCMS\Common\Common\function.php 第 43 行.
NOTIC: [8] Undefined index: paytype E:\PPH Project\BttenCMS\Common\Common\function.php 第 48 行.
NOTIC: [8] Undefined index: price E:\PPH Project\BttenCMS\Common\Common\function.php 第 43 行.
NOTIC: [8] Undefined index: price E:\PPH Project\BttenCMS\Common\Common\function.php 第 48 行.
NOTIC: [8] Undefined index: day E:\PPH Project\BttenCMS\Common\Common\function.php 第 43 行.
NOTIC: [8] Undefined index: day E:\PPH Project\BttenCMS\Common\Common\function.php 第 48 行.

[ 2014-10-11T16:46:26+08:00 ] ::1 /btcms/index.php/Payment/ApiOrder/CreateOrder
INFO: [ app_init ] --START--
INFO: Run Behavior\BuildLiteBehavior [ RunTime:0.000046s ]
INFO: [ app_init ] --END-- [ RunTime:0.000706s ]
INFO: [ app_begin ] --START--
INFO: Run Behavior\ReadHtmlCacheBehavior [ RunTime:0.000570s ]
INFO: [ app_begin ] --END-- [ RunTime:0.000775s ]
NOTIC: [8] Undefined index: userid E:\PPH Project\BttenCMS\Common\Common\function.php 第 43 行.
NOTIC: [8] Undefined index: userid E:\PPH Project\BttenCMS\Common\Common\function.php 第 48 行.
NOTIC: [8] Undefined index: type E:\PPH Project\BttenCMS\Common\Common\function.php 第 43 行.
NOTIC: [8] Undefined index: type E:\PPH Project\BttenCMS\Common\Common\function.php 第 48 行.
NOTIC: [8] Undefined index: productid E:\PPH Project\BttenCMS\Common\Common\function.php 第 43 行.
NOTIC: [8] Undefined index: productid E:\PPH Project\BttenCMS\Common\Common\function.php 第 48 行.
NOTIC: [8] Undefined index: paytype E:\PPH Project\BttenCMS\Common\Common\function.php 第 43 行.
NOTIC: [8] Undefined index: paytype E:\PPH Project\BttenCMS\Common\Common\function.php 第 48 行.
NOTIC: [8] Undefined index: price E:\PPH Project\BttenCMS\Common\Common\function.php 第 43 行.
NOTIC: [8] Undefined index: price E:\PPH Project\BttenCMS\Common\Common\function.php 第 48 行.
NOTIC: [8] Undefined index: day E:\PPH Project\BttenCMS\Common\Common\function.php 第 43 行.
NOTIC: [8] Undefined index: day E:\PPH Project\BttenCMS\Common\Common\function.php 第 48 行.

[ 2014-10-11T16:46:35+08:00 ] ::1 /btcms/index.php/Payment/ApiOrder/CreateOrder
INFO: [ app_init ] --START--
INFO: Run Behavior\BuildLiteBehavior [ RunTime:0.000031s ]
INFO: [ app_init ] --END-- [ RunTime:0.000566s ]
INFO: [ app_begin ] --START--
INFO: Run Behavior\ReadHtmlCacheBehavior [ RunTime:0.000654s ]
INFO: [ app_begin ] --END-- [ RunTime:0.000826s ]
NOTIC: [8] Undefined index: userid E:\PPH Project\BttenCMS\Common\Common\function.php 第 43 行.
NOTIC: [8] Undefined index: userid E:\PPH Project\BttenCMS\Common\Common\function.php 第 48 行.
NOTIC: [8] Undefined index: type E:\PPH Project\BttenCMS\Common\Common\function.php 第 43 行.
NOTIC: [8] Undefined index: type E:\PPH Project\BttenCMS\Common\Common\function.php 第 48 行.
NOTIC: [8] Undefined index: productid E:\PPH Project\BttenCMS\Common\Common\function.php 第 43 行.
NOTIC: [8] Undefined index: productid E:\PPH Project\BttenCMS\Common\Common\function.php 第 48 行.
NOTIC: [8] Undefined index: paytype E:\PPH Project\BttenCMS\Common\Common\function.php 第 43 行.
NOTIC: [8] Undefined index: paytype E:\PPH Project\BttenCMS\Common\Common\function.php 第 48 行.
NOTIC: [8] Undefined index: price E:\PPH Project\BttenCMS\Common\Common\function.php 第 43 行.
NOTIC: [8] Undefined index: price E:\PPH Project\BttenCMS\Common\Common\function.php 第 48 行.
NOTIC: [8] Undefined index: day E:\PPH Project\BttenCMS\Common\Common\function.php 第 43 行.
NOTIC: [8] Undefined index: day E:\PPH Project\BttenCMS\Common\Common\function.php 第 48 行.

[ 2014-10-11T16:46:35+08:00 ] ::1 /btcms/index.php/Payment/ApiOrder/CreateOrder
INFO: [ app_init ] --START--
INFO: Run Behavior\BuildLiteBehavior [ RunTime:0.000052s ]
INFO: [ app_init ] --END-- [ RunTime:0.000793s ]
INFO: [ app_begin ] --START--
INFO: Run Behavior\ReadHtmlCacheBehavior [ RunTime:0.000656s ]
INFO: [ app_begin ] --END-- [ RunTime:0.000863s ]
NOTIC: [8] Undefined index: userid E:\PPH Project\BttenCMS\Common\Common\function.php 第 43 行.
NOTIC: [8] Undefined index: userid E:\PPH Project\BttenCMS\Common\Common\function.php 第 48 行.
NOTIC: [8] Undefined index: type E:\PPH Project\BttenCMS\Common\Common\function.php 第 43 行.
NOTIC: [8] Undefined index: type E:\PPH Project\BttenCMS\Common\Common\function.php 第 48 行.
NOTIC: [8] Undefined index: productid E:\PPH Project\BttenCMS\Common\Common\function.php 第 43 行.
NOTIC: [8] Undefined index: productid E:\PPH Project\BttenCMS\Common\Common\function.php 第 48 行.
NOTIC: [8] Undefined index: paytype E:\PPH Project\BttenCMS\Common\Common\function.php 第 43 行.
NOTIC: [8] Undefined index: paytype E:\PPH Project\BttenCMS\Common\Common\function.php 第 48 行.
NOTIC: [8] Undefined index: price E:\PPH Project\BttenCMS\Common\Common\function.php 第 43 行.
NOTIC: [8] Undefined index: price E:\PPH Project\BttenCMS\Common\Common\function.php 第 48 行.
NOTIC: [8] Undefined index: day E:\PPH Project\BttenCMS\Common\Common\function.php 第 43 行.
NOTIC: [8] Undefined index: day E:\PPH Project\BttenCMS\Common\Common\function.php 第 48 行.

[ 2014-10-11T16:46:47+08:00 ] ::1 /btcms/index.php/Payment/ApiOrder/CreateOrder
INFO: [ app_init ] --START--
INFO: Run Behavior\BuildLiteBehavior [ RunTime:0.000046s ]
INFO: [ app_init ] --END-- [ RunTime:0.000782s ]
INFO: [ app_begin ] --START--
INFO: Run Behavior\ReadHtmlCacheBehavior [ RunTime:0.000649s ]
INFO: [ app_begin ] --END-- [ RunTime:0.000856s ]
NOTIC: [8] Undefined index: userid E:\PPH Project\BttenCMS\Common\Common\function.php 第 43 行.
NOTIC: [8] Undefined index: userid E:\PPH Project\BttenCMS\Common\Common\function.php 第 48 行.
NOTIC: [8] Undefined index: type E:\PPH Project\BttenCMS\Common\Common\function.php 第 43 行.
NOTIC: [8] Undefined index: type E:\PPH Project\BttenCMS\Common\Common\function.php 第 48 行.
NOTIC: [8] Undefined index: productid E:\PPH Project\BttenCMS\Common\Common\function.php 第 43 行.
NOTIC: [8] Undefined index: productid E:\PPH Project\BttenCMS\Common\Common\function.php 第 48 行.
NOTIC: [8] Undefined index: paytype E:\PPH Project\BttenCMS\Common\Common\function.php 第 43 行.
NOTIC: [8] Undefined index: paytype E:\PPH Project\BttenCMS\Common\Common\function.php 第 48 行.
NOTIC: [8] Undefined index: price E:\PPH Project\BttenCMS\Common\Common\function.php 第 43 行.
NOTIC: [8] Undefined index: price E:\PPH Project\BttenCMS\Common\Common\function.php 第 48 行.
NOTIC: [8] Undefined index: day E:\PPH Project\BttenCMS\Common\Common\function.php 第 43 行.
NOTIC: [8] Undefined index: day E:\PPH Project\BttenCMS\Common\Common\function.php 第 48 行.

[ 2014-10-11T16:46:54+08:00 ] ::1 /btcms/index.php/Payment/ApiOrder/CreateOrder
INFO: [ app_init ] --START--
INFO: Run Behavior\BuildLiteBehavior [ RunTime:0.000046s ]
INFO: [ app_init ] --END-- [ RunTime:0.000922s ]
INFO: [ app_begin ] --START--
INFO: Run Behavior\ReadHtmlCacheBehavior [ RunTime:0.000673s ]
INFO: [ app_begin ] --END-- [ RunTime:0.000873s ]
NOTIC: [8] Undefined index: userid E:\PPH Project\BttenCMS\Common\Common\function.php 第 43 行.
NOTIC: [8] Undefined index: userid E:\PPH Project\BttenCMS\Common\Common\function.php 第 48 行.
NOTIC: [8] Undefined index: type E:\PPH Project\BttenCMS\Common\Common\function.php 第 43 行.
NOTIC: [8] Undefined index: type E:\PPH Project\BttenCMS\Common\Common\function.php 第 48 行.
NOTIC: [8] Undefined index: productid E:\PPH Project\BttenCMS\Common\Common\function.php 第 43 行.
NOTIC: [8] Undefined index: productid E:\PPH Project\BttenCMS\Common\Common\function.php 第 48 行.
NOTIC: [8] Undefined index: paytype E:\PPH Project\BttenCMS\Common\Common\function.php 第 43 行.
NOTIC: [8] Undefined index: paytype E:\PPH Project\BttenCMS\Common\Common\function.php 第 48 行.
NOTIC: [8] Undefined index: price E:\PPH Project\BttenCMS\Common\Common\function.php 第 43 行.
NOTIC: [8] Undefined index: price E:\PPH Project\BttenCMS\Common\Common\function.php 第 48 行.
NOTIC: [8] Undefined index: day E:\PPH Project\BttenCMS\Common\Common\function.php 第 43 行.
NOTIC: [8] Undefined index: day E:\PPH Project\BttenCMS\Common\Common\function.php 第 48 行.

[ 2014-10-11T16:47:06+08:00 ] ::1 /btcms/index.php/Payment/ApiOrder/CreateOrder
INFO: [ app_init ] --START--
INFO: Run Behavior\BuildLiteBehavior [ RunTime:0.000033s ]
INFO: [ app_init ] --END-- [ RunTime:0.000623s ]
INFO: [ app_begin ] --START--
INFO: Run Behavior\ReadHtmlCacheBehavior [ RunTime:0.000648s ]
INFO: [ app_begin ] --END-- [ RunTime:0.001205s ]
NOTIC: [8] Undefined index: userid E:\PPH Project\BttenCMS\Common\Common\function.php 第 43 行.
NOTIC: [8] Undefined index: userid E:\PPH Project\BttenCMS\Common\Common\function.php 第 48 行.
NOTIC: [8] Undefined index: type E:\PPH Project\BttenCMS\Common\Common\function.php 第 43 行.
NOTIC: [8] Undefined index: type E:\PPH Project\BttenCMS\Common\Common\function.php 第 48 行.
NOTIC: [8] Undefined index: productid E:\PPH Project\BttenCMS\Common\Common\function.php 第 43 行.
NOTIC: [8] Undefined index: productid E:\PPH Project\BttenCMS\Common\Common\function.php 第 48 行.
NOTIC: [8] Undefined index: paytype E:\PPH Project\BttenCMS\Common\Common\function.php 第 43 行.
NOTIC: [8] Undefined index: paytype E:\PPH Project\BttenCMS\Common\Common\function.php 第 48 行.
NOTIC: [8] Undefined index: price E:\PPH Project\BttenCMS\Common\Common\function.php 第 43 行.
NOTIC: [8] Undefined index: price E:\PPH Project\BttenCMS\Common\Common\function.php 第 48 行.
NOTIC: [8] Undefined index: day E:\PPH Project\BttenCMS\Common\Common\function.php 第 43 行.
NOTIC: [8] Undefined index: day E:\PPH Project\BttenCMS\Common\Common\function.php 第 48 行.

[ 2014-10-11T16:47:22+08:00 ] ::1 /btcms/index.php/Payment/ApiOrder/CreateOrder
INFO: [ app_init ] --START--
INFO: Run Behavior\BuildLiteBehavior [ RunTime:0.000034s ]
INFO: [ app_init ] --END-- [ RunTime:0.000597s ]
INFO: [ app_begin ] --START--
INFO: Run Behavior\ReadHtmlCacheBehavior [ RunTime:0.000721s ]
INFO: [ app_begin ] --END-- [ RunTime:0.000928s ]
NOTIC: [8] Undefined index: userid E:\PPH Project\BttenCMS\Common\Common\function.php 第 43 行.
NOTIC: [8] Undefined index: userid E:\PPH Project\BttenCMS\Common\Common\function.php 第 48 行.
NOTIC: [8] Undefined index: type E:\PPH Project\BttenCMS\Common\Common\function.php 第 43 行.
NOTIC: [8] Undefined index: type E:\PPH Project\BttenCMS\Common\Common\function.php 第 48 行.
NOTIC: [8] Undefined index: productid E:\PPH Project\BttenCMS\Common\Common\function.php 第 43 行.
NOTIC: [8] Undefined index: productid E:\PPH Project\BttenCMS\Common\Common\function.php 第 48 行.
NOTIC: [8] Undefined index: paytype E:\PPH Project\BttenCMS\Common\Common\function.php 第 43 行.
NOTIC: [8] Undefined index: paytype E:\PPH Project\BttenCMS\Common\Common\function.php 第 48 行.
NOTIC: [8] Undefined index: price E:\PPH Project\BttenCMS\Common\Common\function.php 第 43 行.
NOTIC: [8] Undefined index: price E:\PPH Project\BttenCMS\Common\Common\function.php 第 48 行.
NOTIC: [8] Undefined index: day E:\PPH Project\BttenCMS\Common\Common\function.php 第 43 行.
NOTIC: [8] Undefined index: day E:\PPH Project\BttenCMS\Common\Common\function.php 第 48 行.

[ 2014-10-11T16:47:31+08:00 ] ::1 /btcms/index.php/Payment/ApiOrder/CreateOrder
INFO: [ app_init ] --START--
INFO: Run Behavior\BuildLiteBehavior [ RunTime:0.000034s ]
INFO: [ app_init ] --END-- [ RunTime:0.000550s ]
INFO: [ app_begin ] --START--
INFO: Run Behavior\ReadHtmlCacheBehavior [ RunTime:0.000675s ]
INFO: [ app_begin ] --END-- [ RunTime:0.000903s ]
NOTIC: [8] Undefined index: userid E:\PPH Project\BttenCMS\Common\Common\function.php 第 43 行.
NOTIC: [8] Undefined index: userid E:\PPH Project\BttenCMS\Common\Common\function.php 第 48 行.
NOTIC: [8] Undefined index: type E:\PPH Project\BttenCMS\Common\Common\function.php 第 43 行.
NOTIC: [8] Undefined index: type E:\PPH Project\BttenCMS\Common\Common\function.php 第 48 行.
NOTIC: [8] Undefined index: productid E:\PPH Project\BttenCMS\Common\Common\function.php 第 43 行.
NOTIC: [8] Undefined index: productid E:\PPH Project\BttenCMS\Common\Common\function.php 第 48 行.
NOTIC: [8] Undefined index: paytype E:\PPH Project\BttenCMS\Common\Common\function.php 第 43 行.
NOTIC: [8] Undefined index: paytype E:\PPH Project\BttenCMS\Common\Common\function.php 第 48 行.
NOTIC: [8] Undefined index: price E:\PPH Project\BttenCMS\Common\Common\function.php 第 43 行.
NOTIC: [8] Undefined index: price E:\PPH Project\BttenCMS\Common\Common\function.php 第 48 行.
NOTIC: [8] Undefined index: day E:\PPH Project\BttenCMS\Common\Common\function.php 第 43 行.
NOTIC: [8] Undefined index: day E:\PPH Project\BttenCMS\Common\Common\function.php 第 48 行.

[ 2014-10-11T16:47:47+08:00 ] ::1 /btcms/index.php/Payment/ApiOrder/CreateOrder
INFO: [ app_init ] --START--
INFO: Run Behavior\BuildLiteBehavior [ RunTime:0.000046s ]
INFO: [ app_init ] --END-- [ RunTime:0.000787s ]
INFO: [ app_begin ] --START--
INFO: Run Behavior\ReadHtmlCacheBehavior [ RunTime:0.000665s ]
INFO: [ app_begin ] --END-- [ RunTime:0.000916s ]
NOTIC: [8] Undefined index: userid E:\PPH Project\BttenCMS\Common\Common\function.php 第 43 行.
NOTIC: [8] Undefined index: userid E:\PPH Project\BttenCMS\Common\Common\function.php 第 48 行.
NOTIC: [8] Undefined index: type E:\PPH Project\BttenCMS\Common\Common\function.php 第 43 行.
NOTIC: [8] Undefined index: type E:\PPH Project\BttenCMS\Common\Common\function.php 第 48 行.
NOTIC: [8] Undefined index: productid E:\PPH Project\BttenCMS\Common\Common\function.php 第 43 行.
NOTIC: [8] Undefined index: productid E:\PPH Project\BttenCMS\Common\Common\function.php 第 48 行.
NOTIC: [8] Undefined index: paytype E:\PPH Project\BttenCMS\Common\Common\function.php 第 43 行.
NOTIC: [8] Undefined index: paytype E:\PPH Project\BttenCMS\Common\Common\function.php 第 48 行.
NOTIC: [8] Undefined index: price E:\PPH Project\BttenCMS\Common\Common\function.php 第 43 行.
NOTIC: [8] Undefined index: price E:\PPH Project\BttenCMS\Common\Common\function.php 第 48 行.
NOTIC: [8] Undefined index: day E:\PPH Project\BttenCMS\Common\Common\function.php 第 43 行.
NOTIC: [8] Undefined index: day E:\PPH Project\BttenCMS\Common\Common\function.php 第 48 行.

[ 2014-10-11T17:01:39+08:00 ] ::1 /btcms/index.php/Payment/ApiOrder/CreateOrder
INFO: [ app_init ] --START--
INFO: Run Behavior\BuildLiteBehavior [ RunTime:0.000035s ]
INFO: [ app_init ] --END-- [ RunTime:0.000682s ]
INFO: [ app_begin ] --START--
INFO: Run Behavior\ReadHtmlCacheBehavior [ RunTime:0.000595s ]
INFO: [ app_begin ] --END-- [ RunTime:0.000775s ]
NOTIC: [8] Undefined index: userid E:\PPH Project\BttenCMS\Common\Common\function.php 第 62 行.
NOTIC: [8] Undefined index: userid E:\PPH Project\BttenCMS\Common\Common\function.php 第 67 行.
NOTIC: [8] Undefined index: type E:\PPH Project\BttenCMS\Common\Common\function.php 第 62 行.
NOTIC: [8] Undefined index: type E:\PPH Project\BttenCMS\Common\Common\function.php 第 67 行.
NOTIC: [8] Undefined index: productid E:\PPH Project\BttenCMS\Common\Common\function.php 第 62 行.
NOTIC: [8] Undefined index: productid E:\PPH Project\BttenCMS\Common\Common\function.php 第 67 行.
NOTIC: [8] Undefined index: paytype E:\PPH Project\BttenCMS\Common\Common\function.php 第 62 行.
NOTIC: [8] Undefined index: paytype E:\PPH Project\BttenCMS\Common\Common\function.php 第 67 行.
NOTIC: [8] Undefined index: price E:\PPH Project\BttenCMS\Common\Common\function.php 第 62 行.
NOTIC: [8] Undefined index: price E:\PPH Project\BttenCMS\Common\Common\function.php 第 67 行.
NOTIC: [8] Undefined index: day E:\PPH Project\BttenCMS\Common\Common\function.php 第 62 行.
NOTIC: [8] Undefined index: day E:\PPH Project\BttenCMS\Common\Common\function.php 第 67 行.
NOTIC: [8] Undefined variable: nUid E:\PPH Project\BttenCMS\Common\Common\function.php 第 31 行.
NOTIC: [8] Undefined variable: nUid E:\PPH Project\BttenCMS\Common\Common\function.php 第 31 行.
NOTIC: [8] Undefined variable: nUid E:\PPH Project\BttenCMS\Common\Common\function.php 第 31 行.

[ 2014-10-11T17:02:12+08:00 ] ::1 /btcms/index.php/Payment/ApiOrder/CreateOrder
INFO: [ app_init ] --START--
INFO: Run Behavior\BuildLiteBehavior [ RunTime:0.000120s ]
INFO: [ app_init ] --END-- [ RunTime:0.001063s ]
INFO: [ app_begin ] --START--
INFO: Run Behavior\ReadHtmlCacheBehavior [ RunTime:0.000837s ]
INFO: [ app_begin ] --END-- [ RunTime:0.001240s ]
NOTIC: [8] Undefined variable: image xdebug://debug-eval 第 1 行.
NOTIC: [8] Undefined index: image_ids xdebug://debug-eval 第 1 行.
NOTIC: [8] Undefined variable: sSql xdebug://debug-eval 第 1 行.
NOTIC: [8] Undefined variable: sPushResult xdebug://debug-eval 第 1 行.
NOTIC: [8] Undefined index: userid E:\PPH Project\BttenCMS\Common\Common\function.php 第 62 行.
NOTIC: [8] Undefined index: userid E:\PPH Project\BttenCMS\Common\Common\function.php 第 67 行.
NOTIC: [8] Undefined variable: image xdebug://debug-eval 第 1 行.
NOTIC: [8] Undefined index: image_ids xdebug://debug-eval 第 1 行.
NOTIC: [8] Undefined variable: sSql xdebug://debug-eval 第 1 行.
NOTIC: [8] Undefined variable: sPushResult xdebug://debug-eval 第 1 行.
NOTIC: [8] Undefined variable: image xdebug://debug-eval 第 1 行.
NOTIC: [8] Undefined index: image_ids xdebug://debug-eval 第 1 行.
NOTIC: [8] Undefined variable: sSql xdebug://debug-eval 第 1 行.
NOTIC: [8] Undefined variable: sPushResult xdebug://debug-eval 第 1 行.
NOTIC: [8] Undefined index: type E:\PPH Project\BttenCMS\Common\Common\function.php 第 62 行.
NOTIC: [8] Undefined index: type E:\PPH Project\BttenCMS\Common\Common\function.php 第 67 行.
NOTIC: [8] Undefined variable: image xdebug://debug-eval 第 1 行.
NOTIC: [8] Undefined index: image_ids xdebug://debug-eval 第 1 行.
NOTIC: [8] Undefined variable: sSql xdebug://debug-eval 第 1 行.
NOTIC: [8] Undefined variable: sPushResult xdebug://debug-eval 第 1 行.
NOTIC: [8] Undefined variable: image xdebug://debug-eval 第 1 行.
NOTIC: [8] Undefined index: image_ids xdebug://debug-eval 第 1 行.
NOTIC: [8] Undefined variable: sSql xdebug://debug-eval 第 1 行.
NOTIC: [8] Undefined variable: sPushResult xdebug://debug-eval 第 1 行.
NOTIC: [8] Undefined variable: image xdebug://debug-eval 第 1 行.
NOTIC: [8] Undefined index: image_ids xdebug://debug-eval 第 1 行.
NOTIC: [8] Undefined variable: sSql xdebug://debug-eval 第 1 行.
NOTIC: [8] Undefined variable: sPushResult xdebug://debug-eval 第 1 行.
NOTIC: [8] Undefined variable: image xdebug://debug-eval 第 1 行.
NOTIC: [8] Undefined index: image_ids xdebug://debug-eval 第 1 行.
NOTIC: [8] Undefined variable: sSql xdebug://debug-eval 第 1 行.
NOTIC: [8] Undefined variable: sPushResult xdebug://debug-eval 第 1 行.
NOTIC: [8] Undefined index: productid E:\PPH Project\BttenCMS\Common\Common\function.php 第 62 行.
NOTIC: [8] Undefined index: productid E:\PPH Project\BttenCMS\Common\Common\function.php 第 67 行.
NOTIC: [8] Undefined variable: image xdebug://debug-eval 第 1 行.
NOTIC: [8] Undefined index: image_ids xdebug://debug-eval 第 1 行.
NOTIC: [8] Undefined variable: sSql xdebug://debug-eval 第 1 行.
NOTIC: [8] Undefined variable: sPushResult xdebug://debug-eval 第 1 行.
NOTIC: [8] Undefined variable: image xdebug://debug-eval 第 1 行.
NOTIC: [8] Undefined index: image_ids xdebug://debug-eval 第 1 行.
NOTIC: [8] Undefined variable: sSql xdebug://debug-eval 第 1 行.
NOTIC: [8] Undefined variable: sPushResult xdebug://debug-eval 第 1 行.
NOTIC: [8] Undefined index: paytype E:\PPH Project\BttenCMS\Common\Common\function.php 第 62 行.
NOTIC: [8] Undefined index: paytype E:\PPH Project\BttenCMS\Common\Common\function.php 第 67 行.
NOTIC: [8] Undefined variable: image xdebug://debug-eval 第 1 行.
NOTIC: [8] Undefined index: image_ids xdebug://debug-eval 第 1 行.
NOTIC: [8] Undefined variable: sSql xdebug://debug-eval 第 1 行.
NOTIC: [8] Undefined variable: sPushResult xdebug://debug-eval 第 1 行.
NOTIC: [8] Undefined index: price E:\PPH Project\BttenCMS\Common\Common\function.php 第 62 行.
NOTIC: [8] Undefined index: price E:\PPH Project\BttenCMS\Common\Common\function.php 第 67 行.
NOTIC: [8] Undefined variable: image xdebug://debug-eval 第 1 行.
NOTIC: [8] Undefined index: image_ids xdebug://debug-eval 第 1 行.
NOTIC: [8] Undefined variable: sSql xdebug://debug-eval 第 1 行.
NOTIC: [8] Undefined variable: sPushResult xdebug://debug-eval 第 1 行.

[ 2014-10-11T17:02:41+08:00 ] ::1 /btcms/index.php/Payment/ApiOrder/CreateOrder
INFO: [ app_init ] --START--
INFO: Run Behavior\BuildLiteBehavior [ RunTime:0.000033s ]
INFO: [ app_init ] --END-- [ RunTime:0.000487s ]
INFO: [ app_begin ] --START--
INFO: Run Behavior\ReadHtmlCacheBehavior [ RunTime:0.000546s ]
INFO: [ app_begin ] --END-- [ RunTime:0.000729s ]
NOTIC: [8] Undefined index: userid E:\PPH Project\BttenCMS\Common\Common\function.php 第 62 行.
NOTIC: [8] Undefined index: userid E:\PPH Project\BttenCMS\Common\Common\function.php 第 67 行.
NOTIC: [8] Undefined index: type E:\PPH Project\BttenCMS\Common\Common\function.php 第 62 行.
NOTIC: [8] Undefined index: type E:\PPH Project\BttenCMS\Common\Common\function.php 第 67 行.
NOTIC: [8] Undefined index: productid E:\PPH Project\BttenCMS\Common\Common\function.php 第 62 行.
NOTIC: [8] Undefined index: productid E:\PPH Project\BttenCMS\Common\Common\function.php 第 67 行.
NOTIC: [8] Undefined index: paytype E:\PPH Project\BttenCMS\Common\Common\function.php 第 62 行.
NOTIC: [8] Undefined index: paytype E:\PPH Project\BttenCMS\Common\Common\function.php 第 67 行.
NOTIC: [8] Undefined index: price E:\PPH Project\BttenCMS\Common\Common\function.php 第 62 行.
NOTIC: [8] Undefined index: price E:\PPH Project\BttenCMS\Common\Common\function.php 第 67 行.
NOTIC: [8] Undefined index: day E:\PPH Project\BttenCMS\Common\Common\function.php 第 62 行.
NOTIC: [8] Undefined index: day E:\PPH Project\BttenCMS\Common\Common\function.php 第 67 行.
NOTIC: [8] Undefined variable: nUid E:\PPH Project\BttenCMS\Common\Common\function.php 第 31 行.
NOTIC: [8] Undefined variable: nUid E:\PPH Project\BttenCMS\Common\Common\function.php 第 31 行.
NOTIC: [8] Undefined variable: nUid E:\PPH Project\BttenCMS\Common\Common\function.php 第 31 行.

[ 2014-10-11T17:02:56+08:00 ] ::1 /btcms/index.php/Payment/ApiOrder/CreateOrder/paytype/test
INFO: [ app_init ] --START--
INFO: Run Behavior\BuildLiteBehavior [ RunTime:0.000034s ]
INFO: [ app_init ] --END-- [ RunTime:0.000497s ]
INFO: [ app_begin ] --START--
INFO: Run Behavior\ReadHtmlCacheBehavior [ RunTime:0.000619s ]
INFO: [ app_begin ] --END-- [ RunTime:0.000797s ]
NOTIC: [8] Undefined index: userid E:\PPH Project\BttenCMS\Common\Common\function.php 第 62 行.
NOTIC: [8] Undefined index: userid E:\PPH Project\BttenCMS\Common\Common\function.php 第 67 行.
NOTIC: [8] Undefined index: type E:\PPH Project\BttenCMS\Common\Common\function.php 第 62 行.
NOTIC: [8] Undefined index: type E:\PPH Project\BttenCMS\Common\Common\function.php 第 67 行.
NOTIC: [8] Undefined index: productid E:\PPH Project\BttenCMS\Common\Common\function.php 第 62 行.
NOTIC: [8] Undefined index: productid E:\PPH Project\BttenCMS\Common\Common\function.php 第 67 行.
NOTIC: [8] Undefined index: paytype E:\PPH Project\BttenCMS\Common\Common\function.php 第 62 行.
NOTIC: [8] Undefined index: price E:\PPH Project\BttenCMS\Common\Common\function.php 第 62 行.
NOTIC: [8] Undefined index: price E:\PPH Project\BttenCMS\Common\Common\function.php 第 67 行.
NOTIC: [8] Undefined index: day E:\PPH Project\BttenCMS\Common\Common\function.php 第 62 行.
NOTIC: [8] Undefined index: day E:\PPH Project\BttenCMS\Common\Common\function.php 第 67 行.
NOTIC: [8] Undefined variable: nUid E:\PPH Project\BttenCMS\Common\Common\function.php 第 31 行.
NOTIC: [8] Undefined variable: nUid E:\PPH Project\BttenCMS\Common\Common\function.php 第 31 行.
NOTIC: [8] Undefined variable: nUid E:\PPH Project\BttenCMS\Common\Common\function.php 第 31 行.

[ 2014-10-11T17:03:07+08:00 ] ::1 /btcms/index.php/Payment/ApiOrder/CreateOrder/paytype/test
INFO: [ app_init ] --START--
INFO: Run Behavior\BuildLiteBehavior [ RunTime:0.000034s ]
INFO: [ app_init ] --END-- [ RunTime:0.000574s ]
INFO: [ app_begin ] --START--
INFO: Run Behavior\ReadHtmlCacheBehavior [ RunTime:0.000788s ]
INFO: [ app_begin ] --END-- [ RunTime:0.001028s ]
NOTIC: [8] Undefined index: userid E:\PPH Project\BttenCMS\Common\Common\function.php 第 62 行.
NOTIC: [8] Undefined index: userid E:\PPH Project\BttenCMS\Common\Common\function.php 第 67 行.
NOTIC: [8] Undefined index: type E:\PPH Project\BttenCMS\Common\Common\function.php 第 62 行.
NOTIC: [8] Undefined index: type E:\PPH Project\BttenCMS\Common\Common\function.php 第 67 行.
NOTIC: [8] Undefined index: productid E:\PPH Project\BttenCMS\Common\Common\function.php 第 62 行.
NOTIC: [8] Undefined index: productid E:\PPH Project\BttenCMS\Common\Common\function.php 第 67 行.
NOTIC: [8] Undefined index: paytype E:\PPH Project\BttenCMS\Common\Common\function.php 第 62 行.
NOTIC: [8] Undefined index: price E:\PPH Project\BttenCMS\Common\Common\function.php 第 62 行.
NOTIC: [8] Undefined index: price E:\PPH Project\BttenCMS\Common\Common\function.php 第 67 行.
NOTIC: [8] Undefined index: day E:\PPH Project\BttenCMS\Common\Common\function.php 第 62 行.
NOTIC: [8] Undefined index: day E:\PPH Project\BttenCMS\Common\Common\function.php 第 67 行.
NOTIC: [8] Undefined variable: nUid E:\PPH Project\BttenCMS\Common\Common\function.php 第 31 行.
NOTIC: [8] Undefined variable: nUid E:\PPH Project\BttenCMS\Common\Common\function.php 第 31 行.
NOTIC: [8] Undefined variable: nUid E:\PPH Project\BttenCMS\Common\Common\function.php 第 31 行.

[ 2014-10-11T17:03:14+08:00 ] ::1 /btcms/index.php/Payment/ApiOrder/CreateOrder/paytype/alipay
INFO: [ app_init ] --START--
INFO: Run Behavior\BuildLiteBehavior [ RunTime:0.000034s ]
INFO: [ app_init ] --END-- [ RunTime:0.000649s ]
INFO: [ app_begin ] --START--
INFO: Run Behavior\ReadHtmlCacheBehavior [ RunTime:0.000842s ]
INFO: [ app_begin ] --END-- [ RunTime:0.001104s ]
NOTIC: [8] Undefined index: userid E:\PPH Project\BttenCMS\Common\Common\function.php 第 62 行.
NOTIC: [8] Undefined index: userid E:\PPH Project\BttenCMS\Common\Common\function.php 第 67 行.
NOTIC: [8] Undefined index: type E:\PPH Project\BttenCMS\Common\Common\function.php 第 62 行.
NOTIC: [8] Undefined index: type E:\PPH Project\BttenCMS\Common\Common\function.php 第 67 行.
NOTIC: [8] Undefined index: productid E:\PPH Project\BttenCMS\Common\Common\function.php 第 62 行.
NOTIC: [8] Undefined index: productid E:\PPH Project\BttenCMS\Common\Common\function.php 第 67 行.
NOTIC: [8] Undefined index: paytype E:\PPH Project\BttenCMS\Common\Common\function.php 第 62 行.
NOTIC: [8] Undefined index: price E:\PPH Project\BttenCMS\Common\Common\function.php 第 62 行.
NOTIC: [8] Undefined index: price E:\PPH Project\BttenCMS\Common\Common\function.php 第 67 行.
NOTIC: [8] Undefined index: day E:\PPH Project\BttenCMS\Common\Common\function.php 第 62 行.
NOTIC: [8] Undefined index: day E:\PPH Project\BttenCMS\Common\Common\function.php 第 67 行.
NOTIC: [8] Undefined variable: nUid E:\PPH Project\BttenCMS\Common\Common\function.php 第 31 行.
NOTIC: [8] Undefined variable: nUid E:\PPH Project\BttenCMS\Common\Common\function.php 第 31 行.
NOTIC: [8] Undefined variable: nUid E:\PPH Project\BttenCMS\Common\Common\function.php 第 31 行.

[ 2014-10-11T17:28:31+08:00 ] ::1 /btcms/index.php/Payment/ApiOrder/CreateOrder/paytype/alipay
INFO: [ app_init ] --START--
INFO: Run Behavior\BuildLiteBehavior [ RunTime:0.000047s ]
INFO: [ app_init ] --END-- [ RunTime:0.000758s ]
INFO: [ app_begin ] --START--
INFO: Run Behavior\ReadHtmlCacheBehavior [ RunTime:0.000589s ]
INFO: [ app_begin ] --END-- [ RunTime:0.000744s ]
NOTIC: [8] Undefined index: type E:\PPH Project\BttenCMS\App\Payment\Controller\ApiOrderController.class.php 第 45 行.
NOTIC: [8] Undefined index: day E:\PPH Project\BttenCMS\App\Payment\Controller\ApiOrderController.class.php 第 49 行.
NOTIC: [8] Undefined variable: nUid E:\PPH Project\BttenCMS\Common\Common\function.php 第 31 行.
NOTIC: [8] Undefined variable: nUid E:\PPH Project\BttenCMS\Common\Common\function.php 第 31 行.
NOTIC: [8] Undefined variable: sPayType E:\PPH Project\BttenCMS\App\Payment\Controller\ApiOrderController.class.php 第 137 行.

[ 2014-10-11T17:33:09+08:00 ] ::1 /btcms/index.php/Payment/ApiOrder/CreateOrder/paytype/alipay
INFO: [ app_init ] --START--
INFO: Run Behavior\BuildLiteBehavior [ RunTime:0.000030s ]
INFO: [ app_init ] --END-- [ RunTime:0.000468s ]
INFO: [ app_begin ] --START--
INFO: Run Behavior\ReadHtmlCacheBehavior [ RunTime:0.000469s ]
INFO: [ app_begin ] --END-- [ RunTime:0.000614s ]
NOTIC: [8] Undefined index: userid E:\PPH Project\BttenCMS\App\Payment\Controller\ApiOrderController.class.php 第 48 行.
NOTIC: [8] Undefined variable: nUid E:\PPH Project\BttenCMS\Common\Common\function.php 第 31 行.
NOTIC: [8] Undefined variable: nUid E:\PPH Project\BttenCMS\Common\Common\function.php 第 31 行.
NOTIC: [8] Undefined variable: sPayType E:\PPH Project\BttenCMS\App\Payment\Controller\ApiOrderController.class.php 第 141 行.

[ 2014-10-11T17:33:10+08:00 ] ::1 /btcms/index.php/Payment/ApiOrder/CreateOrder/paytype/alipay
INFO: [ app_init ] --START--
INFO: Run Behavior\BuildLiteBehavior [ RunTime:0.000065s ]
INFO: [ app_init ] --END-- [ RunTime:0.000768s ]
INFO: [ app_begin ] --START--
INFO: Run Behavior\ReadHtmlCacheBehavior [ RunTime:0.000825s ]
INFO: [ app_begin ] --END-- [ RunTime:0.001133s ]
NOTIC: [8] Undefined index: userid E:\PPH Project\BttenCMS\App\Payment\Controller\ApiOrderController.class.php 第 48 行.
NOTIC: [8] Undefined variable: nUid E:\PPH Project\BttenCMS\Common\Common\function.php 第 31 行.
NOTIC: [8] Undefined variable: nUid E:\PPH Project\BttenCMS\Common\Common\function.php 第 31 行.
NOTIC: [8] Undefined variable: sPayType E:\PPH Project\BttenCMS\App\Payment\Controller\ApiOrderController.class.php 第 141 行.

[ 2014-10-11T17:33:47+08:00 ] ::1 /btcms/index.php/Payment/ApiOrder/CreateOrder/paytype/alipay
INFO: [ app_init ] --START--
INFO: Run Behavior\BuildLiteBehavior [ RunTime:0.000032s ]
INFO: [ app_init ] --END-- [ RunTime:0.000544s ]
INFO: [ app_begin ] --START--
INFO: Run Behavior\ReadHtmlCacheBehavior [ RunTime:0.000612s ]
INFO: [ app_begin ] --END-- [ RunTime:0.000780s ]

[ 2014-10-11T17:34:33+08:00 ] ::1 /btcms/index.php/Payment/ApiOrder/CreateOrder/paytype/alipay
INFO: [ app_init ] --START--
INFO: Run Behavior\BuildLiteBehavior [ RunTime:0.000133s ]
INFO: [ app_init ] --END-- [ RunTime:0.000953s ]
INFO: [ app_begin ] --START--
INFO: Run Behavior\ReadHtmlCacheBehavior [ RunTime:0.000684s ]
INFO: [ app_begin ] --END-- [ RunTime:0.001092s ]
NOTIC: [8] Undefined variable: image xdebug://debug-eval 第 1 行.
NOTIC: [8] Undefined index: image_ids xdebug://debug-eval 第 1 行.
NOTIC: [8] Undefined variable: sSql xdebug://debug-eval 第 1 行.
NOTIC: [8] Undefined variable: sPushResult xdebug://debug-eval 第 1 行.
NOTIC: [8] Undefined variable: image xdebug://debug-eval 第 1 行.
NOTIC: [8] Undefined index: image_ids xdebug://debug-eval 第 1 行.
NOTIC: [8] Undefined variable: sSql xdebug://debug-eval 第 1 行.
NOTIC: [8] Undefined variable: sPushResult xdebug://debug-eval 第 1 行.
NOTIC: [8] Undefined index: userid E:\PPH Project\BttenCMS\App\Payment\Controller\ApiOrderController.class.php 第 48 行.
NOTIC: [8] Undefined variable: image xdebug://debug-eval 第 1 行.
NOTIC: [8] Undefined index: image_ids xdebug://debug-eval 第 1 行.
NOTIC: [8] Undefined variable: sSql xdebug://debug-eval 第 1 行.
NOTIC: [8] Undefined variable: sPushResult xdebug://debug-eval 第 1 行.

[ 2014-10-11T17:34:53+08:00 ] ::1 /btcms/index.php/Payment/ApiOrder/CreateOrder/paytype/alipay
INFO: [ app_init ] --START--
INFO: Run Behavior\BuildLiteBehavior [ RunTime:0.000032s ]
INFO: [ app_init ] --END-- [ RunTime:0.000475s ]
INFO: [ app_begin ] --START--
INFO: Run Behavior\ReadHtmlCacheBehavior [ RunTime:0.000540s ]
INFO: [ app_begin ] --END-- [ RunTime:0.000703s ]
NOTIC: [8] Undefined variable: nUid E:\PPH Project\BttenCMS\Common\Common\function.php 第 31 行.
NOTIC: [8] Undefined variable: nUid E:\PPH Project\BttenCMS\Common\Common\function.php 第 31 行.
NOTIC: [8] Undefined variable: nUid E:\PPH Project\BttenCMS\Common\Common\function.php 第 31 行.
NOTIC: [8] Undefined variable: sPayType E:\PPH Project\BttenCMS\App\Payment\Controller\ApiOrderController.class.php 第 141 行.

[ 2014-10-11T17:35:28+08:00 ] ::1 /btcms/index.php/Payment/ApiOrder/CreateOrder/paytype/alipay
INFO: [ app_init ] --START--
INFO: Run Behavior\BuildLiteBehavior [ RunTime:0.000123s ]
INFO: [ app_init ] --END-- [ RunTime:0.000910s ]
INFO: [ app_begin ] --START--
INFO: Run Behavior\ReadHtmlCacheBehavior [ RunTime:0.001059s ]
INFO: [ app_begin ] --END-- [ RunTime:0.001547s ]
NOTIC: [8] Undefined variable: image xdebug://debug-eval 第 1 行.
NOTIC: [8] Undefined index: image_ids xdebug://debug-eval 第 1 行.
NOTIC: [8] Undefined variable: sSql xdebug://debug-eval 第 1 行.
NOTIC: [8] Undefined variable: sPushResult xdebug://debug-eval 第 1 行.
NOTIC: [8] Undefined variable: image xdebug://debug-eval 第 1 行.
NOTIC: [8] Undefined index: image_ids xdebug://debug-eval 第 1 行.
NOTIC: [8] Undefined variable: sSql xdebug://debug-eval 第 1 行.
NOTIC: [8] Undefined variable: sPushResult xdebug://debug-eval 第 1 行.
NOTIC: [8] Undefined variable: image xdebug://debug-eval 第 1 行.
NOTIC: [8] Undefined index: image_ids xdebug://debug-eval 第 1 行.
NOTIC: [8] Undefined variable: sSql xdebug://debug-eval 第 1 行.
NOTIC: [8] Undefined variable: sPushResult xdebug://debug-eval 第 1 行.
NOTIC: [8] Undefined variable: image xdebug://debug-eval 第 1 行.
NOTIC: [8] Undefined index: image_ids xdebug://debug-eval 第 1 行.
NOTIC: [8] Undefined variable: sSql xdebug://debug-eval 第 1 行.
NOTIC: [8] Undefined variable: sPushResult xdebug://debug-eval 第 1 行.
NOTIC: [8] Undefined variable: image xdebug://debug-eval 第 1 行.
NOTIC: [8] Undefined index: image_ids xdebug://debug-eval 第 1 行.
NOTIC: [8] Undefined variable: sSql xdebug://debug-eval 第 1 行.
NOTIC: [8] Undefined variable: sPushResult xdebug://debug-eval 第 1 行.
NOTIC: [8] Undefined variable: image xdebug://debug-eval 第 1 行.
NOTIC: [8] Undefined index: image_ids xdebug://debug-eval 第 1 行.
NOTIC: [8] Undefined variable: sSql xdebug://debug-eval 第 1 行.
NOTIC: [8] Undefined variable: sPushResult xdebug://debug-eval 第 1 行.
NOTIC: [8] Undefined variable: image xdebug://debug-eval 第 1 行.
NOTIC: [8] Undefined index: image_ids xdebug://debug-eval 第 1 行.
NOTIC: [8] Undefined variable: sSql xdebug://debug-eval 第 1 行.
NOTIC: [8] Undefined variable: sPushResult xdebug://debug-eval 第 1 行.
NOTIC: [8] Undefined variable: image xdebug://debug-eval 第 1 行.
NOTIC: [8] Undefined index: image_ids xdebug://debug-eval 第 1 行.
NOTIC: [8] Undefined variable: sSql xdebug://debug-eval 第 1 行.
NOTIC: [8] Undefined variable: sPushResult xdebug://debug-eval 第 1 行.
NOTIC: [8] Undefined variable: nUid E:\PPH Project\BttenCMS\Common\Common\function.php 第 31 行.
NOTIC: [8] Undefined variable: image xdebug://debug-eval 第 1 行.
NOTIC: [8] Undefined index: image_ids xdebug://debug-eval 第 1 行.
NOTIC: [8] Undefined variable: sSql xdebug://debug-eval 第 1 行.
NOTIC: [8] Undefined variable: sPushResult xdebug://debug-eval 第 1 行.
NOTIC: [8] Undefined variable: nUid E:\PPH Project\BttenCMS\Common\Common\function.php 第 31 行.
NOTIC: [8] Undefined variable: image xdebug://debug-eval 第 1 行.
NOTIC: [8] Undefined index: image_ids xdebug://debug-eval 第 1 行.
NOTIC: [8] Undefined variable: sSql xdebug://debug-eval 第 1 行.
NOTIC: [8] Undefined variable: sPushResult xdebug://debug-eval 第 1 行.
NOTIC: [8] Undefined variable: nUid E:\PPH Project\BttenCMS\Common\Common\function.php 第 31 行.
NOTIC: [8] Undefined variable: image xdebug://debug-eval 第 1 行.
NOTIC: [8] Undefined index: image_ids xdebug://debug-eval 第 1 行.
NOTIC: [8] Undefined variable: sSql xdebug://debug-eval 第 1 行.
NOTIC: [8] Undefined variable: sPushResult xdebug://debug-eval 第 1 行.
NOTIC: [8] Undefined variable: image xdebug://debug-eval 第 1 行.
NOTIC: [8] Undefined index: image_ids xdebug://debug-eval 第 1 行.
NOTIC: [8] Undefined variable: sSql xdebug://debug-eval 第 1 行.
NOTIC: [8] Undefined variable: sPushResult xdebug://debug-eval 第 1 行.
NOTIC: [8] Undefined variable: sPayType E:\PPH Project\BttenCMS\App\Payment\Controller\ApiOrderController.class.php 第 141 行.
NOTIC: [8] Undefined variable: image xdebug://debug-eval 第 1 行.
NOTIC: [8] Undefined index: image_ids xdebug://debug-eval 第 1 行.
NOTIC: [8] Undefined variable: sSql xdebug://debug-eval 第 1 行.
NOTIC: [8] Undefined variable: sPushResult xdebug://debug-eval 第 1 行.
NOTIC: [8] Undefined variable: image xdebug://debug-eval 第 1 行.
NOTIC: [8] Undefined index: image_ids xdebug://debug-eval 第 1 行.
NOTIC: [8] Undefined variable: sSql xdebug://debug-eval 第 1 行.
NOTIC: [8] Undefined variable: sPushResult xdebug://debug-eval 第 1 行.

[ 2014-10-11T17:36:23+08:00 ] ::1 /btcms/index.php/Payment/ApiOrder/CreateOrder/paytype/alipay
INFO: [ app_init ] --START--
INFO: Run Behavior\BuildLiteBehavior [ RunTime:0.000134s ]
INFO: [ app_init ] --END-- [ RunTime:0.000976s ]
INFO: [ app_begin ] --START--
INFO: Run Behavior\ReadHtmlCacheBehavior [ RunTime:0.000662s ]
INFO: [ app_begin ] --END-- [ RunTime:0.001027s ]
NOTIC: [8] Undefined variable: image xdebug://debug-eval 第 1 行.
NOTIC: [8] Undefined index: image_ids xdebug://debug-eval 第 1 行.
NOTIC: [8] Undefined variable: sSql xdebug://debug-eval 第 1 行.
NOTIC: [8] Undefined variable: sPushResult xdebug://debug-eval 第 1 行.
NOTIC: [8] Undefined variable: image xdebug://debug-eval 第 1 行.
NOTIC: [8] Undefined index: image_ids xdebug://debug-eval 第 1 行.
NOTIC: [8] Undefined variable: sSql xdebug://debug-eval 第 1 行.
NOTIC: [8] Undefined variable: sPushResult xdebug://debug-eval 第 1 行.
NOTIC: [8] Undefined variable: image xdebug://debug-eval 第 1 行.
NOTIC: [8] Undefined index: image_ids xdebug://debug-eval 第 1 行.
NOTIC: [8] Undefined variable: sSql xdebug://debug-eval 第 1 行.
NOTIC: [8] Undefined variable: sPushResult xdebug://debug-eval 第 1 行.
NOTIC: [8] Undefined variable: image xdebug://debug-eval 第 1 行.
NOTIC: [8] Undefined index: image_ids xdebug://debug-eval 第 1 行.
NOTIC: [8] Undefined variable: sSql xdebug://debug-eval 第 1 行.
NOTIC: [8] Undefined variable: sPushResult xdebug://debug-eval 第 1 行.
NOTIC: [8] Undefined variable: image xdebug://debug-eval 第 1 行.
NOTIC: [8] Undefined index: image_ids xdebug://debug-eval 第 1 行.
NOTIC: [8] Undefined variable: sSql xdebug://debug-eval 第 1 行.
NOTIC: [8] Undefined variable: sPushResult xdebug://debug-eval 第 1 行.
NOTIC: [8] Undefined variable: image xdebug://debug-eval 第 1 行.
NOTIC: [8] Undefined index: image_ids xdebug://debug-eval 第 1 行.
NOTIC: [8] Undefined variable: sSql xdebug://debug-eval 第 1 行.
NOTIC: [8] Undefined variable: sPushResult xdebug://debug-eval 第 1 行.
NOTIC: [8] Undefined variable: image xdebug://debug-eval 第 1 行.
NOTIC: [8] Undefined index: image_ids xdebug://debug-eval 第 1 行.
NOTIC: [8] Undefined variable: sSql xdebug://debug-eval 第 1 行.
NOTIC: [8] Undefined variable: sPushResult xdebug://debug-eval 第 1 行.
NOTIC: [8] Undefined variable: image xdebug://debug-eval 第 1 行.
NOTIC: [8] Undefined index: image_ids xdebug://debug-eval 第 1 行.
NOTIC: [8] Undefined variable: sSql xdebug://debug-eval 第 1 行.
NOTIC: [8] Undefined variable: sPushResult xdebug://debug-eval 第 1 行.
NOTIC: [8] Undefined variable: nUid E:\PPH Project\BttenCMS\Common\Common\function.php 第 31 行.
NOTIC: [8] Undefined variable: image xdebug://debug-eval 第 1 行.
NOTIC: [8] Undefined index: image_ids xdebug://debug-eval 第 1 行.
NOTIC: [8] Undefined variable: sSql xdebug://debug-eval 第 1 行.
NOTIC: [8] Undefined variable: sPushResult xdebug://debug-eval 第 1 行.
NOTIC: [8] Undefined variable: nUid E:\PPH Project\BttenCMS\Common\Common\function.php 第 31 行.
NOTIC: [8] Undefined variable: image xdebug://debug-eval 第 1 行.
NOTIC: [8] Undefined index: image_ids xdebug://debug-eval 第 1 行.
NOTIC: [8] Undefined variable: sSql xdebug://debug-eval 第 1 行.
NOTIC: [8] Undefined variable: sPushResult xdebug://debug-eval 第 1 行.
NOTIC: [8] Undefined variable: nUid E:\PPH Project\BttenCMS\Common\Common\function.php 第 31 行.
NOTIC: [8] Undefined variable: image xdebug://debug-eval 第 1 行.
NOTIC: [8] Undefined index: image_ids xdebug://debug-eval 第 1 行.
NOTIC: [8] Undefined variable: sSql xdebug://debug-eval 第 1 行.
NOTIC: [8] Undefined variable: sPushResult xdebug://debug-eval 第 1 行.
NOTIC: [8] Undefined variable: image xdebug://debug-eval 第 1 行.
NOTIC: [8] Undefined index: image_ids xdebug://debug-eval 第 1 行.
NOTIC: [8] Undefined variable: sSql xdebug://debug-eval 第 1 行.
NOTIC: [8] Undefined variable: sPushResult xdebug://debug-eval 第 1 行.
NOTIC: [8] Undefined variable: image xdebug://debug-eval 第 1 行.
NOTIC: [8] Undefined index: image_ids xdebug://debug-eval 第 1 行.
NOTIC: [8] Undefined variable: sSql xdebug://debug-eval 第 1 行.
NOTIC: [8] Undefined variable: sPushResult xdebug://debug-eval 第 1 行.
NOTIC: [8] Undefined variable: image xdebug://debug-eval 第 1 行.
NOTIC: [8] Undefined index: image_ids xdebug://debug-eval 第 1 行.
NOTIC: [8] Undefined variable: sSql xdebug://debug-eval 第 1 行.
NOTIC: [8] Undefined variable: sPushResult xdebug://debug-eval 第 1 行.
NOTIC: [8] Undefined variable: image xdebug://debug-eval 第 1 行.
NOTIC: [8] Undefined index: image_ids xdebug://debug-eval 第 1 行.
NOTIC: [8] Undefined variable: sSql xdebug://debug-eval 第 1 行.
NOTIC: [8] Undefined variable: sPushResult xdebug://debug-eval 第 1 行.
NOTIC: [8] Undefined variable: image xdebug://debug-eval 第 1 行.
NOTIC: [8] Undefined index: image_ids xdebug://debug-eval 第 1 行.
NOTIC: [8] Undefined variable: sSql xdebug://debug-eval 第 1 行.
NOTIC: [8] Undefined variable: sPushResult xdebug://debug-eval 第 1 行.
NOTIC: [8] Undefined variable: sPayType E:\PPH Project\BttenCMS\App\Payment\Controller\ApiOrderController.class.php 第 141 行.
NOTIC: [8] Undefined variable: image xdebug://debug-eval 第 1 行.
NOTIC: [8] Undefined index: image_ids xdebug://debug-eval 第 1 行.
NOTIC: [8] Undefined variable: sSql xdebug://debug-eval 第 1 行.
NOTIC: [8] Undefined variable: sPushResult xdebug://debug-eval 第 1 行.
NOTIC: [8] Undefined variable: image xdebug://debug-eval 第 1 行.
NOTIC: [8] Undefined index: image_ids xdebug://debug-eval 第 1 行.
NOTIC: [8] Undefined variable: sSql xdebug://debug-eval 第 1 行.
NOTIC: [8] Undefined variable: sPushResult xdebug://debug-eval 第 1 行.
NOTIC: [8] Undefined variable: image xdebug://debug-eval 第 1 行.
NOTIC: [8] Undefined index: image_ids xdebug://debug-eval 第 1 行.
NOTIC: [8] Undefined variable: sSql xdebug://debug-eval 第 1 行.
NOTIC: [8] Undefined variable: sPushResult xdebug://debug-eval 第 1 行.

[ 2014-10-11T17:36:42+08:00 ] ::1 /btcms/index.php/Payment/ApiOrder/CreateOrder/paytype/alipay
INFO: [ app_init ] --START--
INFO: Run Behavior\BuildLiteBehavior [ RunTime:0.000124s ]
INFO: [ app_init ] --END-- [ RunTime:0.000988s ]
INFO: [ app_begin ] --START--
INFO: Run Behavior\ReadHtmlCacheBehavior [ RunTime:0.000683s ]
INFO: [ app_begin ] --END-- [ RunTime:0.001071s ]
NOTIC: [8] Undefined variable: image xdebug://debug-eval 第 1 行.
NOTIC: [8] Undefined index: image_ids xdebug://debug-eval 第 1 行.
NOTIC: [8] Undefined variable: sSql xdebug://debug-eval 第 1 行.
NOTIC: [8] Undefined variable: sPushResult xdebug://debug-eval 第 1 行.
NOTIC: [8] Undefined variable: image xdebug://debug-eval 第 1 行.
NOTIC: [8] Undefined index: image_ids xdebug://debug-eval 第 1 行.
NOTIC: [8] Undefined variable: sSql xdebug://debug-eval 第 1 行.
NOTIC: [8] Undefined variable: sPushResult xdebug://debug-eval 第 1 行.
NOTIC: [8] Undefined variable: image xdebug://debug-eval 第 1 行.
NOTIC: [8] Undefined index: image_ids xdebug://debug-eval 第 1 行.
NOTIC: [8] Undefined variable: sSql xdebug://debug-eval 第 1 行.
NOTIC: [8] Undefined variable: sPushResult xdebug://debug-eval 第 1 行.
NOTIC: [8] Undefined variable: image xdebug://debug-eval 第 1 行.
NOTIC: [8] Undefined index: image_ids xdebug://debug-eval 第 1 行.
NOTIC: [8] Undefined variable: sSql xdebug://debug-eval 第 1 行.
NOTIC: [8] Undefined variable: sPushResult xdebug://debug-eval 第 1 行.
NOTIC: [8] Undefined variable: image xdebug://debug-eval 第 1 行.
NOTIC: [8] Undefined index: image_ids xdebug://debug-eval 第 1 行.
NOTIC: [8] Undefined variable: sSql xdebug://debug-eval 第 1 行.
NOTIC: [8] Undefined variable: sPushResult xdebug://debug-eval 第 1 行.
NOTIC: [8] Undefined variable: image xdebug://debug-eval 第 1 行.
NOTIC: [8] Undefined index: image_ids xdebug://debug-eval 第 1 行.
NOTIC: [8] Undefined variable: sSql xdebug://debug-eval 第 1 行.
NOTIC: [8] Undefined variable: sPushResult xdebug://debug-eval 第 1 行.
NOTIC: [8] Undefined variable: image xdebug://debug-eval 第 1 行.
NOTIC: [8] Undefined index: image_ids xdebug://debug-eval 第 1 行.
NOTIC: [8] Undefined variable: sSql xdebug://debug-eval 第 1 行.
NOTIC: [8] Undefined variable: sPushResult xdebug://debug-eval 第 1 行.
NOTIC: [8] Undefined variable: image xdebug://debug-eval 第 1 行.
NOTIC: [8] Undefined index: image_ids xdebug://debug-eval 第 1 行.
NOTIC: [8] Undefined variable: sSql xdebug://debug-eval 第 1 行.
NOTIC: [8] Undefined variable: sPushResult xdebug://debug-eval 第 1 行.
NOTIC: [8] Undefined variable: nUid E:\PPH Project\BttenCMS\Common\Common\function.php 第 31 行.
NOTIC: [8] Undefined variable: image xdebug://debug-eval 第 1 行.
NOTIC: [8] Undefined index: image_ids xdebug://debug-eval 第 1 行.
NOTIC: [8] Undefined variable: sSql xdebug://debug-eval 第 1 行.
NOTIC: [8] Undefined variable: sPushResult xdebug://debug-eval 第 1 行.
NOTIC: [8] Undefined variable: nUid E:\PPH Project\BttenCMS\Common\Common\function.php 第 31 行.
NOTIC: [8] Undefined variable: image xdebug://debug-eval 第 1 行.
NOTIC: [8] Undefined index: image_ids xdebug://debug-eval 第 1 行.
NOTIC: [8] Undefined variable: sSql xdebug://debug-eval 第 1 行.
NOTIC: [8] Undefined variable: sPushResult xdebug://debug-eval 第 1 行.
NOTIC: [8] Undefined variable: nUid E:\PPH Project\BttenCMS\Common\Common\function.php 第 31 行.
NOTIC: [8] Undefined variable: image xdebug://debug-eval 第 1 行.
NOTIC: [8] Undefined index: image_ids xdebug://debug-eval 第 1 行.
NOTIC: [8] Undefined variable: sSql xdebug://debug-eval 第 1 行.
NOTIC: [8] Undefined variable: sPushResult xdebug://debug-eval 第 1 行.
NOTIC: [8] Undefined variable: image xdebug://debug-eval 第 1 行.
NOTIC: [8] Undefined index: image_ids xdebug://debug-eval 第 1 行.
NOTIC: [8] Undefined variable: sSql xdebug://debug-eval 第 1 行.
NOTIC: [8] Undefined variable: sPushResult xdebug://debug-eval 第 1 行.
NOTIC: [8] Undefined variable: image xdebug://debug-eval 第 1 行.
NOTIC: [8] Undefined index: image_ids xdebug://debug-eval 第 1 行.
NOTIC: [8] Undefined variable: sSql xdebug://debug-eval 第 1 行.
NOTIC: [8] Undefined variable: sPushResult xdebug://debug-eval 第 1 行.
NOTIC: [8] Undefined variable: image xdebug://debug-eval 第 1 行.
NOTIC: [8] Undefined index: image_ids xdebug://debug-eval 第 1 行.
NOTIC: [8] Undefined variable: sSql xdebug://debug-eval 第 1 行.
NOTIC: [8] Undefined variable: sPushResult xdebug://debug-eval 第 1 行.
NOTIC: [8] Undefined variable: nUid E:\PPH Project\BttenCMS\Common\Common\function.php 第 31 行.
NOTIC: [8] Undefined variable: image xdebug://debug-eval 第 1 行.
NOTIC: [8] Undefined index: image_ids xdebug://debug-eval 第 1 行.
NOTIC: [8] Undefined variable: sSql xdebug://debug-eval 第 1 行.
NOTIC: [8] Undefined variable: sPushResult xdebug://debug-eval 第 1 行.
NOTIC: [8] Undefined variable: nUid E:\PPH Project\BttenCMS\Common\Common\function.php 第 31 行.
NOTIC: [8] Undefined variable: image xdebug://debug-eval 第 1 行.
NOTIC: [8] Undefined index: image_ids xdebug://debug-eval 第 1 行.
NOTIC: [8] Undefined variable: sSql xdebug://debug-eval 第 1 行.
NOTIC: [8] Undefined variable: sPushResult xdebug://debug-eval 第 1 行.
NOTIC: [8] Undefined variable: image xdebug://debug-eval 第 1 行.
NOTIC: [8] Undefined index: image_ids xdebug://debug-eval 第 1 行.
NOTIC: [8] Undefined variable: sSql xdebug://debug-eval 第 1 行.
NOTIC: [8] Undefined variable: sPushResult xdebug://debug-eval 第 1 行.

[ 2014-10-11T17:36:53+08:00 ] ::1 /btcms/index.php/Payment/ApiOrder/CreateOrder/paytype/alipay
INFO: [ app_init ] --START--
INFO: Run Behavior\BuildLiteBehavior [ RunTime:0.000060s ]
INFO: [ app_init ] --END-- [ RunTime:0.000754s ]
INFO: [ app_begin ] --START--
INFO: Run Behavior\ReadHtmlCacheBehavior [ RunTime:0.000829s ]
INFO: [ app_begin ] --END-- [ RunTime:0.001128s ]
NOTIC: [8] Undefined variable: nUid E:\PPH Project\BttenCMS\Common\Common\function.php 第 31 行.
NOTIC: [8] Undefined variable: nUid E:\PPH Project\BttenCMS\Common\Common\function.php 第 31 行.
NOTIC: [8] Undefined variable: nUid E:\PPH Project\BttenCMS\Common\Common\function.php 第 31 行.
NOTIC: [8] Undefined variable: nUid E:\PPH Project\BttenCMS\Common\Common\function.php 第 31 行.
NOTIC: [8] Undefined variable: nUid E:\PPH Project\BttenCMS\Common\Common\function.php 第 31 行.
SQL: SHOW COLUMNS FROM `btten_order` [ RunTime:0.003417s ]
SQL: INSERT INTO `btten_order` (`ordernum`,`uid`,`type`,`table`,`productid`,`paytype`,`price`,`serviceday`,`addressid`,`status`,`addtime`) VALUES ('P1413020212429841',1,1,'product',1,'alipay','99.8',30,1,0,1413020212) [ RunTime:0.079484s ]

[ 2014-10-11T17:42:42+08:00 ] ::1 /btcms/index.php/Payment/ApiOrder/CreateOrder/paytype/alipay
INFO: [ app_init ] --START--
INFO: Run Behavior\BuildLiteBehavior [ RunTime:0.000033s ]
INFO: [ app_init ] --END-- [ RunTime:0.000801s ]
INFO: [ app_begin ] --START--
INFO: Run Behavior\ReadHtmlCacheBehavior [ RunTime:0.000656s ]
INFO: [ app_begin ] --END-- [ RunTime:0.000835s ]
NOTIC: [8] Undefined variable: nUid E:\PPH Project\BttenCMS\Common\Common\function.php 第 31 行.
NOTIC: [8] Undefined variable: nUid E:\PPH Project\BttenCMS\Common\Common\function.php 第 31 行.
NOTIC: [8] Undefined variable: nUid E:\PPH Project\BttenCMS\Common\Common\function.php 第 31 行.
NOTIC: [8] Undefined variable: nUid E:\PPH Project\BttenCMS\Common\Common\function.php 第 31 行.
NOTIC: [8] Undefined variable: nUid E:\PPH Project\BttenCMS\Common\Common\function.php 第 31 行.
SQL: SHOW COLUMNS FROM `btten_order` [ RunTime:0.003577s ]
SQL: INSERT INTO `btten_order` (`ordernum`,`uid`,`type`,`table`,`productid`,`paytype`,`price`,`serviceday`,`addressid`,`status`,`addtime`) VALUES ('P1413020561616681',1,1,'product',1,'alipay','99.8',30,1,0,1413020561) [ RunTime:0.081202s ]

[ 2014-10-11T17:46:21+08:00 ] ::1 /btcms/index.php/Payment/ApiOrder/CreateOrder/paytype/alipay
INFO: [ app_init ] --START--
INFO: Run Behavior\BuildLiteBehavior [ RunTime:0.000077s ]
INFO: [ app_init ] --END-- [ RunTime:0.000826s ]
INFO: [ app_begin ] --START--
INFO: Run Behavior\ReadHtmlCacheBehavior [ RunTime:0.000833s ]
INFO: [ app_begin ] --END-- [ RunTime:0.001002s ]
NOTIC: [8] Undefined variable: nUid E:\PPH Project\BttenCMS\Common\Common\function.php 第 31 行.
NOTIC: [8] Undefined variable: nUid E:\PPH Project\BttenCMS\Common\Common\function.php 第 31 行.
NOTIC: [8] Undefined variable: nUid E:\PPH Project\BttenCMS\Common\Common\function.php 第 31 行.
NOTIC: [8] Undefined variable: nUid E:\PPH Project\BttenCMS\Common\Common\function.php 第 31 行.
NOTIC: [8] Undefined variable: nUid E:\PPH Project\BttenCMS\Common\Common\function.php 第 31 行.
SQL: SHOW COLUMNS FROM `btten_order` [ RunTime:0.003819s ]
SQL: SELECT * FROM `btten_order` WHERE ( ordernum='P1413020780172991' ) LIMIT 1   [ RunTime:0.000516s ]
SQL: INSERT INTO `btten_order` (`ordernum`,`uid`,`type`,`table`,`productid`,`paytype`,`price`,`serviceday`,`addressid`,`status`,`addtime`) VALUES ('P1413020780172991',1,1,'product',1,'alipay','99.8',30,1,0,1413020781) [ RunTime:0.119294s ]

[ 2014-10-11T17:46:24+08:00 ] ::1 /btcms/index.php/Payment/ApiOrder/CreateOrder/paytype/alipay
INFO: [ app_init ] --START--
INFO: Run Behavior\BuildLiteBehavior [ RunTime:0.000032s ]
INFO: [ app_init ] --END-- [ RunTime:0.000463s ]
INFO: [ app_begin ] --START--
INFO: Run Behavior\ReadHtmlCacheBehavior [ RunTime:0.000443s ]
INFO: [ app_begin ] --END-- [ RunTime:0.000593s ]
NOTIC: [8] Undefined variable: nUid E:\PPH Project\BttenCMS\Common\Common\function.php 第 31 行.
NOTIC: [8] Undefined variable: nUid E:\PPH Project\BttenCMS\Common\Common\function.php 第 31 行.
NOTIC: [8] Undefined variable: nUid E:\PPH Project\BttenCMS\Common\Common\function.php 第 31 行.
NOTIC: [8] Undefined variable: nUid E:\PPH Project\BttenCMS\Common\Common\function.php 第 31 行.
NOTIC: [8] Undefined variable: nUid E:\PPH Project\BttenCMS\Common\Common\function.php 第 31 行.
SQL: SHOW COLUMNS FROM `btten_order` [ RunTime:0.003930s ]
SQL: SELECT * FROM `btten_order` WHERE ( ordernum='P1413020783546201' ) LIMIT 1   [ RunTime:0.000540s ]
SQL: INSERT INTO `btten_order` (`ordernum`,`uid`,`type`,`table`,`productid`,`paytype`,`price`,`serviceday`,`addressid`,`status`,`addtime`) VALUES ('P1413020783546201',1,1,'product',1,'alipay','99.8',30,1,0,1413020784) [ RunTime:0.083624s ]

[ 2014-10-11T17:48:32+08:00 ] ::1 /btcms/index.php/Payment/ApiOrder/CreateOrder/paytype/alipay
INFO: [ app_init ] --START--
INFO: Run Behavior\BuildLiteBehavior [ RunTime:0.000119s ]
INFO: [ app_init ] --END-- [ RunTime:0.000903s ]
INFO: [ app_begin ] --START--
INFO: Run Behavior\ReadHtmlCacheBehavior [ RunTime:0.000663s ]
INFO: [ app_begin ] --END-- [ RunTime:0.001046s ]
NOTIC: [8] Undefined variable: nUid E:\PPH Project\BttenCMS\Common\Common\function.php 第 31 行.
NOTIC: [8] Undefined variable: nUid E:\PPH Project\BttenCMS\Common\Common\function.php 第 31 行.
NOTIC: [8] Undefined variable: nUid E:\PPH Project\BttenCMS\Common\Common\function.php 第 31 行.
NOTIC: [8] Undefined variable: nUid E:\PPH Project\BttenCMS\Common\Common\function.php 第 31 行.
NOTIC: [8] Undefined variable: nUid E:\PPH Project\BttenCMS\Common\Common\function.php 第 31 行.
NOTIC: [8] Undefined variable: image xdebug://debug-eval 第 1 行.
NOTIC: [8] Undefined index: image_ids xdebug://debug-eval 第 1 行.
NOTIC: [8] Undefined variable: sSql xdebug://debug-eval 第 1 行.
NOTIC: [8] Undefined variable: sPushResult xdebug://debug-eval 第 1 行.
NOTIC: [8] Undefined variable: image xdebug://debug-eval 第 1 行.
NOTIC: [8] Undefined index: image_ids xdebug://debug-eval 第 1 行.
NOTIC: [8] Undefined variable: sSql xdebug://debug-eval 第 1 行.
NOTIC: [8] Undefined variable: sPushResult xdebug://debug-eval 第 1 行.
NOTIC: [8] Undefined variable: image xdebug://debug-eval 第 1 行.
NOTIC: [8] Undefined index: image_ids xdebug://debug-eval 第 1 行.
NOTIC: [8] Undefined variable: sSql xdebug://debug-eval 第 1 行.
NOTIC: [8] Undefined variable: sPushResult xdebug://debug-eval 第 1 行.
NOTIC: [8] Undefined variable: image xdebug://debug-eval 第 1 行.
NOTIC: [8] Undefined index: image_ids xdebug://debug-eval 第 1 行.
NOTIC: [8] Undefined variable: sSql xdebug://debug-eval 第 1 行.
NOTIC: [8] Undefined variable: sPushResult xdebug://debug-eval 第 1 行.
NOTIC: [8] Undefined variable: image xdebug://debug-eval 第 1 行.
NOTIC: [8] Undefined index: image_ids xdebug://debug-eval 第 1 行.
NOTIC: [8] Undefined variable: sSql xdebug://debug-eval 第 1 行.
NOTIC: [8] Undefined variable: sPushResult xdebug://debug-eval 第 1 行.
NOTIC: [8] Undefined variable: image xdebug://debug-eval 第 1 行.
NOTIC: [8] Undefined index: image_ids xdebug://debug-eval 第 1 行.
NOTIC: [8] Undefined variable: sSql xdebug://debug-eval 第 1 行.
NOTIC: [8] Undefined variable: sPushResult xdebug://debug-eval 第 1 行.
NOTIC: [8] Undefined variable: image xdebug://debug-eval 第 1 行.
NOTIC: [8] Undefined index: image_ids xdebug://debug-eval 第 1 行.
NOTIC: [8] Undefined variable: sSql xdebug://debug-eval 第 1 行.
NOTIC: [8] Undefined variable: sPushResult xdebug://debug-eval 第 1 行.
NOTIC: [8] Undefined variable: image xdebug://debug-eval 第 1 行.
NOTIC: [8] Undefined index: image_ids xdebug://debug-eval 第 1 行.
NOTIC: [8] Undefined variable: sSql xdebug://debug-eval 第 1 行.
NOTIC: [8] Undefined variable: sPushResult xdebug://debug-eval 第 1 行.
NOTIC: [8] Undefined variable: image xdebug://debug-eval 第 1 行.
NOTIC: [8] Undefined index: image_ids xdebug://debug-eval 第 1 行.
NOTIC: [8] Undefined variable: sSql xdebug://debug-eval 第 1 行.
NOTIC: [8] Undefined variable: sPushResult xdebug://debug-eval 第 1 行.
NOTIC: [8] Undefined variable: image xdebug://debug-eval 第 1 行.
NOTIC: [8] Undefined index: image_ids xdebug://debug-eval 第 1 行.
NOTIC: [8] Undefined variable: sSql xdebug://debug-eval 第 1 行.
NOTIC: [8] Undefined variable: sPushResult xdebug://debug-eval 第 1 行.
NOTIC: [8] Undefined variable: image xdebug://debug-eval 第 1 行.
NOTIC: [8] Undefined index: image_ids xdebug://debug-eval 第 1 行.
NOTIC: [8] Undefined variable: sSql xdebug://debug-eval 第 1 行.
NOTIC: [8] Undefined variable: sPushResult xdebug://debug-eval 第 1 行.
SQL: SHOW COLUMNS FROM `btten_order` [ RunTime:0.003494s ]
NOTIC: [8] Undefined variable: image xdebug://debug-eval 第 1 行.
NOTIC: [8] Undefined index: image_ids xdebug://debug-eval 第 1 行.
NOTIC: [8] Undefined variable: sSql xdebug://debug-eval 第 1 行.
NOTIC: [8] Undefined variable: sPushResult xdebug://debug-eval 第 1 行.
SQL: SELECT * FROM `btten_order` WHERE ( ordernum='P1413020212429841' ) LIMIT 1   [ RunTime:0.000658s ]
NOTIC: [8] Undefined variable: image xdebug://debug-eval 第 1 行.
NOTIC: [8] Undefined index: image_ids xdebug://debug-eval 第 1 行.
NOTIC: [8] Undefined variable: sSql xdebug://debug-eval 第 1 行.
NOTIC: [8] Undefined variable: sPushResult xdebug://debug-eval 第 1 行.
NOTIC: [8] Undefined variable: image xdebug://debug-eval 第 1 行.
NOTIC: [8] Undefined index: image_ids xdebug://debug-eval 第 1 行.
NOTIC: [8] Undefined variable: sSql xdebug://debug-eval 第 1 行.
NOTIC: [8] Undefined variable: sPushResult xdebug://debug-eval 第 1 行.
NOTIC: [8] Undefined variable: image xdebug://debug-eval 第 1 行.
NOTIC: [8] Undefined index: image_ids xdebug://debug-eval 第 1 行.
NOTIC: [8] Undefined variable: sSql xdebug://debug-eval 第 1 行.
NOTIC: [8] Undefined variable: sPushResult xdebug://debug-eval 第 1 行.
NOTIC: [8] Undefined variable: image xdebug://debug-eval 第 1 行.
NOTIC: [8] Undefined index: image_ids xdebug://debug-eval 第 1 行.
NOTIC: [8] Undefined variable: sSql xdebug://debug-eval 第 1 行.
NOTIC: [8] Undefined variable: sPushResult xdebug://debug-eval 第 1 行.
NOTIC: [8] Undefined variable: image xdebug://debug-eval 第 1 行.
NOTIC: [8] Undefined index: image_ids xdebug://debug-eval 第 1 行.
NOTIC: [8] Undefined variable: sSql xdebug://debug-eval 第 1 行.
NOTIC: [8] Undefined variable: sPushResult xdebug://debug-eval 第 1 行.
NOTIC: [8] Undefined variable: image xdebug://debug-eval 第 1 行.
NOTIC: [8] Undefined index: image_ids xdebug://debug-eval 第 1 行.
NOTIC: [8] Undefined variable: sSql xdebug://debug-eval 第 1 行.
NOTIC: [8] Undefined variable: sPushResult xdebug://debug-eval 第 1 行.
NOTIC: [8] Undefined variable: image xdebug://debug-eval 第 1 行.
NOTIC: [8] Undefined index: image_ids xdebug://debug-eval 第 1 行.
NOTIC: [8] Undefined variable: sSql xdebug://debug-eval 第 1 行.
NOTIC: [8] Undefined variable: sPushResult xdebug://debug-eval 第 1 行.
NOTIC: [8] Undefined variable: image xdebug://debug-eval 第 1 行.
NOTIC: [8] Undefined index: image_ids xdebug://debug-eval 第 1 行.
NOTIC: [8] Undefined variable: sSql xdebug://debug-eval 第 1 行.
NOTIC: [8] Undefined variable: sPushResult xdebug://debug-eval 第 1 行.
NOTIC: [8] Undefined variable: image xdebug://debug-eval 第 1 行.
NOTIC: [8] Undefined index: image_ids xdebug://debug-eval 第 1 行.
NOTIC: [8] Undefined variable: sSql xdebug://debug-eval 第 1 行.
NOTIC: [8] Undefined variable: sPushResult xdebug://debug-eval 第 1 行.
NOTIC: [8] Undefined variable: image xdebug://debug-eval 第 1 行.
NOTIC: [8] Undefined index: image_ids xdebug://debug-eval 第 1 行.
NOTIC: [8] Undefined variable: sSql xdebug://debug-eval 第 1 行.
NOTIC: [8] Undefined variable: sPushResult xdebug://debug-eval 第 1 行.
NOTIC: [8] Undefined variable: image xdebug://debug-eval 第 1 行.
NOTIC: [8] Undefined index: image_ids xdebug://debug-eval 第 1 行.
NOTIC: [8] Undefined variable: sSql xdebug://debug-eval 第 1 行.
NOTIC: [8] Undefined variable: sPushResult xdebug://debug-eval 第 1 行.
NOTIC: [8] Undefined variable: image xdebug://debug-eval 第 1 行.
NOTIC: [8] Undefined index: image_ids xdebug://debug-eval 第 1 行.
NOTIC: [8] Undefined variable: sSql xdebug://debug-eval 第 1 行.
NOTIC: [8] Undefined variable: sPushResult xdebug://debug-eval 第 1 行.

[ 2014-10-11T17:48:43+08:00 ] ::1 /btcms/index.php/Payment/ApiOrder/CreateOrder/paytype/alipay
INFO: [ app_init ] --START--
INFO: Run Behavior\BuildLiteBehavior [ RunTime:0.000029s ]
INFO: [ app_init ] --END-- [ RunTime:0.000487s ]
INFO: [ app_begin ] --START--
INFO: Run Behavior\ReadHtmlCacheBehavior [ RunTime:0.000549s ]
INFO: [ app_begin ] --END-- [ RunTime:0.000712s ]
NOTIC: [8] Undefined variable: nUid E:\PPH Project\BttenCMS\Common\Common\function.php 第 31 行.
NOTIC: [8] Undefined variable: nUid E:\PPH Project\BttenCMS\Common\Common\function.php 第 31 行.
NOTIC: [8] Undefined variable: nUid E:\PPH Project\BttenCMS\Common\Common\function.php 第 31 行.
NOTIC: [8] Undefined variable: nUid E:\PPH Project\BttenCMS\Common\Common\function.php 第 31 行.
NOTIC: [8] Undefined variable: nUid E:\PPH Project\BttenCMS\Common\Common\function.php 第 31 行.
SQL: SHOW COLUMNS FROM `btten_order` [ RunTime:0.003470s ]
SQL: SELECT * FROM `btten_order` WHERE ( ordernum='P1413020922421391' ) LIMIT 1   [ RunTime:0.000487s ]
SQL: INSERT INTO `btten_order` (`ordernum`,`uid`,`type`,`table`,`productid`,`paytype`,`price`,`serviceday`,`addressid`,`status`,`addtime`) VALUES ('P1413020922421391',1,1,'product',1,'alipay','99.8',30,1,0,1413020923) [ RunTime:0.078046s ]

