[ 2014-10-16T09:11:28+08:00 ] ::1 /btcms/index.php/Payment/Api/alipay
INFO: [ app_init ] --START--
INFO: Run Behavior\BuildLiteBehavior [ RunTime:0.000034s ]
INFO: [ app_init ] --END-- [ RunTime:0.000547s ]
INFO: [ app_begin ] --START--
INFO: Run Behavior\ReadHtmlCacheBehavior [ RunTime:0.000777s ]
INFO: [ app_begin ] --END-- [ RunTime:0.000944s ]
NOTIC: [8] Undefined variable: alipay_config E:\PPH Project\BttenCMS\App\Payment\Controller\ApiController.class.php 第 38 行.

[ 2014-10-16T09:16:05+08:00 ] ::1 /btcms/index.php/Payment/Alipay
INFO: [ app_init ] --START--
INFO: Run Behavior\BuildLiteBehavior [ RunTime:0.000034s ]
INFO: [ app_init ] --END-- [ RunTime:0.000586s ]
INFO: [ app_begin ] --START--
INFO: Run Behavior\ReadHtmlCacheBehavior [ RunTime:0.000534s ]
INFO: [ app_begin ] --END-- [ RunTime:0.000692s ]

[ 2014-10-16T09:16:51+08:00 ] ::1 /btcms/index.php/Payment/Api/alipay
INFO: [ app_init ] --START--
INFO: Run Behavior\BuildLiteBehavior [ RunTime:0.000031s ]
INFO: [ app_init ] --END-- [ RunTime:0.000524s ]
INFO: [ app_begin ] --START--
INFO: Run Behavior\ReadHtmlCacheBehavior [ RunTime:0.000504s ]
INFO: [ app_begin ] --END-- [ RunTime:0.000660s ]
NOTIC: [8] Undefined variable: alipay_config E:\PPH Project\BttenCMS\App\Payment\Controller\ApiController.class.php 第 38 行.

[ 2014-10-16T09:17:14+08:00 ] ::1 /btcms/index.php/Payment/Api/alipay
INFO: [ app_init ] --START--
INFO: Run Behavior\BuildLiteBehavior [ RunTime:0.000030s ]
INFO: [ app_init ] --END-- [ RunTime:0.000421s ]
INFO: [ app_begin ] --START--
INFO: Run Behavior\ReadHtmlCacheBehavior [ RunTime:0.000418s ]
INFO: [ app_begin ] --END-- [ RunTime:0.000555s ]
NOTIC: [8] Undefined variable: alipay_config E:\PPH Project\BttenCMS\App\Payment\Controller\ApiController.class.php 第 38 行.

[ 2014-10-16T09:17:41+08:00 ] ::1 /btcms/index.php/Payment/Api/alipay
INFO: [ app_init ] --START--
INFO: Run Behavior\BuildLiteBehavior [ RunTime:0.000030s ]
INFO: [ app_init ] --END-- [ RunTime:0.000426s ]
INFO: [ app_begin ] --START--
INFO: Run Behavior\ReadHtmlCacheBehavior [ RunTime:0.000456s ]
INFO: [ app_begin ] --END-- [ RunTime:0.000595s ]
NOTIC: [8] Undefined variable: alipay_config E:\PPH Project\BttenCMS\App\Payment\Controller\ApiController.class.php 第 38 行.

[ 2014-10-16T09:19:03+08:00 ] ::1 /btcms/index.php/Payment/Api/alipay
INFO: [ app_init ] --START--
INFO: Run Behavior\BuildLiteBehavior [ RunTime:0.000048s ]
INFO: [ app_init ] --END-- [ RunTime:0.000845s ]
INFO: [ app_begin ] --START--
INFO: Run Behavior\ReadHtmlCacheBehavior [ RunTime:0.000789s ]
INFO: [ app_begin ] --END-- [ RunTime:0.001034s ]
NOTIC: [8] Undefined variable: alipay_config E:\PPH Project\BttenCMS\App\Payment\Controller\ApiController.class.php 第 38 行.

[ 2014-10-16T09:19:26+08:00 ] ::1 /btcms/index.php/Payment/Api/alipay
INFO: [ app_init ] --START--
INFO: Run Behavior\BuildLiteBehavior [ RunTime:0.000036s ]
INFO: [ app_init ] --END-- [ RunTime:0.000616s ]
INFO: [ app_begin ] --START--
INFO: Run Behavior\ReadHtmlCacheBehavior [ RunTime:0.000619s ]
INFO: [ app_begin ] --END-- [ RunTime:0.000798s ]
NOTIC: [8] Undefined variable: alipay_config E:\PPH Project\BttenCMS\App\Payment\Controller\ApiController.class.php 第 38 行.

[ 2014-10-16T09:23:01+08:00 ] ::1 /btcms/index.php/Payment/Api/alipay
INFO: [ app_init ] --START--
INFO: Run Behavior\BuildLiteBehavior [ RunTime:0.000112s ]
INFO: [ app_init ] --END-- [ RunTime:0.000816s ]
INFO: [ app_begin ] --START--
INFO: Run Behavior\ReadHtmlCacheBehavior [ RunTime:0.000594s ]
INFO: [ app_begin ] --END-- [ RunTime:0.000951s ]
NOTIC: [8] Undefined variable: image xdebug://debug-eval 第 1 行.
NOTIC: [8] Undefined index: image_ids xdebug://debug-eval 第 1 行.
NOTIC: [8] Undefined variable: sSql xdebug://debug-eval 第 1 行.
NOTIC: [8] Undefined variable: sPushResult xdebug://debug-eval 第 1 行.
NOTIC: [8] Undefined variable: image xdebug://debug-eval 第 1 行.
NOTIC: [8] Undefined index: image_ids xdebug://debug-eval 第 1 行.
NOTIC: [8] Undefined variable: sSql xdebug://debug-eval 第 1 行.
NOTIC: [8] Undefined variable: sPushResult xdebug://debug-eval 第 1 行.
NOTIC: [8] Undefined variable: image xdebug://debug-eval 第 1 行.
NOTIC: [8] Undefined index: image_ids xdebug://debug-eval 第 1 行.
NOTIC: [8] Undefined variable: sSql xdebug://debug-eval 第 1 行.
NOTIC: [8] Undefined variable: sPushResult xdebug://debug-eval 第 1 行.
NOTIC: [8] Undefined variable: image xdebug://debug-eval 第 1 行.
NOTIC: [8] Undefined index: image_ids xdebug://debug-eval 第 1 行.
NOTIC: [8] Undefined variable: sSql xdebug://debug-eval 第 1 行.
NOTIC: [8] Undefined variable: sPushResult xdebug://debug-eval 第 1 行.
NOTIC: [8] Undefined variable: image xdebug://debug-eval 第 1 行.
NOTIC: [8] Undefined index: image_ids xdebug://debug-eval 第 1 行.
NOTIC: [8] Undefined variable: sSql xdebug://debug-eval 第 1 行.
NOTIC: [8] Undefined variable: sPushResult xdebug://debug-eval 第 1 行.
NOTIC: [8] Undefined variable: image xdebug://debug-eval 第 1 行.
NOTIC: [8] Undefined index: image_ids xdebug://debug-eval 第 1 行.
NOTIC: [8] Undefined variable: sSql xdebug://debug-eval 第 1 行.
NOTIC: [8] Undefined variable: sPushResult xdebug://debug-eval 第 1 行.
NOTIC: [8] Undefined variable: image xdebug://debug-eval 第 1 行.
NOTIC: [8] Undefined index: image_ids xdebug://debug-eval 第 1 行.
NOTIC: [8] Undefined variable: sSql xdebug://debug-eval 第 1 行.
NOTIC: [8] Undefined variable: sPushResult xdebug://debug-eval 第 1 行.
NOTIC: [8] Undefined variable: image xdebug://debug-eval 第 1 行.
NOTIC: [8] Undefined index: image_ids xdebug://debug-eval 第 1 行.
NOTIC: [8] Undefined variable: sSql xdebug://debug-eval 第 1 行.
NOTIC: [8] Undefined variable: sPushResult xdebug://debug-eval 第 1 行.
NOTIC: [8] Undefined variable: image xdebug://debug-eval 第 1 行.
NOTIC: [8] Undefined index: image_ids xdebug://debug-eval 第 1 行.
NOTIC: [8] Undefined variable: sSql xdebug://debug-eval 第 1 行.
NOTIC: [8] Undefined variable: sPushResult xdebug://debug-eval 第 1 行.
NOTIC: [8] Undefined variable: image xdebug://debug-eval 第 1 行.
NOTIC: [8] Undefined index: image_ids xdebug://debug-eval 第 1 行.
NOTIC: [8] Undefined variable: sSql xdebug://debug-eval 第 1 行.
NOTIC: [8] Undefined variable: sPushResult xdebug://debug-eval 第 1 行.
NOTIC: [8] Undefined variable: image xdebug://debug-eval 第 1 行.
NOTIC: [8] Undefined index: image_ids xdebug://debug-eval 第 1 行.
NOTIC: [8] Undefined variable: sSql xdebug://debug-eval 第 1 行.
NOTIC: [8] Undefined variable: sPushResult xdebug://debug-eval 第 1 行.
NOTIC: [8] Undefined variable: image xdebug://debug-eval 第 1 行.
NOTIC: [8] Undefined index: image_ids xdebug://debug-eval 第 1 行.
NOTIC: [8] Undefined variable: sSql xdebug://debug-eval 第 1 行.
NOTIC: [8] Undefined variable: sPushResult xdebug://debug-eval 第 1 行.
NOTIC: [8] Undefined variable: image xdebug://debug-eval 第 1 行.
NOTIC: [8] Undefined index: image_ids xdebug://debug-eval 第 1 行.
NOTIC: [8] Undefined variable: sSql xdebug://debug-eval 第 1 行.
NOTIC: [8] Undefined variable: sPushResult xdebug://debug-eval 第 1 行.
NOTIC: [8] Undefined variable: alipay_config E:\PPH Project\BttenCMS\App\Payment\Controller\ApiController.class.php 第 38 行.
NOTIC: [8] Undefined variable: image xdebug://debug-eval 第 1 行.
NOTIC: [8] Undefined index: image_ids xdebug://debug-eval 第 1 行.
NOTIC: [8] Undefined variable: sSql xdebug://debug-eval 第 1 行.
NOTIC: [8] Undefined variable: sPushResult xdebug://debug-eval 第 1 行.
NOTIC: [8] Undefined variable: image xdebug://debug-eval 第 1 行.
NOTIC: [8] Undefined index: image_ids xdebug://debug-eval 第 1 行.
NOTIC: [8] Undefined variable: sSql xdebug://debug-eval 第 1 行.
NOTIC: [8] Undefined variable: sPushResult xdebug://debug-eval 第 1 行.
NOTIC: [8] Undefined variable: image xdebug://debug-eval 第 1 行.
NOTIC: [8] Undefined index: image_ids xdebug://debug-eval 第 1 行.
NOTIC: [8] Undefined variable: sSql xdebug://debug-eval 第 1 行.
NOTIC: [8] Undefined variable: sPushResult xdebug://debug-eval 第 1 行.

[ 2014-10-16T09:23:06+08:00 ] ::1 /btcms/index.php/Payment/Api/alipay
INFO: [ app_init ] --START--
INFO: Run Behavior\BuildLiteBehavior [ RunTime:0.000056s ]
INFO: [ app_init ] --END-- [ RunTime:0.000832s ]
INFO: [ app_begin ] --START--
INFO: Run Behavior\ReadHtmlCacheBehavior [ RunTime:0.000844s ]
INFO: [ app_begin ] --END-- [ RunTime:0.001049s ]
NOTIC: [8] Undefined variable: alipay_config E:\PPH Project\BttenCMS\App\Payment\Controller\ApiController.class.php 第 38 行.

[ 2014-10-16T09:51:59+08:00 ] ::1 /btcms/index.php/Payment/Api/alipay
INFO: [ app_init ] --START--
INFO: Run Behavior\BuildLiteBehavior [ RunTime:0.000034s ]
INFO: [ app_init ] --END-- [ RunTime:0.000545s ]
NOTIC: [8] Use of undefined constant __APP__ - assumed '__APP__' E:\PPH Project\BttenCMS\App\Payment\Conf\config.php 第 22 行.
INFO: [ app_begin ] --START--
INFO: Run Behavior\ReadHtmlCacheBehavior [ RunTime:0.000516s ]
INFO: [ app_begin ] --END-- [ RunTime:0.000675s ]
NOTIC: [8] Undefined variable: alipay_config E:\PPH Project\BttenCMS\App\Payment\Controller\ApiController.class.php 第 38 行.

[ 2014-10-16T09:52:50+08:00 ] ::1 /btcms/index.php/Payment/Api/alipay
INFO: [ app_init ] --START--
INFO: Run Behavior\BuildLiteBehavior [ RunTime:0.000033s ]
INFO: [ app_init ] --END-- [ RunTime:0.000532s ]
INFO: [ app_begin ] --START--
INFO: Run Behavior\ReadHtmlCacheBehavior [ RunTime:0.000807s ]
INFO: [ app_begin ] --END-- [ RunTime:0.001046s ]
NOTIC: [8] Undefined variable: alipay_config E:\PPH Project\BttenCMS\App\Payment\Controller\ApiController.class.php 第 38 行.

[ 2014-10-16T09:53:20+08:00 ] ::1 /btcms/index.php/Payment/Api/alipay
INFO: [ app_init ] --START--
INFO: Run Behavior\BuildLiteBehavior [ RunTime:0.000032s ]
INFO: [ app_init ] --END-- [ RunTime:0.000537s ]
NOTIC: [8] Use of undefined constant __MODULE__ - assumed '__MODULE__' E:\PPH Project\BttenCMS\App\Payment\Conf\config.php 第 22 行.
INFO: [ app_begin ] --START--
INFO: Run Behavior\ReadHtmlCacheBehavior [ RunTime:0.000563s ]
INFO: [ app_begin ] --END-- [ RunTime:0.000723s ]
NOTIC: [8] Undefined variable: alipay_config E:\PPH Project\BttenCMS\App\Payment\Controller\ApiController.class.php 第 38 行.

[ 2014-10-16T09:53:41+08:00 ] ::1 /btcms/index.php/Payment/Api/alipay
INFO: [ app_init ] --START--
INFO: Run Behavior\BuildLiteBehavior [ RunTime:0.000033s ]
INFO: [ app_init ] --END-- [ RunTime:0.000595s ]
INFO: [ app_begin ] --START--
INFO: Run Behavior\ReadHtmlCacheBehavior [ RunTime:0.000665s ]
INFO: [ app_begin ] --END-- [ RunTime:0.000874s ]
NOTIC: [8] Undefined variable: alipay_config E:\PPH Project\BttenCMS\App\Payment\Controller\ApiController.class.php 第 38 行.

[ 2014-10-16T09:54:20+08:00 ] ::1 /btcms/index.php/Payment/Api/alipay
INFO: [ app_init ] --START--
INFO: Run Behavior\BuildLiteBehavior [ RunTime:0.000033s ]
INFO: [ app_init ] --END-- [ RunTime:0.000609s ]
NOTIC: [8] Use of undefined constant __CONTROLLER__ - assumed '__CONTROLLER__' E:\PPH Project\BttenCMS\App\Payment\Conf\config.php 第 22 行.
INFO: [ app_begin ] --START--
INFO: Run Behavior\ReadHtmlCacheBehavior [ RunTime:0.000624s ]
INFO: [ app_begin ] --END-- [ RunTime:0.000787s ]
NOTIC: [8] Undefined variable: alipay_config E:\PPH Project\BttenCMS\App\Payment\Controller\ApiController.class.php 第 38 行.

[ 2014-10-16T09:54:35+08:00 ] ::1 /btcms/index.php/Payment/Api/alipay
INFO: [ app_init ] --START--
INFO: Run Behavior\BuildLiteBehavior [ RunTime:0.000050s ]
INFO: [ app_init ] --END-- [ RunTime:0.000947s ]
INFO: [ app_begin ] --START--
INFO: Run Behavior\ReadHtmlCacheBehavior [ RunTime:0.000529s ]
INFO: [ app_begin ] --END-- [ RunTime:0.000738s ]
NOTIC: [8] Undefined variable: alipay_config E:\PPH Project\BttenCMS\App\Payment\Controller\ApiController.class.php 第 38 行.

[ 2014-10-16T10:08:51+08:00 ] ::1 /btcms/index.php/Payment/Alipay/alipay
INFO: [ app_init ] --START--
INFO: Run Behavior\BuildLiteBehavior [ RunTime:0.000030s ]
INFO: [ app_init ] --END-- [ RunTime:0.000438s ]
INFO: [ app_begin ] --START--
INFO: Run Behavior\ReadHtmlCacheBehavior [ RunTime:0.000633s ]
INFO: [ app_begin ] --END-- [ RunTime:0.000827s ]
NOTIC: [8] Undefined variable: alipay_config E:\PPH Project\BttenCMS\App\Payment\Controller\AlipayController.class.php 第 38 行.

[ 2014-10-16T10:09:02+08:00 ] ::1 /btcms/index.php/Payment/Alipay/alipay
INFO: [ app_init ] --START--
INFO: Run Behavior\BuildLiteBehavior [ RunTime:0.000031s ]
INFO: [ app_init ] --END-- [ RunTime:0.000460s ]
INFO: [ app_begin ] --START--
INFO: Run Behavior\ReadHtmlCacheBehavior [ RunTime:0.000463s ]
INFO: [ app_begin ] --END-- [ RunTime:0.000611s ]
NOTIC: [8] Undefined variable: alipay_config E:\PPH Project\BttenCMS\App\Payment\Controller\AlipayController.class.php 第 38 行.

[ 2014-10-16T10:13:03+08:00 ] ::1 /btcms/index.php/Payment/Api/alipay
INFO: [ app_init ] --START--
INFO: Run Behavior\BuildLiteBehavior [ RunTime:0.000033s ]
INFO: [ app_init ] --END-- [ RunTime:0.000546s ]
INFO: [ app_begin ] --START--
INFO: Run Behavior\ReadHtmlCacheBehavior [ RunTime:0.000566s ]
INFO: [ app_begin ] --END-- [ RunTime:0.000730s ]
ERR: 无法加载控制器:Api

[ 2014-10-16T10:13:14+08:00 ] ::1 /btcms/index.php/Payment/Alipay/alipay
INFO: [ app_init ] --START--
INFO: Run Behavior\BuildLiteBehavior [ RunTime:0.000055s ]
INFO: [ app_init ] --END-- [ RunTime:0.000725s ]
INFO: [ app_begin ] --START--
INFO: Run Behavior\ReadHtmlCacheBehavior [ RunTime:0.000639s ]
INFO: [ app_begin ] --END-- [ RunTime:0.000830s ]
NOTIC: [8] Undefined variable: alipay_config E:\PPH Project\BttenCMS\App\Payment\Controller\AlipayController.class.php 第 38 行.

[ 2014-10-16T10:21:02+08:00 ] ::1 /btcms/index.php/Payment/Alipay/alipay
INFO: [ app_init ] --START--
INFO: Run Behavior\BuildLiteBehavior [ RunTime:0.000091s ]
INFO: [ app_init ] --END-- [ RunTime:0.000892s ]
INFO: [ app_begin ] --START--
INFO: Run Behavior\ReadHtmlCacheBehavior [ RunTime:0.000716s ]
INFO: [ app_begin ] --END-- [ RunTime:0.000945s ]
NOTIC: [8] Undefined variable: alipay_config E:\PPH Project\BttenCMS\App\Payment\Controller\AlipayController.class.php 第 38 行.
INFO: [ view_parse ] --START--
INFO: [ template_filter ] --START--
INFO: Run Behavior\ContentReplaceBehavior [ RunTime:0.000133s ]
INFO: [ template_filter ] --END-- [ RunTime:0.000409s ]
INFO: Run Behavior\ParseTemplateBehavior [ RunTime:0.007852s ]
INFO: [ view_parse ] --END-- [ RunTime:0.008111s ]
INFO: [ view_filter ] --START--
INFO: Run Behavior\WriteHtmlCacheBehavior [ RunTime:0.000328s ]
INFO: [ view_filter ] --END-- [ RunTime:0.000603s ]
INFO: [ app_end ] --START--
INFO: Run Behavior\ShowPageTraceBehavior [ RunTime:0.000696s ]
INFO: [ app_end ] --END-- [ RunTime:0.001045s ]

[ 2014-10-16T10:22:12+08:00 ] ::1 /btcms/index.php/Payment/Alipay/alipay
INFO: [ app_init ] --START--
INFO: Run Behavior\BuildLiteBehavior [ RunTime:0.000043s ]
INFO: [ app_init ] --END-- [ RunTime:0.000695s ]
INFO: [ app_begin ] --START--
INFO: Run Behavior\ReadHtmlCacheBehavior [ RunTime:0.000523s ]
INFO: [ app_begin ] --END-- [ RunTime:0.000677s ]
NOTIC: [8] Undefined variable: alipay_config E:\PPH Project\BttenCMS\App\Payment\Controller\AlipayController.class.php 第 38 行.
INFO: [ view_parse ] --START--
INFO: [ template_filter ] --START--
INFO: Run Behavior\ContentReplaceBehavior [ RunTime:0.000072s ]
INFO: [ template_filter ] --END-- [ RunTime:0.000233s ]
INFO: Run Behavior\ParseTemplateBehavior [ RunTime:0.009205s ]
INFO: [ view_parse ] --END-- [ RunTime:0.009382s ]
INFO: [ view_filter ] --START--
INFO: Run Behavior\WriteHtmlCacheBehavior [ RunTime:0.000303s ]
INFO: [ view_filter ] --END-- [ RunTime:0.000441s ]
INFO: [ app_end ] --START--
INFO: Run Behavior\ShowPageTraceBehavior [ RunTime:0.000552s ]
INFO: [ app_end ] --END-- [ RunTime:0.000751s ]

[ 2014-10-16T10:22:31+08:00 ] ::1 /btcms/index.php/Payment/Alipay/alipay
INFO: [ app_init ] --START--
INFO: Run Behavior\BuildLiteBehavior [ RunTime:0.000050s ]
INFO: [ app_init ] --END-- [ RunTime:0.000615s ]
INFO: [ app_begin ] --START--
INFO: Run Behavior\ReadHtmlCacheBehavior [ RunTime:0.000570s ]
INFO: [ app_begin ] --END-- [ RunTime:0.000788s ]
NOTIC: [8] Undefined variable: alipay_config E:\PPH Project\BttenCMS\App\Payment\Controller\AlipayController.class.php 第 38 行.
INFO: [ view_parse ] --START--
INFO: [ template_filter ] --START--
INFO: Run Behavior\ContentReplaceBehavior [ RunTime:0.000111s ]
INFO: [ template_filter ] --END-- [ RunTime:0.000372s ]
INFO: Run Behavior\ParseTemplateBehavior [ RunTime:0.007099s ]
INFO: [ view_parse ] --END-- [ RunTime:0.007264s ]
INFO: [ view_filter ] --START--
INFO: Run Behavior\WriteHtmlCacheBehavior [ RunTime:0.000280s ]
INFO: [ view_filter ] --END-- [ RunTime:0.000439s ]
INFO: [ app_end ] --START--
INFO: Run Behavior\ShowPageTraceBehavior [ RunTime:0.000515s ]
INFO: [ app_end ] --END-- [ RunTime:0.000653s ]

[ 2014-10-16T10:39:20+08:00 ] ::1 /btcms/index.php/Payment/Alipay/alipay
INFO: [ app_init ] --START--
INFO: Run Behavior\BuildLiteBehavior [ RunTime:0.000051s ]
INFO: [ app_init ] --END-- [ RunTime:0.000799s ]
INFO: [ app_begin ] --START--
INFO: Run Behavior\ReadHtmlCacheBehavior [ RunTime:0.000591s ]
INFO: [ app_begin ] --END-- [ RunTime:0.000773s ]
NOTIC: [8] Undefined variable: alipay_config E:\PPH Project\BttenCMS\App\Payment\Controller\AlipayController.class.php 第 38 行.
INFO: [ view_parse ] --START--
INFO: [ template_filter ] --START--
INFO: Run Behavior\ContentReplaceBehavior [ RunTime:0.000119s ]
INFO: [ template_filter ] --END-- [ RunTime:0.000405s ]
INFO: Run Behavior\ParseTemplateBehavior [ RunTime:0.022984s ]
INFO: [ view_parse ] --END-- [ RunTime:0.023232s ]
INFO: [ view_filter ] --START--
INFO: Run Behavior\WriteHtmlCacheBehavior [ RunTime:0.000398s ]
INFO: [ view_filter ] --END-- [ RunTime:0.000562s ]
INFO: [ app_end ] --START--
INFO: Run Behavior\ShowPageTraceBehavior [ RunTime:0.000568s ]
INFO: [ app_end ] --END-- [ RunTime:0.000718s ]

[ 2014-10-16T10:44:29+08:00 ] ::1 /btcms/index.php/Payment/Alipay/alipay
INFO: [ app_init ] --START--
INFO: Run Behavior\BuildLiteBehavior [ RunTime:0.000059s ]
INFO: [ app_init ] --END-- [ RunTime:0.001113s ]
INFO: [ app_begin ] --START--
INFO: Run Behavior\ReadHtmlCacheBehavior [ RunTime:0.000590s ]
INFO: [ app_begin ] --END-- [ RunTime:0.000753s ]
NOTIC: [8] Undefined variable: alipay_config E:\PPH Project\BttenCMS\App\Payment\Controller\AlipayController.class.php 第 38 行.
INFO: [ view_parse ] --START--
INFO: [ template_filter ] --START--
INFO: Run Behavior\ContentReplaceBehavior [ RunTime:0.000091s ]
INFO: [ template_filter ] --END-- [ RunTime:0.000408s ]
INFO: Run Behavior\ParseTemplateBehavior [ RunTime:0.010140s ]
INFO: [ view_parse ] --END-- [ RunTime:0.010344s ]
INFO: [ view_filter ] --START--
INFO: Run Behavior\WriteHtmlCacheBehavior [ RunTime:0.000368s ]
INFO: [ view_filter ] --END-- [ RunTime:0.000523s ]
INFO: [ app_end ] --START--
INFO: Run Behavior\ShowPageTraceBehavior [ RunTime:0.000858s ]
INFO: [ app_end ] --END-- [ RunTime:0.001099s ]

[ 2014-10-16T10:45:04+08:00 ] ::1 /btcms/index.php/Payment/Alipay/alipay
INFO: [ app_init ] --START--
INFO: Run Behavior\BuildLiteBehavior [ RunTime:0.000059s ]
INFO: [ app_init ] --END-- [ RunTime:0.000855s ]
INFO: [ app_begin ] --START--
INFO: Run Behavior\ReadHtmlCacheBehavior [ RunTime:0.000827s ]
INFO: [ app_begin ] --END-- [ RunTime:0.001056s ]
NOTIC: [8] Undefined variable: alipay_config E:\PPH Project\BttenCMS\App\Payment\Controller\AlipayController.class.php 第 38 行.
INFO: [ view_parse ] --START--
INFO: [ template_filter ] --START--
INFO: Run Behavior\ContentReplaceBehavior [ RunTime:0.000142s ]
INFO: [ template_filter ] --END-- [ RunTime:0.000467s ]
INFO: Run Behavior\ParseTemplateBehavior [ RunTime:0.008000s ]
INFO: [ view_parse ] --END-- [ RunTime:0.008295s ]
INFO: [ view_filter ] --START--
INFO: Run Behavior\WriteHtmlCacheBehavior [ RunTime:0.000472s ]
INFO: [ view_filter ] --END-- [ RunTime:0.000745s ]
INFO: [ app_end ] --START--
INFO: Run Behavior\ShowPageTraceBehavior [ RunTime:0.000878s ]
INFO: [ app_end ] --END-- [ RunTime:0.001168s ]

[ 2014-10-16T10:45:58+08:00 ] ::1 /btcms/index.php/Payment/Alipay/alipay
INFO: [ app_init ] --START--
INFO: Run Behavior\BuildLiteBehavior [ RunTime:0.000034s ]
INFO: [ app_init ] --END-- [ RunTime:0.000528s ]
INFO: [ app_begin ] --START--
INFO: Run Behavior\ReadHtmlCacheBehavior [ RunTime:0.001029s ]
INFO: [ app_begin ] --END-- [ RunTime:0.001364s ]
NOTIC: [8] Undefined variable: alipay_config E:\PPH Project\BttenCMS\App\Payment\Controller\AlipayController.class.php 第 38 行.
INFO: [ view_parse ] --START--
INFO: [ template_filter ] --START--
INFO: Run Behavior\ContentReplaceBehavior [ RunTime:0.000074s ]
INFO: [ template_filter ] --END-- [ RunTime:0.000246s ]
INFO: Run Behavior\ParseTemplateBehavior [ RunTime:0.007871s ]
INFO: [ view_parse ] --END-- [ RunTime:0.008057s ]
INFO: [ view_filter ] --START--
INFO: Run Behavior\WriteHtmlCacheBehavior [ RunTime:0.000474s ]
INFO: [ view_filter ] --END-- [ RunTime:0.000628s ]
INFO: [ app_end ] --START--
INFO: Run Behavior\ShowPageTraceBehavior [ RunTime:0.000707s ]
INFO: [ app_end ] --END-- [ RunTime:0.000880s ]

[ 2014-10-16T10:50:50+08:00 ] ::1 /btcms/index.php/Payment/Alipay/alipay
INFO: [ app_init ] --START--
INFO: Run Behavior\BuildLiteBehavior [ RunTime:0.000036s ]
INFO: [ app_init ] --END-- [ RunTime:0.000734s ]
INFO: [ app_begin ] --START--
INFO: Run Behavior\ReadHtmlCacheBehavior [ RunTime:0.000566s ]
INFO: [ app_begin ] --END-- [ RunTime:0.000728s ]
NOTIC: [8] Undefined variable: alipay_config E:\PPH Project\BttenCMS\App\Payment\Controller\AlipayController.class.php 第 38 行.
INFO: [ view_parse ] --START--
INFO: [ template_filter ] --START--
INFO: Run Behavior\ContentReplaceBehavior [ RunTime:0.000076s ]
INFO: [ template_filter ] --END-- [ RunTime:0.000252s ]
INFO: Run Behavior\ParseTemplateBehavior [ RunTime:0.009333s ]
INFO: [ view_parse ] --END-- [ RunTime:0.009569s ]
INFO: [ view_filter ] --START--
INFO: Run Behavior\WriteHtmlCacheBehavior [ RunTime:0.000362s ]
INFO: [ view_filter ] --END-- [ RunTime:0.000504s ]
INFO: [ app_end ] --START--
INFO: Run Behavior\ShowPageTraceBehavior [ RunTime:0.000591s ]
INFO: [ app_end ] --END-- [ RunTime:0.000741s ]

[ 2014-10-16T11:24:06+08:00 ] ::1 /btcms/index.php/Payment/Alipay/alipay
INFO: [ app_init ] --START--
INFO: Run Behavior\BuildLiteBehavior [ RunTime:0.000060s ]
INFO: [ app_init ] --END-- [ RunTime:0.001097s ]
INFO: [ app_begin ] --START--
INFO: Run Behavior\ReadHtmlCacheBehavior [ RunTime:0.000568s ]
INFO: [ app_begin ] --END-- [ RunTime:0.000745s ]
NOTIC: [8] Undefined variable: alipay_config E:\PPH Project\BttenCMS\App\Payment\Controller\AlipayController.class.php 第 38 行.
INFO: [ view_parse ] --START--
INFO: [ template_filter ] --START--
INFO: Run Behavior\ContentReplaceBehavior [ RunTime:0.000076s ]
INFO: [ template_filter ] --END-- [ RunTime:0.000251s ]
INFO: Run Behavior\ParseTemplateBehavior [ RunTime:0.016614s ]
INFO: [ view_parse ] --END-- [ RunTime:0.016897s ]
INFO: [ view_filter ] --START--
INFO: Run Behavior\WriteHtmlCacheBehavior [ RunTime:0.000548s ]
INFO: [ view_filter ] --END-- [ RunTime:0.000806s ]
INFO: [ app_end ] --START--
INFO: Run Behavior\ShowPageTraceBehavior [ RunTime:0.000551s ]
INFO: [ app_end ] --END-- [ RunTime:0.000698s ]

