[ 2014-10-10T09:32:54+08:00 ] ::1 /btcms/index.php/Payment
INFO: [ app_init ] --START--
INFO: Run Behavior\BuildLiteBehavior [ RunTime:0.000046s ]
INFO: [ app_init ] --END-- [ RunTime:0.000984s ]
INFO: [ app_begin ] --START--
INFO: Run Behavior\ReadHtmlCacheBehavior [ RunTime:0.000586s ]
INFO: [ app_begin ] --END-- [ RunTime:0.000758s ]
INFO: [ view_parse ] --START--
INFO: Run Behavior\ParseTemplateBehavior [ RunTime:0.000711s ]
INFO: [ view_parse ] --END-- [ RunTime:0.000865s ]
INFO: [ view_filter ] --START--
INFO: Run Behavior\WriteHtmlCacheBehavior [ RunTime:0.006279s ]
INFO: [ view_filter ] --END-- [ RunTime:0.006425s ]
INFO: [ app_end ] --START--
INFO: Run Behavior\ShowPageTraceBehavior [ RunTime:0.001425s ]
INFO: [ app_end ] --END-- [ RunTime:0.001571s ]

[ 2014-10-10T15:19:12+08:00 ] ::1 /btcms/index.php/Payment/Api
INFO: [ app_init ] --START--
INFO: Run Behavior\BuildLiteBehavior [ RunTime:0.000040s ]
INFO: [ app_init ] --END-- [ RunTime:0.000517s ]
INFO: [ app_begin ] --START--
INFO: Run Behavior\ReadHtmlCacheBehavior [ RunTime:0.000483s ]
INFO: [ app_begin ] --END-- [ RunTime:0.000640s ]
INFO: [ view_parse ] --START--
INFO: Run Behavior\ParseTemplateBehavior [ RunTime:0.001026s ]
INFO: [ view_parse ] --END-- [ RunTime:0.001212s ]
INFO: [ view_filter ] --START--
INFO: Run Behavior\WriteHtmlCacheBehavior [ RunTime:0.000292s ]
INFO: [ view_filter ] --END-- [ RunTime:0.000419s ]
INFO: [ app_end ] --START--
INFO: Run Behavior\ShowPageTraceBehavior [ RunTime:0.054115s ]
INFO: [ app_end ] --END-- [ RunTime:0.054268s ]

[ 2014-10-10T15:19:38+08:00 ] ::1 /btcms/index.php/Payment/Api
INFO: [ app_init ] --START--
INFO: Run Behavior\BuildLiteBehavior [ RunTime:0.000032s ]
INFO: [ app_init ] --END-- [ RunTime:0.000451s ]
INFO: [ app_begin ] --START--
INFO: Run Behavior\ReadHtmlCacheBehavior [ RunTime:0.000518s ]
INFO: [ app_begin ] --END-- [ RunTime:0.000686s ]
ERR: 非法操作:index

[ 2014-10-10T15:19:44+08:00 ] ::1 /btcms/index.php/Payment/Api/alipay
INFO: [ app_init ] --START--
INFO: Run Behavior\BuildLiteBehavior [ RunTime:0.000032s ]
INFO: [ app_init ] --END-- [ RunTime:0.000472s ]
INFO: [ app_begin ] --START--
INFO: Run Behavior\ReadHtmlCacheBehavior [ RunTime:0.000417s ]
INFO: [ app_begin ] --END-- [ RunTime:0.000556s ]
INFO: [ view_parse ] --START--
INFO: [ template_filter ] --START--
INFO: Run Behavior\ContentReplaceBehavior [ RunTime:0.000087s ]
INFO: [ template_filter ] --END-- [ RunTime:0.000279s ]
INFO: Run Behavior\ParseTemplateBehavior [ RunTime:0.005875s ]
INFO: [ view_parse ] --END-- [ RunTime:0.006026s ]
INFO: [ view_filter ] --START--
INFO: Run Behavior\WriteHtmlCacheBehavior [ RunTime:0.000304s ]
INFO: [ view_filter ] --END-- [ RunTime:0.000438s ]
INFO: [ app_end ] --START--
INFO: Run Behavior\ShowPageTraceBehavior [ RunTime:0.000474s ]
INFO: [ app_end ] --END-- [ RunTime:0.000620s ]

[ 2014-10-10T15:49:00+08:00 ] ::1 /btcms/index.php/Payment/Api/alipay
INFO: [ app_init ] --START--
INFO: Run Behavior\BuildLiteBehavior [ RunTime:0.000034s ]
INFO: [ app_init ] --END-- [ RunTime:0.000590s ]
INFO: [ app_begin ] --START--
INFO: Run Behavior\ReadHtmlCacheBehavior [ RunTime:0.000619s ]
INFO: [ app_begin ] --END-- [ RunTime:0.000798s ]

[ 2014-10-10T16:02:14+08:00 ] ::1 /btcms/index.php/Payment/Api/alipay
INFO: [ app_init ] --START--
INFO: Run Behavior\BuildLiteBehavior [ RunTime:0.000035s ]
INFO: [ app_init ] --END-- [ RunTime:0.000666s ]
INFO: [ app_begin ] --START--
INFO: Run Behavior\ReadHtmlCacheBehavior [ RunTime:0.001075s ]
INFO: [ app_begin ] --END-- [ RunTime:0.001248s ]

[ 2014-10-10T16:36:23+08:00 ] ::1 /btcms/index.php/Payment/Api/alipay
INFO: [ app_init ] --START--
INFO: Run Behavior\BuildLiteBehavior [ RunTime:0.000031s ]
INFO: [ app_init ] --END-- [ RunTime:0.000473s ]
INFO: [ app_begin ] --START--
INFO: Run Behavior\ReadHtmlCacheBehavior [ RunTime:0.001096s ]
INFO: [ app_begin ] --END-- [ RunTime:0.001366s ]

[ 2014-10-10T16:39:27+08:00 ] ::1 /btcms/index.php/Payment/Api/alipay
INFO: [ app_init ] --START--
INFO: Run Behavior\BuildLiteBehavior [ RunTime:0.000033s ]
INFO: [ app_init ] --END-- [ RunTime:0.000634s ]
INFO: [ app_begin ] --START--
INFO: Run Behavior\ReadHtmlCacheBehavior [ RunTime:0.000579s ]
INFO: [ app_begin ] --END-- [ RunTime:0.000739s ]

[ 2014-10-10T16:52:42+08:00 ] ::1 /btcms/index.php/Payment/Api/alipay
INFO: [ app_init ] --START--
INFO: Run Behavior\BuildLiteBehavior [ RunTime:0.000034s ]
INFO: [ app_init ] --END-- [ RunTime:0.000577s ]
INFO: [ app_begin ] --START--
INFO: Run Behavior\ReadHtmlCacheBehavior [ RunTime:0.000916s ]
INFO: [ app_begin ] --END-- [ RunTime:0.001172s ]

[ 2014-10-10T17:02:57+08:00 ] ::1 /btcms/index.php/Payment/Api/alipay
INFO: [ app_init ] --START--
INFO: Run Behavior\BuildLiteBehavior [ RunTime:0.000031s ]
INFO: [ app_init ] --END-- [ RunTime:0.000539s ]
INFO: [ app_begin ] --START--
INFO: Run Behavior\ReadHtmlCacheBehavior [ RunTime:0.000588s ]
INFO: [ app_begin ] --END-- [ RunTime:0.000746s ]
NOTIC: [8] Undefined index: ordtotal_fee E:\PPH Project\BttenCMS\App\Payment\Controller\ApiController.class.php 第 16 行.
NOTIC: [8] Undefined variable: alipay_config E:\PPH Project\BttenCMS\App\Payment\Controller\ApiController.class.php 第 26 行.
NOTIC: [8] Undefined variable: alipay_config E:\PPH Project\BttenCMS\App\Payment\Controller\ApiController.class.php 第 38 行.

[ 2014-10-10T17:03:19+08:00 ] ::1 /btcms/index.php/Payment/Api/alipay
INFO: [ app_init ] --START--
INFO: Run Behavior\BuildLiteBehavior [ RunTime:0.000031s ]
INFO: [ app_init ] --END-- [ RunTime:0.000466s ]
INFO: [ app_begin ] --START--
INFO: Run Behavior\ReadHtmlCacheBehavior [ RunTime:0.000534s ]
INFO: [ app_begin ] --END-- [ RunTime:0.000705s ]
NOTIC: [8] Undefined index: ordtotal_fee E:\PPH Project\BttenCMS\App\Payment\Controller\ApiController.class.php 第 16 行.
NOTIC: [8] Undefined variable: alipay_config E:\PPH Project\BttenCMS\App\Payment\Controller\ApiController.class.php 第 26 行.
NOTIC: [8] Undefined variable: alipay_config E:\PPH Project\BttenCMS\App\Payment\Controller\ApiController.class.php 第 38 行.

[ 2014-10-10T17:14:40+08:00 ] ::1 /btcms/index.php/Payment/Api/alipay
INFO: [ app_init ] --START--
INFO: Run Behavior\BuildLiteBehavior [ RunTime:0.000032s ]
INFO: [ app_init ] --END-- [ RunTime:0.000563s ]
INFO: [ app_begin ] --START--
INFO: Run Behavior\ReadHtmlCacheBehavior [ RunTime:0.000575s ]
INFO: [ app_begin ] --END-- [ RunTime:0.000735s ]
NOTIC: [8] Undefined index: ordtotal_fee E:\PPH Project\BttenCMS\App\Payment\Controller\ApiController.class.php 第 16 行.
NOTIC: [8] Undefined variable: alipay_config E:\PPH Project\BttenCMS\App\Payment\Controller\ApiController.class.php 第 26 行.
NOTIC: [8] Undefined variable: alipay_config E:\PPH Project\BttenCMS\App\Payment\Controller\ApiController.class.php 第 38 行.

[ 2014-10-10T17:15:04+08:00 ] ::1 /btcms/index.php/Payment/Api/alipay
INFO: [ app_init ] --START--
INFO: Run Behavior\BuildLiteBehavior [ RunTime:0.000032s ]
INFO: [ app_init ] --END-- [ RunTime:0.000520s ]
INFO: [ app_begin ] --START--
INFO: Run Behavior\ReadHtmlCacheBehavior [ RunTime:0.000513s ]
INFO: [ app_begin ] --END-- [ RunTime:0.000671s ]
NOTIC: [8] Undefined index: ordtotal_fee E:\PPH Project\BttenCMS\App\Payment\Controller\ApiController.class.php 第 16 行.
NOTIC: [8] Undefined variable: alipay_config E:\PPH Project\BttenCMS\App\Payment\Controller\ApiController.class.php 第 26 行.
NOTIC: [8] Undefined variable: alipay_config E:\PPH Project\BttenCMS\App\Payment\Controller\ApiController.class.php 第 38 行.

[ 2014-10-10T17:15:05+08:00 ] ::1 /btcms/index.php/Payment/Api/alipay
INFO: [ app_init ] --START--
INFO: Run Behavior\BuildLiteBehavior [ RunTime:0.000032s ]
INFO: [ app_init ] --END-- [ RunTime:0.000520s ]
INFO: [ app_begin ] --START--
INFO: Run Behavior\ReadHtmlCacheBehavior [ RunTime:0.000534s ]
INFO: [ app_begin ] --END-- [ RunTime:0.000694s ]
NOTIC: [8] Undefined index: ordtotal_fee E:\PPH Project\BttenCMS\App\Payment\Controller\ApiController.class.php 第 16 行.
NOTIC: [8] Undefined variable: alipay_config E:\PPH Project\BttenCMS\App\Payment\Controller\ApiController.class.php 第 26 行.
NOTIC: [8] Undefined variable: alipay_config E:\PPH Project\BttenCMS\App\Payment\Controller\ApiController.class.php 第 38 行.

[ 2014-10-10T17:15:05+08:00 ] ::1 /btcms/index.php/Payment/Api/alipay
INFO: [ app_init ] --START--
INFO: Run Behavior\BuildLiteBehavior [ RunTime:0.000037s ]
INFO: [ app_init ] --END-- [ RunTime:0.000519s ]
INFO: [ app_begin ] --START--
INFO: Run Behavior\ReadHtmlCacheBehavior [ RunTime:0.000628s ]
INFO: [ app_begin ] --END-- [ RunTime:0.000853s ]
NOTIC: [8] Undefined index: ordtotal_fee E:\PPH Project\BttenCMS\App\Payment\Controller\ApiController.class.php 第 16 行.
NOTIC: [8] Undefined variable: alipay_config E:\PPH Project\BttenCMS\App\Payment\Controller\ApiController.class.php 第 26 行.
NOTIC: [8] Undefined variable: alipay_config E:\PPH Project\BttenCMS\App\Payment\Controller\ApiController.class.php 第 38 行.

[ 2014-10-10T17:15:05+08:00 ] ::1 /btcms/index.php/Payment/Api/alipay
INFO: [ app_init ] --START--
INFO: Run Behavior\BuildLiteBehavior [ RunTime:0.000056s ]
INFO: [ app_init ] --END-- [ RunTime:0.000599s ]
INFO: [ app_begin ] --START--
INFO: Run Behavior\ReadHtmlCacheBehavior [ RunTime:0.000617s ]
INFO: [ app_begin ] --END-- [ RunTime:0.000805s ]
NOTIC: [8] Undefined index: ordtotal_fee E:\PPH Project\BttenCMS\App\Payment\Controller\ApiController.class.php 第 16 行.
NOTIC: [8] Undefined variable: alipay_config E:\PPH Project\BttenCMS\App\Payment\Controller\ApiController.class.php 第 26 行.
NOTIC: [8] Undefined variable: alipay_config E:\PPH Project\BttenCMS\App\Payment\Controller\ApiController.class.php 第 38 行.

[ 2014-10-10T17:15:06+08:00 ] ::1 /btcms/index.php/Payment/Api/alipay
INFO: [ app_init ] --START--
INFO: Run Behavior\BuildLiteBehavior [ RunTime:0.000031s ]
INFO: [ app_init ] --END-- [ RunTime:0.000512s ]
INFO: [ app_begin ] --START--
INFO: Run Behavior\ReadHtmlCacheBehavior [ RunTime:0.000502s ]
INFO: [ app_begin ] --END-- [ RunTime:0.000658s ]
NOTIC: [8] Undefined index: ordtotal_fee E:\PPH Project\BttenCMS\App\Payment\Controller\ApiController.class.php 第 16 行.
NOTIC: [8] Undefined variable: alipay_config E:\PPH Project\BttenCMS\App\Payment\Controller\ApiController.class.php 第 26 行.
NOTIC: [8] Undefined variable: alipay_config E:\PPH Project\BttenCMS\App\Payment\Controller\ApiController.class.php 第 38 行.

[ 2014-10-10T17:15:40+08:00 ] ::1 /btcms/index.php/Payment/Api/alipay
INFO: [ app_init ] --START--
INFO: Run Behavior\BuildLiteBehavior [ RunTime:0.000032s ]
INFO: [ app_init ] --END-- [ RunTime:0.000459s ]
INFO: [ app_begin ] --START--
INFO: Run Behavior\ReadHtmlCacheBehavior [ RunTime:0.000459s ]
INFO: [ app_begin ] --END-- [ RunTime:0.000611s ]
NOTIC: [8] Undefined index: ordtotal_fee E:\PPH Project\BttenCMS\App\Payment\Controller\ApiController.class.php 第 16 行.
NOTIC: [8] Undefined variable: alipay_config E:\PPH Project\BttenCMS\App\Payment\Controller\ApiController.class.php 第 26 行.
NOTIC: [8] Undefined variable: alipay_config E:\PPH Project\BttenCMS\App\Payment\Controller\ApiController.class.php 第 38 行.

[ 2014-10-10T17:15:41+08:00 ] ::1 /btcms/index.php/Payment/Api/alipay
INFO: [ app_init ] --START--
INFO: Run Behavior\BuildLiteBehavior [ RunTime:0.000032s ]
INFO: [ app_init ] --END-- [ RunTime:0.000484s ]
INFO: [ app_begin ] --START--
INFO: Run Behavior\ReadHtmlCacheBehavior [ RunTime:0.000511s ]
INFO: [ app_begin ] --END-- [ RunTime:0.000672s ]
NOTIC: [8] Undefined index: ordtotal_fee E:\PPH Project\BttenCMS\App\Payment\Controller\ApiController.class.php 第 16 行.
NOTIC: [8] Undefined variable: alipay_config E:\PPH Project\BttenCMS\App\Payment\Controller\ApiController.class.php 第 26 行.
NOTIC: [8] Undefined variable: alipay_config E:\PPH Project\BttenCMS\App\Payment\Controller\ApiController.class.php 第 38 行.

[ 2014-10-10T17:15:41+08:00 ] ::1 /btcms/index.php/Payment/Api/alipay
INFO: [ app_init ] --START--
INFO: Run Behavior\BuildLiteBehavior [ RunTime:0.000032s ]
INFO: [ app_init ] --END-- [ RunTime:0.000510s ]
INFO: [ app_begin ] --START--
INFO: Run Behavior\ReadHtmlCacheBehavior [ RunTime:0.000617s ]
INFO: [ app_begin ] --END-- [ RunTime:0.000786s ]
NOTIC: [8] Undefined index: ordtotal_fee E:\PPH Project\BttenCMS\App\Payment\Controller\ApiController.class.php 第 16 行.
NOTIC: [8] Undefined variable: alipay_config E:\PPH Project\BttenCMS\App\Payment\Controller\ApiController.class.php 第 26 行.
NOTIC: [8] Undefined variable: alipay_config E:\PPH Project\BttenCMS\App\Payment\Controller\ApiController.class.php 第 38 行.

[ 2014-10-10T17:18:06+08:00 ] ::1 /btcms/index.php/Payment/Api/alipay
INFO: [ app_init ] --START--
INFO: Run Behavior\BuildLiteBehavior [ RunTime:0.000035s ]
INFO: [ app_init ] --END-- [ RunTime:0.000725s ]
INFO: [ app_begin ] --START--
INFO: Run Behavior\ReadHtmlCacheBehavior [ RunTime:0.000681s ]
INFO: [ app_begin ] --END-- [ RunTime:0.000862s ]
NOTIC: [8] Undefined index: ordtotal_fee E:\PPH Project\BttenCMS\App\Payment\Controller\ApiController.class.php 第 16 行.
NOTIC: [8] Undefined variable: alipay_config E:\PPH Project\BttenCMS\App\Payment\Controller\ApiController.class.php 第 26 行.
NOTIC: [8] Undefined variable: alipay_config E:\PPH Project\BttenCMS\App\Payment\Controller\ApiController.class.php 第 38 行.

[ 2014-10-10T17:18:42+08:00 ] ::1 /btcms/index.php/Payment/Api/alipay
INFO: [ app_init ] --START--
INFO: Run Behavior\BuildLiteBehavior [ RunTime:0.000056s ]
INFO: [ app_init ] --END-- [ RunTime:0.000644s ]
INFO: [ app_begin ] --START--
INFO: Run Behavior\ReadHtmlCacheBehavior [ RunTime:0.000895s ]
INFO: [ app_begin ] --END-- [ RunTime:0.001194s ]
NOTIC: [8] Undefined index: ordtotal_fee E:\PPH Project\BttenCMS\App\Payment\Controller\ApiController.class.php 第 16 行.
NOTIC: [8] Undefined variable: alipay_config E:\PPH Project\BttenCMS\App\Payment\Controller\ApiController.class.php 第 26 行.
NOTIC: [8] Undefined variable: alipay_config E:\PPH Project\BttenCMS\App\Payment\Controller\ApiController.class.php 第 38 行.

[ 2014-10-10T17:18:52+08:00 ] ::1 /btcms/index.php/Payment/Api/alipay
INFO: [ app_init ] --START--
INFO: Run Behavior\BuildLiteBehavior [ RunTime:0.000031s ]
INFO: [ app_init ] --END-- [ RunTime:0.000478s ]
INFO: [ app_begin ] --START--
INFO: Run Behavior\ReadHtmlCacheBehavior [ RunTime:0.000593s ]
INFO: [ app_begin ] --END-- [ RunTime:0.000769s ]
NOTIC: [8] Undefined index: ordtotal_fee E:\PPH Project\BttenCMS\App\Payment\Controller\ApiController.class.php 第 16 行.
NOTIC: [8] Undefined variable: alipay_config E:\PPH Project\BttenCMS\App\Payment\Controller\ApiController.class.php 第 26 行.
NOTIC: [8] Undefined variable: alipay_config E:\PPH Project\BttenCMS\App\Payment\Controller\ApiController.class.php 第 38 行.
NOTIC: [2] Missing argument 1 for Alipay\AlipaySubmit::__construct(), called in E:\PPH Project\BttenCMS\App\Payment\Controller\ApiController.class.php on line 41 and defined E:\PPH Project\BttenCMS\ThinkPHP\Library\Alipay\AlipaySubmit.class.php 第 25 行.
NOTIC: [8] Undefined variable: alipay_config E:\PPH Project\BttenCMS\ThinkPHP\Library\Alipay\AlipaySubmit.class.php 第 26 行.
INFO: [ app_end ] --START--
INFO: Run Behavior\ShowPageTraceBehavior [ RunTime:0.000904s ]
INFO: [ app_end ] --END-- [ RunTime:0.001119s ]

[ 2014-10-10T17:19:25+08:00 ] ::1 /btcms/index.php/Payment/Api/alipay
INFO: [ app_init ] --START--
INFO: Run Behavior\BuildLiteBehavior [ RunTime:0.000034s ]
INFO: [ app_init ] --END-- [ RunTime:0.000592s ]
INFO: [ app_begin ] --START--
INFO: Run Behavior\ReadHtmlCacheBehavior [ RunTime:0.000696s ]
INFO: [ app_begin ] --END-- [ RunTime:0.000992s ]
NOTIC: [8] Undefined index: ordtotal_fee E:\PPH Project\BttenCMS\App\Payment\Controller\ApiController.class.php 第 16 行.
NOTIC: [8] Undefined variable: alipay_config E:\PPH Project\BttenCMS\App\Payment\Controller\ApiController.class.php 第 26 行.
NOTIC: [8] Undefined variable: alipay_config E:\PPH Project\BttenCMS\App\Payment\Controller\ApiController.class.php 第 38 行.
NOTIC: [2] Missing argument 1 for Alipay\AlipaySubmit::__construct(), called in E:\PPH Project\BttenCMS\App\Payment\Controller\ApiController.class.php on line 41 and defined E:\PPH Project\BttenCMS\ThinkPHP\Library\Alipay\AlipaySubmit.class.php 第 25 行.

[ 2014-10-10T17:20:37+08:00 ] ::1 /btcms/index.php/Payment/Api/alipay
INFO: [ app_init ] --START--
INFO: Run Behavior\BuildLiteBehavior [ RunTime:0.000036s ]
INFO: [ app_init ] --END-- [ RunTime:0.000719s ]
INFO: [ app_begin ] --START--
INFO: Run Behavior\ReadHtmlCacheBehavior [ RunTime:0.000746s ]
INFO: [ app_begin ] --END-- [ RunTime:0.000924s ]
NOTIC: [8] Undefined index: ordtotal_fee E:\PPH Project\BttenCMS\App\Payment\Controller\ApiController.class.php 第 16 行.
NOTIC: [8] Undefined variable: alipay_config E:\PPH Project\BttenCMS\App\Payment\Controller\ApiController.class.php 第 26 行.
NOTIC: [8] Undefined variable: alipay_config E:\PPH Project\BttenCMS\App\Payment\Controller\ApiController.class.php 第 38 行.
NOTIC: [2] Missing argument 1 for Alipay\AlipaySubmit::__construct(), called in E:\PPH Project\BttenCMS\App\Payment\Controller\ApiController.class.php on line 41 and defined E:\PPH Project\BttenCMS\ThinkPHP\Library\Alipay\AlipaySubmit.class.php 第 25 行.

[ 2014-10-10T17:21:08+08:00 ] ::1 /btcms/index.php/Payment/Api/alipay
INFO: [ app_init ] --START--
INFO: Run Behavior\BuildLiteBehavior [ RunTime:0.000032s ]
INFO: [ app_init ] --END-- [ RunTime:0.000501s ]
INFO: [ app_begin ] --START--
INFO: Run Behavior\ReadHtmlCacheBehavior [ RunTime:0.000692s ]
INFO: [ app_begin ] --END-- [ RunTime:0.000956s ]
NOTIC: [8] Undefined index: ordtotal_fee E:\PPH Project\BttenCMS\App\Payment\Controller\ApiController.class.php 第 16 行.
NOTIC: [8] Undefined variable: alipay_config E:\PPH Project\BttenCMS\App\Payment\Controller\ApiController.class.php 第 26 行.
NOTIC: [8] Undefined variable: alipay_config E:\PPH Project\BttenCMS\App\Payment\Controller\ApiController.class.php 第 38 行.
NOTIC: [2] Missing argument 1 for Alipay\AlipaySubmit::__construct(), called in E:\PPH Project\BttenCMS\App\Payment\Controller\ApiController.class.php on line 41 and defined E:\PPH Project\BttenCMS\ThinkPHP\Library\Alipay\AlipaySubmit.class.php 第 25 行.

[ 2014-10-10T17:21:39+08:00 ] ::1 /btcms/index.php/Payment/Api/alipay
INFO: [ app_init ] --START--
INFO: Run Behavior\BuildLiteBehavior [ RunTime:0.000031s ]
INFO: [ app_init ] --END-- [ RunTime:0.000522s ]
INFO: [ app_begin ] --START--
INFO: Run Behavior\ReadHtmlCacheBehavior [ RunTime:0.000518s ]
INFO: [ app_begin ] --END-- [ RunTime:0.000678s ]
NOTIC: [8] Undefined index: ordtotal_fee E:\PPH Project\BttenCMS\App\Payment\Controller\ApiController.class.php 第 16 行.
NOTIC: [8] Undefined variable: alipay_config E:\PPH Project\BttenCMS\App\Payment\Controller\ApiController.class.php 第 26 行.
NOTIC: [8] Undefined variable: alipay_config E:\PPH Project\BttenCMS\App\Payment\Controller\ApiController.class.php 第 38 行.
NOTIC: [2] require_once(E:\PPH Project\BttenCMS\ThinkPHP\Library\Alipay\core.function.php): failed to open stream: No such file or directory E:\PPH Project\BttenCMS\ThinkPHP\Library\Alipay\AlipaySubmit.class.php 第 14 行.

[ 2014-10-10T17:21:41+08:00 ] ::1 /btcms/index.php/Payment/Api/alipay
INFO: [ app_init ] --START--
INFO: Run Behavior\BuildLiteBehavior [ RunTime:0.000032s ]
INFO: [ app_init ] --END-- [ RunTime:0.000516s ]
INFO: [ app_begin ] --START--
INFO: Run Behavior\ReadHtmlCacheBehavior [ RunTime:0.000596s ]
INFO: [ app_begin ] --END-- [ RunTime:0.000767s ]
NOTIC: [8] Undefined index: ordtotal_fee E:\PPH Project\BttenCMS\App\Payment\Controller\ApiController.class.php 第 16 行.
NOTIC: [8] Undefined variable: alipay_config E:\PPH Project\BttenCMS\App\Payment\Controller\ApiController.class.php 第 26 行.
NOTIC: [8] Undefined variable: alipay_config E:\PPH Project\BttenCMS\App\Payment\Controller\ApiController.class.php 第 38 行.
NOTIC: [2] require_once(E:\PPH Project\BttenCMS\ThinkPHP\Library\Alipay\core.function.php): failed to open stream: No such file or directory E:\PPH Project\BttenCMS\ThinkPHP\Library\Alipay\AlipaySubmit.class.php 第 14 行.

[ 2014-10-10T17:22:42+08:00 ] ::1 /btcms/index.php/Payment/Api/alipay
INFO: [ app_init ] --START--
INFO: Run Behavior\BuildLiteBehavior [ RunTime:0.000033s ]
INFO: [ app_init ] --END-- [ RunTime:0.000581s ]
INFO: [ app_begin ] --START--
INFO: Run Behavior\ReadHtmlCacheBehavior [ RunTime:0.001005s ]
INFO: [ app_begin ] --END-- [ RunTime:0.001307s ]
NOTIC: [8] Undefined index: ordtotal_fee E:\PPH Project\BttenCMS\App\Payment\Controller\ApiController.class.php 第 16 行.
NOTIC: [8] Undefined variable: alipay_config E:\PPH Project\BttenCMS\App\Payment\Controller\ApiController.class.php 第 26 行.
NOTIC: [8] Undefined variable: alipay_config E:\PPH Project\BttenCMS\App\Payment\Controller\ApiController.class.php 第 38 行.
NOTIC: [2] require_once(alipay_cor.function.php): failed to open stream: No such file or directory E:\PPH Project\BttenCMS\ThinkPHP\Library\Alipay\AlipaySubmit.class.php 第 14 行.

[ 2014-10-10T17:22:43+08:00 ] ::1 /btcms/index.php/Payment/Api/alipay
INFO: [ app_init ] --START--
INFO: Run Behavior\BuildLiteBehavior [ RunTime:0.000034s ]
INFO: [ app_init ] --END-- [ RunTime:0.000486s ]
INFO: [ app_begin ] --START--
INFO: Run Behavior\ReadHtmlCacheBehavior [ RunTime:0.001056s ]
INFO: [ app_begin ] --END-- [ RunTime:0.001389s ]
NOTIC: [8] Undefined index: ordtotal_fee E:\PPH Project\BttenCMS\App\Payment\Controller\ApiController.class.php 第 16 行.
NOTIC: [8] Undefined variable: alipay_config E:\PPH Project\BttenCMS\App\Payment\Controller\ApiController.class.php 第 26 行.
NOTIC: [8] Undefined variable: alipay_config E:\PPH Project\BttenCMS\App\Payment\Controller\ApiController.class.php 第 38 行.
NOTIC: [2] require_once(alipay_cor.function.php): failed to open stream: No such file or directory E:\PPH Project\BttenCMS\ThinkPHP\Library\Alipay\AlipaySubmit.class.php 第 14 行.

[ 2014-10-10T17:22:43+08:00 ] ::1 /btcms/index.php/Payment/Api/alipay
INFO: [ app_init ] --START--
INFO: Run Behavior\BuildLiteBehavior [ RunTime:0.000033s ]
INFO: [ app_init ] --END-- [ RunTime:0.000566s ]
INFO: [ app_begin ] --START--
INFO: Run Behavior\ReadHtmlCacheBehavior [ RunTime:0.000843s ]
INFO: [ app_begin ] --END-- [ RunTime:0.001078s ]
NOTIC: [8] Undefined index: ordtotal_fee E:\PPH Project\BttenCMS\App\Payment\Controller\ApiController.class.php 第 16 行.
NOTIC: [8] Undefined variable: alipay_config E:\PPH Project\BttenCMS\App\Payment\Controller\ApiController.class.php 第 26 行.
NOTIC: [8] Undefined variable: alipay_config E:\PPH Project\BttenCMS\App\Payment\Controller\ApiController.class.php 第 38 行.
NOTIC: [2] require_once(alipay_cor.function.php): failed to open stream: No such file or directory E:\PPH Project\BttenCMS\ThinkPHP\Library\Alipay\AlipaySubmit.class.php 第 14 行.

[ 2014-10-10T17:22:44+08:00 ] ::1 /btcms/index.php/Payment/Api/alipay
INFO: [ app_init ] --START--
INFO: Run Behavior\BuildLiteBehavior [ RunTime:0.000035s ]
INFO: [ app_init ] --END-- [ RunTime:0.000841s ]
INFO: [ app_begin ] --START--
INFO: Run Behavior\ReadHtmlCacheBehavior [ RunTime:0.000627s ]
INFO: [ app_begin ] --END-- [ RunTime:0.000823s ]
NOTIC: [8] Undefined index: ordtotal_fee E:\PPH Project\BttenCMS\App\Payment\Controller\ApiController.class.php 第 16 行.
NOTIC: [8] Undefined variable: alipay_config E:\PPH Project\BttenCMS\App\Payment\Controller\ApiController.class.php 第 26 行.
NOTIC: [8] Undefined variable: alipay_config E:\PPH Project\BttenCMS\App\Payment\Controller\ApiController.class.php 第 38 行.
NOTIC: [2] require_once(alipay_cor.function.php): failed to open stream: No such file or directory E:\PPH Project\BttenCMS\ThinkPHP\Library\Alipay\AlipaySubmit.class.php 第 14 行.

[ 2014-10-10T17:22:44+08:00 ] ::1 /btcms/index.php/Payment/Api/alipay
INFO: [ app_init ] --START--
INFO: Run Behavior\BuildLiteBehavior [ RunTime:0.000032s ]
INFO: [ app_init ] --END-- [ RunTime:0.000673s ]
INFO: [ app_begin ] --START--
INFO: Run Behavior\ReadHtmlCacheBehavior [ RunTime:0.000604s ]
INFO: [ app_begin ] --END-- [ RunTime:0.000775s ]
NOTIC: [8] Undefined index: ordtotal_fee E:\PPH Project\BttenCMS\App\Payment\Controller\ApiController.class.php 第 16 行.
NOTIC: [8] Undefined variable: alipay_config E:\PPH Project\BttenCMS\App\Payment\Controller\ApiController.class.php 第 26 行.
NOTIC: [8] Undefined variable: alipay_config E:\PPH Project\BttenCMS\App\Payment\Controller\ApiController.class.php 第 38 行.
NOTIC: [2] require_once(alipay_cor.function.php): failed to open stream: No such file or directory E:\PPH Project\BttenCMS\ThinkPHP\Library\Alipay\AlipaySubmit.class.php 第 14 行.

[ 2014-10-10T17:22:49+08:00 ] ::1 /btcms/index.php/Payment/Api/alipay
INFO: [ app_init ] --START--
INFO: Run Behavior\BuildLiteBehavior [ RunTime:0.000041s ]
INFO: [ app_init ] --END-- [ RunTime:0.000657s ]
INFO: [ app_begin ] --START--
INFO: Run Behavior\ReadHtmlCacheBehavior [ RunTime:0.000989s ]
INFO: [ app_begin ] --END-- [ RunTime:0.002116s ]
NOTIC: [8] Undefined index: ordtotal_fee E:\PPH Project\BttenCMS\App\Payment\Controller\ApiController.class.php 第 16 行.
NOTIC: [8] Undefined variable: alipay_config E:\PPH Project\BttenCMS\App\Payment\Controller\ApiController.class.php 第 26 行.
NOTIC: [8] Undefined variable: alipay_config E:\PPH Project\BttenCMS\App\Payment\Controller\ApiController.class.php 第 38 行.
NOTIC: [2] Missing argument 1 for Alipay\AlipaySubmit::__construct(), called in E:\PPH Project\BttenCMS\App\Payment\Controller\ApiController.class.php on line 41 and defined E:\PPH Project\BttenCMS\ThinkPHP\Library\Alipay\AlipaySubmit.class.php 第 25 行.

[ 2014-10-10T17:24:42+08:00 ] ::1 /btcms/index.php/Payment/Api/alipay
INFO: [ app_init ] --START--
INFO: Run Behavior\BuildLiteBehavior [ RunTime:0.000031s ]
INFO: [ app_init ] --END-- [ RunTime:0.000445s ]
INFO: [ app_begin ] --START--
INFO: Run Behavior\ReadHtmlCacheBehavior [ RunTime:0.000603s ]
INFO: [ app_begin ] --END-- [ RunTime:0.000913s ]
NOTIC: [8] Undefined index: ordtotal_fee E:\PPH Project\BttenCMS\App\Payment\Controller\ApiController.class.php 第 16 行.
NOTIC: [8] Undefined variable: alipay_config E:\PPH Project\BttenCMS\App\Payment\Controller\ApiController.class.php 第 26 行.
NOTIC: [8] Undefined variable: alipay_config E:\PPH Project\BttenCMS\App\Payment\Controller\ApiController.class.php 第 38 行.
NOTIC: [2] Missing argument 1 for Alipay\AlipaySubmit::__construct(), called in E:\PPH Project\BttenCMS\App\Payment\Controller\ApiController.class.php on line 41 and defined E:\PPH Project\BttenCMS\ThinkPHP\Library\Alipay\AlipaySubmit.class.php 第 25 行.
NOTIC: [2] Missing argument 1 for createLinkstring(), called in E:\PPH Project\BttenCMS\ThinkPHP\Library\Alipay\AlipaySubmit.class.php on line 26 and defined E:\PPH Project\BttenCMS\ThinkPHP\Library\Alipay\alipay_core.function.php 第 17 行.

[ 2014-10-10T17:28:47+08:00 ] ::1 /btcms/index.php/Payment/Api/alipay
INFO: [ app_init ] --START--
INFO: Run Behavior\BuildLiteBehavior [ RunTime:0.000053s ]
INFO: [ app_init ] --END-- [ RunTime:0.000908s ]
INFO: [ app_begin ] --START--
INFO: Run Behavior\ReadHtmlCacheBehavior [ RunTime:0.000752s ]
INFO: [ app_begin ] --END-- [ RunTime:0.000933s ]

[ 2014-10-10T17:29:01+08:00 ] ::1 /btcms/index.php/Payment/Api/alipay
INFO: [ app_init ] --START--
INFO: Run Behavior\BuildLiteBehavior [ RunTime:0.000033s ]
INFO: [ app_init ] --END-- [ RunTime:0.000527s ]
INFO: [ app_begin ] --START--
INFO: Run Behavior\ReadHtmlCacheBehavior [ RunTime:0.000567s ]
INFO: [ app_begin ] --END-- [ RunTime:0.000722s ]
NOTIC: [8] Undefined index: ordtotal_fee E:\PPH Project\BttenCMS\App\Payment\Controller\ApiController.class.php 第 16 行.
NOTIC: [8] Undefined variable: alipay_config E:\PPH Project\BttenCMS\App\Payment\Controller\ApiController.class.php 第 26 行.
NOTIC: [8] Undefined variable: alipay_config E:\PPH Project\BttenCMS\App\Payment\Controller\ApiController.class.php 第 38 行.

[ 2014-10-10T17:30:38+08:00 ] ::1 /btcms/index.php/Payment/Api/alipay
INFO: [ app_init ] --START--
INFO: Run Behavior\BuildLiteBehavior [ RunTime:0.000057s ]
INFO: [ app_init ] --END-- [ RunTime:0.000922s ]
INFO: [ app_begin ] --START--
INFO: Run Behavior\ReadHtmlCacheBehavior [ RunTime:0.000608s ]
INFO: [ app_begin ] --END-- [ RunTime:0.000778s ]
NOTIC: [8] Undefined index: ordtotal_fee E:\PPH Project\BttenCMS\App\Payment\Controller\ApiController.class.php 第 16 行.
NOTIC: [8] Undefined variable: alipay_config E:\PPH Project\BttenCMS\App\Payment\Controller\ApiController.class.php 第 26 行.
NOTIC: [8] Undefined variable: alipay_config E:\PPH Project\BttenCMS\App\Payment\Controller\ApiController.class.php 第 38 行.

[ 2014-10-10T17:32:05+08:00 ] ::1 /btcms/index.php/Payment/Api/alipay
INFO: [ app_init ] --START--
INFO: Run Behavior\BuildLiteBehavior [ RunTime:0.000034s ]
INFO: [ app_init ] --END-- [ RunTime:0.000638s ]
INFO: [ app_begin ] --START--
INFO: Run Behavior\ReadHtmlCacheBehavior [ RunTime:0.000623s ]
INFO: [ app_begin ] --END-- [ RunTime:0.000799s ]
NOTIC: [8] Undefined index: ordtotal_fee E:\PPH Project\BttenCMS\App\Payment\Controller\ApiController.class.php 第 16 行.
NOTIC: [8] Undefined variable: alipay_config E:\PPH Project\BttenCMS\App\Payment\Controller\ApiController.class.php 第 38 行.

[ 2014-10-10T17:32:06+08:00 ] ::1 /btcms/index.php/Payment/Api/alipay
INFO: [ app_init ] --START--
INFO: Run Behavior\BuildLiteBehavior [ RunTime:0.000033s ]
INFO: [ app_init ] --END-- [ RunTime:0.000637s ]
INFO: [ app_begin ] --START--
INFO: Run Behavior\ReadHtmlCacheBehavior [ RunTime:0.000676s ]
INFO: [ app_begin ] --END-- [ RunTime:0.000854s ]
NOTIC: [8] Undefined index: ordtotal_fee E:\PPH Project\BttenCMS\App\Payment\Controller\ApiController.class.php 第 16 行.
NOTIC: [8] Undefined variable: alipay_config E:\PPH Project\BttenCMS\App\Payment\Controller\ApiController.class.php 第 38 行.

[ 2014-10-10T17:32:06+08:00 ] ::1 /btcms/index.php/Payment/Api
INFO: [ app_init ] --START--
INFO: Run Behavior\BuildLiteBehavior [ RunTime:0.000032s ]
INFO: [ app_init ] --END-- [ RunTime:0.000522s ]
INFO: [ app_begin ] --START--
INFO: Run Behavior\ReadHtmlCacheBehavior [ RunTime:0.000525s ]
INFO: [ app_begin ] --END-- [ RunTime:0.000687s ]
ERR: 非法操作:index

[ 2014-10-10T17:32:24+08:00 ] ::1 /btcms/index.php/Payment/Api/alipay
INFO: [ app_init ] --START--
INFO: Run Behavior\BuildLiteBehavior [ RunTime:0.000046s ]
INFO: [ app_init ] --END-- [ RunTime:0.000743s ]
INFO: [ app_begin ] --START--
INFO: Run Behavior\ReadHtmlCacheBehavior [ RunTime:0.000645s ]
INFO: [ app_begin ] --END-- [ RunTime:0.000821s ]
NOTIC: [8] Undefined index: ordtotal_fee E:\PPH Project\BttenCMS\App\Payment\Controller\ApiController.class.php 第 16 行.
NOTIC: [8] Undefined variable: alipay_config E:\PPH Project\BttenCMS\App\Payment\Controller\ApiController.class.php 第 38 行.

[ 2014-10-10T17:32:59+08:00 ] ::1 /btcms/index.php/Payment/Api/alipay
INFO: [ app_init ] --START--
INFO: Run Behavior\BuildLiteBehavior [ RunTime:0.000068s ]
INFO: [ app_init ] --END-- [ RunTime:0.000775s ]
INFO: [ app_begin ] --START--
INFO: Run Behavior\ReadHtmlCacheBehavior [ RunTime:0.000992s ]
INFO: [ app_begin ] --END-- [ RunTime:0.001233s ]
NOTIC: [8] Undefined index: ordtotal_fee E:\PPH Project\BttenCMS\App\Payment\Controller\ApiController.class.php 第 16 行.
NOTIC: [8] Undefined variable: alipay_config E:\PPH Project\BttenCMS\App\Payment\Controller\ApiController.class.php 第 38 行.

[ 2014-10-10T17:34:26+08:00 ] ::1 /btcms/index.php/Payment/Api/alipay
INFO: [ app_init ] --START--
INFO: Run Behavior\BuildLiteBehavior [ RunTime:0.000034s ]
INFO: [ app_init ] --END-- [ RunTime:0.000645s ]
INFO: [ app_begin ] --START--
INFO: Run Behavior\ReadHtmlCacheBehavior [ RunTime:0.000685s ]
INFO: [ app_begin ] --END-- [ RunTime:0.000867s ]
NOTIC: [8] Undefined variable: alipay_config E:\PPH Project\BttenCMS\App\Payment\Controller\ApiController.class.php 第 38 行.

[ 2014-10-10T17:34:29+08:00 ] ::1 /btcms/index.php/Payment/Api/alipay
INFO: [ app_init ] --START--
INFO: Run Behavior\BuildLiteBehavior [ RunTime:0.000034s ]
INFO: [ app_init ] --END-- [ RunTime:0.000549s ]
INFO: [ app_begin ] --START--
INFO: Run Behavior\ReadHtmlCacheBehavior [ RunTime:0.000588s ]
INFO: [ app_begin ] --END-- [ RunTime:0.000752s ]
NOTIC: [8] Undefined variable: alipay_config E:\PPH Project\BttenCMS\App\Payment\Controller\ApiController.class.php 第 38 行.

[ 2014-10-10T17:34:31+08:00 ] ::1 /btcms/index.php/Payment/Api/alipay
INFO: [ app_init ] --START--
INFO: Run Behavior\BuildLiteBehavior [ RunTime:0.000065s ]
INFO: [ app_init ] --END-- [ RunTime:0.000953s ]
INFO: [ app_begin ] --START--
INFO: Run Behavior\ReadHtmlCacheBehavior [ RunTime:0.000585s ]
INFO: [ app_begin ] --END-- [ RunTime:0.000772s ]
NOTIC: [8] Undefined variable: alipay_config E:\PPH Project\BttenCMS\App\Payment\Controller\ApiController.class.php 第 38 行.

[ 2014-10-10T17:34:32+08:00 ] ::1 /btcms/index.php/Payment/Api/alipay
INFO: [ app_init ] --START--
INFO: Run Behavior\BuildLiteBehavior [ RunTime:0.000039s ]
INFO: [ app_init ] --END-- [ RunTime:0.000772s ]
INFO: [ app_begin ] --START--
INFO: Run Behavior\ReadHtmlCacheBehavior [ RunTime:0.000562s ]
INFO: [ app_begin ] --END-- [ RunTime:0.000727s ]
NOTIC: [8] Undefined variable: alipay_config E:\PPH Project\BttenCMS\App\Payment\Controller\ApiController.class.php 第 38 行.

[ 2014-10-10T17:34:33+08:00 ] ::1 /btcms/index.php/Payment/Api/alipay
INFO: [ app_init ] --START--
INFO: Run Behavior\BuildLiteBehavior [ RunTime:0.000055s ]
INFO: [ app_init ] --END-- [ RunTime:0.000607s ]
INFO: [ app_begin ] --START--
INFO: Run Behavior\ReadHtmlCacheBehavior [ RunTime:0.000635s ]
INFO: [ app_begin ] --END-- [ RunTime:0.000813s ]
NOTIC: [8] Undefined variable: alipay_config E:\PPH Project\BttenCMS\App\Payment\Controller\ApiController.class.php 第 38 行.

[ 2014-10-10T17:34:35+08:00 ] ::1 /btcms/index.php/Payment/Api/alipay
INFO: [ app_init ] --START--
INFO: Run Behavior\BuildLiteBehavior [ RunTime:0.000031s ]
INFO: [ app_init ] --END-- [ RunTime:0.000697s ]
INFO: [ app_begin ] --START--
INFO: Run Behavior\ReadHtmlCacheBehavior [ RunTime:0.000558s ]
INFO: [ app_begin ] --END-- [ RunTime:0.000727s ]
NOTIC: [8] Undefined variable: alipay_config E:\PPH Project\BttenCMS\App\Payment\Controller\ApiController.class.php 第 38 行.

[ 2014-10-10T17:34:36+08:00 ] ::1 /btcms/index.php/Payment/Api/alipay
INFO: [ app_init ] --START--
INFO: Run Behavior\BuildLiteBehavior [ RunTime:0.000036s ]
INFO: [ app_init ] --END-- [ RunTime:0.000768s ]
INFO: [ app_begin ] --START--
INFO: Run Behavior\ReadHtmlCacheBehavior [ RunTime:0.000610s ]
INFO: [ app_begin ] --END-- [ RunTime:0.000793s ]
NOTIC: [8] Undefined variable: alipay_config E:\PPH Project\BttenCMS\App\Payment\Controller\ApiController.class.php 第 38 行.

[ 2014-10-10T17:34:36+08:00 ] ::1 /btcms/index.php/Payment/Api/alipay
INFO: [ app_init ] --START--
INFO: Run Behavior\BuildLiteBehavior [ RunTime:0.000033s ]
INFO: [ app_init ] --END-- [ RunTime:0.000521s ]
INFO: [ app_begin ] --START--
INFO: Run Behavior\ReadHtmlCacheBehavior [ RunTime:0.000515s ]
INFO: [ app_begin ] --END-- [ RunTime:0.000672s ]
NOTIC: [8] Undefined variable: alipay_config E:\PPH Project\BttenCMS\App\Payment\Controller\ApiController.class.php 第 38 行.

